[2022-02-09 09:42:41,522] {taskinstance.py:1032} INFO - Dependencies all met for <TaskInstance: FHV_data_HW_ingestion_gcs_dag.bigquery_external_table_task manual__2022-02-09T09:42:29.191686+00:00 [queued]>
[2022-02-09 09:42:41,558] {taskinstance.py:1032} INFO - Dependencies all met for <TaskInstance: FHV_data_HW_ingestion_gcs_dag.bigquery_external_table_task manual__2022-02-09T09:42:29.191686+00:00 [queued]>
[2022-02-09 09:42:41,559] {taskinstance.py:1238} INFO - 
--------------------------------------------------------------------------------
[2022-02-09 09:42:41,559] {taskinstance.py:1239} INFO - Starting attempt 1 of 2
[2022-02-09 09:42:41,559] {taskinstance.py:1240} INFO - 
--------------------------------------------------------------------------------
[2022-02-09 09:42:41,595] {taskinstance.py:1259} INFO - Executing <Task(BigQueryCreateExternalTableOperator): bigquery_external_table_task> on 2022-02-09 09:42:29.191686+00:00
[2022-02-09 09:42:41,604] {standard_task_runner.py:52} INFO - Started process 793 to run task
[2022-02-09 09:42:41,623] {standard_task_runner.py:76} INFO - Running: ['***', 'tasks', 'run', 'FHV_data_HW_ingestion_gcs_dag', 'bigquery_external_table_task', 'manual__2022-02-09T09:42:29.191686+00:00', '--job-id', '818', '--raw', '--subdir', 'DAGS_FOLDER/FHV_data_ingest_gcs_dag.py', '--cfg-path', '/tmp/tmplnt0zdl0', '--error-file', '/tmp/tmp_1cg8u8u']
[2022-02-09 09:42:41,629] {standard_task_runner.py:77} INFO - Job 818: Subtask bigquery_external_table_task
[2022-02-09 09:42:41,787] {logging_mixin.py:109} INFO - Running <TaskInstance: FHV_data_HW_ingestion_gcs_dag.bigquery_external_table_task manual__2022-02-09T09:42:29.191686+00:00 [running]> on host fb702faa28b9
[2022-02-09 09:42:41,891] {warnings.py:110} WARNING - /home/***/.local/lib/python3.7/site-packages/***/utils/context.py:152: AirflowContextDeprecationWarning: Accessing 'execution_date' from the template is deprecated and will be removed in a future version. Please use 'data_interval_start' or 'logical_date' instead.
  warnings.warn(_create_deprecation_warning(key, self._deprecation_replacements[key]))

[2022-02-09 09:42:41,963] {taskinstance.py:1426} INFO - Exporting the following env vars:
AIRFLOW_CTX_DAG_OWNER=***
AIRFLOW_CTX_DAG_ID=FHV_data_HW_ingestion_gcs_dag
AIRFLOW_CTX_TASK_ID=bigquery_external_table_task
AIRFLOW_CTX_EXECUTION_DATE=2022-02-09T09:42:29.191686+00:00
AIRFLOW_CTX_DAG_RUN_ID=manual__2022-02-09T09:42:29.191686+00:00
[2022-02-09 09:42:41,965] {crypto.py:82} WARNING - empty cryptography key - values will not be stored encrypted.
[2022-02-09 09:42:42,515] {taskinstance.py:1277} INFO - Marking task as SUCCESS. dag_id=FHV_data_HW_ingestion_gcs_dag, task_id=bigquery_external_table_task, execution_date=20220209T094229, start_date=20220209T094241, end_date=20220209T094242
[2022-02-09 09:42:42,672] {local_task_job.py:154} INFO - Task exited with return code 0
[2022-02-09 09:42:42,772] {local_task_job.py:264} INFO - 0 downstream tasks scheduled from follow-on schedule check
