[2022-02-09 09:56:42,917] {taskinstance.py:1032} INFO - Dependencies all met for <TaskInstance: FHV_data_HW_ingestion_gcs_dag.bigquery_external_table_task manual__2022-02-09T09:42:29.191686+00:00 [queued]>
[2022-02-09 09:56:42,930] {taskinstance.py:1032} INFO - Dependencies all met for <TaskInstance: FHV_data_HW_ingestion_gcs_dag.bigquery_external_table_task manual__2022-02-09T09:42:29.191686+00:00 [queued]>
[2022-02-09 09:56:42,930] {taskinstance.py:1238} INFO - 
--------------------------------------------------------------------------------
[2022-02-09 09:56:42,930] {taskinstance.py:1239} INFO - Starting attempt 2 of 3
[2022-02-09 09:56:42,930] {taskinstance.py:1240} INFO - 
--------------------------------------------------------------------------------
[2022-02-09 09:56:42,943] {taskinstance.py:1259} INFO - Executing <Task(BigQueryCreateExternalTableOperator): bigquery_external_table_task> on 2022-02-09 09:42:29.191686+00:00
[2022-02-09 09:56:42,950] {standard_task_runner.py:52} INFO - Started process 269 to run task
[2022-02-09 09:56:42,957] {standard_task_runner.py:76} INFO - Running: ['***', 'tasks', 'run', 'FHV_data_HW_ingestion_gcs_dag', 'bigquery_external_table_task', 'manual__2022-02-09T09:42:29.191686+00:00', '--job-id', '981', '--raw', '--subdir', 'DAGS_FOLDER/FHV_data_ingest_gcs_dag.py', '--cfg-path', '/tmp/tmpne48pfe9', '--error-file', '/tmp/tmpq5fzkd8r']
[2022-02-09 09:56:42,958] {standard_task_runner.py:77} INFO - Job 981: Subtask bigquery_external_table_task
[2022-02-09 09:56:43,035] {logging_mixin.py:109} INFO - Running <TaskInstance: FHV_data_HW_ingestion_gcs_dag.bigquery_external_table_task manual__2022-02-09T09:42:29.191686+00:00 [running]> on host 03c3eba9761e
[2022-02-09 09:56:43,084] {warnings.py:110} WARNING - /home/***/.local/lib/python3.7/site-packages/***/utils/context.py:152: AirflowContextDeprecationWarning: Accessing 'execution_date' from the template is deprecated and will be removed in a future version. Please use 'data_interval_start' or 'logical_date' instead.
  warnings.warn(_create_deprecation_warning(key, self._deprecation_replacements[key]))

[2022-02-09 09:56:43,105] {taskinstance.py:1426} INFO - Exporting the following env vars:
AIRFLOW_CTX_DAG_OWNER=***
AIRFLOW_CTX_DAG_ID=FHV_data_HW_ingestion_gcs_dag
AIRFLOW_CTX_TASK_ID=bigquery_external_table_task
AIRFLOW_CTX_EXECUTION_DATE=2022-02-09T09:42:29.191686+00:00
AIRFLOW_CTX_DAG_RUN_ID=manual__2022-02-09T09:42:29.191686+00:00
[2022-02-09 09:56:43,107] {crypto.py:82} WARNING - empty cryptography key - values will not be stored encrypted.
[2022-02-09 09:56:43,723] {taskinstance.py:1277} INFO - Marking task as SUCCESS. dag_id=FHV_data_HW_ingestion_gcs_dag, task_id=bigquery_external_table_task, execution_date=20220209T094229, start_date=20220209T095642, end_date=20220209T095643
[2022-02-09 09:56:43,777] {local_task_job.py:154} INFO - Task exited with return code 0
[2022-02-09 09:56:43,826] {local_task_job.py:264} INFO - 0 downstream tasks scheduled from follow-on schedule check
