[2022-02-09 08:59:07,919] {taskinstance.py:1032} INFO - Dependencies all met for <TaskInstance: yelloTaXi_HW_data_ingestee_gcs_dag.format_to_parquet_task scheduled__2020-08-01T23:00:00+00:00 [queued]>
[2022-02-09 08:59:07,934] {taskinstance.py:1032} INFO - Dependencies all met for <TaskInstance: yelloTaXi_HW_data_ingestee_gcs_dag.format_to_parquet_task scheduled__2020-08-01T23:00:00+00:00 [queued]>
[2022-02-09 08:59:07,934] {taskinstance.py:1238} INFO - 
--------------------------------------------------------------------------------
[2022-02-09 08:59:07,934] {taskinstance.py:1239} INFO - Starting attempt 1 of 2
[2022-02-09 08:59:07,934] {taskinstance.py:1240} INFO - 
--------------------------------------------------------------------------------
[2022-02-09 08:59:07,949] {taskinstance.py:1259} INFO - Executing <Task(PythonOperator): format_to_parquet_task> on 2020-08-01 23:00:00+00:00
[2022-02-09 08:59:07,957] {standard_task_runner.py:52} INFO - Started process 176 to run task
[2022-02-09 08:59:07,964] {standard_task_runner.py:76} INFO - Running: ['***', 'tasks', 'run', 'yelloTaXi_HW_data_ingestee_gcs_dag', 'format_to_parquet_task', 'scheduled__2020-08-01T23:00:00+00:00', '--job-id', '460', '--raw', '--subdir', 'DAGS_FOLDER/yelloTaXi_data_ingestee_gcs_dag.py', '--cfg-path', '/tmp/tmp1mahk4a_', '--error-file', '/tmp/tmpmel71q08']
[2022-02-09 08:59:07,965] {standard_task_runner.py:77} INFO - Job 460: Subtask format_to_parquet_task
[2022-02-09 08:59:08,056] {logging_mixin.py:109} INFO - Running <TaskInstance: yelloTaXi_HW_data_ingestee_gcs_dag.format_to_parquet_task scheduled__2020-08-01T23:00:00+00:00 [running]> on host cc021fb126ed
[2022-02-09 08:59:08,108] {warnings.py:110} WARNING - /home/***/.local/lib/python3.7/site-packages/***/utils/context.py:152: AirflowContextDeprecationWarning: Accessing 'execution_date' from the template is deprecated and will be removed in a future version. Please use 'data_interval_start' or 'logical_date' instead.
  warnings.warn(_create_deprecation_warning(key, self._deprecation_replacements[key]))

[2022-02-09 08:59:08,136] {taskinstance.py:1426} INFO - Exporting the following env vars:
AIRFLOW_CTX_DAG_OWNER=***
AIRFLOW_CTX_DAG_ID=yelloTaXi_HW_data_ingestee_gcs_dag
AIRFLOW_CTX_TASK_ID=format_to_parquet_task
AIRFLOW_CTX_EXECUTION_DATE=2020-08-01T23:00:00+00:00
AIRFLOW_CTX_DAG_RUN_ID=scheduled__2020-08-01T23:00:00+00:00
[2022-02-09 08:59:09,921] {python.py:175} INFO - Done. Returned value was: None
[2022-02-09 08:59:09,942] {taskinstance.py:1277} INFO - Marking task as SUCCESS. dag_id=yelloTaXi_HW_data_ingestee_gcs_dag, task_id=format_to_parquet_task, execution_date=20200801T230000, start_date=20220209T085907, end_date=20220209T085909
[2022-02-09 08:59:10,027] {local_task_job.py:154} INFO - Task exited with return code 0
[2022-02-09 08:59:10,088] {local_task_job.py:264} INFO - 1 downstream tasks scheduled from follow-on schedule check
[2022-02-09 09:14:15,971] {taskinstance.py:1032} INFO - Dependencies all met for <TaskInstance: yelloTaXi_HW_data_ingestee_gcs_dag.format_to_parquet_task scheduled__2020-08-01T23:00:00+00:00 [queued]>
[2022-02-09 09:14:15,984] {taskinstance.py:1032} INFO - Dependencies all met for <TaskInstance: yelloTaXi_HW_data_ingestee_gcs_dag.format_to_parquet_task scheduled__2020-08-01T23:00:00+00:00 [queued]>
[2022-02-09 09:14:15,984] {taskinstance.py:1238} INFO - 
--------------------------------------------------------------------------------
[2022-02-09 09:14:15,984] {taskinstance.py:1239} INFO - Starting attempt 1 of 2
[2022-02-09 09:14:15,984] {taskinstance.py:1240} INFO - 
--------------------------------------------------------------------------------
[2022-02-09 09:14:15,996] {taskinstance.py:1259} INFO - Executing <Task(PythonOperator): format_to_parquet_task> on 2020-08-01 23:00:00+00:00
[2022-02-09 09:14:16,005] {standard_task_runner.py:52} INFO - Started process 233 to run task
[2022-02-09 09:14:16,015] {standard_task_runner.py:76} INFO - Running: ['***', 'tasks', 'run', 'yelloTaXi_HW_data_ingestee_gcs_dag', 'format_to_parquet_task', 'scheduled__2020-08-01T23:00:00+00:00', '--job-id', '548', '--raw', '--subdir', 'DAGS_FOLDER/yelloTaXi_data_ingesteee_gcs_dag.py', '--cfg-path', '/tmp/tmpq13wt2a5', '--error-file', '/tmp/tmpzdol83x5']
[2022-02-09 09:14:16,016] {standard_task_runner.py:77} INFO - Job 548: Subtask format_to_parquet_task
[2022-02-09 09:14:16,105] {logging_mixin.py:109} INFO - Running <TaskInstance: yelloTaXi_HW_data_ingestee_gcs_dag.format_to_parquet_task scheduled__2020-08-01T23:00:00+00:00 [running]> on host 75953ff4f3d5
[2022-02-09 09:14:16,158] {warnings.py:110} WARNING - /home/***/.local/lib/python3.7/site-packages/***/utils/context.py:152: AirflowContextDeprecationWarning: Accessing 'execution_date' from the template is deprecated and will be removed in a future version. Please use 'data_interval_start' or 'logical_date' instead.
  warnings.warn(_create_deprecation_warning(key, self._deprecation_replacements[key]))

[2022-02-09 09:14:16,179] {taskinstance.py:1426} INFO - Exporting the following env vars:
AIRFLOW_CTX_DAG_OWNER=***
AIRFLOW_CTX_DAG_ID=yelloTaXi_HW_data_ingestee_gcs_dag
AIRFLOW_CTX_TASK_ID=format_to_parquet_task
AIRFLOW_CTX_EXECUTION_DATE=2020-08-01T23:00:00+00:00
AIRFLOW_CTX_DAG_RUN_ID=scheduled__2020-08-01T23:00:00+00:00
[2022-02-09 09:14:19,460] {python.py:175} INFO - Done. Returned value was: None
[2022-02-09 09:14:19,477] {taskinstance.py:1277} INFO - Marking task as SUCCESS. dag_id=yelloTaXi_HW_data_ingestee_gcs_dag, task_id=format_to_parquet_task, execution_date=20200801T230000, start_date=20220209T091415, end_date=20220209T091419
[2022-02-09 09:14:19,555] {local_task_job.py:154} INFO - Task exited with return code 0
[2022-02-09 09:14:19,691] {local_task_job.py:264} INFO - 0 downstream tasks scheduled from follow-on schedule check
