[2022-02-07 12:11:23,057] {taskinstance.py:1032} INFO - Dependencies all met for <TaskInstance: yellowTX_HW_data_ingestion_gcs_dag.format_to_parquet_task scheduled__2021-02-01T23:00:00+00:00 [queued]>
[2022-02-07 12:11:23,166] {taskinstance.py:1032} INFO - Dependencies all met for <TaskInstance: yellowTX_HW_data_ingestion_gcs_dag.format_to_parquet_task scheduled__2021-02-01T23:00:00+00:00 [queued]>
[2022-02-07 12:11:23,166] {taskinstance.py:1238} INFO - 
--------------------------------------------------------------------------------
[2022-02-07 12:11:23,166] {taskinstance.py:1239} INFO - Starting attempt 1 of 1
[2022-02-07 12:11:23,167] {taskinstance.py:1240} INFO - 
--------------------------------------------------------------------------------
[2022-02-07 12:11:23,391] {taskinstance.py:1259} INFO - Executing <Task(PythonOperator): format_to_parquet_task> on 2021-02-01 23:00:00+00:00
[2022-02-07 12:11:23,403] {standard_task_runner.py:52} INFO - Started process 2306 to run task
[2022-02-07 12:11:23,420] {standard_task_runner.py:76} INFO - Running: ['***', 'tasks', 'run', 'yellowTX_HW_data_ingestion_gcs_dag', 'format_to_parquet_task', 'scheduled__2021-02-01T23:00:00+00:00', '--job-id', '55', '--raw', '--subdir', 'DAGS_FOLDER/yellowTX_data_ingest_gcs_dag.py', '--cfg-path', '/tmp/tmpw_7mo1e1', '--error-file', '/tmp/tmp42b1purb']
[2022-02-07 12:11:23,425] {standard_task_runner.py:77} INFO - Job 55: Subtask format_to_parquet_task
[2022-02-07 12:11:24,107] {logging_mixin.py:109} INFO - Running <TaskInstance: yellowTX_HW_data_ingestion_gcs_dag.format_to_parquet_task scheduled__2021-02-01T23:00:00+00:00 [running]> on host 52b8b55537b2
[2022-02-07 12:11:24,557] {warnings.py:110} WARNING - /home/***/.local/lib/python3.7/site-packages/***/utils/context.py:152: AirflowContextDeprecationWarning: Accessing 'execution_date' from the template is deprecated and will be removed in a future version. Please use 'data_interval_start' or 'logical_date' instead.
  warnings.warn(_create_deprecation_warning(key, self._deprecation_replacements[key]))

[2022-02-07 12:11:24,760] {taskinstance.py:1426} INFO - Exporting the following env vars:
AIRFLOW_CTX_DAG_OWNER=***
AIRFLOW_CTX_DAG_ID=yellowTX_HW_data_ingestion_gcs_dag
AIRFLOW_CTX_TASK_ID=format_to_parquet_task
AIRFLOW_CTX_EXECUTION_DATE=2021-02-01T23:00:00+00:00
AIRFLOW_CTX_DAG_RUN_ID=scheduled__2021-02-01T23:00:00+00:00
[2022-02-07 12:12:55,517] {python.py:175} INFO - Done. Returned value was: None
[2022-02-07 12:12:58,458] {taskinstance.py:1277} INFO - Marking task as SUCCESS. dag_id=yellowTX_HW_data_ingestion_gcs_dag, task_id=format_to_parquet_task, execution_date=20210201T230000, start_date=20220207T121123, end_date=20220207T121258
[2022-02-07 12:13:00,591] {local_task_job.py:212} WARNING - State of this instance has been externally set to success. Terminating instance.
[2022-02-07 12:13:00,595] {process_utils.py:124} INFO - Sending Signals.SIGTERM to group 2306. PIDs of all processes in the group: [2306]
[2022-02-07 12:13:00,616] {process_utils.py:75} INFO - Sending the signal Signals.SIGTERM to group 2306
[2022-02-07 12:13:00,899] {process_utils.py:70} INFO - Process psutil.Process(pid=2306, status='terminated', exitcode=0, started='12:11:23') (2306) terminated with exit code 0
