[2022-02-09 08:58:44,693] {taskinstance.py:1032} INFO - Dependencies all met for <TaskInstance: yelloTaXi_HW_data_ingestee_gcs_dag.download_dataset_task scheduled__2020-07-01T23:00:00+00:00 [queued]>
[2022-02-09 08:58:44,754] {taskinstance.py:1032} INFO - Dependencies all met for <TaskInstance: yelloTaXi_HW_data_ingestee_gcs_dag.download_dataset_task scheduled__2020-07-01T23:00:00+00:00 [queued]>
[2022-02-09 08:58:44,754] {taskinstance.py:1238} INFO - 
--------------------------------------------------------------------------------
[2022-02-09 08:58:44,755] {taskinstance.py:1239} INFO - Starting attempt 1 of 2
[2022-02-09 08:58:44,755] {taskinstance.py:1240} INFO - 
--------------------------------------------------------------------------------
[2022-02-09 08:58:44,801] {taskinstance.py:1259} INFO - Executing <Task(BashOperator): download_dataset_task> on 2020-07-01 23:00:00+00:00
[2022-02-09 08:58:44,817] {standard_task_runner.py:52} INFO - Started process 99 to run task
[2022-02-09 08:58:44,849] {standard_task_runner.py:76} INFO - Running: ['***', 'tasks', 'run', 'yelloTaXi_HW_data_ingestee_gcs_dag', 'download_dataset_task', 'scheduled__2020-07-01T23:00:00+00:00', '--job-id', '447', '--raw', '--subdir', 'DAGS_FOLDER/yelloTaXi_data_ingestee_gcs_dag.py', '--cfg-path', '/tmp/tmp0aam4fgh', '--error-file', '/tmp/tmpshe5tgmi']
[2022-02-09 08:58:44,850] {standard_task_runner.py:77} INFO - Job 447: Subtask download_dataset_task
[2022-02-09 08:58:45,051] {logging_mixin.py:109} INFO - Running <TaskInstance: yelloTaXi_HW_data_ingestee_gcs_dag.download_dataset_task scheduled__2020-07-01T23:00:00+00:00 [running]> on host cc021fb126ed
[2022-02-09 08:58:45,213] {warnings.py:110} WARNING - /home/***/.local/lib/python3.7/site-packages/***/utils/context.py:152: AirflowContextDeprecationWarning: Accessing 'execution_date' from the template is deprecated and will be removed in a future version. Please use 'data_interval_start' or 'logical_date' instead.
  warnings.warn(_create_deprecation_warning(key, self._deprecation_replacements[key]))

[2022-02-09 08:58:45,263] {taskinstance.py:1426} INFO - Exporting the following env vars:
AIRFLOW_CTX_DAG_OWNER=***
AIRFLOW_CTX_DAG_ID=yelloTaXi_HW_data_ingestee_gcs_dag
AIRFLOW_CTX_TASK_ID=download_dataset_task
AIRFLOW_CTX_EXECUTION_DATE=2020-07-01T23:00:00+00:00
AIRFLOW_CTX_DAG_RUN_ID=scheduled__2020-07-01T23:00:00+00:00
[2022-02-09 08:58:45,265] {subprocess.py:62} INFO - Tmp dir root location: 
 /tmp
[2022-02-09 08:58:45,266] {subprocess.py:74} INFO - Running command: ['bash', '-c', 'curl -sSL https://s3.amazonaws.com/nyc-tlc/trip+data/yellow_tripdata_2020-07.csv > /opt/***/yellow_tripdata_2020-07.csv']
[2022-02-09 08:58:45,287] {subprocess.py:85} INFO - Output:
[2022-02-09 08:58:46,878] {subprocess.py:93} INFO - Command exited with return code 0
[2022-02-09 08:58:46,923] {taskinstance.py:1277} INFO - Marking task as SUCCESS. dag_id=yelloTaXi_HW_data_ingestee_gcs_dag, task_id=download_dataset_task, execution_date=20200701T230000, start_date=20220209T085844, end_date=20220209T085846
[2022-02-09 08:58:46,992] {local_task_job.py:154} INFO - Task exited with return code 0
[2022-02-09 08:58:47,207] {local_task_job.py:264} INFO - 0 downstream tasks scheduled from follow-on schedule check
[2022-02-09 09:14:11,704] {taskinstance.py:1032} INFO - Dependencies all met for <TaskInstance: yelloTaXi_HW_data_ingestee_gcs_dag.download_dataset_task scheduled__2020-07-01T23:00:00+00:00 [queued]>
[2022-02-09 09:14:11,721] {taskinstance.py:1032} INFO - Dependencies all met for <TaskInstance: yelloTaXi_HW_data_ingestee_gcs_dag.download_dataset_task scheduled__2020-07-01T23:00:00+00:00 [queued]>
[2022-02-09 09:14:11,721] {taskinstance.py:1238} INFO - 
--------------------------------------------------------------------------------
[2022-02-09 09:14:11,722] {taskinstance.py:1239} INFO - Starting attempt 1 of 2
[2022-02-09 09:14:11,722] {taskinstance.py:1240} INFO - 
--------------------------------------------------------------------------------
[2022-02-09 09:14:11,742] {taskinstance.py:1259} INFO - Executing <Task(BashOperator): download_dataset_task> on 2020-07-01 23:00:00+00:00
[2022-02-09 09:14:11,751] {standard_task_runner.py:52} INFO - Started process 217 to run task
[2022-02-09 09:14:11,763] {standard_task_runner.py:76} INFO - Running: ['***', 'tasks', 'run', 'yelloTaXi_HW_data_ingestee_gcs_dag', 'download_dataset_task', 'scheduled__2020-07-01T23:00:00+00:00', '--job-id', '545', '--raw', '--subdir', 'DAGS_FOLDER/yelloTaXi_data_ingesteee_gcs_dag.py', '--cfg-path', '/tmp/tmp5qx29q15', '--error-file', '/tmp/tmpj33z1w3m']
[2022-02-09 09:14:11,765] {standard_task_runner.py:77} INFO - Job 545: Subtask download_dataset_task
[2022-02-09 09:14:11,866] {logging_mixin.py:109} INFO - Running <TaskInstance: yelloTaXi_HW_data_ingestee_gcs_dag.download_dataset_task scheduled__2020-07-01T23:00:00+00:00 [running]> on host 75953ff4f3d5
[2022-02-09 09:14:11,945] {warnings.py:110} WARNING - /home/***/.local/lib/python3.7/site-packages/***/utils/context.py:152: AirflowContextDeprecationWarning: Accessing 'execution_date' from the template is deprecated and will be removed in a future version. Please use 'data_interval_start' or 'logical_date' instead.
  warnings.warn(_create_deprecation_warning(key, self._deprecation_replacements[key]))

[2022-02-09 09:14:11,976] {taskinstance.py:1426} INFO - Exporting the following env vars:
AIRFLOW_CTX_DAG_OWNER=***
AIRFLOW_CTX_DAG_ID=yelloTaXi_HW_data_ingestee_gcs_dag
AIRFLOW_CTX_TASK_ID=download_dataset_task
AIRFLOW_CTX_EXECUTION_DATE=2020-07-01T23:00:00+00:00
AIRFLOW_CTX_DAG_RUN_ID=scheduled__2020-07-01T23:00:00+00:00
[2022-02-09 09:14:11,980] {subprocess.py:62} INFO - Tmp dir root location: 
 /tmp
[2022-02-09 09:14:11,981] {subprocess.py:74} INFO - Running command: ['bash', '-c', 'curl -sSL https://s3.amazonaws.com/nyc-tlc/trip+data/yellow_tripdata_2020-07.csv > /opt/***/yellow_tripdata_2020-07.csv']
[2022-02-09 09:14:12,001] {subprocess.py:85} INFO - Output:
[2022-02-09 09:14:13,644] {subprocess.py:93} INFO - Command exited with return code 0
[2022-02-09 09:14:13,773] {taskinstance.py:1277} INFO - Marking task as SUCCESS. dag_id=yelloTaXi_HW_data_ingestee_gcs_dag, task_id=download_dataset_task, execution_date=20200701T230000, start_date=20220209T091411, end_date=20220209T091413
[2022-02-09 09:14:13,846] {local_task_job.py:154} INFO - Task exited with return code 0
[2022-02-09 09:14:13,909] {local_task_job.py:264} INFO - 1 downstream tasks scheduled from follow-on schedule check
