[2022-02-07 12:41:38,388] {taskinstance.py:1032} INFO - Dependencies all met for <TaskInstance: yellowTX_HW_data_ingestion_gcs_dag.format_to_parquet_task scheduled__2020-05-01T23:00:00+00:00 [queued]>
[2022-02-07 12:41:38,456] {taskinstance.py:1032} INFO - Dependencies all met for <TaskInstance: yellowTX_HW_data_ingestion_gcs_dag.format_to_parquet_task scheduled__2020-05-01T23:00:00+00:00 [queued]>
[2022-02-07 12:41:38,468] {taskinstance.py:1238} INFO - 
--------------------------------------------------------------------------------
[2022-02-07 12:41:38,469] {taskinstance.py:1239} INFO - Starting attempt 1 of 1
[2022-02-07 12:41:38,469] {taskinstance.py:1240} INFO - 
--------------------------------------------------------------------------------
[2022-02-07 12:41:38,589] {taskinstance.py:1259} INFO - Executing <Task(PythonOperator): format_to_parquet_task> on 2020-05-01 23:00:00+00:00
[2022-02-07 12:41:38,595] {standard_task_runner.py:52} INFO - Started process 560 to run task
[2022-02-07 12:41:38,603] {standard_task_runner.py:76} INFO - Running: ['***', 'tasks', 'run', 'yellowTX_HW_data_ingestion_gcs_dag', 'format_to_parquet_task', 'scheduled__2020-05-01T23:00:00+00:00', '--job-id', '116', '--raw', '--subdir', 'DAGS_FOLDER/yellowTX_data_ingest_gcs_dag.py', '--cfg-path', '/tmp/tmprbmeniqq', '--error-file', '/tmp/tmp_mtxgq23']
[2022-02-07 12:41:38,604] {standard_task_runner.py:77} INFO - Job 116: Subtask format_to_parquet_task
[2022-02-07 12:41:39,219] {logging_mixin.py:109} INFO - Running <TaskInstance: yellowTX_HW_data_ingestion_gcs_dag.format_to_parquet_task scheduled__2020-05-01T23:00:00+00:00 [running]> on host 4f748fac91e5
[2022-02-07 12:41:41,749] {warnings.py:110} WARNING - /home/***/.local/lib/python3.7/site-packages/***/utils/context.py:152: AirflowContextDeprecationWarning: Accessing 'execution_date' from the template is deprecated and will be removed in a future version. Please use 'data_interval_start' or 'logical_date' instead.
  warnings.warn(_create_deprecation_warning(key, self._deprecation_replacements[key]))

[2022-02-07 12:41:41,814] {taskinstance.py:1426} INFO - Exporting the following env vars:
AIRFLOW_CTX_DAG_OWNER=***
AIRFLOW_CTX_DAG_ID=yellowTX_HW_data_ingestion_gcs_dag
AIRFLOW_CTX_TASK_ID=format_to_parquet_task
AIRFLOW_CTX_EXECUTION_DATE=2020-05-01T23:00:00+00:00
AIRFLOW_CTX_DAG_RUN_ID=scheduled__2020-05-01T23:00:00+00:00
[2022-02-07 12:41:59,117] {python.py:175} INFO - Done. Returned value was: None
[2022-02-07 12:42:01,001] {taskinstance.py:1277} INFO - Marking task as SUCCESS. dag_id=yellowTX_HW_data_ingestion_gcs_dag, task_id=format_to_parquet_task, execution_date=20200501T230000, start_date=20220207T124138, end_date=20220207T124201
[2022-02-07 12:42:04,548] {local_task_job.py:154} INFO - Task exited with return code 0
[2022-02-07 12:42:08,219] {local_task_job.py:264} INFO - 1 downstream tasks scheduled from follow-on schedule check
