[2022-02-09 09:34:23,539] {taskinstance.py:1032} INFO - Dependencies all met for <TaskInstance: yelloTaXii_HW_data_ingestion_gcs_dag.format_to_parquet_task scheduled__2021-09-01T23:00:00+00:00 [queued]>
[2022-02-09 09:34:23,552] {taskinstance.py:1032} INFO - Dependencies all met for <TaskInstance: yelloTaXii_HW_data_ingestion_gcs_dag.format_to_parquet_task scheduled__2021-09-01T23:00:00+00:00 [queued]>
[2022-02-09 09:34:23,552] {taskinstance.py:1238} INFO - 
--------------------------------------------------------------------------------
[2022-02-09 09:34:23,552] {taskinstance.py:1239} INFO - Starting attempt 1 of 2
[2022-02-09 09:34:23,552] {taskinstance.py:1240} INFO - 
--------------------------------------------------------------------------------
[2022-02-09 09:34:23,568] {taskinstance.py:1259} INFO - Executing <Task(PythonOperator): format_to_parquet_task> on 2021-09-01 23:00:00+00:00
[2022-02-09 09:34:23,575] {standard_task_runner.py:52} INFO - Started process 221 to run task
[2022-02-09 09:34:23,582] {standard_task_runner.py:76} INFO - Running: ['***', 'tasks', 'run', 'yelloTaXii_HW_data_ingestion_gcs_dag', 'format_to_parquet_task', 'scheduled__2021-09-01T23:00:00+00:00', '--job-id', '776', '--raw', '--subdir', 'DAGS_FOLDER/yelloTaXii_data_ingestion_gcs_dag.py', '--cfg-path', '/tmp/tmpgxlx3rhx', '--error-file', '/tmp/tmp__5c6v3z']
[2022-02-09 09:34:23,583] {standard_task_runner.py:77} INFO - Job 776: Subtask format_to_parquet_task
[2022-02-09 09:34:23,659] {logging_mixin.py:109} INFO - Running <TaskInstance: yelloTaXii_HW_data_ingestion_gcs_dag.format_to_parquet_task scheduled__2021-09-01T23:00:00+00:00 [running]> on host fb702faa28b9
[2022-02-09 09:34:23,707] {warnings.py:110} WARNING - /home/***/.local/lib/python3.7/site-packages/***/utils/context.py:152: AirflowContextDeprecationWarning: Accessing 'execution_date' from the template is deprecated and will be removed in a future version. Please use 'data_interval_start' or 'logical_date' instead.
  warnings.warn(_create_deprecation_warning(key, self._deprecation_replacements[key]))

[2022-02-09 09:34:23,735] {taskinstance.py:1426} INFO - Exporting the following env vars:
AIRFLOW_CTX_DAG_OWNER=***
AIRFLOW_CTX_DAG_ID=yelloTaXii_HW_data_ingestion_gcs_dag
AIRFLOW_CTX_TASK_ID=format_to_parquet_task
AIRFLOW_CTX_EXECUTION_DATE=2021-09-01T23:00:00+00:00
AIRFLOW_CTX_DAG_RUN_ID=scheduled__2021-09-01T23:00:00+00:00
[2022-02-09 09:34:23,880] {python.py:175} INFO - Done. Returned value was: None
[2022-02-09 09:34:23,897] {taskinstance.py:1277} INFO - Marking task as SUCCESS. dag_id=yelloTaXii_HW_data_ingestion_gcs_dag, task_id=format_to_parquet_task, execution_date=20210901T230000, start_date=20220209T093423, end_date=20220209T093423
[2022-02-09 09:34:23,955] {local_task_job.py:154} INFO - Task exited with return code 0
[2022-02-09 09:34:24,003] {local_task_job.py:264} INFO - 1 downstream tasks scheduled from follow-on schedule check
