[2022-02-09 09:46:23,230] {taskinstance.py:1032} INFO - Dependencies all met for <TaskInstance: FHV_data_HW_ingestion_gcs_dag.download_dataset_task scheduled__2022-01-01T23:00:00+00:00 [queued]>
[2022-02-09 09:46:23,246] {taskinstance.py:1032} INFO - Dependencies all met for <TaskInstance: FHV_data_HW_ingestion_gcs_dag.download_dataset_task scheduled__2022-01-01T23:00:00+00:00 [queued]>
[2022-02-09 09:46:23,247] {taskinstance.py:1238} INFO - 
--------------------------------------------------------------------------------
[2022-02-09 09:46:23,247] {taskinstance.py:1239} INFO - Starting attempt 1 of 2
[2022-02-09 09:46:23,247] {taskinstance.py:1240} INFO - 
--------------------------------------------------------------------------------
[2022-02-09 09:46:23,267] {taskinstance.py:1259} INFO - Executing <Task(BashOperator): download_dataset_task> on 2022-01-01 23:00:00+00:00
[2022-02-09 09:46:23,273] {standard_task_runner.py:52} INFO - Started process 1570 to run task
[2022-02-09 09:46:23,281] {standard_task_runner.py:76} INFO - Running: ['***', 'tasks', 'run', 'FHV_data_HW_ingestion_gcs_dag', 'download_dataset_task', 'scheduled__2022-01-01T23:00:00+00:00', '--job-id', '946', '--raw', '--subdir', 'DAGS_FOLDER/FHV_data_ingest_gcs_dag.py', '--cfg-path', '/tmp/tmpb2yxrclq', '--error-file', '/tmp/tmp7en3hvpb']
[2022-02-09 09:46:23,282] {standard_task_runner.py:77} INFO - Job 946: Subtask download_dataset_task
[2022-02-09 09:46:23,375] {logging_mixin.py:109} INFO - Running <TaskInstance: FHV_data_HW_ingestion_gcs_dag.download_dataset_task scheduled__2022-01-01T23:00:00+00:00 [running]> on host fb702faa28b9
[2022-02-09 09:46:23,430] {warnings.py:110} WARNING - /home/***/.local/lib/python3.7/site-packages/***/utils/context.py:152: AirflowContextDeprecationWarning: Accessing 'execution_date' from the template is deprecated and will be removed in a future version. Please use 'data_interval_start' or 'logical_date' instead.
  warnings.warn(_create_deprecation_warning(key, self._deprecation_replacements[key]))

[2022-02-09 09:46:23,459] {taskinstance.py:1426} INFO - Exporting the following env vars:
AIRFLOW_CTX_DAG_OWNER=***
AIRFLOW_CTX_DAG_ID=FHV_data_HW_ingestion_gcs_dag
AIRFLOW_CTX_TASK_ID=download_dataset_task
AIRFLOW_CTX_EXECUTION_DATE=2022-01-01T23:00:00+00:00
AIRFLOW_CTX_DAG_RUN_ID=scheduled__2022-01-01T23:00:00+00:00
[2022-02-09 09:46:23,461] {subprocess.py:62} INFO - Tmp dir root location: 
 /tmp
[2022-02-09 09:46:23,461] {subprocess.py:74} INFO - Running command: ['bash', '-c', 'curl -sSL https://nyc-tlc.s3.amazonaws.com/trip+data/fhv_tripdata_2022-01.csv > /opt/***/fhv_tripdata_2022-01.csv']
[2022-02-09 09:46:23,480] {subprocess.py:85} INFO - Output:
[2022-02-09 09:46:23,645] {subprocess.py:93} INFO - Command exited with return code 0
[2022-02-09 09:46:23,691] {taskinstance.py:1277} INFO - Marking task as SUCCESS. dag_id=FHV_data_HW_ingestion_gcs_dag, task_id=download_dataset_task, execution_date=20220101T230000, start_date=20220209T094623, end_date=20220209T094623
[2022-02-09 09:46:23,737] {local_task_job.py:154} INFO - Task exited with return code 0
[2022-02-09 09:46:23,913] {local_task_job.py:264} INFO - 0 downstream tasks scheduled from follow-on schedule check
