[2022-02-09 09:13:55,920] {taskinstance.py:1032} INFO - Dependencies all met for <TaskInstance: yelloTaXi_HW_data_ingestee_gcs_dag.format_to_parquet_task scheduled__2020-04-01T23:00:00+00:00 [queued]>
[2022-02-09 09:13:55,939] {taskinstance.py:1032} INFO - Dependencies all met for <TaskInstance: yelloTaXi_HW_data_ingestee_gcs_dag.format_to_parquet_task scheduled__2020-04-01T23:00:00+00:00 [queued]>
[2022-02-09 09:13:55,939] {taskinstance.py:1238} INFO - 
--------------------------------------------------------------------------------
[2022-02-09 09:13:55,939] {taskinstance.py:1239} INFO - Starting attempt 1 of 2
[2022-02-09 09:13:55,939] {taskinstance.py:1240} INFO - 
--------------------------------------------------------------------------------
[2022-02-09 09:13:55,962] {taskinstance.py:1259} INFO - Executing <Task(PythonOperator): format_to_parquet_task> on 2020-04-01 23:00:00+00:00
[2022-02-09 09:13:55,974] {standard_task_runner.py:52} INFO - Started process 168 to run task
[2022-02-09 09:13:55,995] {standard_task_runner.py:76} INFO - Running: ['***', 'tasks', 'run', 'yelloTaXi_HW_data_ingestee_gcs_dag', 'format_to_parquet_task', 'scheduled__2020-04-01T23:00:00+00:00', '--job-id', '538', '--raw', '--subdir', 'DAGS_FOLDER/yelloTaXi_data_ingesteee_gcs_dag.py', '--cfg-path', '/tmp/tmp2a1q7c57', '--error-file', '/tmp/tmpzkpjd99i']
[2022-02-09 09:13:55,999] {standard_task_runner.py:77} INFO - Job 538: Subtask format_to_parquet_task
[2022-02-09 09:13:56,168] {logging_mixin.py:109} INFO - Running <TaskInstance: yelloTaXi_HW_data_ingestee_gcs_dag.format_to_parquet_task scheduled__2020-04-01T23:00:00+00:00 [running]> on host 75953ff4f3d5
[2022-02-09 09:13:56,270] {warnings.py:110} WARNING - /home/***/.local/lib/python3.7/site-packages/***/utils/context.py:152: AirflowContextDeprecationWarning: Accessing 'execution_date' from the template is deprecated and will be removed in a future version. Please use 'data_interval_start' or 'logical_date' instead.
  warnings.warn(_create_deprecation_warning(key, self._deprecation_replacements[key]))

[2022-02-09 09:13:56,326] {taskinstance.py:1426} INFO - Exporting the following env vars:
AIRFLOW_CTX_DAG_OWNER=***
AIRFLOW_CTX_DAG_ID=yelloTaXi_HW_data_ingestee_gcs_dag
AIRFLOW_CTX_TASK_ID=format_to_parquet_task
AIRFLOW_CTX_EXECUTION_DATE=2020-04-01T23:00:00+00:00
AIRFLOW_CTX_DAG_RUN_ID=scheduled__2020-04-01T23:00:00+00:00
[2022-02-09 09:13:57,618] {python.py:175} INFO - Done. Returned value was: None
[2022-02-09 09:13:57,640] {taskinstance.py:1277} INFO - Marking task as SUCCESS. dag_id=yelloTaXi_HW_data_ingestee_gcs_dag, task_id=format_to_parquet_task, execution_date=20200401T230000, start_date=20220209T091355, end_date=20220209T091357
[2022-02-09 09:13:57,688] {local_task_job.py:154} INFO - Task exited with return code 0
[2022-02-09 09:13:57,760] {local_task_job.py:264} INFO - 1 downstream tasks scheduled from follow-on schedule check
