[2022-02-09 09:45:37,816] {taskinstance.py:1032} INFO - Dependencies all met for <TaskInstance: FHV_data_HW_ingestion_gcs_dag.format_to_parquet_task scheduled__2021-02-01T23:00:00+00:00 [queued]>
[2022-02-09 09:45:37,834] {taskinstance.py:1032} INFO - Dependencies all met for <TaskInstance: FHV_data_HW_ingestion_gcs_dag.format_to_parquet_task scheduled__2021-02-01T23:00:00+00:00 [queued]>
[2022-02-09 09:45:37,835] {taskinstance.py:1238} INFO - 
--------------------------------------------------------------------------------
[2022-02-09 09:45:37,835] {taskinstance.py:1239} INFO - Starting attempt 1 of 2
[2022-02-09 09:45:37,835] {taskinstance.py:1240} INFO - 
--------------------------------------------------------------------------------
[2022-02-09 09:45:37,853] {taskinstance.py:1259} INFO - Executing <Task(PythonOperator): format_to_parquet_task> on 2021-02-01 23:00:00+00:00
[2022-02-09 09:45:37,861] {standard_task_runner.py:52} INFO - Started process 1382 to run task
[2022-02-09 09:45:37,874] {standard_task_runner.py:76} INFO - Running: ['***', 'tasks', 'run', 'FHV_data_HW_ingestion_gcs_dag', 'format_to_parquet_task', 'scheduled__2021-02-01T23:00:00+00:00', '--job-id', '914', '--raw', '--subdir', 'DAGS_FOLDER/FHV_data_ingest_gcs_dag.py', '--cfg-path', '/tmp/tmpzdgp2l60', '--error-file', '/tmp/tmpimud9zk7']
[2022-02-09 09:45:37,876] {standard_task_runner.py:77} INFO - Job 914: Subtask format_to_parquet_task
[2022-02-09 09:45:37,975] {logging_mixin.py:109} INFO - Running <TaskInstance: FHV_data_HW_ingestion_gcs_dag.format_to_parquet_task scheduled__2021-02-01T23:00:00+00:00 [running]> on host fb702faa28b9
[2022-02-09 09:45:38,030] {warnings.py:110} WARNING - /home/***/.local/lib/python3.7/site-packages/***/utils/context.py:152: AirflowContextDeprecationWarning: Accessing 'execution_date' from the template is deprecated and will be removed in a future version. Please use 'data_interval_start' or 'logical_date' instead.
  warnings.warn(_create_deprecation_warning(key, self._deprecation_replacements[key]))

[2022-02-09 09:45:38,061] {taskinstance.py:1426} INFO - Exporting the following env vars:
AIRFLOW_CTX_DAG_OWNER=***
AIRFLOW_CTX_DAG_ID=FHV_data_HW_ingestion_gcs_dag
AIRFLOW_CTX_TASK_ID=format_to_parquet_task
AIRFLOW_CTX_EXECUTION_DATE=2021-02-01T23:00:00+00:00
AIRFLOW_CTX_DAG_RUN_ID=scheduled__2021-02-01T23:00:00+00:00
[2022-02-09 09:45:38,883] {python.py:175} INFO - Done. Returned value was: None
[2022-02-09 09:45:38,899] {taskinstance.py:1277} INFO - Marking task as SUCCESS. dag_id=FHV_data_HW_ingestion_gcs_dag, task_id=format_to_parquet_task, execution_date=20210201T230000, start_date=20220209T094537, end_date=20220209T094538
[2022-02-09 09:45:38,978] {local_task_job.py:154} INFO - Task exited with return code 0
[2022-02-09 09:45:39,057] {local_task_job.py:264} INFO - 1 downstream tasks scheduled from follow-on schedule check
