[2022-02-09 08:59:35,707] {taskinstance.py:1032} INFO - Dependencies all met for <TaskInstance: yelloTaXi_HW_data_ingestee_gcs_dag.format_to_parquet_task scheduled__2020-12-01T23:00:00+00:00 [queued]>
[2022-02-09 08:59:35,724] {taskinstance.py:1032} INFO - Dependencies all met for <TaskInstance: yelloTaXi_HW_data_ingestee_gcs_dag.format_to_parquet_task scheduled__2020-12-01T23:00:00+00:00 [queued]>
[2022-02-09 08:59:35,724] {taskinstance.py:1238} INFO - 
--------------------------------------------------------------------------------
[2022-02-09 08:59:35,724] {taskinstance.py:1239} INFO - Starting attempt 1 of 2
[2022-02-09 08:59:35,725] {taskinstance.py:1240} INFO - 
--------------------------------------------------------------------------------
[2022-02-09 08:59:35,741] {taskinstance.py:1259} INFO - Executing <Task(PythonOperator): format_to_parquet_task> on 2020-12-01 23:00:00+00:00
[2022-02-09 08:59:35,749] {standard_task_runner.py:52} INFO - Started process 267 to run task
[2022-02-09 08:59:35,762] {standard_task_runner.py:76} INFO - Running: ['***', 'tasks', 'run', 'yelloTaXi_HW_data_ingestee_gcs_dag', 'format_to_parquet_task', 'scheduled__2020-12-01T23:00:00+00:00', '--job-id', '474', '--raw', '--subdir', 'DAGS_FOLDER/yelloTaXi_data_ingestee_gcs_dag.py', '--cfg-path', '/tmp/tmpdj6hb8py', '--error-file', '/tmp/tmpqumuc1ez']
[2022-02-09 08:59:35,764] {standard_task_runner.py:77} INFO - Job 474: Subtask format_to_parquet_task
[2022-02-09 08:59:35,910] {logging_mixin.py:109} INFO - Running <TaskInstance: yelloTaXi_HW_data_ingestee_gcs_dag.format_to_parquet_task scheduled__2020-12-01T23:00:00+00:00 [running]> on host cc021fb126ed
[2022-02-09 08:59:36,115] {warnings.py:110} WARNING - /home/***/.local/lib/python3.7/site-packages/***/utils/context.py:152: AirflowContextDeprecationWarning: Accessing 'execution_date' from the template is deprecated and will be removed in a future version. Please use 'data_interval_start' or 'logical_date' instead.
  warnings.warn(_create_deprecation_warning(key, self._deprecation_replacements[key]))

[2022-02-09 08:59:36,186] {taskinstance.py:1426} INFO - Exporting the following env vars:
AIRFLOW_CTX_DAG_OWNER=***
AIRFLOW_CTX_DAG_ID=yelloTaXi_HW_data_ingestee_gcs_dag
AIRFLOW_CTX_TASK_ID=format_to_parquet_task
AIRFLOW_CTX_EXECUTION_DATE=2020-12-01T23:00:00+00:00
AIRFLOW_CTX_DAG_RUN_ID=scheduled__2020-12-01T23:00:00+00:00
[2022-02-09 08:59:39,578] {python.py:175} INFO - Done. Returned value was: None
[2022-02-09 08:59:39,591] {taskinstance.py:1277} INFO - Marking task as SUCCESS. dag_id=yelloTaXi_HW_data_ingestee_gcs_dag, task_id=format_to_parquet_task, execution_date=20201201T230000, start_date=20220209T085935, end_date=20220209T085939
[2022-02-09 08:59:39,656] {local_task_job.py:154} INFO - Task exited with return code 0
[2022-02-09 08:59:39,707] {local_task_job.py:264} INFO - 1 downstream tasks scheduled from follow-on schedule check
[2022-02-09 09:15:16,322] {taskinstance.py:1032} INFO - Dependencies all met for <TaskInstance: yelloTaXi_HW_data_ingestee_gcs_dag.format_to_parquet_task scheduled__2020-12-01T23:00:00+00:00 [queued]>
[2022-02-09 09:15:16,336] {taskinstance.py:1032} INFO - Dependencies all met for <TaskInstance: yelloTaXi_HW_data_ingestee_gcs_dag.format_to_parquet_task scheduled__2020-12-01T23:00:00+00:00 [queued]>
[2022-02-09 09:15:16,337] {taskinstance.py:1238} INFO - 
--------------------------------------------------------------------------------
[2022-02-09 09:15:16,337] {taskinstance.py:1239} INFO - Starting attempt 1 of 2
[2022-02-09 09:15:16,337] {taskinstance.py:1240} INFO - 
--------------------------------------------------------------------------------
[2022-02-09 09:15:16,348] {taskinstance.py:1259} INFO - Executing <Task(PythonOperator): format_to_parquet_task> on 2020-12-01 23:00:00+00:00
[2022-02-09 09:15:16,355] {standard_task_runner.py:52} INFO - Started process 404 to run task
[2022-02-09 09:15:16,362] {standard_task_runner.py:76} INFO - Running: ['***', 'tasks', 'run', 'yelloTaXi_HW_data_ingestee_gcs_dag', 'format_to_parquet_task', 'scheduled__2020-12-01T23:00:00+00:00', '--job-id', '575', '--raw', '--subdir', 'DAGS_FOLDER/yelloTaXi_data_ingesteee_gcs_dag.py', '--cfg-path', '/tmp/tmparm11mhh', '--error-file', '/tmp/tmpjknj964q']
[2022-02-09 09:15:16,363] {standard_task_runner.py:77} INFO - Job 575: Subtask format_to_parquet_task
[2022-02-09 09:15:16,447] {logging_mixin.py:109} INFO - Running <TaskInstance: yelloTaXi_HW_data_ingestee_gcs_dag.format_to_parquet_task scheduled__2020-12-01T23:00:00+00:00 [running]> on host 75953ff4f3d5
[2022-02-09 09:15:16,493] {warnings.py:110} WARNING - /home/***/.local/lib/python3.7/site-packages/***/utils/context.py:152: AirflowContextDeprecationWarning: Accessing 'execution_date' from the template is deprecated and will be removed in a future version. Please use 'data_interval_start' or 'logical_date' instead.
  warnings.warn(_create_deprecation_warning(key, self._deprecation_replacements[key]))

[2022-02-09 09:15:16,517] {taskinstance.py:1426} INFO - Exporting the following env vars:
AIRFLOW_CTX_DAG_OWNER=***
AIRFLOW_CTX_DAG_ID=yelloTaXi_HW_data_ingestee_gcs_dag
AIRFLOW_CTX_TASK_ID=format_to_parquet_task
AIRFLOW_CTX_EXECUTION_DATE=2020-12-01T23:00:00+00:00
AIRFLOW_CTX_DAG_RUN_ID=scheduled__2020-12-01T23:00:00+00:00
[2022-02-09 09:15:20,123] {python.py:175} INFO - Done. Returned value was: None
[2022-02-09 09:15:20,142] {taskinstance.py:1277} INFO - Marking task as SUCCESS. dag_id=yelloTaXi_HW_data_ingestee_gcs_dag, task_id=format_to_parquet_task, execution_date=20201201T230000, start_date=20220209T091516, end_date=20220209T091520
[2022-02-09 09:15:20,221] {local_task_job.py:154} INFO - Task exited with return code 0
[2022-02-09 09:15:20,281] {local_task_job.py:264} INFO - 1 downstream tasks scheduled from follow-on schedule check
