[2022-02-09 09:01:17,278] {taskinstance.py:1032} INFO - Dependencies all met for <TaskInstance: yelloTaXi_HW_data_ingestee_gcs_dag.local_to_gcs_task scheduled__2021-08-01T23:00:00+00:00 [queued]>
[2022-02-09 09:01:17,296] {taskinstance.py:1032} INFO - Dependencies all met for <TaskInstance: yelloTaXi_HW_data_ingestee_gcs_dag.local_to_gcs_task scheduled__2021-08-01T23:00:00+00:00 [queued]>
[2022-02-09 09:01:17,296] {taskinstance.py:1238} INFO - 
--------------------------------------------------------------------------------
[2022-02-09 09:01:17,297] {taskinstance.py:1239} INFO - Starting attempt 1 of 2
[2022-02-09 09:01:17,297] {taskinstance.py:1240} INFO - 
--------------------------------------------------------------------------------
[2022-02-09 09:01:17,317] {taskinstance.py:1259} INFO - Executing <Task(PythonOperator): local_to_gcs_task> on 2021-08-01 23:00:00+00:00
[2022-02-09 09:01:17,326] {standard_task_runner.py:52} INFO - Started process 533 to run task
[2022-02-09 09:01:17,339] {standard_task_runner.py:76} INFO - Running: ['***', 'tasks', 'run', 'yelloTaXi_HW_data_ingestee_gcs_dag', 'local_to_gcs_task', 'scheduled__2021-08-01T23:00:00+00:00', '--job-id', '512', '--raw', '--subdir', 'DAGS_FOLDER/yelloTaXi_data_ingestee_gcs_dag.py', '--cfg-path', '/tmp/tmpxa1w8_a9', '--error-file', '/tmp/tmpkuxpja27']
[2022-02-09 09:01:17,341] {standard_task_runner.py:77} INFO - Job 512: Subtask local_to_gcs_task
[2022-02-09 09:01:17,456] {logging_mixin.py:109} INFO - Running <TaskInstance: yelloTaXi_HW_data_ingestee_gcs_dag.local_to_gcs_task scheduled__2021-08-01T23:00:00+00:00 [running]> on host cc021fb126ed
[2022-02-09 09:01:17,532] {warnings.py:110} WARNING - /home/***/.local/lib/python3.7/site-packages/***/utils/context.py:152: AirflowContextDeprecationWarning: Accessing 'execution_date' from the template is deprecated and will be removed in a future version. Please use 'data_interval_start' or 'logical_date' instead.
  warnings.warn(_create_deprecation_warning(key, self._deprecation_replacements[key]))

[2022-02-09 09:01:17,574] {taskinstance.py:1426} INFO - Exporting the following env vars:
AIRFLOW_CTX_DAG_OWNER=***
AIRFLOW_CTX_DAG_ID=yelloTaXi_HW_data_ingestee_gcs_dag
AIRFLOW_CTX_TASK_ID=local_to_gcs_task
AIRFLOW_CTX_EXECUTION_DATE=2021-08-01T23:00:00+00:00
AIRFLOW_CTX_DAG_RUN_ID=scheduled__2021-08-01T23:00:00+00:00
[2022-02-09 09:01:18,117] {python.py:175} INFO - Done. Returned value was: None
[2022-02-09 09:01:18,135] {taskinstance.py:1277} INFO - Marking task as SUCCESS. dag_id=yelloTaXi_HW_data_ingestee_gcs_dag, task_id=local_to_gcs_task, execution_date=20210801T230000, start_date=20220209T090117, end_date=20220209T090118
[2022-02-09 09:01:18,173] {local_task_job.py:154} INFO - Task exited with return code 0
[2022-02-09 09:01:18,218] {local_task_job.py:264} INFO - 1 downstream tasks scheduled from follow-on schedule check
[2022-02-09 09:17:05,445] {taskinstance.py:1032} INFO - Dependencies all met for <TaskInstance: yelloTaXi_HW_data_ingestee_gcs_dag.local_to_gcs_task scheduled__2021-08-01T23:00:00+00:00 [queued]>
[2022-02-09 09:17:05,463] {taskinstance.py:1032} INFO - Dependencies all met for <TaskInstance: yelloTaXi_HW_data_ingestee_gcs_dag.local_to_gcs_task scheduled__2021-08-01T23:00:00+00:00 [queued]>
[2022-02-09 09:17:05,463] {taskinstance.py:1238} INFO - 
--------------------------------------------------------------------------------
[2022-02-09 09:17:05,463] {taskinstance.py:1239} INFO - Starting attempt 1 of 2
[2022-02-09 09:17:05,463] {taskinstance.py:1240} INFO - 
--------------------------------------------------------------------------------
[2022-02-09 09:17:05,483] {taskinstance.py:1259} INFO - Executing <Task(PythonOperator): local_to_gcs_task> on 2021-08-01 23:00:00+00:00
[2022-02-09 09:17:05,492] {standard_task_runner.py:52} INFO - Started process 702 to run task
[2022-02-09 09:17:05,499] {standard_task_runner.py:76} INFO - Running: ['***', 'tasks', 'run', 'yelloTaXi_HW_data_ingestee_gcs_dag', 'local_to_gcs_task', 'scheduled__2021-08-01T23:00:00+00:00', '--job-id', '615', '--raw', '--subdir', 'DAGS_FOLDER/yelloTaXi_data_ingesteee_gcs_dag.py', '--cfg-path', '/tmp/tmpmp3u0d21', '--error-file', '/tmp/tmpi6jn9_x_']
[2022-02-09 09:17:05,501] {standard_task_runner.py:77} INFO - Job 615: Subtask local_to_gcs_task
[2022-02-09 09:17:05,614] {logging_mixin.py:109} INFO - Running <TaskInstance: yelloTaXi_HW_data_ingestee_gcs_dag.local_to_gcs_task scheduled__2021-08-01T23:00:00+00:00 [running]> on host 75953ff4f3d5
[2022-02-09 09:17:05,690] {warnings.py:110} WARNING - /home/***/.local/lib/python3.7/site-packages/***/utils/context.py:152: AirflowContextDeprecationWarning: Accessing 'execution_date' from the template is deprecated and will be removed in a future version. Please use 'data_interval_start' or 'logical_date' instead.
  warnings.warn(_create_deprecation_warning(key, self._deprecation_replacements[key]))

[2022-02-09 09:17:05,738] {taskinstance.py:1426} INFO - Exporting the following env vars:
AIRFLOW_CTX_DAG_OWNER=***
AIRFLOW_CTX_DAG_ID=yelloTaXi_HW_data_ingestee_gcs_dag
AIRFLOW_CTX_TASK_ID=local_to_gcs_task
AIRFLOW_CTX_EXECUTION_DATE=2021-08-01T23:00:00+00:00
AIRFLOW_CTX_DAG_RUN_ID=scheduled__2021-08-01T23:00:00+00:00
[2022-02-09 09:17:06,316] {python.py:175} INFO - Done. Returned value was: None
[2022-02-09 09:17:06,329] {taskinstance.py:1277} INFO - Marking task as SUCCESS. dag_id=yelloTaXi_HW_data_ingestee_gcs_dag, task_id=local_to_gcs_task, execution_date=20210801T230000, start_date=20220209T091705, end_date=20220209T091706
[2022-02-09 09:17:06,365] {local_task_job.py:154} INFO - Task exited with return code 0
[2022-02-09 09:17:06,405] {local_task_job.py:264} INFO - 1 downstream tasks scheduled from follow-on schedule check
