[2022-02-07 11:49:44,773] {taskinstance.py:1032} INFO - Dependencies all met for <TaskInstance: yellowTX_HW_data_ingestion_gcs_dag.download_dataset_task scheduled__2020-03-01T23:00:00+00:00 [queued]>
[2022-02-07 11:49:44,892] {taskinstance.py:1032} INFO - Dependencies all met for <TaskInstance: yellowTX_HW_data_ingestion_gcs_dag.download_dataset_task scheduled__2020-03-01T23:00:00+00:00 [queued]>
[2022-02-07 11:49:44,892] {taskinstance.py:1238} INFO - 
--------------------------------------------------------------------------------
[2022-02-07 11:49:44,892] {taskinstance.py:1239} INFO - Starting attempt 1 of 1
[2022-02-07 11:49:44,892] {taskinstance.py:1240} INFO - 
--------------------------------------------------------------------------------
[2022-02-07 11:49:45,251] {taskinstance.py:1259} INFO - Executing <Task(BashOperator): download_dataset_task> on 2020-03-01 23:00:00+00:00
[2022-02-07 11:49:45,289] {standard_task_runner.py:52} INFO - Started process 1869 to run task
[2022-02-07 11:49:45,349] {standard_task_runner.py:76} INFO - Running: ['***', 'tasks', 'run', 'yellowTX_HW_data_ingestion_gcs_dag', 'download_dataset_task', 'scheduled__2020-03-01T23:00:00+00:00', '--job-id', '22', '--raw', '--subdir', 'DAGS_FOLDER/yellowTX_data_ingest_gcs_dag.py', '--cfg-path', '/tmp/tmpp1je2ljw', '--error-file', '/tmp/tmp4w84ob70']
[2022-02-07 11:49:45,351] {standard_task_runner.py:77} INFO - Job 22: Subtask download_dataset_task
[2022-02-07 11:49:46,106] {logging_mixin.py:109} INFO - Running <TaskInstance: yellowTX_HW_data_ingestion_gcs_dag.download_dataset_task scheduled__2020-03-01T23:00:00+00:00 [running]> on host 52b8b55537b2
[2022-02-07 11:49:46,819] {warnings.py:110} WARNING - /home/***/.local/lib/python3.7/site-packages/***/utils/context.py:152: AirflowContextDeprecationWarning: Accessing 'execution_date' from the template is deprecated and will be removed in a future version. Please use 'data_interval_start' or 'logical_date' instead.
  warnings.warn(_create_deprecation_warning(key, self._deprecation_replacements[key]))

[2022-02-07 11:49:47,355] {taskinstance.py:1426} INFO - Exporting the following env vars:
AIRFLOW_CTX_DAG_OWNER=***
AIRFLOW_CTX_DAG_ID=yellowTX_HW_data_ingestion_gcs_dag
AIRFLOW_CTX_TASK_ID=download_dataset_task
AIRFLOW_CTX_EXECUTION_DATE=2020-03-01T23:00:00+00:00
AIRFLOW_CTX_DAG_RUN_ID=scheduled__2020-03-01T23:00:00+00:00
[2022-02-07 11:49:47,356] {subprocess.py:62} INFO - Tmp dir root location: 
 /tmp
[2022-02-07 11:49:47,357] {subprocess.py:74} INFO - Running command: ['bash', '-c', 'curl -sSL https://s3.amazonaws.com/nyc-tlc/trip+data/yellow_tripdata_2020-03.csv > /opt/***/yellow_tripdata_2020-03.csv']
[2022-02-07 11:49:47,383] {subprocess.py:85} INFO - Output:
[2022-02-07 11:53:38,970] {subprocess.py:93} INFO - Command exited with return code 0
[2022-02-07 11:53:44,636] {taskinstance.py:1277} INFO - Marking task as SUCCESS. dag_id=yellowTX_HW_data_ingestion_gcs_dag, task_id=download_dataset_task, execution_date=20200301T230000, start_date=20220207T114944, end_date=20220207T115344
[2022-02-07 11:53:47,862] {local_task_job.py:154} INFO - Task exited with return code 0
[2022-02-07 11:53:51,300] {local_task_job.py:264} INFO - 1 downstream tasks scheduled from follow-on schedule check
[2022-02-07 12:38:03,364] {taskinstance.py:1032} INFO - Dependencies all met for <TaskInstance: yellowTX_HW_data_ingestion_gcs_dag.download_dataset_task scheduled__2020-03-01T23:00:00+00:00 [queued]>
[2022-02-07 12:38:03,562] {taskinstance.py:1032} INFO - Dependencies all met for <TaskInstance: yellowTX_HW_data_ingestion_gcs_dag.download_dataset_task scheduled__2020-03-01T23:00:00+00:00 [queued]>
[2022-02-07 12:38:03,562] {taskinstance.py:1238} INFO - 
--------------------------------------------------------------------------------
[2022-02-07 12:38:03,562] {taskinstance.py:1239} INFO - Starting attempt 1 of 1
[2022-02-07 12:38:03,562] {taskinstance.py:1240} INFO - 
--------------------------------------------------------------------------------
[2022-02-07 12:38:03,812] {taskinstance.py:1259} INFO - Executing <Task(BashOperator): download_dataset_task> on 2020-03-01 23:00:00+00:00
[2022-02-07 12:38:03,826] {standard_task_runner.py:52} INFO - Started process 428 to run task
[2022-02-07 12:38:03,998] {standard_task_runner.py:76} INFO - Running: ['***', 'tasks', 'run', 'yellowTX_HW_data_ingestion_gcs_dag', 'download_dataset_task', 'scheduled__2020-03-01T23:00:00+00:00', '--job-id', '109', '--raw', '--subdir', 'DAGS_FOLDER/yellowTX_data_ingest_gcs_dag.py', '--cfg-path', '/tmp/tmpmesjr0e0', '--error-file', '/tmp/tmp0u2h5j8g']
[2022-02-07 12:38:04,000] {standard_task_runner.py:77} INFO - Job 109: Subtask download_dataset_task
[2022-02-07 12:38:05,182] {logging_mixin.py:109} INFO - Running <TaskInstance: yellowTX_HW_data_ingestion_gcs_dag.download_dataset_task scheduled__2020-03-01T23:00:00+00:00 [running]> on host 4f748fac91e5
[2022-02-07 12:38:06,224] {warnings.py:110} WARNING - /home/***/.local/lib/python3.7/site-packages/***/utils/context.py:152: AirflowContextDeprecationWarning: Accessing 'execution_date' from the template is deprecated and will be removed in a future version. Please use 'data_interval_start' or 'logical_date' instead.
  warnings.warn(_create_deprecation_warning(key, self._deprecation_replacements[key]))

[2022-02-07 12:38:06,480] {taskinstance.py:1426} INFO - Exporting the following env vars:
AIRFLOW_CTX_DAG_OWNER=***
AIRFLOW_CTX_DAG_ID=yellowTX_HW_data_ingestion_gcs_dag
AIRFLOW_CTX_TASK_ID=download_dataset_task
AIRFLOW_CTX_EXECUTION_DATE=2020-03-01T23:00:00+00:00
AIRFLOW_CTX_DAG_RUN_ID=scheduled__2020-03-01T23:00:00+00:00
[2022-02-07 12:38:06,482] {subprocess.py:62} INFO - Tmp dir root location: 
 /tmp
[2022-02-07 12:38:06,484] {subprocess.py:74} INFO - Running command: ['bash', '-c', 'curl -sSL https://s3.amazonaws.com/nyc-tlc/trip+data/yellow_tripdata_2020-03.csv > /opt/***/yellow_tripdata_2020-03.csv']
[2022-02-07 12:38:06,743] {subprocess.py:85} INFO - Output:
[2022-02-07 12:41:27,733] {subprocess.py:93} INFO - Command exited with return code 0
[2022-02-07 12:41:30,166] {taskinstance.py:1277} INFO - Marking task as SUCCESS. dag_id=yellowTX_HW_data_ingestion_gcs_dag, task_id=download_dataset_task, execution_date=20200301T230000, start_date=20220207T123803, end_date=20220207T124130
[2022-02-07 12:41:30,384] {local_task_job.py:154} INFO - Task exited with return code 0
[2022-02-07 12:41:31,575] {local_task_job.py:264} INFO - 1 downstream tasks scheduled from follow-on schedule check
