[2022-02-09 09:01:14,291] {taskinstance.py:1032} INFO - Dependencies all met for <TaskInstance: yelloTaXi_HW_data_ingestee_gcs_dag.format_to_parquet_task scheduled__2021-08-01T23:00:00+00:00 [queued]>
[2022-02-09 09:01:14,312] {taskinstance.py:1032} INFO - Dependencies all met for <TaskInstance: yelloTaXi_HW_data_ingestee_gcs_dag.format_to_parquet_task scheduled__2021-08-01T23:00:00+00:00 [queued]>
[2022-02-09 09:01:14,313] {taskinstance.py:1238} INFO - 
--------------------------------------------------------------------------------
[2022-02-09 09:01:14,313] {taskinstance.py:1239} INFO - Starting attempt 1 of 2
[2022-02-09 09:01:14,313] {taskinstance.py:1240} INFO - 
--------------------------------------------------------------------------------
[2022-02-09 09:01:14,337] {taskinstance.py:1259} INFO - Executing <Task(PythonOperator): format_to_parquet_task> on 2021-08-01 23:00:00+00:00
[2022-02-09 09:01:14,364] {standard_task_runner.py:52} INFO - Started process 515 to run task
[2022-02-09 09:01:14,379] {standard_task_runner.py:76} INFO - Running: ['***', 'tasks', 'run', 'yelloTaXi_HW_data_ingestee_gcs_dag', 'format_to_parquet_task', 'scheduled__2021-08-01T23:00:00+00:00', '--job-id', '509', '--raw', '--subdir', 'DAGS_FOLDER/yelloTaXi_data_ingestee_gcs_dag.py', '--cfg-path', '/tmp/tmpi1y89bx3', '--error-file', '/tmp/tmppruticj_']
[2022-02-09 09:01:14,382] {standard_task_runner.py:77} INFO - Job 509: Subtask format_to_parquet_task
[2022-02-09 09:01:14,685] {logging_mixin.py:109} INFO - Running <TaskInstance: yelloTaXi_HW_data_ingestee_gcs_dag.format_to_parquet_task scheduled__2021-08-01T23:00:00+00:00 [running]> on host cc021fb126ed
[2022-02-09 09:01:14,796] {warnings.py:110} WARNING - /home/***/.local/lib/python3.7/site-packages/***/utils/context.py:152: AirflowContextDeprecationWarning: Accessing 'execution_date' from the template is deprecated and will be removed in a future version. Please use 'data_interval_start' or 'logical_date' instead.
  warnings.warn(_create_deprecation_warning(key, self._deprecation_replacements[key]))

[2022-02-09 09:01:14,853] {taskinstance.py:1426} INFO - Exporting the following env vars:
AIRFLOW_CTX_DAG_OWNER=***
AIRFLOW_CTX_DAG_ID=yelloTaXi_HW_data_ingestee_gcs_dag
AIRFLOW_CTX_TASK_ID=format_to_parquet_task
AIRFLOW_CTX_EXECUTION_DATE=2021-08-01T23:00:00+00:00
AIRFLOW_CTX_DAG_RUN_ID=scheduled__2021-08-01T23:00:00+00:00
[2022-02-09 09:01:15,051] {python.py:175} INFO - Done. Returned value was: None
[2022-02-09 09:01:15,073] {taskinstance.py:1277} INFO - Marking task as SUCCESS. dag_id=yelloTaXi_HW_data_ingestee_gcs_dag, task_id=format_to_parquet_task, execution_date=20210801T230000, start_date=20220209T090114, end_date=20220209T090115
[2022-02-09 09:01:15,158] {local_task_job.py:154} INFO - Task exited with return code 0
[2022-02-09 09:01:15,281] {local_task_job.py:264} INFO - 1 downstream tasks scheduled from follow-on schedule check
[2022-02-09 09:17:02,144] {taskinstance.py:1032} INFO - Dependencies all met for <TaskInstance: yelloTaXi_HW_data_ingestee_gcs_dag.format_to_parquet_task scheduled__2021-08-01T23:00:00+00:00 [queued]>
[2022-02-09 09:17:02,166] {taskinstance.py:1032} INFO - Dependencies all met for <TaskInstance: yelloTaXi_HW_data_ingestee_gcs_dag.format_to_parquet_task scheduled__2021-08-01T23:00:00+00:00 [queued]>
[2022-02-09 09:17:02,166] {taskinstance.py:1238} INFO - 
--------------------------------------------------------------------------------
[2022-02-09 09:17:02,166] {taskinstance.py:1239} INFO - Starting attempt 1 of 2
[2022-02-09 09:17:02,166] {taskinstance.py:1240} INFO - 
--------------------------------------------------------------------------------
[2022-02-09 09:17:02,184] {taskinstance.py:1259} INFO - Executing <Task(PythonOperator): format_to_parquet_task> on 2021-08-01 23:00:00+00:00
[2022-02-09 09:17:02,193] {standard_task_runner.py:52} INFO - Started process 684 to run task
[2022-02-09 09:17:02,203] {standard_task_runner.py:76} INFO - Running: ['***', 'tasks', 'run', 'yelloTaXi_HW_data_ingestee_gcs_dag', 'format_to_parquet_task', 'scheduled__2021-08-01T23:00:00+00:00', '--job-id', '612', '--raw', '--subdir', 'DAGS_FOLDER/yelloTaXi_data_ingesteee_gcs_dag.py', '--cfg-path', '/tmp/tmpyh9dw695', '--error-file', '/tmp/tmp5wpzk1a4']
[2022-02-09 09:17:02,204] {standard_task_runner.py:77} INFO - Job 612: Subtask format_to_parquet_task
[2022-02-09 09:17:02,327] {logging_mixin.py:109} INFO - Running <TaskInstance: yelloTaXi_HW_data_ingestee_gcs_dag.format_to_parquet_task scheduled__2021-08-01T23:00:00+00:00 [running]> on host 75953ff4f3d5
[2022-02-09 09:17:02,585] {warnings.py:110} WARNING - /home/***/.local/lib/python3.7/site-packages/***/utils/context.py:152: AirflowContextDeprecationWarning: Accessing 'execution_date' from the template is deprecated and will be removed in a future version. Please use 'data_interval_start' or 'logical_date' instead.
  warnings.warn(_create_deprecation_warning(key, self._deprecation_replacements[key]))

[2022-02-09 09:17:02,624] {taskinstance.py:1426} INFO - Exporting the following env vars:
AIRFLOW_CTX_DAG_OWNER=***
AIRFLOW_CTX_DAG_ID=yelloTaXi_HW_data_ingestee_gcs_dag
AIRFLOW_CTX_TASK_ID=format_to_parquet_task
AIRFLOW_CTX_EXECUTION_DATE=2021-08-01T23:00:00+00:00
AIRFLOW_CTX_DAG_RUN_ID=scheduled__2021-08-01T23:00:00+00:00
[2022-02-09 09:17:02,810] {python.py:175} INFO - Done. Returned value was: None
[2022-02-09 09:17:02,827] {taskinstance.py:1277} INFO - Marking task as SUCCESS. dag_id=yelloTaXi_HW_data_ingestee_gcs_dag, task_id=format_to_parquet_task, execution_date=20210801T230000, start_date=20220209T091702, end_date=20220209T091702
[2022-02-09 09:17:02,874] {local_task_job.py:154} INFO - Task exited with return code 0
[2022-02-09 09:17:02,951] {local_task_job.py:264} INFO - 1 downstream tasks scheduled from follow-on schedule check
