[2022-02-07 11:51:29,008] {taskinstance.py:1032} INFO - Dependencies all met for <TaskInstance: yellowTX_HW_data_ingestion_gcs_dag.download_dataset_task scheduled__2020-04-01T23:00:00+00:00 [queued]>
[2022-02-07 11:51:29,020] {taskinstance.py:1032} INFO - Dependencies all met for <TaskInstance: yellowTX_HW_data_ingestion_gcs_dag.download_dataset_task scheduled__2020-04-01T23:00:00+00:00 [queued]>
[2022-02-07 11:51:29,020] {taskinstance.py:1238} INFO - 
--------------------------------------------------------------------------------
[2022-02-07 11:51:29,020] {taskinstance.py:1239} INFO - Starting attempt 1 of 1
[2022-02-07 11:51:29,020] {taskinstance.py:1240} INFO - 
--------------------------------------------------------------------------------
[2022-02-07 11:51:31,589] {taskinstance.py:1259} INFO - Executing <Task(BashOperator): download_dataset_task> on 2020-04-01 23:00:00+00:00
[2022-02-07 11:51:31,597] {standard_task_runner.py:52} INFO - Started process 1934 to run task
[2022-02-07 11:51:31,604] {standard_task_runner.py:76} INFO - Running: ['***', 'tasks', 'run', 'yellowTX_HW_data_ingestion_gcs_dag', 'download_dataset_task', 'scheduled__2020-04-01T23:00:00+00:00', '--job-id', '25', '--raw', '--subdir', 'DAGS_FOLDER/yellowTX_data_ingest_gcs_dag.py', '--cfg-path', '/tmp/tmp2xzg61ss', '--error-file', '/tmp/tmp8n6pp1a9']
[2022-02-07 11:51:31,605] {standard_task_runner.py:77} INFO - Job 25: Subtask download_dataset_task
[2022-02-07 11:51:35,816] {logging_mixin.py:109} INFO - Running <TaskInstance: yellowTX_HW_data_ingestion_gcs_dag.download_dataset_task scheduled__2020-04-01T23:00:00+00:00 [running]> on host 52b8b55537b2
[2022-02-07 11:51:40,515] {warnings.py:110} WARNING - /home/***/.local/lib/python3.7/site-packages/***/utils/context.py:152: AirflowContextDeprecationWarning: Accessing 'execution_date' from the template is deprecated and will be removed in a future version. Please use 'data_interval_start' or 'logical_date' instead.
  warnings.warn(_create_deprecation_warning(key, self._deprecation_replacements[key]))

[2022-02-07 11:51:46,200] {taskinstance.py:1426} INFO - Exporting the following env vars:
AIRFLOW_CTX_DAG_OWNER=***
AIRFLOW_CTX_DAG_ID=yellowTX_HW_data_ingestion_gcs_dag
AIRFLOW_CTX_TASK_ID=download_dataset_task
AIRFLOW_CTX_EXECUTION_DATE=2020-04-01T23:00:00+00:00
AIRFLOW_CTX_DAG_RUN_ID=scheduled__2020-04-01T23:00:00+00:00
[2022-02-07 11:51:46,202] {subprocess.py:62} INFO - Tmp dir root location: 
 /tmp
[2022-02-07 11:51:47,191] {subprocess.py:74} INFO - Running command: ['bash', '-c', 'curl -sSL https://s3.amazonaws.com/nyc-tlc/trip+data/yellow_tripdata_2020-04.csv > /opt/***/yellow_tripdata_2020-04.csv']
[2022-02-07 11:51:47,212] {subprocess.py:85} INFO - Output:
[2022-02-07 11:52:06,074] {subprocess.py:93} INFO - Command exited with return code 0
[2022-02-07 11:52:12,083] {taskinstance.py:1277} INFO - Marking task as SUCCESS. dag_id=yellowTX_HW_data_ingestion_gcs_dag, task_id=download_dataset_task, execution_date=20200401T230000, start_date=20220207T115129, end_date=20220207T115212
[2022-02-07 11:52:12,225] {local_task_job.py:154} INFO - Task exited with return code 0
[2022-02-07 11:52:13,291] {local_task_job.py:264} INFO - 1 downstream tasks scheduled from follow-on schedule check
[2022-02-07 12:38:05,270] {taskinstance.py:1032} INFO - Dependencies all met for <TaskInstance: yellowTX_HW_data_ingestion_gcs_dag.download_dataset_task scheduled__2020-04-01T23:00:00+00:00 [queued]>
[2022-02-07 12:38:05,583] {taskinstance.py:1032} INFO - Dependencies all met for <TaskInstance: yellowTX_HW_data_ingestion_gcs_dag.download_dataset_task scheduled__2020-04-01T23:00:00+00:00 [queued]>
[2022-02-07 12:38:05,596] {taskinstance.py:1238} INFO - 
--------------------------------------------------------------------------------
[2022-02-07 12:38:05,596] {taskinstance.py:1239} INFO - Starting attempt 1 of 1
[2022-02-07 12:38:05,596] {taskinstance.py:1240} INFO - 
--------------------------------------------------------------------------------
[2022-02-07 12:38:05,957] {taskinstance.py:1259} INFO - Executing <Task(BashOperator): download_dataset_task> on 2020-04-01 23:00:00+00:00
[2022-02-07 12:38:05,973] {standard_task_runner.py:52} INFO - Started process 436 to run task
[2022-02-07 12:38:06,107] {standard_task_runner.py:76} INFO - Running: ['***', 'tasks', 'run', 'yellowTX_HW_data_ingestion_gcs_dag', 'download_dataset_task', 'scheduled__2020-04-01T23:00:00+00:00', '--job-id', '111', '--raw', '--subdir', 'DAGS_FOLDER/yellowTX_data_ingest_gcs_dag.py', '--cfg-path', '/tmp/tmp8i2y4gyq', '--error-file', '/tmp/tmp45e50tpq']
[2022-02-07 12:38:06,109] {standard_task_runner.py:77} INFO - Job 111: Subtask download_dataset_task
[2022-02-07 12:38:07,300] {logging_mixin.py:109} INFO - Running <TaskInstance: yellowTX_HW_data_ingestion_gcs_dag.download_dataset_task scheduled__2020-04-01T23:00:00+00:00 [running]> on host 4f748fac91e5
[2022-02-07 12:38:08,249] {warnings.py:110} WARNING - /home/***/.local/lib/python3.7/site-packages/***/utils/context.py:152: AirflowContextDeprecationWarning: Accessing 'execution_date' from the template is deprecated and will be removed in a future version. Please use 'data_interval_start' or 'logical_date' instead.
  warnings.warn(_create_deprecation_warning(key, self._deprecation_replacements[key]))

[2022-02-07 12:38:08,276] {taskinstance.py:1426} INFO - Exporting the following env vars:
AIRFLOW_CTX_DAG_OWNER=***
AIRFLOW_CTX_DAG_ID=yellowTX_HW_data_ingestion_gcs_dag
AIRFLOW_CTX_TASK_ID=download_dataset_task
AIRFLOW_CTX_EXECUTION_DATE=2020-04-01T23:00:00+00:00
AIRFLOW_CTX_DAG_RUN_ID=scheduled__2020-04-01T23:00:00+00:00
[2022-02-07 12:38:08,278] {subprocess.py:62} INFO - Tmp dir root location: 
 /tmp
[2022-02-07 12:38:08,279] {subprocess.py:74} INFO - Running command: ['bash', '-c', 'curl -sSL https://s3.amazonaws.com/nyc-tlc/trip+data/yellow_tripdata_2020-04.csv > /opt/***/yellow_tripdata_2020-04.csv']
[2022-02-07 12:38:08,294] {subprocess.py:85} INFO - Output:
[2022-02-07 12:38:14,295] {subprocess.py:93} INFO - Command exited with return code 0
[2022-02-07 12:38:17,022] {taskinstance.py:1277} INFO - Marking task as SUCCESS. dag_id=yellowTX_HW_data_ingestion_gcs_dag, task_id=download_dataset_task, execution_date=20200401T230000, start_date=20220207T123805, end_date=20220207T123817
[2022-02-07 12:38:17,292] {local_task_job.py:154} INFO - Task exited with return code 0
[2022-02-07 12:38:17,577] {local_task_job.py:264} INFO - 1 downstream tasks scheduled from follow-on schedule check
