[2022-02-09 09:59:52,773] {taskinstance.py:1032} INFO - Dependencies all met for <TaskInstance: FHV_data_HW_ingestion_gcs_dag.local_to_gcs_task manual__2022-02-09T09:42:29.191686+00:00 [queued]>
[2022-02-09 09:59:52,786] {taskinstance.py:1032} INFO - Dependencies all met for <TaskInstance: FHV_data_HW_ingestion_gcs_dag.local_to_gcs_task manual__2022-02-09T09:42:29.191686+00:00 [queued]>
[2022-02-09 09:59:52,786] {taskinstance.py:1238} INFO - 
--------------------------------------------------------------------------------
[2022-02-09 09:59:52,786] {taskinstance.py:1239} INFO - Starting attempt 3 of 4
[2022-02-09 09:59:52,787] {taskinstance.py:1240} INFO - 
--------------------------------------------------------------------------------
[2022-02-09 09:59:52,803] {taskinstance.py:1259} INFO - Executing <Task(PythonOperator): local_to_gcs_task> on 2022-02-09 09:42:29.191686+00:00
[2022-02-09 09:59:52,810] {standard_task_runner.py:52} INFO - Started process 442 to run task
[2022-02-09 09:59:52,816] {standard_task_runner.py:76} INFO - Running: ['***', 'tasks', 'run', 'FHV_data_HW_ingestion_gcs_dag', 'local_to_gcs_task', 'manual__2022-02-09T09:42:29.191686+00:00', '--job-id', '988', '--raw', '--subdir', 'DAGS_FOLDER/FHV_data_ingest_gcs_dag.py', '--cfg-path', '/tmp/tmpd0whmt1w', '--error-file', '/tmp/tmp4dtnirt8']
[2022-02-09 09:59:52,817] {standard_task_runner.py:77} INFO - Job 988: Subtask local_to_gcs_task
[2022-02-09 09:59:52,888] {logging_mixin.py:109} INFO - Running <TaskInstance: FHV_data_HW_ingestion_gcs_dag.local_to_gcs_task manual__2022-02-09T09:42:29.191686+00:00 [running]> on host 03c3eba9761e
[2022-02-09 09:59:52,933] {warnings.py:110} WARNING - /home/***/.local/lib/python3.7/site-packages/***/utils/context.py:152: AirflowContextDeprecationWarning: Accessing 'execution_date' from the template is deprecated and will be removed in a future version. Please use 'data_interval_start' or 'logical_date' instead.
  warnings.warn(_create_deprecation_warning(key, self._deprecation_replacements[key]))

[2022-02-09 09:59:52,954] {taskinstance.py:1426} INFO - Exporting the following env vars:
AIRFLOW_CTX_DAG_OWNER=***
AIRFLOW_CTX_DAG_ID=FHV_data_HW_ingestion_gcs_dag
AIRFLOW_CTX_TASK_ID=local_to_gcs_task
AIRFLOW_CTX_EXECUTION_DATE=2022-02-09T09:42:29.191686+00:00
AIRFLOW_CTX_DAG_RUN_ID=manual__2022-02-09T09:42:29.191686+00:00
[2022-02-09 09:59:53,177] {python.py:175} INFO - Done. Returned value was: None
[2022-02-09 09:59:53,191] {taskinstance.py:1277} INFO - Marking task as SUCCESS. dag_id=FHV_data_HW_ingestion_gcs_dag, task_id=local_to_gcs_task, execution_date=20220209T094229, start_date=20220209T095952, end_date=20220209T095953
[2022-02-09 09:59:53,231] {local_task_job.py:154} INFO - Task exited with return code 0
[2022-02-09 09:59:53,272] {local_task_job.py:264} INFO - 1 downstream tasks scheduled from follow-on schedule check
