[2022-02-09 08:59:12,534] {taskinstance.py:1032} INFO - Dependencies all met for <TaskInstance: yelloTaXi_HW_data_ingestee_gcs_dag.local_to_gcs_task scheduled__2020-08-01T23:00:00+00:00 [queued]>
[2022-02-09 08:59:12,554] {taskinstance.py:1032} INFO - Dependencies all met for <TaskInstance: yelloTaXi_HW_data_ingestee_gcs_dag.local_to_gcs_task scheduled__2020-08-01T23:00:00+00:00 [queued]>
[2022-02-09 08:59:12,555] {taskinstance.py:1238} INFO - 
--------------------------------------------------------------------------------
[2022-02-09 08:59:12,555] {taskinstance.py:1239} INFO - Starting attempt 1 of 2
[2022-02-09 08:59:12,555] {taskinstance.py:1240} INFO - 
--------------------------------------------------------------------------------
[2022-02-09 08:59:12,589] {taskinstance.py:1259} INFO - Executing <Task(PythonOperator): local_to_gcs_task> on 2020-08-01 23:00:00+00:00
[2022-02-09 08:59:12,597] {standard_task_runner.py:52} INFO - Started process 201 to run task
[2022-02-09 08:59:12,616] {standard_task_runner.py:76} INFO - Running: ['***', 'tasks', 'run', 'yelloTaXi_HW_data_ingestee_gcs_dag', 'local_to_gcs_task', 'scheduled__2020-08-01T23:00:00+00:00', '--job-id', '463', '--raw', '--subdir', 'DAGS_FOLDER/yelloTaXi_data_ingestee_gcs_dag.py', '--cfg-path', '/tmp/tmp61zkuphg', '--error-file', '/tmp/tmpb89ep2i8']
[2022-02-09 08:59:12,618] {standard_task_runner.py:77} INFO - Job 463: Subtask local_to_gcs_task
[2022-02-09 08:59:12,781] {logging_mixin.py:109} INFO - Running <TaskInstance: yelloTaXi_HW_data_ingestee_gcs_dag.local_to_gcs_task scheduled__2020-08-01T23:00:00+00:00 [running]> on host cc021fb126ed
[2022-02-09 08:59:12,854] {warnings.py:110} WARNING - /home/***/.local/lib/python3.7/site-packages/***/utils/context.py:152: AirflowContextDeprecationWarning: Accessing 'execution_date' from the template is deprecated and will be removed in a future version. Please use 'data_interval_start' or 'logical_date' instead.
  warnings.warn(_create_deprecation_warning(key, self._deprecation_replacements[key]))

[2022-02-09 08:59:12,907] {taskinstance.py:1426} INFO - Exporting the following env vars:
AIRFLOW_CTX_DAG_OWNER=***
AIRFLOW_CTX_DAG_ID=yelloTaXi_HW_data_ingestee_gcs_dag
AIRFLOW_CTX_TASK_ID=local_to_gcs_task
AIRFLOW_CTX_EXECUTION_DATE=2020-08-01T23:00:00+00:00
AIRFLOW_CTX_DAG_RUN_ID=scheduled__2020-08-01T23:00:00+00:00
[2022-02-09 08:59:18,074] {python.py:175} INFO - Done. Returned value was: None
[2022-02-09 08:59:18,088] {taskinstance.py:1277} INFO - Marking task as SUCCESS. dag_id=yelloTaXi_HW_data_ingestee_gcs_dag, task_id=local_to_gcs_task, execution_date=20200801T230000, start_date=20220209T085912, end_date=20220209T085918
[2022-02-09 08:59:18,143] {local_task_job.py:154} INFO - Task exited with return code 0
[2022-02-09 08:59:18,180] {local_task_job.py:264} INFO - 1 downstream tasks scheduled from follow-on schedule check
[2022-02-09 09:14:22,374] {taskinstance.py:1032} INFO - Dependencies all met for <TaskInstance: yelloTaXi_HW_data_ingestee_gcs_dag.local_to_gcs_task scheduled__2020-08-01T23:00:00+00:00 [queued]>
[2022-02-09 09:14:22,414] {taskinstance.py:1032} INFO - Dependencies all met for <TaskInstance: yelloTaXi_HW_data_ingestee_gcs_dag.local_to_gcs_task scheduled__2020-08-01T23:00:00+00:00 [queued]>
[2022-02-09 09:14:22,414] {taskinstance.py:1238} INFO - 
--------------------------------------------------------------------------------
[2022-02-09 09:14:22,415] {taskinstance.py:1239} INFO - Starting attempt 1 of 2
[2022-02-09 09:14:22,415] {taskinstance.py:1240} INFO - 
--------------------------------------------------------------------------------
[2022-02-09 09:14:22,441] {taskinstance.py:1259} INFO - Executing <Task(PythonOperator): local_to_gcs_task> on 2020-08-01 23:00:00+00:00
[2022-02-09 09:14:22,450] {standard_task_runner.py:52} INFO - Started process 270 to run task
[2022-02-09 09:14:22,463] {standard_task_runner.py:76} INFO - Running: ['***', 'tasks', 'run', 'yelloTaXi_HW_data_ingestee_gcs_dag', 'local_to_gcs_task', 'scheduled__2020-08-01T23:00:00+00:00', '--job-id', '551', '--raw', '--subdir', 'DAGS_FOLDER/yelloTaXi_data_ingesteee_gcs_dag.py', '--cfg-path', '/tmp/tmpapphapw7', '--error-file', '/tmp/tmp5shbhrm8']
[2022-02-09 09:14:22,465] {standard_task_runner.py:77} INFO - Job 551: Subtask local_to_gcs_task
[2022-02-09 09:14:22,669] {logging_mixin.py:109} INFO - Running <TaskInstance: yelloTaXi_HW_data_ingestee_gcs_dag.local_to_gcs_task scheduled__2020-08-01T23:00:00+00:00 [running]> on host 75953ff4f3d5
[2022-02-09 09:14:22,780] {warnings.py:110} WARNING - /home/***/.local/lib/python3.7/site-packages/***/utils/context.py:152: AirflowContextDeprecationWarning: Accessing 'execution_date' from the template is deprecated and will be removed in a future version. Please use 'data_interval_start' or 'logical_date' instead.
  warnings.warn(_create_deprecation_warning(key, self._deprecation_replacements[key]))

[2022-02-09 09:14:22,820] {taskinstance.py:1426} INFO - Exporting the following env vars:
AIRFLOW_CTX_DAG_OWNER=***
AIRFLOW_CTX_DAG_ID=yelloTaXi_HW_data_ingestee_gcs_dag
AIRFLOW_CTX_TASK_ID=local_to_gcs_task
AIRFLOW_CTX_EXECUTION_DATE=2020-08-01T23:00:00+00:00
AIRFLOW_CTX_DAG_RUN_ID=scheduled__2020-08-01T23:00:00+00:00
[2022-02-09 09:14:28,042] {python.py:175} INFO - Done. Returned value was: None
[2022-02-09 09:14:28,055] {taskinstance.py:1277} INFO - Marking task as SUCCESS. dag_id=yelloTaXi_HW_data_ingestee_gcs_dag, task_id=local_to_gcs_task, execution_date=20200801T230000, start_date=20220209T091422, end_date=20220209T091428
[2022-02-09 09:14:28,102] {local_task_job.py:154} INFO - Task exited with return code 0
[2022-02-09 09:14:28,193] {local_task_job.py:264} INFO - 0 downstream tasks scheduled from follow-on schedule check
