[2022-02-09 08:43:26,982] {taskinstance.py:1032} INFO - Dependencies all met for <TaskInstance: yelloTaXi_HW_data_ingestee_gcs_dag.format_to_parquet_task scheduled__2020-03-01T23:00:00+00:00 [queued]>
[2022-02-09 08:43:26,994] {taskinstance.py:1032} INFO - Dependencies all met for <TaskInstance: yelloTaXi_HW_data_ingestee_gcs_dag.format_to_parquet_task scheduled__2020-03-01T23:00:00+00:00 [queued]>
[2022-02-09 08:43:26,994] {taskinstance.py:1238} INFO - 
--------------------------------------------------------------------------------
[2022-02-09 08:43:26,994] {taskinstance.py:1239} INFO - Starting attempt 1 of 2
[2022-02-09 08:43:26,994] {taskinstance.py:1240} INFO - 
--------------------------------------------------------------------------------
[2022-02-09 08:43:27,761] {taskinstance.py:1259} INFO - Executing <Task(PythonOperator): format_to_parquet_task> on 2020-03-01 23:00:00+00:00
[2022-02-09 08:43:27,769] {standard_task_runner.py:52} INFO - Started process 486 to run task
[2022-02-09 08:43:27,782] {standard_task_runner.py:76} INFO - Running: ['***', 'tasks', 'run', 'yelloTaXi_HW_data_ingestee_gcs_dag', 'format_to_parquet_task', 'scheduled__2020-03-01T23:00:00+00:00', '--job-id', '425', '--raw', '--subdir', 'DAGS_FOLDER/yelloTaXi_data_ingestee_gcs_dag.py', '--cfg-path', '/tmp/tmpc1jpi6_r', '--error-file', '/tmp/tmp5yyw62lc']
[2022-02-09 08:43:27,784] {standard_task_runner.py:77} INFO - Job 425: Subtask format_to_parquet_task
[2022-02-09 08:43:28,920] {logging_mixin.py:109} INFO - Running <TaskInstance: yelloTaXi_HW_data_ingestee_gcs_dag.format_to_parquet_task scheduled__2020-03-01T23:00:00+00:00 [running]> on host f8848f2383ce
[2022-02-09 08:43:29,643] {warnings.py:110} WARNING - /home/***/.local/lib/python3.7/site-packages/***/utils/context.py:152: AirflowContextDeprecationWarning: Accessing 'execution_date' from the template is deprecated and will be removed in a future version. Please use 'data_interval_start' or 'logical_date' instead.
  warnings.warn(_create_deprecation_warning(key, self._deprecation_replacements[key]))

[2022-02-09 08:43:30,265] {taskinstance.py:1426} INFO - Exporting the following env vars:
AIRFLOW_CTX_DAG_OWNER=***
AIRFLOW_CTX_DAG_ID=yelloTaXi_HW_data_ingestee_gcs_dag
AIRFLOW_CTX_TASK_ID=format_to_parquet_task
AIRFLOW_CTX_EXECUTION_DATE=2020-03-01T23:00:00+00:00
AIRFLOW_CTX_DAG_RUN_ID=scheduled__2020-03-01T23:00:00+00:00
[2022-02-09 08:43:39,300] {python.py:175} INFO - Done. Returned value was: None
[2022-02-09 08:43:39,837] {taskinstance.py:1277} INFO - Marking task as SUCCESS. dag_id=yelloTaXi_HW_data_ingestee_gcs_dag, task_id=format_to_parquet_task, execution_date=20200301T230000, start_date=20220209T084326, end_date=20220209T084339
[2022-02-09 08:43:40,700] {local_task_job.py:154} INFO - Task exited with return code 0
[2022-02-09 08:43:41,595] {local_task_job.py:264} INFO - 0 downstream tasks scheduled from follow-on schedule check
