[2022-02-09 09:29:55,089] {taskinstance.py:1032} INFO - Dependencies all met for <TaskInstance: yelloTaXii_HW_data_ingestion_gcs_dag.bigquery_external_table_task scheduled__2020-09-01T23:00:00+00:00 [queued]>
[2022-02-09 09:29:55,103] {taskinstance.py:1032} INFO - Dependencies all met for <TaskInstance: yelloTaXii_HW_data_ingestion_gcs_dag.bigquery_external_table_task scheduled__2020-09-01T23:00:00+00:00 [queued]>
[2022-02-09 09:29:55,103] {taskinstance.py:1238} INFO - 
--------------------------------------------------------------------------------
[2022-02-09 09:29:55,103] {taskinstance.py:1239} INFO - Starting attempt 1 of 2
[2022-02-09 09:29:55,103] {taskinstance.py:1240} INFO - 
--------------------------------------------------------------------------------
[2022-02-09 09:29:55,116] {taskinstance.py:1259} INFO - Executing <Task(BigQueryCreateExternalTableOperator): bigquery_external_table_task> on 2020-09-01 23:00:00+00:00
[2022-02-09 09:29:55,122] {standard_task_runner.py:52} INFO - Started process 956 to run task
[2022-02-09 09:29:55,129] {standard_task_runner.py:76} INFO - Running: ['***', 'tasks', 'run', 'yelloTaXii_HW_data_ingestion_gcs_dag', 'bigquery_external_table_task', 'scheduled__2020-09-01T23:00:00+00:00', '--job-id', '736', '--raw', '--subdir', 'DAGS_FOLDER/yelloTaXii_data_ingestion_gcs_dag.py', '--cfg-path', '/tmp/tmp38ji6qnf', '--error-file', '/tmp/tmp4dqtd7h2']
[2022-02-09 09:29:55,130] {standard_task_runner.py:77} INFO - Job 736: Subtask bigquery_external_table_task
[2022-02-09 09:29:55,206] {logging_mixin.py:109} INFO - Running <TaskInstance: yelloTaXii_HW_data_ingestion_gcs_dag.bigquery_external_table_task scheduled__2020-09-01T23:00:00+00:00 [running]> on host 0092064357b4
[2022-02-09 09:29:55,257] {warnings.py:110} WARNING - /home/***/.local/lib/python3.7/site-packages/***/utils/context.py:152: AirflowContextDeprecationWarning: Accessing 'execution_date' from the template is deprecated and will be removed in a future version. Please use 'data_interval_start' or 'logical_date' instead.
  warnings.warn(_create_deprecation_warning(key, self._deprecation_replacements[key]))

[2022-02-09 09:29:55,283] {taskinstance.py:1426} INFO - Exporting the following env vars:
AIRFLOW_CTX_DAG_OWNER=***
AIRFLOW_CTX_DAG_ID=yelloTaXii_HW_data_ingestion_gcs_dag
AIRFLOW_CTX_TASK_ID=bigquery_external_table_task
AIRFLOW_CTX_EXECUTION_DATE=2020-09-01T23:00:00+00:00
AIRFLOW_CTX_DAG_RUN_ID=scheduled__2020-09-01T23:00:00+00:00
[2022-02-09 09:29:55,285] {crypto.py:82} WARNING - empty cryptography key - values will not be stored encrypted.
[2022-02-09 09:29:56,340] {taskinstance.py:1277} INFO - Marking task as SUCCESS. dag_id=yelloTaXii_HW_data_ingestion_gcs_dag, task_id=bigquery_external_table_task, execution_date=20200901T230000, start_date=20220209T092955, end_date=20220209T092956
[2022-02-09 09:29:56,386] {local_task_job.py:154} INFO - Task exited with return code 0
[2022-02-09 09:29:56,421] {local_task_job.py:264} INFO - 0 downstream tasks scheduled from follow-on schedule check
