[2022-02-09 12:28:20,763] {taskinstance.py:1032} INFO - Dependencies all met for <TaskInstance: FHV_data_HW_ingestion_gcs_dag.format_to_parquet_task scheduled__2019-02-01T23:00:00+00:00 [queued]>
[2022-02-09 12:28:20,774] {taskinstance.py:1032} INFO - Dependencies all met for <TaskInstance: FHV_data_HW_ingestion_gcs_dag.format_to_parquet_task scheduled__2019-02-01T23:00:00+00:00 [queued]>
[2022-02-09 12:28:20,774] {taskinstance.py:1238} INFO - 
--------------------------------------------------------------------------------
[2022-02-09 12:28:20,774] {taskinstance.py:1239} INFO - Starting attempt 2 of 3
[2022-02-09 12:28:20,774] {taskinstance.py:1240} INFO - 
--------------------------------------------------------------------------------
[2022-02-09 12:28:20,788] {taskinstance.py:1259} INFO - Executing <Task(PythonOperator): format_to_parquet_task> on 2019-02-01 23:00:00+00:00
[2022-02-09 12:28:20,794] {standard_task_runner.py:52} INFO - Started process 1115 to run task
[2022-02-09 12:28:20,801] {standard_task_runner.py:76} INFO - Running: ['***', 'tasks', 'run', 'FHV_data_HW_ingestion_gcs_dag', 'format_to_parquet_task', 'scheduled__2019-02-01T23:00:00+00:00', '--job-id', '1018', '--raw', '--subdir', 'DAGS_FOLDER/FHV_data_ingest_gcs_dag.py', '--cfg-path', '/tmp/tmpuqqu3h6d', '--error-file', '/tmp/tmp3b96ycs9']
[2022-02-09 12:28:20,802] {standard_task_runner.py:77} INFO - Job 1018: Subtask format_to_parquet_task
[2022-02-09 12:28:20,883] {logging_mixin.py:109} INFO - Running <TaskInstance: FHV_data_HW_ingestion_gcs_dag.format_to_parquet_task scheduled__2019-02-01T23:00:00+00:00 [running]> on host 2b984638caa6
[2022-02-09 12:28:20,931] {warnings.py:110} WARNING - /home/***/.local/lib/python3.7/site-packages/***/utils/context.py:152: AirflowContextDeprecationWarning: Accessing 'execution_date' from the template is deprecated and will be removed in a future version. Please use 'data_interval_start' or 'logical_date' instead.
  warnings.warn(_create_deprecation_warning(key, self._deprecation_replacements[key]))

[2022-02-09 12:28:20,967] {taskinstance.py:1426} INFO - Exporting the following env vars:
AIRFLOW_CTX_DAG_OWNER=***
AIRFLOW_CTX_DAG_ID=FHV_data_HW_ingestion_gcs_dag
AIRFLOW_CTX_TASK_ID=format_to_parquet_task
AIRFLOW_CTX_EXECUTION_DATE=2019-02-01T23:00:00+00:00
AIRFLOW_CTX_DAG_RUN_ID=scheduled__2019-02-01T23:00:00+00:00
[2022-02-09 12:28:21,898] {python.py:175} INFO - Done. Returned value was: None
[2022-02-09 12:28:21,912] {taskinstance.py:1277} INFO - Marking task as SUCCESS. dag_id=FHV_data_HW_ingestion_gcs_dag, task_id=format_to_parquet_task, execution_date=20190201T230000, start_date=20220209T122820, end_date=20220209T122821
[2022-02-09 12:28:21,968] {local_task_job.py:154} INFO - Task exited with return code 0
[2022-02-09 12:28:22,017] {local_task_job.py:264} INFO - 1 downstream tasks scheduled from follow-on schedule check
