[2022-02-09 08:59:10,199] {taskinstance.py:1032} INFO - Dependencies all met for <TaskInstance: yelloTaXi_HW_data_ingestee_gcs_dag.format_to_parquet_task scheduled__2020-09-01T23:00:00+00:00 [queued]>
[2022-02-09 08:59:10,218] {taskinstance.py:1032} INFO - Dependencies all met for <TaskInstance: yelloTaXi_HW_data_ingestee_gcs_dag.format_to_parquet_task scheduled__2020-09-01T23:00:00+00:00 [queued]>
[2022-02-09 08:59:10,219] {taskinstance.py:1238} INFO - 
--------------------------------------------------------------------------------
[2022-02-09 08:59:10,219] {taskinstance.py:1239} INFO - Starting attempt 1 of 2
[2022-02-09 08:59:10,219] {taskinstance.py:1240} INFO - 
--------------------------------------------------------------------------------
[2022-02-09 08:59:10,239] {taskinstance.py:1259} INFO - Executing <Task(PythonOperator): format_to_parquet_task> on 2020-09-01 23:00:00+00:00
[2022-02-09 08:59:10,247] {standard_task_runner.py:52} INFO - Started process 188 to run task
[2022-02-09 08:59:10,259] {standard_task_runner.py:76} INFO - Running: ['***', 'tasks', 'run', 'yelloTaXi_HW_data_ingestee_gcs_dag', 'format_to_parquet_task', 'scheduled__2020-09-01T23:00:00+00:00', '--job-id', '462', '--raw', '--subdir', 'DAGS_FOLDER/yelloTaXi_data_ingestee_gcs_dag.py', '--cfg-path', '/tmp/tmpcsuibj41', '--error-file', '/tmp/tmpyt_homi9']
[2022-02-09 08:59:10,261] {standard_task_runner.py:77} INFO - Job 462: Subtask format_to_parquet_task
[2022-02-09 08:59:10,375] {logging_mixin.py:109} INFO - Running <TaskInstance: yelloTaXi_HW_data_ingestee_gcs_dag.format_to_parquet_task scheduled__2020-09-01T23:00:00+00:00 [running]> on host cc021fb126ed
[2022-02-09 08:59:10,453] {warnings.py:110} WARNING - /home/***/.local/lib/python3.7/site-packages/***/utils/context.py:152: AirflowContextDeprecationWarning: Accessing 'execution_date' from the template is deprecated and will be removed in a future version. Please use 'data_interval_start' or 'logical_date' instead.
  warnings.warn(_create_deprecation_warning(key, self._deprecation_replacements[key]))

[2022-02-09 08:59:10,496] {taskinstance.py:1426} INFO - Exporting the following env vars:
AIRFLOW_CTX_DAG_OWNER=***
AIRFLOW_CTX_DAG_ID=yelloTaXi_HW_data_ingestee_gcs_dag
AIRFLOW_CTX_TASK_ID=format_to_parquet_task
AIRFLOW_CTX_EXECUTION_DATE=2020-09-01T23:00:00+00:00
AIRFLOW_CTX_DAG_RUN_ID=scheduled__2020-09-01T23:00:00+00:00
[2022-02-09 08:59:13,652] {python.py:175} INFO - Done. Returned value was: None
[2022-02-09 08:59:13,683] {taskinstance.py:1277} INFO - Marking task as SUCCESS. dag_id=yelloTaXi_HW_data_ingestee_gcs_dag, task_id=format_to_parquet_task, execution_date=20200901T230000, start_date=20220209T085910, end_date=20220209T085913
[2022-02-09 08:59:13,762] {local_task_job.py:154} INFO - Task exited with return code 0
[2022-02-09 08:59:13,980] {local_task_job.py:264} INFO - 0 downstream tasks scheduled from follow-on schedule check
[2022-02-09 09:14:19,458] {taskinstance.py:1032} INFO - Dependencies all met for <TaskInstance: yelloTaXi_HW_data_ingestee_gcs_dag.format_to_parquet_task scheduled__2020-09-01T23:00:00+00:00 [queued]>
[2022-02-09 09:14:19,479] {taskinstance.py:1032} INFO - Dependencies all met for <TaskInstance: yelloTaXi_HW_data_ingestee_gcs_dag.format_to_parquet_task scheduled__2020-09-01T23:00:00+00:00 [queued]>
[2022-02-09 09:14:19,480] {taskinstance.py:1238} INFO - 
--------------------------------------------------------------------------------
[2022-02-09 09:14:19,480] {taskinstance.py:1239} INFO - Starting attempt 1 of 2
[2022-02-09 09:14:19,480] {taskinstance.py:1240} INFO - 
--------------------------------------------------------------------------------
[2022-02-09 09:14:19,499] {taskinstance.py:1259} INFO - Executing <Task(PythonOperator): format_to_parquet_task> on 2020-09-01 23:00:00+00:00
[2022-02-09 09:14:19,520] {standard_task_runner.py:52} INFO - Started process 260 to run task
[2022-02-09 09:14:19,539] {standard_task_runner.py:76} INFO - Running: ['***', 'tasks', 'run', 'yelloTaXi_HW_data_ingestee_gcs_dag', 'format_to_parquet_task', 'scheduled__2020-09-01T23:00:00+00:00', '--job-id', '550', '--raw', '--subdir', 'DAGS_FOLDER/yelloTaXi_data_ingesteee_gcs_dag.py', '--cfg-path', '/tmp/tmp5a986rf_', '--error-file', '/tmp/tmpkxu7vtp3']
[2022-02-09 09:14:19,544] {standard_task_runner.py:77} INFO - Job 550: Subtask format_to_parquet_task
[2022-02-09 09:14:19,651] {logging_mixin.py:109} INFO - Running <TaskInstance: yelloTaXi_HW_data_ingestee_gcs_dag.format_to_parquet_task scheduled__2020-09-01T23:00:00+00:00 [running]> on host 75953ff4f3d5
[2022-02-09 09:14:19,743] {warnings.py:110} WARNING - /home/***/.local/lib/python3.7/site-packages/***/utils/context.py:152: AirflowContextDeprecationWarning: Accessing 'execution_date' from the template is deprecated and will be removed in a future version. Please use 'data_interval_start' or 'logical_date' instead.
  warnings.warn(_create_deprecation_warning(key, self._deprecation_replacements[key]))

[2022-02-09 09:14:19,792] {taskinstance.py:1426} INFO - Exporting the following env vars:
AIRFLOW_CTX_DAG_OWNER=***
AIRFLOW_CTX_DAG_ID=yelloTaXi_HW_data_ingestee_gcs_dag
AIRFLOW_CTX_TASK_ID=format_to_parquet_task
AIRFLOW_CTX_EXECUTION_DATE=2020-09-01T23:00:00+00:00
AIRFLOW_CTX_DAG_RUN_ID=scheduled__2020-09-01T23:00:00+00:00
[2022-02-09 09:14:23,280] {python.py:175} INFO - Done. Returned value was: None
[2022-02-09 09:14:23,298] {taskinstance.py:1277} INFO - Marking task as SUCCESS. dag_id=yelloTaXi_HW_data_ingestee_gcs_dag, task_id=format_to_parquet_task, execution_date=20200901T230000, start_date=20220209T091419, end_date=20220209T091423
[2022-02-09 09:14:23,401] {local_task_job.py:154} INFO - Task exited with return code 0
[2022-02-09 09:14:23,462] {local_task_job.py:264} INFO - 1 downstream tasks scheduled from follow-on schedule check
