[2022-02-09 09:14:50,690] {taskinstance.py:1032} INFO - Dependencies all met for <TaskInstance: yelloTaXi_HW_data_ingestee_gcs_dag.format_to_parquet_task scheduled__2020-09-01T23:00:00+00:00 [queued]>
[2022-02-09 09:14:50,719] {taskinstance.py:1032} INFO - Dependencies all met for <TaskInstance: yelloTaXi_HW_data_ingestee_gcs_dag.format_to_parquet_task scheduled__2020-09-01T23:00:00+00:00 [queued]>
[2022-02-09 09:14:50,720] {taskinstance.py:1238} INFO - 
--------------------------------------------------------------------------------
[2022-02-09 09:14:50,720] {taskinstance.py:1239} INFO - Starting attempt 2 of 3
[2022-02-09 09:14:50,720] {taskinstance.py:1240} INFO - 
--------------------------------------------------------------------------------
[2022-02-09 09:14:50,747] {taskinstance.py:1259} INFO - Executing <Task(PythonOperator): format_to_parquet_task> on 2020-09-01 23:00:00+00:00
[2022-02-09 09:14:50,764] {standard_task_runner.py:52} INFO - Started process 346 to run task
[2022-02-09 09:14:50,768] {standard_task_runner.py:76} INFO - Running: ['***', 'tasks', 'run', 'yelloTaXi_HW_data_ingestee_gcs_dag', 'format_to_parquet_task', 'scheduled__2020-09-01T23:00:00+00:00', '--job-id', '564', '--raw', '--subdir', 'DAGS_FOLDER/yelloTaXi_data_ingesteee_gcs_dag.py', '--cfg-path', '/tmp/tmpya42mh5m', '--error-file', '/tmp/tmphx7dzf4p']
[2022-02-09 09:14:50,774] {standard_task_runner.py:77} INFO - Job 564: Subtask format_to_parquet_task
[2022-02-09 09:14:50,955] {logging_mixin.py:109} INFO - Running <TaskInstance: yelloTaXi_HW_data_ingestee_gcs_dag.format_to_parquet_task scheduled__2020-09-01T23:00:00+00:00 [running]> on host 75953ff4f3d5
[2022-02-09 09:14:51,075] {warnings.py:110} WARNING - /home/***/.local/lib/python3.7/site-packages/***/utils/context.py:152: AirflowContextDeprecationWarning: Accessing 'execution_date' from the template is deprecated and will be removed in a future version. Please use 'data_interval_start' or 'logical_date' instead.
  warnings.warn(_create_deprecation_warning(key, self._deprecation_replacements[key]))

[2022-02-09 09:14:51,127] {taskinstance.py:1426} INFO - Exporting the following env vars:
AIRFLOW_CTX_DAG_OWNER=***
AIRFLOW_CTX_DAG_ID=yelloTaXi_HW_data_ingestee_gcs_dag
AIRFLOW_CTX_TASK_ID=format_to_parquet_task
AIRFLOW_CTX_EXECUTION_DATE=2020-09-01T23:00:00+00:00
AIRFLOW_CTX_DAG_RUN_ID=scheduled__2020-09-01T23:00:00+00:00
[2022-02-09 09:14:53,889] {python.py:175} INFO - Done. Returned value was: None
[2022-02-09 09:14:53,918] {taskinstance.py:1277} INFO - Marking task as SUCCESS. dag_id=yelloTaXi_HW_data_ingestee_gcs_dag, task_id=format_to_parquet_task, execution_date=20200901T230000, start_date=20220209T091450, end_date=20220209T091453
[2022-02-09 09:14:53,996] {local_task_job.py:154} INFO - Task exited with return code 0
[2022-02-09 09:14:54,065] {local_task_job.py:264} INFO - 1 downstream tasks scheduled from follow-on schedule check
