[2022-02-09 09:29:16,763] {taskinstance.py:1032} INFO - Dependencies all met for <TaskInstance: yelloTaXii_HW_data_ingestion_gcs_dag.format_to_parquet_task scheduled__2020-06-01T23:00:00+00:00 [queued]>
[2022-02-09 09:29:16,774] {taskinstance.py:1032} INFO - Dependencies all met for <TaskInstance: yelloTaXii_HW_data_ingestion_gcs_dag.format_to_parquet_task scheduled__2020-06-01T23:00:00+00:00 [queued]>
[2022-02-09 09:29:16,775] {taskinstance.py:1238} INFO - 
--------------------------------------------------------------------------------
[2022-02-09 09:29:16,775] {taskinstance.py:1239} INFO - Starting attempt 1 of 2
[2022-02-09 09:29:16,775] {taskinstance.py:1240} INFO - 
--------------------------------------------------------------------------------
[2022-02-09 09:29:16,787] {taskinstance.py:1259} INFO - Executing <Task(PythonOperator): format_to_parquet_task> on 2020-06-01 23:00:00+00:00
[2022-02-09 09:29:16,794] {standard_task_runner.py:52} INFO - Started process 813 to run task
[2022-02-09 09:29:16,802] {standard_task_runner.py:76} INFO - Running: ['***', 'tasks', 'run', 'yelloTaXii_HW_data_ingestion_gcs_dag', 'format_to_parquet_task', 'scheduled__2020-06-01T23:00:00+00:00', '--job-id', '713', '--raw', '--subdir', 'DAGS_FOLDER/yelloTaXii_data_ingestion_gcs_dag.py', '--cfg-path', '/tmp/tmpca6zjkp7', '--error-file', '/tmp/tmpwxxsaj1r']
[2022-02-09 09:29:16,803] {standard_task_runner.py:77} INFO - Job 713: Subtask format_to_parquet_task
[2022-02-09 09:29:16,892] {logging_mixin.py:109} INFO - Running <TaskInstance: yelloTaXii_HW_data_ingestion_gcs_dag.format_to_parquet_task scheduled__2020-06-01T23:00:00+00:00 [running]> on host 0092064357b4
[2022-02-09 09:29:16,948] {warnings.py:110} WARNING - /home/***/.local/lib/python3.7/site-packages/***/utils/context.py:152: AirflowContextDeprecationWarning: Accessing 'execution_date' from the template is deprecated and will be removed in a future version. Please use 'data_interval_start' or 'logical_date' instead.
  warnings.warn(_create_deprecation_warning(key, self._deprecation_replacements[key]))

[2022-02-09 09:29:17,018] {taskinstance.py:1426} INFO - Exporting the following env vars:
AIRFLOW_CTX_DAG_OWNER=***
AIRFLOW_CTX_DAG_ID=yelloTaXii_HW_data_ingestion_gcs_dag
AIRFLOW_CTX_TASK_ID=format_to_parquet_task
AIRFLOW_CTX_EXECUTION_DATE=2020-06-01T23:00:00+00:00
AIRFLOW_CTX_DAG_RUN_ID=scheduled__2020-06-01T23:00:00+00:00
[2022-02-09 09:29:19,267] {python.py:175} INFO - Done. Returned value was: None
[2022-02-09 09:29:19,398] {taskinstance.py:1277} INFO - Marking task as SUCCESS. dag_id=yelloTaXii_HW_data_ingestion_gcs_dag, task_id=format_to_parquet_task, execution_date=20200601T230000, start_date=20220209T092916, end_date=20220209T092919
[2022-02-09 09:29:19,572] {local_task_job.py:154} INFO - Task exited with return code 0
[2022-02-09 09:29:19,806] {local_task_job.py:264} INFO - 0 downstream tasks scheduled from follow-on schedule check
