[2022-02-09 09:00:14,437] {taskinstance.py:1032} INFO - Dependencies all met for <TaskInstance: yelloTaXi_HW_data_ingestee_gcs_dag.local_to_gcs_task scheduled__2021-04-01T23:00:00+00:00 [queued]>
[2022-02-09 09:00:14,454] {taskinstance.py:1032} INFO - Dependencies all met for <TaskInstance: yelloTaXi_HW_data_ingestee_gcs_dag.local_to_gcs_task scheduled__2021-04-01T23:00:00+00:00 [queued]>
[2022-02-09 09:00:14,454] {taskinstance.py:1238} INFO - 
--------------------------------------------------------------------------------
[2022-02-09 09:00:14,454] {taskinstance.py:1239} INFO - Starting attempt 1 of 2
[2022-02-09 09:00:14,454] {taskinstance.py:1240} INFO - 
--------------------------------------------------------------------------------
[2022-02-09 09:00:14,466] {taskinstance.py:1259} INFO - Executing <Task(PythonOperator): local_to_gcs_task> on 2021-04-01 23:00:00+00:00
[2022-02-09 09:00:14,472] {standard_task_runner.py:52} INFO - Started process 382 to run task
[2022-02-09 09:00:14,478] {standard_task_runner.py:76} INFO - Running: ['***', 'tasks', 'run', 'yelloTaXi_HW_data_ingestee_gcs_dag', 'local_to_gcs_task', 'scheduled__2021-04-01T23:00:00+00:00', '--job-id', '489', '--raw', '--subdir', 'DAGS_FOLDER/yelloTaXi_data_ingestee_gcs_dag.py', '--cfg-path', '/tmp/tmpoa2evhf8', '--error-file', '/tmp/tmp5wrhxj8l']
[2022-02-09 09:00:14,479] {standard_task_runner.py:77} INFO - Job 489: Subtask local_to_gcs_task
[2022-02-09 09:00:14,554] {logging_mixin.py:109} INFO - Running <TaskInstance: yelloTaXi_HW_data_ingestee_gcs_dag.local_to_gcs_task scheduled__2021-04-01T23:00:00+00:00 [running]> on host cc021fb126ed
[2022-02-09 09:00:14,602] {warnings.py:110} WARNING - /home/***/.local/lib/python3.7/site-packages/***/utils/context.py:152: AirflowContextDeprecationWarning: Accessing 'execution_date' from the template is deprecated and will be removed in a future version. Please use 'data_interval_start' or 'logical_date' instead.
  warnings.warn(_create_deprecation_warning(key, self._deprecation_replacements[key]))

[2022-02-09 09:00:14,627] {taskinstance.py:1426} INFO - Exporting the following env vars:
AIRFLOW_CTX_DAG_OWNER=***
AIRFLOW_CTX_DAG_ID=yelloTaXi_HW_data_ingestee_gcs_dag
AIRFLOW_CTX_TASK_ID=local_to_gcs_task
AIRFLOW_CTX_EXECUTION_DATE=2021-04-01T23:00:00+00:00
AIRFLOW_CTX_DAG_RUN_ID=scheduled__2021-04-01T23:00:00+00:00
[2022-02-09 09:00:25,039] {python.py:175} INFO - Done. Returned value was: None
[2022-02-09 09:00:25,059] {taskinstance.py:1277} INFO - Marking task as SUCCESS. dag_id=yelloTaXi_HW_data_ingestee_gcs_dag, task_id=local_to_gcs_task, execution_date=20210401T230000, start_date=20220209T090014, end_date=20220209T090025
[2022-02-09 09:00:25,119] {local_task_job.py:154} INFO - Task exited with return code 0
[2022-02-09 09:00:25,156] {local_task_job.py:264} INFO - 1 downstream tasks scheduled from follow-on schedule check
[2022-02-09 09:15:50,930] {taskinstance.py:1032} INFO - Dependencies all met for <TaskInstance: yelloTaXi_HW_data_ingestee_gcs_dag.local_to_gcs_task scheduled__2021-04-01T23:00:00+00:00 [queued]>
[2022-02-09 09:15:50,962] {taskinstance.py:1032} INFO - Dependencies all met for <TaskInstance: yelloTaXi_HW_data_ingestee_gcs_dag.local_to_gcs_task scheduled__2021-04-01T23:00:00+00:00 [queued]>
[2022-02-09 09:15:50,963] {taskinstance.py:1238} INFO - 
--------------------------------------------------------------------------------
[2022-02-09 09:15:50,963] {taskinstance.py:1239} INFO - Starting attempt 1 of 2
[2022-02-09 09:15:50,963] {taskinstance.py:1240} INFO - 
--------------------------------------------------------------------------------
[2022-02-09 09:15:50,986] {taskinstance.py:1259} INFO - Executing <Task(PythonOperator): local_to_gcs_task> on 2021-04-01 23:00:00+00:00
[2022-02-09 09:15:50,995] {standard_task_runner.py:52} INFO - Started process 515 to run task
[2022-02-09 09:15:51,010] {standard_task_runner.py:76} INFO - Running: ['***', 'tasks', 'run', 'yelloTaXi_HW_data_ingestee_gcs_dag', 'local_to_gcs_task', 'scheduled__2021-04-01T23:00:00+00:00', '--job-id', '589', '--raw', '--subdir', 'DAGS_FOLDER/yelloTaXi_data_ingesteee_gcs_dag.py', '--cfg-path', '/tmp/tmpk4cekvzz', '--error-file', '/tmp/tmpk_w4mnxy']
[2022-02-09 09:15:51,011] {standard_task_runner.py:77} INFO - Job 589: Subtask local_to_gcs_task
[2022-02-09 09:15:51,122] {logging_mixin.py:109} INFO - Running <TaskInstance: yelloTaXi_HW_data_ingestee_gcs_dag.local_to_gcs_task scheduled__2021-04-01T23:00:00+00:00 [running]> on host 75953ff4f3d5
[2022-02-09 09:15:51,193] {warnings.py:110} WARNING - /home/***/.local/lib/python3.7/site-packages/***/utils/context.py:152: AirflowContextDeprecationWarning: Accessing 'execution_date' from the template is deprecated and will be removed in a future version. Please use 'data_interval_start' or 'logical_date' instead.
  warnings.warn(_create_deprecation_warning(key, self._deprecation_replacements[key]))

[2022-02-09 09:15:51,231] {taskinstance.py:1426} INFO - Exporting the following env vars:
AIRFLOW_CTX_DAG_OWNER=***
AIRFLOW_CTX_DAG_ID=yelloTaXi_HW_data_ingestee_gcs_dag
AIRFLOW_CTX_TASK_ID=local_to_gcs_task
AIRFLOW_CTX_EXECUTION_DATE=2021-04-01T23:00:00+00:00
AIRFLOW_CTX_DAG_RUN_ID=scheduled__2021-04-01T23:00:00+00:00
[2022-02-09 09:16:01,105] {python.py:175} INFO - Done. Returned value was: None
[2022-02-09 09:16:01,125] {taskinstance.py:1277} INFO - Marking task as SUCCESS. dag_id=yelloTaXi_HW_data_ingestee_gcs_dag, task_id=local_to_gcs_task, execution_date=20210401T230000, start_date=20220209T091550, end_date=20220209T091601
[2022-02-09 09:16:01,166] {local_task_job.py:154} INFO - Task exited with return code 0
[2022-02-09 09:16:01,299] {local_task_job.py:264} INFO - 0 downstream tasks scheduled from follow-on schedule check
