[2022-02-09 08:59:35,339] {taskinstance.py:1032} INFO - Dependencies all met for <TaskInstance: yelloTaXi_HW_data_ingestee_gcs_dag.format_to_parquet_task scheduled__2021-01-01T23:00:00+00:00 [queued]>
[2022-02-09 08:59:35,352] {taskinstance.py:1032} INFO - Dependencies all met for <TaskInstance: yelloTaXi_HW_data_ingestee_gcs_dag.format_to_parquet_task scheduled__2021-01-01T23:00:00+00:00 [queued]>
[2022-02-09 08:59:35,352] {taskinstance.py:1238} INFO - 
--------------------------------------------------------------------------------
[2022-02-09 08:59:35,352] {taskinstance.py:1239} INFO - Starting attempt 1 of 2
[2022-02-09 08:59:35,352] {taskinstance.py:1240} INFO - 
--------------------------------------------------------------------------------
[2022-02-09 08:59:35,370] {taskinstance.py:1259} INFO - Executing <Task(PythonOperator): format_to_parquet_task> on 2021-01-01 23:00:00+00:00
[2022-02-09 08:59:35,378] {standard_task_runner.py:52} INFO - Started process 260 to run task
[2022-02-09 08:59:35,384] {standard_task_runner.py:76} INFO - Running: ['***', 'tasks', 'run', 'yelloTaXi_HW_data_ingestee_gcs_dag', 'format_to_parquet_task', 'scheduled__2021-01-01T23:00:00+00:00', '--job-id', '472', '--raw', '--subdir', 'DAGS_FOLDER/yelloTaXi_data_ingestee_gcs_dag.py', '--cfg-path', '/tmp/tmp5t638bh1', '--error-file', '/tmp/tmpl5f6o33f']
[2022-02-09 08:59:35,386] {standard_task_runner.py:77} INFO - Job 472: Subtask format_to_parquet_task
[2022-02-09 08:59:35,485] {logging_mixin.py:109} INFO - Running <TaskInstance: yelloTaXi_HW_data_ingestee_gcs_dag.format_to_parquet_task scheduled__2021-01-01T23:00:00+00:00 [running]> on host cc021fb126ed
[2022-02-09 08:59:35,553] {warnings.py:110} WARNING - /home/***/.local/lib/python3.7/site-packages/***/utils/context.py:152: AirflowContextDeprecationWarning: Accessing 'execution_date' from the template is deprecated and will be removed in a future version. Please use 'data_interval_start' or 'logical_date' instead.
  warnings.warn(_create_deprecation_warning(key, self._deprecation_replacements[key]))

[2022-02-09 08:59:35,579] {taskinstance.py:1426} INFO - Exporting the following env vars:
AIRFLOW_CTX_DAG_OWNER=***
AIRFLOW_CTX_DAG_ID=yelloTaXi_HW_data_ingestee_gcs_dag
AIRFLOW_CTX_TASK_ID=format_to_parquet_task
AIRFLOW_CTX_EXECUTION_DATE=2021-01-01T23:00:00+00:00
AIRFLOW_CTX_DAG_RUN_ID=scheduled__2021-01-01T23:00:00+00:00
[2022-02-09 08:59:38,897] {python.py:175} INFO - Done. Returned value was: None
[2022-02-09 08:59:38,937] {taskinstance.py:1277} INFO - Marking task as SUCCESS. dag_id=yelloTaXi_HW_data_ingestee_gcs_dag, task_id=format_to_parquet_task, execution_date=20210101T230000, start_date=20220209T085935, end_date=20220209T085938
[2022-02-09 08:59:39,073] {local_task_job.py:154} INFO - Task exited with return code 0
[2022-02-09 08:59:39,173] {local_task_job.py:264} INFO - 1 downstream tasks scheduled from follow-on schedule check
[2022-02-09 09:15:16,300] {taskinstance.py:1032} INFO - Dependencies all met for <TaskInstance: yelloTaXi_HW_data_ingestee_gcs_dag.format_to_parquet_task scheduled__2021-01-01T23:00:00+00:00 [queued]>
[2022-02-09 09:15:16,313] {taskinstance.py:1032} INFO - Dependencies all met for <TaskInstance: yelloTaXi_HW_data_ingestee_gcs_dag.format_to_parquet_task scheduled__2021-01-01T23:00:00+00:00 [queued]>
[2022-02-09 09:15:16,313] {taskinstance.py:1238} INFO - 
--------------------------------------------------------------------------------
[2022-02-09 09:15:16,313] {taskinstance.py:1239} INFO - Starting attempt 1 of 2
[2022-02-09 09:15:16,313] {taskinstance.py:1240} INFO - 
--------------------------------------------------------------------------------
[2022-02-09 09:15:16,328] {taskinstance.py:1259} INFO - Executing <Task(PythonOperator): format_to_parquet_task> on 2021-01-01 23:00:00+00:00
[2022-02-09 09:15:16,334] {standard_task_runner.py:52} INFO - Started process 403 to run task
[2022-02-09 09:15:16,343] {standard_task_runner.py:76} INFO - Running: ['***', 'tasks', 'run', 'yelloTaXi_HW_data_ingestee_gcs_dag', 'format_to_parquet_task', 'scheduled__2021-01-01T23:00:00+00:00', '--job-id', '574', '--raw', '--subdir', 'DAGS_FOLDER/yelloTaXi_data_ingesteee_gcs_dag.py', '--cfg-path', '/tmp/tmpomrbh_2c', '--error-file', '/tmp/tmp8is17k1_']
[2022-02-09 09:15:16,344] {standard_task_runner.py:77} INFO - Job 574: Subtask format_to_parquet_task
[2022-02-09 09:15:16,420] {logging_mixin.py:109} INFO - Running <TaskInstance: yelloTaXi_HW_data_ingestee_gcs_dag.format_to_parquet_task scheduled__2021-01-01T23:00:00+00:00 [running]> on host 75953ff4f3d5
[2022-02-09 09:15:16,477] {warnings.py:110} WARNING - /home/***/.local/lib/python3.7/site-packages/***/utils/context.py:152: AirflowContextDeprecationWarning: Accessing 'execution_date' from the template is deprecated and will be removed in a future version. Please use 'data_interval_start' or 'logical_date' instead.
  warnings.warn(_create_deprecation_warning(key, self._deprecation_replacements[key]))

[2022-02-09 09:15:16,499] {taskinstance.py:1426} INFO - Exporting the following env vars:
AIRFLOW_CTX_DAG_OWNER=***
AIRFLOW_CTX_DAG_ID=yelloTaXi_HW_data_ingestee_gcs_dag
AIRFLOW_CTX_TASK_ID=format_to_parquet_task
AIRFLOW_CTX_EXECUTION_DATE=2021-01-01T23:00:00+00:00
AIRFLOW_CTX_DAG_RUN_ID=scheduled__2021-01-01T23:00:00+00:00
[2022-02-09 09:15:19,908] {python.py:175} INFO - Done. Returned value was: None
[2022-02-09 09:15:19,931] {taskinstance.py:1277} INFO - Marking task as SUCCESS. dag_id=yelloTaXi_HW_data_ingestee_gcs_dag, task_id=format_to_parquet_task, execution_date=20210101T230000, start_date=20220209T091516, end_date=20220209T091519
[2022-02-09 09:15:20,007] {local_task_job.py:154} INFO - Task exited with return code 0
[2022-02-09 09:15:20,077] {local_task_job.py:264} INFO - 1 downstream tasks scheduled from follow-on schedule check
