[2022-02-09 09:29:23,013] {taskinstance.py:1032} INFO - Dependencies all met for <TaskInstance: yelloTaXii_HW_data_ingestion_gcs_dag.local_to_gcs_task scheduled__2020-05-01T23:00:00+00:00 [queued]>
[2022-02-09 09:29:23,099] {taskinstance.py:1032} INFO - Dependencies all met for <TaskInstance: yelloTaXii_HW_data_ingestion_gcs_dag.local_to_gcs_task scheduled__2020-05-01T23:00:00+00:00 [queued]>
[2022-02-09 09:29:23,100] {taskinstance.py:1238} INFO - 
--------------------------------------------------------------------------------
[2022-02-09 09:29:23,100] {taskinstance.py:1239} INFO - Starting attempt 1 of 2
[2022-02-09 09:29:23,100] {taskinstance.py:1240} INFO - 
--------------------------------------------------------------------------------
[2022-02-09 09:29:23,153] {taskinstance.py:1259} INFO - Executing <Task(PythonOperator): local_to_gcs_task> on 2020-05-01 23:00:00+00:00
[2022-02-09 09:29:23,163] {standard_task_runner.py:52} INFO - Started process 859 to run task
[2022-02-09 09:29:23,177] {standard_task_runner.py:76} INFO - Running: ['***', 'tasks', 'run', 'yelloTaXii_HW_data_ingestion_gcs_dag', 'local_to_gcs_task', 'scheduled__2020-05-01T23:00:00+00:00', '--job-id', '718', '--raw', '--subdir', 'DAGS_FOLDER/yelloTaXii_data_ingestion_gcs_dag.py', '--cfg-path', '/tmp/tmp404yt51k', '--error-file', '/tmp/tmp_vcfs57t']
[2022-02-09 09:29:23,188] {standard_task_runner.py:77} INFO - Job 718: Subtask local_to_gcs_task
[2022-02-09 09:29:23,379] {logging_mixin.py:109} INFO - Running <TaskInstance: yelloTaXii_HW_data_ingestion_gcs_dag.local_to_gcs_task scheduled__2020-05-01T23:00:00+00:00 [running]> on host 0092064357b4
[2022-02-09 09:29:23,624] {warnings.py:110} WARNING - /home/***/.local/lib/python3.7/site-packages/***/utils/context.py:152: AirflowContextDeprecationWarning: Accessing 'execution_date' from the template is deprecated and will be removed in a future version. Please use 'data_interval_start' or 'logical_date' instead.
  warnings.warn(_create_deprecation_warning(key, self._deprecation_replacements[key]))

[2022-02-09 09:29:23,725] {taskinstance.py:1426} INFO - Exporting the following env vars:
AIRFLOW_CTX_DAG_OWNER=***
AIRFLOW_CTX_DAG_ID=yelloTaXii_HW_data_ingestion_gcs_dag
AIRFLOW_CTX_TASK_ID=local_to_gcs_task
AIRFLOW_CTX_EXECUTION_DATE=2020-05-01T23:00:00+00:00
AIRFLOW_CTX_DAG_RUN_ID=scheduled__2020-05-01T23:00:00+00:00
[2022-02-09 09:29:27,519] {python.py:175} INFO - Done. Returned value was: None
[2022-02-09 09:29:27,540] {taskinstance.py:1277} INFO - Marking task as SUCCESS. dag_id=yelloTaXii_HW_data_ingestion_gcs_dag, task_id=local_to_gcs_task, execution_date=20200501T230000, start_date=20220209T092923, end_date=20220209T092927
[2022-02-09 09:29:27,586] {local_task_job.py:154} INFO - Task exited with return code 0
[2022-02-09 09:29:27,647] {local_task_job.py:264} INFO - 1 downstream tasks scheduled from follow-on schedule check
