[2022-02-09 07:44:07,708] {taskinstance.py:1032} INFO - Dependencies all met for <TaskInstance: taxi_zones_data_ingestion_gcs_dag.bigquery_external_table_task manual__2022-02-09T07:43:58.429216+00:00 [queued]>
[2022-02-09 07:44:07,725] {taskinstance.py:1032} INFO - Dependencies all met for <TaskInstance: taxi_zones_data_ingestion_gcs_dag.bigquery_external_table_task manual__2022-02-09T07:43:58.429216+00:00 [queued]>
[2022-02-09 07:44:07,726] {taskinstance.py:1238} INFO - 
--------------------------------------------------------------------------------
[2022-02-09 07:44:07,726] {taskinstance.py:1239} INFO - Starting attempt 1 of 2
[2022-02-09 07:44:07,726] {taskinstance.py:1240} INFO - 
--------------------------------------------------------------------------------
[2022-02-09 07:44:07,741] {taskinstance.py:1259} INFO - Executing <Task(BigQueryCreateExternalTableOperator): bigquery_external_table_task> on 2022-02-09 07:43:58.429216+00:00
[2022-02-09 07:44:07,748] {standard_task_runner.py:52} INFO - Started process 1108 to run task
[2022-02-09 07:44:07,755] {standard_task_runner.py:76} INFO - Running: ['***', 'tasks', 'run', 'taxi_zones_data_ingestion_gcs_dag', 'bigquery_external_table_task', 'manual__2022-02-09T07:43:58.429216+00:00', '--job-id', '351', '--raw', '--subdir', 'DAGS_FOLDER/taxi_zones_data_ingest_gcs_dag.py', '--cfg-path', '/tmp/tmp8s98bau_', '--error-file', '/tmp/tmp6jz_gpct']
[2022-02-09 07:44:07,756] {standard_task_runner.py:77} INFO - Job 351: Subtask bigquery_external_table_task
[2022-02-09 07:44:07,823] {logging_mixin.py:109} INFO - Running <TaskInstance: taxi_zones_data_ingestion_gcs_dag.bigquery_external_table_task manual__2022-02-09T07:43:58.429216+00:00 [running]> on host 3d1f29ca65cd
[2022-02-09 07:44:07,923] {taskinstance.py:1426} INFO - Exporting the following env vars:
AIRFLOW_CTX_DAG_OWNER=***
AIRFLOW_CTX_DAG_ID=taxi_zones_data_ingestion_gcs_dag
AIRFLOW_CTX_TASK_ID=bigquery_external_table_task
AIRFLOW_CTX_EXECUTION_DATE=2022-02-09T07:43:58.429216+00:00
AIRFLOW_CTX_DAG_RUN_ID=manual__2022-02-09T07:43:58.429216+00:00
[2022-02-09 07:44:07,925] {crypto.py:82} WARNING - empty cryptography key - values will not be stored encrypted.
[2022-02-09 07:44:08,868] {taskinstance.py:1277} INFO - Marking task as SUCCESS. dag_id=taxi_zones_data_ingestion_gcs_dag, task_id=bigquery_external_table_task, execution_date=20220209T074358, start_date=20220209T074407, end_date=20220209T074408
[2022-02-09 07:44:08,895] {local_task_job.py:154} INFO - Task exited with return code 0
[2022-02-09 07:44:08,929] {local_task_job.py:264} INFO - 0 downstream tasks scheduled from follow-on schedule check
