[2022-02-07 12:13:08,662] {taskinstance.py:1032} INFO - Dependencies all met for <TaskInstance: yellowTX_HW_data_ingestion_gcs_dag.format_to_parquet_task scheduled__2021-06-01T23:00:00+00:00 [queued]>
[2022-02-07 12:13:08,729] {taskinstance.py:1032} INFO - Dependencies all met for <TaskInstance: yellowTX_HW_data_ingestion_gcs_dag.format_to_parquet_task scheduled__2021-06-01T23:00:00+00:00 [queued]>
[2022-02-07 12:13:08,729] {taskinstance.py:1238} INFO - 
--------------------------------------------------------------------------------
[2022-02-07 12:13:08,729] {taskinstance.py:1239} INFO - Starting attempt 1 of 1
[2022-02-07 12:13:08,729] {taskinstance.py:1240} INFO - 
--------------------------------------------------------------------------------
[2022-02-07 12:13:08,822] {taskinstance.py:1259} INFO - Executing <Task(PythonOperator): format_to_parquet_task> on 2021-06-01 23:00:00+00:00
[2022-02-07 12:13:08,831] {standard_task_runner.py:52} INFO - Started process 2505 to run task
[2022-02-07 12:13:08,912] {standard_task_runner.py:76} INFO - Running: ['***', 'tasks', 'run', 'yellowTX_HW_data_ingestion_gcs_dag', 'format_to_parquet_task', 'scheduled__2021-06-01T23:00:00+00:00', '--job-id', '79', '--raw', '--subdir', 'DAGS_FOLDER/yellowTX_data_ingest_gcs_dag.py', '--cfg-path', '/tmp/tmpyxko2nz0', '--error-file', '/tmp/tmpa4h0h3f1']
[2022-02-07 12:13:08,914] {standard_task_runner.py:77} INFO - Job 79: Subtask format_to_parquet_task
[2022-02-07 12:13:09,372] {logging_mixin.py:109} INFO - Running <TaskInstance: yellowTX_HW_data_ingestion_gcs_dag.format_to_parquet_task scheduled__2021-06-01T23:00:00+00:00 [running]> on host 52b8b55537b2
[2022-02-07 12:13:09,640] {warnings.py:110} WARNING - /home/***/.local/lib/python3.7/site-packages/***/utils/context.py:152: AirflowContextDeprecationWarning: Accessing 'execution_date' from the template is deprecated and will be removed in a future version. Please use 'data_interval_start' or 'logical_date' instead.
  warnings.warn(_create_deprecation_warning(key, self._deprecation_replacements[key]))

[2022-02-07 12:13:09,770] {taskinstance.py:1426} INFO - Exporting the following env vars:
AIRFLOW_CTX_DAG_OWNER=***
AIRFLOW_CTX_DAG_ID=yellowTX_HW_data_ingestion_gcs_dag
AIRFLOW_CTX_TASK_ID=format_to_parquet_task
AIRFLOW_CTX_EXECUTION_DATE=2021-06-01T23:00:00+00:00
AIRFLOW_CTX_DAG_RUN_ID=scheduled__2021-06-01T23:00:00+00:00
[2022-02-07 12:13:19,680] {python.py:175} INFO - Done. Returned value was: None
[2022-02-07 12:13:19,718] {taskinstance.py:1277} INFO - Marking task as SUCCESS. dag_id=yellowTX_HW_data_ingestion_gcs_dag, task_id=format_to_parquet_task, execution_date=20210601T230000, start_date=20220207T121308, end_date=20220207T121319
[2022-02-07 12:13:19,922] {local_task_job.py:154} INFO - Task exited with return code 0
[2022-02-07 12:13:19,985] {local_task_job.py:264} INFO - 1 downstream tasks scheduled from follow-on schedule check
