[2022-02-09 08:59:31,263] {taskinstance.py:1032} INFO - Dependencies all met for <TaskInstance: yelloTaXi_HW_data_ingestee_gcs_dag.download_dataset_task scheduled__2021-01-01T23:00:00+00:00 [queued]>
[2022-02-09 08:59:31,274] {taskinstance.py:1032} INFO - Dependencies all met for <TaskInstance: yelloTaXi_HW_data_ingestee_gcs_dag.download_dataset_task scheduled__2021-01-01T23:00:00+00:00 [queued]>
[2022-02-09 08:59:31,274] {taskinstance.py:1238} INFO - 
--------------------------------------------------------------------------------
[2022-02-09 08:59:31,274] {taskinstance.py:1239} INFO - Starting attempt 1 of 2
[2022-02-09 08:59:31,275] {taskinstance.py:1240} INFO - 
--------------------------------------------------------------------------------
[2022-02-09 08:59:31,287] {taskinstance.py:1259} INFO - Executing <Task(BashOperator): download_dataset_task> on 2021-01-01 23:00:00+00:00
[2022-02-09 08:59:31,294] {standard_task_runner.py:52} INFO - Started process 250 to run task
[2022-02-09 08:59:31,300] {standard_task_runner.py:76} INFO - Running: ['***', 'tasks', 'run', 'yelloTaXi_HW_data_ingestee_gcs_dag', 'download_dataset_task', 'scheduled__2021-01-01T23:00:00+00:00', '--job-id', '471', '--raw', '--subdir', 'DAGS_FOLDER/yelloTaXi_data_ingestee_gcs_dag.py', '--cfg-path', '/tmp/tmpl5ep52pk', '--error-file', '/tmp/tmp0hl9t1uk']
[2022-02-09 08:59:31,301] {standard_task_runner.py:77} INFO - Job 471: Subtask download_dataset_task
[2022-02-09 08:59:31,381] {logging_mixin.py:109} INFO - Running <TaskInstance: yelloTaXi_HW_data_ingestee_gcs_dag.download_dataset_task scheduled__2021-01-01T23:00:00+00:00 [running]> on host cc021fb126ed
[2022-02-09 08:59:31,443] {warnings.py:110} WARNING - /home/***/.local/lib/python3.7/site-packages/***/utils/context.py:152: AirflowContextDeprecationWarning: Accessing 'execution_date' from the template is deprecated and will be removed in a future version. Please use 'data_interval_start' or 'logical_date' instead.
  warnings.warn(_create_deprecation_warning(key, self._deprecation_replacements[key]))

[2022-02-09 08:59:31,471] {taskinstance.py:1426} INFO - Exporting the following env vars:
AIRFLOW_CTX_DAG_OWNER=***
AIRFLOW_CTX_DAG_ID=yelloTaXi_HW_data_ingestee_gcs_dag
AIRFLOW_CTX_TASK_ID=download_dataset_task
AIRFLOW_CTX_EXECUTION_DATE=2021-01-01T23:00:00+00:00
AIRFLOW_CTX_DAG_RUN_ID=scheduled__2021-01-01T23:00:00+00:00
[2022-02-09 08:59:31,472] {subprocess.py:62} INFO - Tmp dir root location: 
 /tmp
[2022-02-09 08:59:31,473] {subprocess.py:74} INFO - Running command: ['bash', '-c', 'curl -sSL https://s3.amazonaws.com/nyc-tlc/trip+data/yellow_tripdata_2021-01.csv > /opt/***/yellow_tripdata_2021-01.csv']
[2022-02-09 08:59:31,490] {subprocess.py:85} INFO - Output:
[2022-02-09 08:59:33,433] {subprocess.py:93} INFO - Command exited with return code 0
[2022-02-09 08:59:33,471] {taskinstance.py:1277} INFO - Marking task as SUCCESS. dag_id=yelloTaXi_HW_data_ingestee_gcs_dag, task_id=download_dataset_task, execution_date=20210101T230000, start_date=20220209T085931, end_date=20220209T085933
[2022-02-09 08:59:33,537] {local_task_job.py:154} INFO - Task exited with return code 0
[2022-02-09 08:59:33,598] {local_task_job.py:264} INFO - 1 downstream tasks scheduled from follow-on schedule check
[2022-02-09 09:15:11,361] {taskinstance.py:1032} INFO - Dependencies all met for <TaskInstance: yelloTaXi_HW_data_ingestee_gcs_dag.download_dataset_task scheduled__2021-01-01T23:00:00+00:00 [queued]>
[2022-02-09 09:15:11,378] {taskinstance.py:1032} INFO - Dependencies all met for <TaskInstance: yelloTaXi_HW_data_ingestee_gcs_dag.download_dataset_task scheduled__2021-01-01T23:00:00+00:00 [queued]>
[2022-02-09 09:15:11,378] {taskinstance.py:1238} INFO - 
--------------------------------------------------------------------------------
[2022-02-09 09:15:11,378] {taskinstance.py:1239} INFO - Starting attempt 1 of 2
[2022-02-09 09:15:11,378] {taskinstance.py:1240} INFO - 
--------------------------------------------------------------------------------
[2022-02-09 09:15:11,392] {taskinstance.py:1259} INFO - Executing <Task(BashOperator): download_dataset_task> on 2021-01-01 23:00:00+00:00
[2022-02-09 09:15:11,398] {standard_task_runner.py:52} INFO - Started process 392 to run task
[2022-02-09 09:15:11,404] {standard_task_runner.py:76} INFO - Running: ['***', 'tasks', 'run', 'yelloTaXi_HW_data_ingestee_gcs_dag', 'download_dataset_task', 'scheduled__2021-01-01T23:00:00+00:00', '--job-id', '572', '--raw', '--subdir', 'DAGS_FOLDER/yelloTaXi_data_ingesteee_gcs_dag.py', '--cfg-path', '/tmp/tmpmwvlod64', '--error-file', '/tmp/tmp2roiq8d_']
[2022-02-09 09:15:11,405] {standard_task_runner.py:77} INFO - Job 572: Subtask download_dataset_task
[2022-02-09 09:15:11,482] {logging_mixin.py:109} INFO - Running <TaskInstance: yelloTaXi_HW_data_ingestee_gcs_dag.download_dataset_task scheduled__2021-01-01T23:00:00+00:00 [running]> on host 75953ff4f3d5
[2022-02-09 09:15:11,538] {warnings.py:110} WARNING - /home/***/.local/lib/python3.7/site-packages/***/utils/context.py:152: AirflowContextDeprecationWarning: Accessing 'execution_date' from the template is deprecated and will be removed in a future version. Please use 'data_interval_start' or 'logical_date' instead.
  warnings.warn(_create_deprecation_warning(key, self._deprecation_replacements[key]))

[2022-02-09 09:15:11,564] {taskinstance.py:1426} INFO - Exporting the following env vars:
AIRFLOW_CTX_DAG_OWNER=***
AIRFLOW_CTX_DAG_ID=yelloTaXi_HW_data_ingestee_gcs_dag
AIRFLOW_CTX_TASK_ID=download_dataset_task
AIRFLOW_CTX_EXECUTION_DATE=2021-01-01T23:00:00+00:00
AIRFLOW_CTX_DAG_RUN_ID=scheduled__2021-01-01T23:00:00+00:00
[2022-02-09 09:15:11,565] {subprocess.py:62} INFO - Tmp dir root location: 
 /tmp
[2022-02-09 09:15:11,566] {subprocess.py:74} INFO - Running command: ['bash', '-c', 'curl -sSL https://s3.amazonaws.com/nyc-tlc/trip+data/yellow_tripdata_2021-01.csv > /opt/***/yellow_tripdata_2021-01.csv']
[2022-02-09 09:15:11,583] {subprocess.py:85} INFO - Output:
[2022-02-09 09:15:14,297] {subprocess.py:93} INFO - Command exited with return code 0
[2022-02-09 09:15:14,331] {taskinstance.py:1277} INFO - Marking task as SUCCESS. dag_id=yelloTaXi_HW_data_ingestee_gcs_dag, task_id=download_dataset_task, execution_date=20210101T230000, start_date=20220209T091511, end_date=20220209T091514
[2022-02-09 09:15:14,391] {local_task_job.py:154} INFO - Task exited with return code 0
[2022-02-09 09:15:14,436] {local_task_job.py:264} INFO - 1 downstream tasks scheduled from follow-on schedule check
