[2022-02-09 12:23:43,703] {taskinstance.py:1032} INFO - Dependencies all met for <TaskInstance: FHV_data_HW_ingestion_gcs_dag.local_to_gcs_task scheduled__2019-01-01T23:00:00+00:00 [queued]>
[2022-02-09 12:23:43,719] {taskinstance.py:1032} INFO - Dependencies all met for <TaskInstance: FHV_data_HW_ingestion_gcs_dag.local_to_gcs_task scheduled__2019-01-01T23:00:00+00:00 [queued]>
[2022-02-09 12:23:43,719] {taskinstance.py:1238} INFO - 
--------------------------------------------------------------------------------
[2022-02-09 12:23:43,719] {taskinstance.py:1239} INFO - Starting attempt 2 of 3
[2022-02-09 12:23:43,719] {taskinstance.py:1240} INFO - 
--------------------------------------------------------------------------------
[2022-02-09 12:23:43,740] {taskinstance.py:1259} INFO - Executing <Task(PythonOperator): local_to_gcs_task> on 2019-01-01 23:00:00+00:00
[2022-02-09 12:23:43,746] {standard_task_runner.py:52} INFO - Started process 886 to run task
[2022-02-09 12:23:43,752] {standard_task_runner.py:76} INFO - Running: ['***', 'tasks', 'run', 'FHV_data_HW_ingestion_gcs_dag', 'local_to_gcs_task', 'scheduled__2019-01-01T23:00:00+00:00', '--job-id', '1013', '--raw', '--subdir', 'DAGS_FOLDER/FHV_data_ingest_gcs_dag.py', '--cfg-path', '/tmp/tmpy7fsusxg', '--error-file', '/tmp/tmpg1gr_qwg']
[2022-02-09 12:23:43,753] {standard_task_runner.py:77} INFO - Job 1013: Subtask local_to_gcs_task
[2022-02-09 12:23:43,822] {logging_mixin.py:109} INFO - Running <TaskInstance: FHV_data_HW_ingestion_gcs_dag.local_to_gcs_task scheduled__2019-01-01T23:00:00+00:00 [running]> on host 2b984638caa6
[2022-02-09 12:23:43,867] {warnings.py:110} WARNING - /home/***/.local/lib/python3.7/site-packages/***/utils/context.py:152: AirflowContextDeprecationWarning: Accessing 'execution_date' from the template is deprecated and will be removed in a future version. Please use 'data_interval_start' or 'logical_date' instead.
  warnings.warn(_create_deprecation_warning(key, self._deprecation_replacements[key]))

[2022-02-09 12:23:43,895] {taskinstance.py:1426} INFO - Exporting the following env vars:
AIRFLOW_CTX_DAG_OWNER=***
AIRFLOW_CTX_DAG_ID=FHV_data_HW_ingestion_gcs_dag
AIRFLOW_CTX_TASK_ID=local_to_gcs_task
AIRFLOW_CTX_EXECUTION_DATE=2019-01-01T23:00:00+00:00
AIRFLOW_CTX_DAG_RUN_ID=scheduled__2019-01-01T23:00:00+00:00
[2022-02-09 12:24:32,812] {python.py:175} INFO - Done. Returned value was: None
[2022-02-09 12:24:32,828] {taskinstance.py:1277} INFO - Marking task as SUCCESS. dag_id=FHV_data_HW_ingestion_gcs_dag, task_id=local_to_gcs_task, execution_date=20190101T230000, start_date=20220209T122343, end_date=20220209T122432
[2022-02-09 12:24:32,870] {local_task_job.py:154} INFO - Task exited with return code 0
[2022-02-09 12:24:32,904] {local_task_job.py:264} INFO - 1 downstream tasks scheduled from follow-on schedule check
