[2022-02-09 09:00:07,350] {taskinstance.py:1032} INFO - Dependencies all met for <TaskInstance: yelloTaXi_HW_data_ingestee_gcs_dag.local_to_gcs_task scheduled__2021-02-01T23:00:00+00:00 [queued]>
[2022-02-09 09:00:07,365] {taskinstance.py:1032} INFO - Dependencies all met for <TaskInstance: yelloTaXi_HW_data_ingestee_gcs_dag.local_to_gcs_task scheduled__2021-02-01T23:00:00+00:00 [queued]>
[2022-02-09 09:00:07,366] {taskinstance.py:1238} INFO - 
--------------------------------------------------------------------------------
[2022-02-09 09:00:07,366] {taskinstance.py:1239} INFO - Starting attempt 1 of 2
[2022-02-09 09:00:07,366] {taskinstance.py:1240} INFO - 
--------------------------------------------------------------------------------
[2022-02-09 09:00:07,387] {taskinstance.py:1259} INFO - Executing <Task(PythonOperator): local_to_gcs_task> on 2021-02-01 23:00:00+00:00
[2022-02-09 09:00:07,395] {standard_task_runner.py:52} INFO - Started process 353 to run task
[2022-02-09 09:00:07,407] {standard_task_runner.py:76} INFO - Running: ['***', 'tasks', 'run', 'yelloTaXi_HW_data_ingestee_gcs_dag', 'local_to_gcs_task', 'scheduled__2021-02-01T23:00:00+00:00', '--job-id', '487', '--raw', '--subdir', 'DAGS_FOLDER/yelloTaXi_data_ingestee_gcs_dag.py', '--cfg-path', '/tmp/tmp7_hzhmi3', '--error-file', '/tmp/tmpw1dzsqqc']
[2022-02-09 09:00:07,409] {standard_task_runner.py:77} INFO - Job 487: Subtask local_to_gcs_task
[2022-02-09 09:00:07,595] {logging_mixin.py:109} INFO - Running <TaskInstance: yelloTaXi_HW_data_ingestee_gcs_dag.local_to_gcs_task scheduled__2021-02-01T23:00:00+00:00 [running]> on host cc021fb126ed
[2022-02-09 09:00:07,868] {warnings.py:110} WARNING - /home/***/.local/lib/python3.7/site-packages/***/utils/context.py:152: AirflowContextDeprecationWarning: Accessing 'execution_date' from the template is deprecated and will be removed in a future version. Please use 'data_interval_start' or 'logical_date' instead.
  warnings.warn(_create_deprecation_warning(key, self._deprecation_replacements[key]))

[2022-02-09 09:00:07,949] {taskinstance.py:1426} INFO - Exporting the following env vars:
AIRFLOW_CTX_DAG_OWNER=***
AIRFLOW_CTX_DAG_ID=yelloTaXi_HW_data_ingestee_gcs_dag
AIRFLOW_CTX_TASK_ID=local_to_gcs_task
AIRFLOW_CTX_EXECUTION_DATE=2021-02-01T23:00:00+00:00
AIRFLOW_CTX_DAG_RUN_ID=scheduled__2021-02-01T23:00:00+00:00
[2022-02-09 09:00:17,153] {python.py:175} INFO - Done. Returned value was: None
[2022-02-09 09:00:17,167] {taskinstance.py:1277} INFO - Marking task as SUCCESS. dag_id=yelloTaXi_HW_data_ingestee_gcs_dag, task_id=local_to_gcs_task, execution_date=20210201T230000, start_date=20220209T090007, end_date=20220209T090017
[2022-02-09 09:00:17,220] {local_task_job.py:154} INFO - Task exited with return code 0
[2022-02-09 09:00:17,265] {local_task_job.py:264} INFO - 1 downstream tasks scheduled from follow-on schedule check
[2022-02-09 09:15:42,623] {taskinstance.py:1032} INFO - Dependencies all met for <TaskInstance: yelloTaXi_HW_data_ingestee_gcs_dag.local_to_gcs_task scheduled__2021-02-01T23:00:00+00:00 [queued]>
[2022-02-09 09:15:42,637] {taskinstance.py:1032} INFO - Dependencies all met for <TaskInstance: yelloTaXi_HW_data_ingestee_gcs_dag.local_to_gcs_task scheduled__2021-02-01T23:00:00+00:00 [queued]>
[2022-02-09 09:15:42,637] {taskinstance.py:1238} INFO - 
--------------------------------------------------------------------------------
[2022-02-09 09:15:42,637] {taskinstance.py:1239} INFO - Starting attempt 1 of 2
[2022-02-09 09:15:42,637] {taskinstance.py:1240} INFO - 
--------------------------------------------------------------------------------
[2022-02-09 09:15:42,650] {taskinstance.py:1259} INFO - Executing <Task(PythonOperator): local_to_gcs_task> on 2021-02-01 23:00:00+00:00
[2022-02-09 09:15:42,657] {standard_task_runner.py:52} INFO - Started process 482 to run task
[2022-02-09 09:15:42,664] {standard_task_runner.py:76} INFO - Running: ['***', 'tasks', 'run', 'yelloTaXi_HW_data_ingestee_gcs_dag', 'local_to_gcs_task', 'scheduled__2021-02-01T23:00:00+00:00', '--job-id', '585', '--raw', '--subdir', 'DAGS_FOLDER/yelloTaXi_data_ingesteee_gcs_dag.py', '--cfg-path', '/tmp/tmpsimguqdn', '--error-file', '/tmp/tmp_btqg8fl']
[2022-02-09 09:15:42,665] {standard_task_runner.py:77} INFO - Job 585: Subtask local_to_gcs_task
[2022-02-09 09:15:42,798] {logging_mixin.py:109} INFO - Running <TaskInstance: yelloTaXi_HW_data_ingestee_gcs_dag.local_to_gcs_task scheduled__2021-02-01T23:00:00+00:00 [running]> on host 75953ff4f3d5
[2022-02-09 09:15:42,851] {warnings.py:110} WARNING - /home/***/.local/lib/python3.7/site-packages/***/utils/context.py:152: AirflowContextDeprecationWarning: Accessing 'execution_date' from the template is deprecated and will be removed in a future version. Please use 'data_interval_start' or 'logical_date' instead.
  warnings.warn(_create_deprecation_warning(key, self._deprecation_replacements[key]))

[2022-02-09 09:15:42,874] {taskinstance.py:1426} INFO - Exporting the following env vars:
AIRFLOW_CTX_DAG_OWNER=***
AIRFLOW_CTX_DAG_ID=yelloTaXi_HW_data_ingestee_gcs_dag
AIRFLOW_CTX_TASK_ID=local_to_gcs_task
AIRFLOW_CTX_EXECUTION_DATE=2021-02-01T23:00:00+00:00
AIRFLOW_CTX_DAG_RUN_ID=scheduled__2021-02-01T23:00:00+00:00
[2022-02-09 09:15:49,742] {python.py:175} INFO - Done. Returned value was: None
[2022-02-09 09:15:49,772] {taskinstance.py:1277} INFO - Marking task as SUCCESS. dag_id=yelloTaXi_HW_data_ingestee_gcs_dag, task_id=local_to_gcs_task, execution_date=20210201T230000, start_date=20220209T091542, end_date=20220209T091549
[2022-02-09 09:15:49,840] {local_task_job.py:154} INFO - Task exited with return code 0
[2022-02-09 09:15:49,932] {local_task_job.py:264} INFO - 0 downstream tasks scheduled from follow-on schedule check
