[2022-02-09 09:01:11,677] {taskinstance.py:1032} INFO - Dependencies all met for <TaskInstance: yelloTaXi_HW_data_ingestee_gcs_dag.download_dataset_task scheduled__2021-08-01T23:00:00+00:00 [queued]>
[2022-02-09 09:01:11,693] {taskinstance.py:1032} INFO - Dependencies all met for <TaskInstance: yelloTaXi_HW_data_ingestee_gcs_dag.download_dataset_task scheduled__2021-08-01T23:00:00+00:00 [queued]>
[2022-02-09 09:01:11,694] {taskinstance.py:1238} INFO - 
--------------------------------------------------------------------------------
[2022-02-09 09:01:11,694] {taskinstance.py:1239} INFO - Starting attempt 1 of 2
[2022-02-09 09:01:11,694] {taskinstance.py:1240} INFO - 
--------------------------------------------------------------------------------
[2022-02-09 09:01:11,714] {taskinstance.py:1259} INFO - Executing <Task(BashOperator): download_dataset_task> on 2021-08-01 23:00:00+00:00
[2022-02-09 09:01:11,723] {standard_task_runner.py:52} INFO - Started process 496 to run task
[2022-02-09 09:01:11,735] {standard_task_runner.py:76} INFO - Running: ['***', 'tasks', 'run', 'yelloTaXi_HW_data_ingestee_gcs_dag', 'download_dataset_task', 'scheduled__2021-08-01T23:00:00+00:00', '--job-id', '505', '--raw', '--subdir', 'DAGS_FOLDER/yelloTaXi_data_ingestee_gcs_dag.py', '--cfg-path', '/tmp/tmpf5i1qj06', '--error-file', '/tmp/tmpblkhbaq0']
[2022-02-09 09:01:11,737] {standard_task_runner.py:77} INFO - Job 505: Subtask download_dataset_task
[2022-02-09 09:01:11,839] {logging_mixin.py:109} INFO - Running <TaskInstance: yelloTaXi_HW_data_ingestee_gcs_dag.download_dataset_task scheduled__2021-08-01T23:00:00+00:00 [running]> on host cc021fb126ed
[2022-02-09 09:01:11,914] {warnings.py:110} WARNING - /home/***/.local/lib/python3.7/site-packages/***/utils/context.py:152: AirflowContextDeprecationWarning: Accessing 'execution_date' from the template is deprecated and will be removed in a future version. Please use 'data_interval_start' or 'logical_date' instead.
  warnings.warn(_create_deprecation_warning(key, self._deprecation_replacements[key]))

[2022-02-09 09:01:11,955] {taskinstance.py:1426} INFO - Exporting the following env vars:
AIRFLOW_CTX_DAG_OWNER=***
AIRFLOW_CTX_DAG_ID=yelloTaXi_HW_data_ingestee_gcs_dag
AIRFLOW_CTX_TASK_ID=download_dataset_task
AIRFLOW_CTX_EXECUTION_DATE=2021-08-01T23:00:00+00:00
AIRFLOW_CTX_DAG_RUN_ID=scheduled__2021-08-01T23:00:00+00:00
[2022-02-09 09:01:11,956] {subprocess.py:62} INFO - Tmp dir root location: 
 /tmp
[2022-02-09 09:01:11,957] {subprocess.py:74} INFO - Running command: ['bash', '-c', 'curl -sSL https://s3.amazonaws.com/nyc-tlc/trip+data/yellow_tripdata_2021-08.csv > /opt/***/yellow_tripdata_2021-08.csv']
[2022-02-09 09:01:11,978] {subprocess.py:85} INFO - Output:
[2022-02-09 09:01:12,149] {subprocess.py:93} INFO - Command exited with return code 0
[2022-02-09 09:01:12,195] {taskinstance.py:1277} INFO - Marking task as SUCCESS. dag_id=yelloTaXi_HW_data_ingestee_gcs_dag, task_id=download_dataset_task, execution_date=20210801T230000, start_date=20220209T090111, end_date=20220209T090112
[2022-02-09 09:01:12,233] {local_task_job.py:154} INFO - Task exited with return code 0
[2022-02-09 09:01:12,299] {local_task_job.py:264} INFO - 1 downstream tasks scheduled from follow-on schedule check
[2022-02-09 09:16:59,556] {taskinstance.py:1032} INFO - Dependencies all met for <TaskInstance: yelloTaXi_HW_data_ingestee_gcs_dag.download_dataset_task scheduled__2021-08-01T23:00:00+00:00 [queued]>
[2022-02-09 09:16:59,574] {taskinstance.py:1032} INFO - Dependencies all met for <TaskInstance: yelloTaXi_HW_data_ingestee_gcs_dag.download_dataset_task scheduled__2021-08-01T23:00:00+00:00 [queued]>
[2022-02-09 09:16:59,574] {taskinstance.py:1238} INFO - 
--------------------------------------------------------------------------------
[2022-02-09 09:16:59,574] {taskinstance.py:1239} INFO - Starting attempt 1 of 2
[2022-02-09 09:16:59,574] {taskinstance.py:1240} INFO - 
--------------------------------------------------------------------------------
[2022-02-09 09:16:59,597] {taskinstance.py:1259} INFO - Executing <Task(BashOperator): download_dataset_task> on 2021-08-01 23:00:00+00:00
[2022-02-09 09:16:59,606] {standard_task_runner.py:52} INFO - Started process 649 to run task
[2022-02-09 09:16:59,618] {standard_task_runner.py:76} INFO - Running: ['***', 'tasks', 'run', 'yelloTaXi_HW_data_ingestee_gcs_dag', 'download_dataset_task', 'scheduled__2021-08-01T23:00:00+00:00', '--job-id', '609', '--raw', '--subdir', 'DAGS_FOLDER/yelloTaXi_data_ingesteee_gcs_dag.py', '--cfg-path', '/tmp/tmpucsmb4qi', '--error-file', '/tmp/tmp0gonbe_4']
[2022-02-09 09:16:59,620] {standard_task_runner.py:77} INFO - Job 609: Subtask download_dataset_task
[2022-02-09 09:16:59,727] {logging_mixin.py:109} INFO - Running <TaskInstance: yelloTaXi_HW_data_ingestee_gcs_dag.download_dataset_task scheduled__2021-08-01T23:00:00+00:00 [running]> on host 75953ff4f3d5
[2022-02-09 09:16:59,803] {warnings.py:110} WARNING - /home/***/.local/lib/python3.7/site-packages/***/utils/context.py:152: AirflowContextDeprecationWarning: Accessing 'execution_date' from the template is deprecated and will be removed in a future version. Please use 'data_interval_start' or 'logical_date' instead.
  warnings.warn(_create_deprecation_warning(key, self._deprecation_replacements[key]))

[2022-02-09 09:16:59,834] {taskinstance.py:1426} INFO - Exporting the following env vars:
AIRFLOW_CTX_DAG_OWNER=***
AIRFLOW_CTX_DAG_ID=yelloTaXi_HW_data_ingestee_gcs_dag
AIRFLOW_CTX_TASK_ID=download_dataset_task
AIRFLOW_CTX_EXECUTION_DATE=2021-08-01T23:00:00+00:00
AIRFLOW_CTX_DAG_RUN_ID=scheduled__2021-08-01T23:00:00+00:00
[2022-02-09 09:16:59,838] {subprocess.py:62} INFO - Tmp dir root location: 
 /tmp
[2022-02-09 09:16:59,840] {subprocess.py:74} INFO - Running command: ['bash', '-c', 'curl -sSL https://s3.amazonaws.com/nyc-tlc/trip+data/yellow_tripdata_2021-08.csv > /opt/***/yellow_tripdata_2021-08.csv']
[2022-02-09 09:16:59,860] {subprocess.py:85} INFO - Output:
[2022-02-09 09:17:00,114] {subprocess.py:93} INFO - Command exited with return code 0
[2022-02-09 09:17:00,157] {taskinstance.py:1277} INFO - Marking task as SUCCESS. dag_id=yelloTaXi_HW_data_ingestee_gcs_dag, task_id=download_dataset_task, execution_date=20210801T230000, start_date=20220209T091659, end_date=20220209T091700
[2022-02-09 09:17:00,201] {local_task_job.py:154} INFO - Task exited with return code 0
[2022-02-09 09:17:00,276] {local_task_job.py:264} INFO - 1 downstream tasks scheduled from follow-on schedule check
