[2022-02-09 08:42:39,939] {taskinstance.py:1032} INFO - Dependencies all met for <TaskInstance: yelloTaXi_HW_data_ingestee_gcs_dag.download_dataset_task scheduled__2019-04-01T23:00:00+00:00 [queued]>
[2022-02-09 08:42:40,066] {taskinstance.py:1032} INFO - Dependencies all met for <TaskInstance: yelloTaXi_HW_data_ingestee_gcs_dag.download_dataset_task scheduled__2019-04-01T23:00:00+00:00 [queued]>
[2022-02-09 08:42:40,066] {taskinstance.py:1238} INFO - 
--------------------------------------------------------------------------------
[2022-02-09 08:42:40,066] {taskinstance.py:1239} INFO - Starting attempt 1 of 2
[2022-02-09 08:42:40,067] {taskinstance.py:1240} INFO - 
--------------------------------------------------------------------------------
[2022-02-09 08:42:40,160] {taskinstance.py:1259} INFO - Executing <Task(BashOperator): download_dataset_task> on 2019-04-01 23:00:00+00:00
[2022-02-09 08:42:40,249] {standard_task_runner.py:52} INFO - Started process 382 to run task
[2022-02-09 08:42:40,373] {standard_task_runner.py:76} INFO - Running: ['***', 'tasks', 'run', 'yelloTaXi_HW_data_ingestee_gcs_dag', 'download_dataset_task', 'scheduled__2019-04-01T23:00:00+00:00', '--job-id', '412', '--raw', '--subdir', 'DAGS_FOLDER/yelloTaXi_data_ingestee_gcs_dag.py', '--cfg-path', '/tmp/tmp2qmx8ypa', '--error-file', '/tmp/tmpekyjleb8']
[2022-02-09 08:42:40,374] {standard_task_runner.py:77} INFO - Job 412: Subtask download_dataset_task
[2022-02-09 08:42:41,139] {logging_mixin.py:109} INFO - Running <TaskInstance: yelloTaXi_HW_data_ingestee_gcs_dag.download_dataset_task scheduled__2019-04-01T23:00:00+00:00 [running]> on host f8848f2383ce
[2022-02-09 08:42:41,576] {warnings.py:110} WARNING - /home/***/.local/lib/python3.7/site-packages/***/utils/context.py:152: AirflowContextDeprecationWarning: Accessing 'execution_date' from the template is deprecated and will be removed in a future version. Please use 'data_interval_start' or 'logical_date' instead.
  warnings.warn(_create_deprecation_warning(key, self._deprecation_replacements[key]))

[2022-02-09 08:42:41,705] {taskinstance.py:1426} INFO - Exporting the following env vars:
AIRFLOW_CTX_DAG_OWNER=***
AIRFLOW_CTX_DAG_ID=yelloTaXi_HW_data_ingestee_gcs_dag
AIRFLOW_CTX_TASK_ID=download_dataset_task
AIRFLOW_CTX_EXECUTION_DATE=2019-04-01T23:00:00+00:00
AIRFLOW_CTX_DAG_RUN_ID=scheduled__2019-04-01T23:00:00+00:00
[2022-02-09 08:42:41,707] {subprocess.py:62} INFO - Tmp dir root location: 
 /tmp
[2022-02-09 08:42:41,736] {subprocess.py:74} INFO - Running command: ['bash', '-c', 'curl -sSL https://s3.amazonaws.com/nyc-tlc/trip+data/yellow_tripdata_2019-04.csv > /opt/***/yellow_tripdata_2019-04.csv']
[2022-02-09 08:42:41,897] {subprocess.py:85} INFO - Output:
[2022-02-09 08:43:35,180] {subprocess.py:93} INFO - Command exited with return code 0
[2022-02-09 08:43:35,732] {taskinstance.py:1277} INFO - Marking task as SUCCESS. dag_id=yelloTaXi_HW_data_ingestee_gcs_dag, task_id=download_dataset_task, execution_date=20190401T230000, start_date=20220209T084239, end_date=20220209T084335
[2022-02-09 08:43:36,584] {local_task_job.py:154} INFO - Task exited with return code 0
[2022-02-09 08:43:37,130] {local_task_job.py:264} INFO - 1 downstream tasks scheduled from follow-on schedule check
