[2022-02-09 09:01:25,035] {taskinstance.py:1032} INFO - Dependencies all met for <TaskInstance: yelloTaXi_HW_data_ingestee_gcs_dag.download_dataset_task scheduled__2021-11-01T23:00:00+00:00 [queued]>
[2022-02-09 09:01:25,063] {taskinstance.py:1032} INFO - Dependencies all met for <TaskInstance: yelloTaXi_HW_data_ingestee_gcs_dag.download_dataset_task scheduled__2021-11-01T23:00:00+00:00 [queued]>
[2022-02-09 09:01:25,064] {taskinstance.py:1238} INFO - 
--------------------------------------------------------------------------------
[2022-02-09 09:01:25,064] {taskinstance.py:1239} INFO - Starting attempt 1 of 2
[2022-02-09 09:01:25,064] {taskinstance.py:1240} INFO - 
--------------------------------------------------------------------------------
[2022-02-09 09:01:25,093] {taskinstance.py:1259} INFO - Executing <Task(BashOperator): download_dataset_task> on 2021-11-01 23:00:00+00:00
[2022-02-09 09:01:25,102] {standard_task_runner.py:52} INFO - Started process 559 to run task
[2022-02-09 09:01:25,109] {standard_task_runner.py:76} INFO - Running: ['***', 'tasks', 'run', 'yelloTaXi_HW_data_ingestee_gcs_dag', 'download_dataset_task', 'scheduled__2021-11-01T23:00:00+00:00', '--job-id', '517', '--raw', '--subdir', 'DAGS_FOLDER/yelloTaXi_data_ingestee_gcs_dag.py', '--cfg-path', '/tmp/tmp70vk1gtr', '--error-file', '/tmp/tmp8wsoq33d']
[2022-02-09 09:01:25,111] {standard_task_runner.py:77} INFO - Job 517: Subtask download_dataset_task
[2022-02-09 09:01:25,215] {logging_mixin.py:109} INFO - Running <TaskInstance: yelloTaXi_HW_data_ingestee_gcs_dag.download_dataset_task scheduled__2021-11-01T23:00:00+00:00 [running]> on host cc021fb126ed
[2022-02-09 09:01:25,283] {warnings.py:110} WARNING - /home/***/.local/lib/python3.7/site-packages/***/utils/context.py:152: AirflowContextDeprecationWarning: Accessing 'execution_date' from the template is deprecated and will be removed in a future version. Please use 'data_interval_start' or 'logical_date' instead.
  warnings.warn(_create_deprecation_warning(key, self._deprecation_replacements[key]))

[2022-02-09 09:01:25,313] {taskinstance.py:1426} INFO - Exporting the following env vars:
AIRFLOW_CTX_DAG_OWNER=***
AIRFLOW_CTX_DAG_ID=yelloTaXi_HW_data_ingestee_gcs_dag
AIRFLOW_CTX_TASK_ID=download_dataset_task
AIRFLOW_CTX_EXECUTION_DATE=2021-11-01T23:00:00+00:00
AIRFLOW_CTX_DAG_RUN_ID=scheduled__2021-11-01T23:00:00+00:00
[2022-02-09 09:01:25,317] {subprocess.py:62} INFO - Tmp dir root location: 
 /tmp
[2022-02-09 09:01:25,318] {subprocess.py:74} INFO - Running command: ['bash', '-c', 'curl -sSL https://s3.amazonaws.com/nyc-tlc/trip+data/yellow_tripdata_2021-11.csv > /opt/***/yellow_tripdata_2021-11.csv']
[2022-02-09 09:01:25,339] {subprocess.py:85} INFO - Output:
[2022-02-09 09:01:25,511] {subprocess.py:93} INFO - Command exited with return code 0
[2022-02-09 09:01:25,546] {taskinstance.py:1277} INFO - Marking task as SUCCESS. dag_id=yelloTaXi_HW_data_ingestee_gcs_dag, task_id=download_dataset_task, execution_date=20211101T230000, start_date=20220209T090125, end_date=20220209T090125
[2022-02-09 09:01:25,604] {local_task_job.py:154} INFO - Task exited with return code 0
[2022-02-09 09:01:25,678] {local_task_job.py:264} INFO - 1 downstream tasks scheduled from follow-on schedule check
[2022-02-09 09:17:15,129] {taskinstance.py:1032} INFO - Dependencies all met for <TaskInstance: yelloTaXi_HW_data_ingestee_gcs_dag.download_dataset_task scheduled__2021-11-01T23:00:00+00:00 [queued]>
[2022-02-09 09:17:15,150] {taskinstance.py:1032} INFO - Dependencies all met for <TaskInstance: yelloTaXi_HW_data_ingestee_gcs_dag.download_dataset_task scheduled__2021-11-01T23:00:00+00:00 [queued]>
[2022-02-09 09:17:15,150] {taskinstance.py:1238} INFO - 
--------------------------------------------------------------------------------
[2022-02-09 09:17:15,150] {taskinstance.py:1239} INFO - Starting attempt 1 of 2
[2022-02-09 09:17:15,150] {taskinstance.py:1240} INFO - 
--------------------------------------------------------------------------------
[2022-02-09 09:17:15,173] {taskinstance.py:1259} INFO - Executing <Task(BashOperator): download_dataset_task> on 2021-11-01 23:00:00+00:00
[2022-02-09 09:17:15,183] {standard_task_runner.py:52} INFO - Started process 727 to run task
[2022-02-09 09:17:15,198] {standard_task_runner.py:76} INFO - Running: ['***', 'tasks', 'run', 'yelloTaXi_HW_data_ingestee_gcs_dag', 'download_dataset_task', 'scheduled__2021-11-01T23:00:00+00:00', '--job-id', '621', '--raw', '--subdir', 'DAGS_FOLDER/yelloTaXi_data_ingesteee_gcs_dag.py', '--cfg-path', '/tmp/tmppzoxcawn', '--error-file', '/tmp/tmp9vk0rl2d']
[2022-02-09 09:17:15,200] {standard_task_runner.py:77} INFO - Job 621: Subtask download_dataset_task
[2022-02-09 09:17:15,303] {logging_mixin.py:109} INFO - Running <TaskInstance: yelloTaXi_HW_data_ingestee_gcs_dag.download_dataset_task scheduled__2021-11-01T23:00:00+00:00 [running]> on host 75953ff4f3d5
[2022-02-09 09:17:15,375] {warnings.py:110} WARNING - /home/***/.local/lib/python3.7/site-packages/***/utils/context.py:152: AirflowContextDeprecationWarning: Accessing 'execution_date' from the template is deprecated and will be removed in a future version. Please use 'data_interval_start' or 'logical_date' instead.
  warnings.warn(_create_deprecation_warning(key, self._deprecation_replacements[key]))

[2022-02-09 09:17:15,407] {taskinstance.py:1426} INFO - Exporting the following env vars:
AIRFLOW_CTX_DAG_OWNER=***
AIRFLOW_CTX_DAG_ID=yelloTaXi_HW_data_ingestee_gcs_dag
AIRFLOW_CTX_TASK_ID=download_dataset_task
AIRFLOW_CTX_EXECUTION_DATE=2021-11-01T23:00:00+00:00
AIRFLOW_CTX_DAG_RUN_ID=scheduled__2021-11-01T23:00:00+00:00
[2022-02-09 09:17:15,409] {subprocess.py:62} INFO - Tmp dir root location: 
 /tmp
[2022-02-09 09:17:15,409] {subprocess.py:74} INFO - Running command: ['bash', '-c', 'curl -sSL https://s3.amazonaws.com/nyc-tlc/trip+data/yellow_tripdata_2021-11.csv > /opt/***/yellow_tripdata_2021-11.csv']
[2022-02-09 09:17:15,431] {subprocess.py:85} INFO - Output:
[2022-02-09 09:17:15,602] {subprocess.py:93} INFO - Command exited with return code 0
[2022-02-09 09:17:15,645] {taskinstance.py:1277} INFO - Marking task as SUCCESS. dag_id=yelloTaXi_HW_data_ingestee_gcs_dag, task_id=download_dataset_task, execution_date=20211101T230000, start_date=20220209T091715, end_date=20220209T091715
[2022-02-09 09:17:15,698] {local_task_job.py:154} INFO - Task exited with return code 0
[2022-02-09 09:17:15,762] {local_task_job.py:264} INFO - 1 downstream tasks scheduled from follow-on schedule check
