[2022-02-09 08:58:48,863] {taskinstance.py:1032} INFO - Dependencies all met for <TaskInstance: yelloTaXi_HW_data_ingestee_gcs_dag.format_to_parquet_task scheduled__2020-07-01T23:00:00+00:00 [queued]>
[2022-02-09 08:58:48,880] {taskinstance.py:1032} INFO - Dependencies all met for <TaskInstance: yelloTaXi_HW_data_ingestee_gcs_dag.format_to_parquet_task scheduled__2020-07-01T23:00:00+00:00 [queued]>
[2022-02-09 08:58:48,880] {taskinstance.py:1238} INFO - 
--------------------------------------------------------------------------------
[2022-02-09 08:58:48,880] {taskinstance.py:1239} INFO - Starting attempt 1 of 2
[2022-02-09 08:58:48,880] {taskinstance.py:1240} INFO - 
--------------------------------------------------------------------------------
[2022-02-09 08:58:48,901] {taskinstance.py:1259} INFO - Executing <Task(PythonOperator): format_to_parquet_task> on 2020-07-01 23:00:00+00:00
[2022-02-09 08:58:48,909] {standard_task_runner.py:52} INFO - Started process 118 to run task
[2022-02-09 08:58:48,923] {standard_task_runner.py:76} INFO - Running: ['***', 'tasks', 'run', 'yelloTaXi_HW_data_ingestee_gcs_dag', 'format_to_parquet_task', 'scheduled__2020-07-01T23:00:00+00:00', '--job-id', '450', '--raw', '--subdir', 'DAGS_FOLDER/yelloTaXi_data_ingestee_gcs_dag.py', '--cfg-path', '/tmp/tmpxjbt6xo4', '--error-file', '/tmp/tmptck42ahp']
[2022-02-09 08:58:48,925] {standard_task_runner.py:77} INFO - Job 450: Subtask format_to_parquet_task
[2022-02-09 08:58:49,028] {logging_mixin.py:109} INFO - Running <TaskInstance: yelloTaXi_HW_data_ingestee_gcs_dag.format_to_parquet_task scheduled__2020-07-01T23:00:00+00:00 [running]> on host cc021fb126ed
[2022-02-09 08:58:49,089] {warnings.py:110} WARNING - /home/***/.local/lib/python3.7/site-packages/***/utils/context.py:152: AirflowContextDeprecationWarning: Accessing 'execution_date' from the template is deprecated and will be removed in a future version. Please use 'data_interval_start' or 'logical_date' instead.
  warnings.warn(_create_deprecation_warning(key, self._deprecation_replacements[key]))

[2022-02-09 08:58:49,141] {taskinstance.py:1426} INFO - Exporting the following env vars:
AIRFLOW_CTX_DAG_OWNER=***
AIRFLOW_CTX_DAG_ID=yelloTaXi_HW_data_ingestee_gcs_dag
AIRFLOW_CTX_TASK_ID=format_to_parquet_task
AIRFLOW_CTX_EXECUTION_DATE=2020-07-01T23:00:00+00:00
AIRFLOW_CTX_DAG_RUN_ID=scheduled__2020-07-01T23:00:00+00:00
[2022-02-09 08:58:50,693] {python.py:175} INFO - Done. Returned value was: None
[2022-02-09 08:58:50,782] {taskinstance.py:1277} INFO - Marking task as SUCCESS. dag_id=yelloTaXi_HW_data_ingestee_gcs_dag, task_id=format_to_parquet_task, execution_date=20200701T230000, start_date=20220209T085848, end_date=20220209T085850
[2022-02-09 08:58:50,865] {local_task_job.py:154} INFO - Task exited with return code 0
[2022-02-09 08:58:50,913] {local_task_job.py:264} INFO - 1 downstream tasks scheduled from follow-on schedule check
[2022-02-09 09:14:15,989] {taskinstance.py:1032} INFO - Dependencies all met for <TaskInstance: yelloTaXi_HW_data_ingestee_gcs_dag.format_to_parquet_task scheduled__2020-07-01T23:00:00+00:00 [queued]>
[2022-02-09 09:14:16,013] {taskinstance.py:1032} INFO - Dependencies all met for <TaskInstance: yelloTaXi_HW_data_ingestee_gcs_dag.format_to_parquet_task scheduled__2020-07-01T23:00:00+00:00 [queued]>
[2022-02-09 09:14:16,014] {taskinstance.py:1238} INFO - 
--------------------------------------------------------------------------------
[2022-02-09 09:14:16,014] {taskinstance.py:1239} INFO - Starting attempt 1 of 2
[2022-02-09 09:14:16,014] {taskinstance.py:1240} INFO - 
--------------------------------------------------------------------------------
[2022-02-09 09:14:16,027] {taskinstance.py:1259} INFO - Executing <Task(PythonOperator): format_to_parquet_task> on 2020-07-01 23:00:00+00:00
[2022-02-09 09:14:16,034] {standard_task_runner.py:52} INFO - Started process 234 to run task
[2022-02-09 09:14:16,041] {standard_task_runner.py:76} INFO - Running: ['***', 'tasks', 'run', 'yelloTaXi_HW_data_ingestee_gcs_dag', 'format_to_parquet_task', 'scheduled__2020-07-01T23:00:00+00:00', '--job-id', '549', '--raw', '--subdir', 'DAGS_FOLDER/yelloTaXi_data_ingesteee_gcs_dag.py', '--cfg-path', '/tmp/tmpawnkh04k', '--error-file', '/tmp/tmpnlocgwsl']
[2022-02-09 09:14:16,042] {standard_task_runner.py:77} INFO - Job 549: Subtask format_to_parquet_task
[2022-02-09 09:14:16,126] {logging_mixin.py:109} INFO - Running <TaskInstance: yelloTaXi_HW_data_ingestee_gcs_dag.format_to_parquet_task scheduled__2020-07-01T23:00:00+00:00 [running]> on host 75953ff4f3d5
[2022-02-09 09:14:16,177] {warnings.py:110} WARNING - /home/***/.local/lib/python3.7/site-packages/***/utils/context.py:152: AirflowContextDeprecationWarning: Accessing 'execution_date' from the template is deprecated and will be removed in a future version. Please use 'data_interval_start' or 'logical_date' instead.
  warnings.warn(_create_deprecation_warning(key, self._deprecation_replacements[key]))

[2022-02-09 09:14:16,199] {taskinstance.py:1426} INFO - Exporting the following env vars:
AIRFLOW_CTX_DAG_OWNER=***
AIRFLOW_CTX_DAG_ID=yelloTaXi_HW_data_ingestee_gcs_dag
AIRFLOW_CTX_TASK_ID=format_to_parquet_task
AIRFLOW_CTX_EXECUTION_DATE=2020-07-01T23:00:00+00:00
AIRFLOW_CTX_DAG_RUN_ID=scheduled__2020-07-01T23:00:00+00:00
[2022-02-09 09:14:19,064] {python.py:175} INFO - Done. Returned value was: None
[2022-02-09 09:14:19,093] {taskinstance.py:1277} INFO - Marking task as SUCCESS. dag_id=yelloTaXi_HW_data_ingestee_gcs_dag, task_id=format_to_parquet_task, execution_date=20200701T230000, start_date=20220209T091415, end_date=20220209T091419
[2022-02-09 09:14:19,172] {local_task_job.py:154} INFO - Task exited with return code 0
[2022-02-09 09:14:19,244] {local_task_job.py:264} INFO - 1 downstream tasks scheduled from follow-on schedule check
