[2022-02-09 09:26:28,626] {taskinstance.py:1032} INFO - Dependencies all met for <TaskInstance: yelloTaXii_HW_data_ingestion_gcs_dag.format_to_parquet_task scheduled__2019-09-01T23:00:00+00:00 [queued]>
[2022-02-09 09:26:28,644] {taskinstance.py:1032} INFO - Dependencies all met for <TaskInstance: yelloTaXii_HW_data_ingestion_gcs_dag.format_to_parquet_task scheduled__2019-09-01T23:00:00+00:00 [queued]>
[2022-02-09 09:26:28,645] {taskinstance.py:1238} INFO - 
--------------------------------------------------------------------------------
[2022-02-09 09:26:28,645] {taskinstance.py:1239} INFO - Starting attempt 1 of 2
[2022-02-09 09:26:28,645] {taskinstance.py:1240} INFO - 
--------------------------------------------------------------------------------
[2022-02-09 09:26:28,690] {taskinstance.py:1259} INFO - Executing <Task(PythonOperator): format_to_parquet_task> on 2019-09-01 23:00:00+00:00
[2022-02-09 09:26:28,698] {standard_task_runner.py:52} INFO - Started process 481 to run task
[2022-02-09 09:26:28,710] {standard_task_runner.py:76} INFO - Running: ['***', 'tasks', 'run', 'yelloTaXii_HW_data_ingestion_gcs_dag', 'format_to_parquet_task', 'scheduled__2019-09-01T23:00:00+00:00', '--job-id', '668', '--raw', '--subdir', 'DAGS_FOLDER/yelloTaXii_data_ingestion_gcs_dag.py', '--cfg-path', '/tmp/tmp02k330_o', '--error-file', '/tmp/tmp2hzttt__']
[2022-02-09 09:26:28,730] {standard_task_runner.py:77} INFO - Job 668: Subtask format_to_parquet_task
[2022-02-09 09:26:28,969] {logging_mixin.py:109} INFO - Running <TaskInstance: yelloTaXii_HW_data_ingestion_gcs_dag.format_to_parquet_task scheduled__2019-09-01T23:00:00+00:00 [running]> on host 0092064357b4
[2022-02-09 09:26:29,063] {warnings.py:110} WARNING - /home/***/.local/lib/python3.7/site-packages/***/utils/context.py:152: AirflowContextDeprecationWarning: Accessing 'execution_date' from the template is deprecated and will be removed in a future version. Please use 'data_interval_start' or 'logical_date' instead.
  warnings.warn(_create_deprecation_warning(key, self._deprecation_replacements[key]))

[2022-02-09 09:26:29,103] {taskinstance.py:1426} INFO - Exporting the following env vars:
AIRFLOW_CTX_DAG_OWNER=***
AIRFLOW_CTX_DAG_ID=yelloTaXii_HW_data_ingestion_gcs_dag
AIRFLOW_CTX_TASK_ID=format_to_parquet_task
AIRFLOW_CTX_EXECUTION_DATE=2019-09-01T23:00:00+00:00
AIRFLOW_CTX_DAG_RUN_ID=scheduled__2019-09-01T23:00:00+00:00
[2022-02-09 09:26:49,330] {python.py:175} INFO - Done. Returned value was: None
[2022-02-09 09:26:49,344] {taskinstance.py:1277} INFO - Marking task as SUCCESS. dag_id=yelloTaXii_HW_data_ingestion_gcs_dag, task_id=format_to_parquet_task, execution_date=20190901T230000, start_date=20220209T092628, end_date=20220209T092649
[2022-02-09 09:26:49,557] {local_task_job.py:154} INFO - Task exited with return code 0
[2022-02-09 09:26:49,637] {local_task_job.py:264} INFO - 1 downstream tasks scheduled from follow-on schedule check
