[2022-02-09 08:29:45,514] {taskinstance.py:1032} INFO - Dependencies all met for <TaskInstance: yellowTX_HW_data_ingestion_gcs_dag.local_to_gcs_task scheduled__2022-01-01T23:00:00+00:00 [queued]>
[2022-02-09 08:29:45,526] {taskinstance.py:1032} INFO - Dependencies all met for <TaskInstance: yellowTX_HW_data_ingestion_gcs_dag.local_to_gcs_task scheduled__2022-01-01T23:00:00+00:00 [queued]>
[2022-02-09 08:29:45,526] {taskinstance.py:1238} INFO - 
--------------------------------------------------------------------------------
[2022-02-09 08:29:45,526] {taskinstance.py:1239} INFO - Starting attempt 1 of 2
[2022-02-09 08:29:45,526] {taskinstance.py:1240} INFO - 
--------------------------------------------------------------------------------
[2022-02-09 08:29:45,538] {taskinstance.py:1259} INFO - Executing <Task(PythonOperator): local_to_gcs_task> on 2022-01-01 23:00:00+00:00
[2022-02-09 08:29:45,544] {standard_task_runner.py:52} INFO - Started process 218 to run task
[2022-02-09 08:29:45,549] {standard_task_runner.py:76} INFO - Running: ['***', 'tasks', 'run', 'yellowTX_HW_data_ingestion_gcs_dag', 'local_to_gcs_task', 'scheduled__2022-01-01T23:00:00+00:00', '--job-id', '390', '--raw', '--subdir', 'DAGS_FOLDER/yelloTX_data_ingest_gcs_dag.py', '--cfg-path', '/tmp/tmp3iiq2gcz', '--error-file', '/tmp/tmpp0pnm51v']
[2022-02-09 08:29:45,550] {standard_task_runner.py:77} INFO - Job 390: Subtask local_to_gcs_task
[2022-02-09 08:29:45,614] {logging_mixin.py:109} INFO - Running <TaskInstance: yellowTX_HW_data_ingestion_gcs_dag.local_to_gcs_task scheduled__2022-01-01T23:00:00+00:00 [running]> on host 4aede4e3fea1
[2022-02-09 08:29:45,656] {warnings.py:110} WARNING - /home/***/.local/lib/python3.7/site-packages/***/utils/context.py:152: AirflowContextDeprecationWarning: Accessing 'execution_date' from the template is deprecated and will be removed in a future version. Please use 'data_interval_start' or 'logical_date' instead.
  warnings.warn(_create_deprecation_warning(key, self._deprecation_replacements[key]))

[2022-02-09 08:29:45,680] {taskinstance.py:1426} INFO - Exporting the following env vars:
AIRFLOW_CTX_DAG_OWNER=***
AIRFLOW_CTX_DAG_ID=yellowTX_HW_data_ingestion_gcs_dag
AIRFLOW_CTX_TASK_ID=local_to_gcs_task
AIRFLOW_CTX_EXECUTION_DATE=2022-01-01T23:00:00+00:00
AIRFLOW_CTX_DAG_RUN_ID=scheduled__2022-01-01T23:00:00+00:00
[2022-02-09 08:29:46,233] {python.py:175} INFO - Done. Returned value was: None
[2022-02-09 08:29:46,247] {taskinstance.py:1277} INFO - Marking task as SUCCESS. dag_id=yellowTX_HW_data_ingestion_gcs_dag, task_id=local_to_gcs_task, execution_date=20220101T230000, start_date=20220209T082945, end_date=20220209T082946
[2022-02-09 08:29:46,283] {local_task_job.py:154} INFO - Task exited with return code 0
[2022-02-09 08:29:46,331] {local_task_job.py:264} INFO - 0 downstream tasks scheduled from follow-on schedule check
