[2022-02-09 08:30:54,701] {taskinstance.py:1032} INFO - Dependencies all met for <TaskInstance: yellowTX_HW_data_ingestion_gcs_dag.local_to_gcs_task scheduled__2022-01-01T23:00:00+00:00 [queued]>
[2022-02-09 08:30:54,718] {taskinstance.py:1032} INFO - Dependencies all met for <TaskInstance: yellowTX_HW_data_ingestion_gcs_dag.local_to_gcs_task scheduled__2022-01-01T23:00:00+00:00 [queued]>
[2022-02-09 08:30:54,718] {taskinstance.py:1238} INFO - 
--------------------------------------------------------------------------------
[2022-02-09 08:30:54,718] {taskinstance.py:1239} INFO - Starting attempt 3 of 4
[2022-02-09 08:30:54,718] {taskinstance.py:1240} INFO - 
--------------------------------------------------------------------------------
[2022-02-09 08:30:54,743] {taskinstance.py:1259} INFO - Executing <Task(PythonOperator): local_to_gcs_task> on 2022-01-01 23:00:00+00:00
[2022-02-09 08:30:54,757] {standard_task_runner.py:52} INFO - Started process 331 to run task
[2022-02-09 08:30:54,769] {standard_task_runner.py:76} INFO - Running: ['***', 'tasks', 'run', 'yellowTX_HW_data_ingestion_gcs_dag', 'local_to_gcs_task', 'scheduled__2022-01-01T23:00:00+00:00', '--job-id', '402', '--raw', '--subdir', 'DAGS_FOLDER/yelloTX_data_ingest_gcs_dag.py', '--cfg-path', '/tmp/tmppgnjtqfx', '--error-file', '/tmp/tmpgsmlw_cv']
[2022-02-09 08:30:54,771] {standard_task_runner.py:77} INFO - Job 402: Subtask local_to_gcs_task
[2022-02-09 08:30:54,892] {logging_mixin.py:109} INFO - Running <TaskInstance: yellowTX_HW_data_ingestion_gcs_dag.local_to_gcs_task scheduled__2022-01-01T23:00:00+00:00 [running]> on host 4aede4e3fea1
[2022-02-09 08:30:54,955] {warnings.py:110} WARNING - /home/***/.local/lib/python3.7/site-packages/***/utils/context.py:152: AirflowContextDeprecationWarning: Accessing 'execution_date' from the template is deprecated and will be removed in a future version. Please use 'data_interval_start' or 'logical_date' instead.
  warnings.warn(_create_deprecation_warning(key, self._deprecation_replacements[key]))

[2022-02-09 08:30:54,989] {taskinstance.py:1426} INFO - Exporting the following env vars:
AIRFLOW_CTX_DAG_OWNER=***
AIRFLOW_CTX_DAG_ID=yellowTX_HW_data_ingestion_gcs_dag
AIRFLOW_CTX_TASK_ID=local_to_gcs_task
AIRFLOW_CTX_EXECUTION_DATE=2022-01-01T23:00:00+00:00
AIRFLOW_CTX_DAG_RUN_ID=scheduled__2022-01-01T23:00:00+00:00
[2022-02-09 08:30:55,597] {python.py:175} INFO - Done. Returned value was: None
[2022-02-09 08:30:55,615] {taskinstance.py:1277} INFO - Marking task as SUCCESS. dag_id=yellowTX_HW_data_ingestion_gcs_dag, task_id=local_to_gcs_task, execution_date=20220101T230000, start_date=20220209T083054, end_date=20220209T083055
[2022-02-09 08:30:55,649] {local_task_job.py:154} INFO - Task exited with return code 0
[2022-02-09 08:30:55,701] {local_task_job.py:264} INFO - 1 downstream tasks scheduled from follow-on schedule check
