[2022-02-09 09:14:55,916] {taskinstance.py:1032} INFO - Dependencies all met for <TaskInstance: yelloTaXi_HW_data_ingestee_gcs_dag.local_to_gcs_task scheduled__2020-09-01T23:00:00+00:00 [queued]>
[2022-02-09 09:14:55,928] {taskinstance.py:1032} INFO - Dependencies all met for <TaskInstance: yelloTaXi_HW_data_ingestee_gcs_dag.local_to_gcs_task scheduled__2020-09-01T23:00:00+00:00 [queued]>
[2022-02-09 09:14:55,928] {taskinstance.py:1238} INFO - 
--------------------------------------------------------------------------------
[2022-02-09 09:14:55,928] {taskinstance.py:1239} INFO - Starting attempt 2 of 3
[2022-02-09 09:14:55,929] {taskinstance.py:1240} INFO - 
--------------------------------------------------------------------------------
[2022-02-09 09:14:55,944] {taskinstance.py:1259} INFO - Executing <Task(PythonOperator): local_to_gcs_task> on 2020-09-01 23:00:00+00:00
[2022-02-09 09:14:55,950] {standard_task_runner.py:52} INFO - Started process 360 to run task
[2022-02-09 09:14:55,956] {standard_task_runner.py:76} INFO - Running: ['***', 'tasks', 'run', 'yelloTaXi_HW_data_ingestee_gcs_dag', 'local_to_gcs_task', 'scheduled__2020-09-01T23:00:00+00:00', '--job-id', '567', '--raw', '--subdir', 'DAGS_FOLDER/yelloTaXi_data_ingesteee_gcs_dag.py', '--cfg-path', '/tmp/tmphzspxrcl', '--error-file', '/tmp/tmpy0idhavx']
[2022-02-09 09:14:55,958] {standard_task_runner.py:77} INFO - Job 567: Subtask local_to_gcs_task
[2022-02-09 09:14:56,034] {logging_mixin.py:109} INFO - Running <TaskInstance: yelloTaXi_HW_data_ingestee_gcs_dag.local_to_gcs_task scheduled__2020-09-01T23:00:00+00:00 [running]> on host 75953ff4f3d5
[2022-02-09 09:14:56,083] {warnings.py:110} WARNING - /home/***/.local/lib/python3.7/site-packages/***/utils/context.py:152: AirflowContextDeprecationWarning: Accessing 'execution_date' from the template is deprecated and will be removed in a future version. Please use 'data_interval_start' or 'logical_date' instead.
  warnings.warn(_create_deprecation_warning(key, self._deprecation_replacements[key]))

[2022-02-09 09:14:56,106] {taskinstance.py:1426} INFO - Exporting the following env vars:
AIRFLOW_CTX_DAG_OWNER=***
AIRFLOW_CTX_DAG_ID=yelloTaXi_HW_data_ingestee_gcs_dag
AIRFLOW_CTX_TASK_ID=local_to_gcs_task
AIRFLOW_CTX_EXECUTION_DATE=2020-09-01T23:00:00+00:00
AIRFLOW_CTX_DAG_RUN_ID=scheduled__2020-09-01T23:00:00+00:00
[2022-02-09 09:15:02,220] {python.py:175} INFO - Done. Returned value was: None
[2022-02-09 09:15:02,237] {taskinstance.py:1277} INFO - Marking task as SUCCESS. dag_id=yelloTaXi_HW_data_ingestee_gcs_dag, task_id=local_to_gcs_task, execution_date=20200901T230000, start_date=20220209T091455, end_date=20220209T091502
[2022-02-09 09:15:02,279] {local_task_job.py:154} INFO - Task exited with return code 0
[2022-02-09 09:15:02,315] {local_task_job.py:264} INFO - 1 downstream tasks scheduled from follow-on schedule check
