[2022-02-09 09:44:02,637] {taskinstance.py:1032} INFO - Dependencies all met for <TaskInstance: FHV_data_HW_ingestion_gcs_dag.bigquery_external_table_task scheduled__2019-01-01T23:00:00+00:00 [queued]>
[2022-02-09 09:44:02,650] {taskinstance.py:1032} INFO - Dependencies all met for <TaskInstance: FHV_data_HW_ingestion_gcs_dag.bigquery_external_table_task scheduled__2019-01-01T23:00:00+00:00 [queued]>
[2022-02-09 09:44:02,651] {taskinstance.py:1238} INFO - 
--------------------------------------------------------------------------------
[2022-02-09 09:44:02,651] {taskinstance.py:1239} INFO - Starting attempt 1 of 2
[2022-02-09 09:44:02,651] {taskinstance.py:1240} INFO - 
--------------------------------------------------------------------------------
[2022-02-09 09:44:02,668] {taskinstance.py:1259} INFO - Executing <Task(BigQueryCreateExternalTableOperator): bigquery_external_table_task> on 2019-01-01 23:00:00+00:00
[2022-02-09 09:44:02,677] {standard_task_runner.py:52} INFO - Started process 1070 to run task
[2022-02-09 09:44:02,685] {standard_task_runner.py:76} INFO - Running: ['***', 'tasks', 'run', 'FHV_data_HW_ingestion_gcs_dag', 'bigquery_external_table_task', 'scheduled__2019-01-01T23:00:00+00:00', '--job-id', '861', '--raw', '--subdir', 'DAGS_FOLDER/FHV_data_ingest_gcs_dag.py', '--cfg-path', '/tmp/tmp9o1f_zk1', '--error-file', '/tmp/tmpewnaziaz']
[2022-02-09 09:44:02,686] {standard_task_runner.py:77} INFO - Job 861: Subtask bigquery_external_table_task
[2022-02-09 09:44:02,790] {logging_mixin.py:109} INFO - Running <TaskInstance: FHV_data_HW_ingestion_gcs_dag.bigquery_external_table_task scheduled__2019-01-01T23:00:00+00:00 [running]> on host fb702faa28b9
[2022-02-09 09:44:02,860] {warnings.py:110} WARNING - /home/***/.local/lib/python3.7/site-packages/***/utils/context.py:152: AirflowContextDeprecationWarning: Accessing 'execution_date' from the template is deprecated and will be removed in a future version. Please use 'data_interval_start' or 'logical_date' instead.
  warnings.warn(_create_deprecation_warning(key, self._deprecation_replacements[key]))

[2022-02-09 09:44:02,900] {taskinstance.py:1426} INFO - Exporting the following env vars:
AIRFLOW_CTX_DAG_OWNER=***
AIRFLOW_CTX_DAG_ID=FHV_data_HW_ingestion_gcs_dag
AIRFLOW_CTX_TASK_ID=bigquery_external_table_task
AIRFLOW_CTX_EXECUTION_DATE=2019-01-01T23:00:00+00:00
AIRFLOW_CTX_DAG_RUN_ID=scheduled__2019-01-01T23:00:00+00:00
[2022-02-09 09:44:02,905] {crypto.py:82} WARNING - empty cryptography key - values will not be stored encrypted.
[2022-02-09 09:44:03,681] {taskinstance.py:1277} INFO - Marking task as SUCCESS. dag_id=FHV_data_HW_ingestion_gcs_dag, task_id=bigquery_external_table_task, execution_date=20190101T230000, start_date=20220209T094402, end_date=20220209T094403
[2022-02-09 09:44:03,710] {local_task_job.py:154} INFO - Task exited with return code 0
[2022-02-09 09:44:03,750] {local_task_job.py:264} INFO - 0 downstream tasks scheduled from follow-on schedule check
