[2022-02-09 08:29:43,230] {taskinstance.py:1032} INFO - Dependencies all met for <TaskInstance: yellowTX_HW_data_ingestion_gcs_dag.format_to_parquet_task scheduled__2022-01-01T23:00:00+00:00 [queued]>
[2022-02-09 08:29:43,243] {taskinstance.py:1032} INFO - Dependencies all met for <TaskInstance: yellowTX_HW_data_ingestion_gcs_dag.format_to_parquet_task scheduled__2022-01-01T23:00:00+00:00 [queued]>
[2022-02-09 08:29:43,243] {taskinstance.py:1238} INFO - 
--------------------------------------------------------------------------------
[2022-02-09 08:29:43,243] {taskinstance.py:1239} INFO - Starting attempt 1 of 2
[2022-02-09 08:29:43,243] {taskinstance.py:1240} INFO - 
--------------------------------------------------------------------------------
[2022-02-09 08:29:43,260] {taskinstance.py:1259} INFO - Executing <Task(PythonOperator): format_to_parquet_task> on 2022-01-01 23:00:00+00:00
[2022-02-09 08:29:43,267] {standard_task_runner.py:52} INFO - Started process 212 to run task
[2022-02-09 08:29:43,275] {standard_task_runner.py:76} INFO - Running: ['***', 'tasks', 'run', 'yellowTX_HW_data_ingestion_gcs_dag', 'format_to_parquet_task', 'scheduled__2022-01-01T23:00:00+00:00', '--job-id', '389', '--raw', '--subdir', 'DAGS_FOLDER/yelloTX_data_ingest_gcs_dag.py', '--cfg-path', '/tmp/tmp1zuk3z5u', '--error-file', '/tmp/tmpwp4fpreb']
[2022-02-09 08:29:43,276] {standard_task_runner.py:77} INFO - Job 389: Subtask format_to_parquet_task
[2022-02-09 08:29:43,361] {logging_mixin.py:109} INFO - Running <TaskInstance: yellowTX_HW_data_ingestion_gcs_dag.format_to_parquet_task scheduled__2022-01-01T23:00:00+00:00 [running]> on host 4aede4e3fea1
[2022-02-09 08:29:43,409] {warnings.py:110} WARNING - /home/***/.local/lib/python3.7/site-packages/***/utils/context.py:152: AirflowContextDeprecationWarning: Accessing 'execution_date' from the template is deprecated and will be removed in a future version. Please use 'data_interval_start' or 'logical_date' instead.
  warnings.warn(_create_deprecation_warning(key, self._deprecation_replacements[key]))

[2022-02-09 08:29:43,431] {taskinstance.py:1426} INFO - Exporting the following env vars:
AIRFLOW_CTX_DAG_OWNER=***
AIRFLOW_CTX_DAG_ID=yellowTX_HW_data_ingestion_gcs_dag
AIRFLOW_CTX_TASK_ID=format_to_parquet_task
AIRFLOW_CTX_EXECUTION_DATE=2022-01-01T23:00:00+00:00
AIRFLOW_CTX_DAG_RUN_ID=scheduled__2022-01-01T23:00:00+00:00
[2022-02-09 08:29:43,561] {python.py:175} INFO - Done. Returned value was: None
[2022-02-09 08:29:43,574] {taskinstance.py:1277} INFO - Marking task as SUCCESS. dag_id=yellowTX_HW_data_ingestion_gcs_dag, task_id=format_to_parquet_task, execution_date=20220101T230000, start_date=20220209T082943, end_date=20220209T082943
[2022-02-09 08:29:43,607] {local_task_job.py:154} INFO - Task exited with return code 0
[2022-02-09 08:29:43,651] {local_task_job.py:264} INFO - 1 downstream tasks scheduled from follow-on schedule check
