[2022-02-09 09:00:42,159] {taskinstance.py:1032} INFO - Dependencies all met for <TaskInstance: yelloTaXi_HW_data_ingestee_gcs_dag.format_to_parquet_task scheduled__2021-07-01T23:00:00+00:00 [queued]>
[2022-02-09 09:00:42,187] {taskinstance.py:1032} INFO - Dependencies all met for <TaskInstance: yelloTaXi_HW_data_ingestee_gcs_dag.format_to_parquet_task scheduled__2021-07-01T23:00:00+00:00 [queued]>
[2022-02-09 09:00:42,188] {taskinstance.py:1238} INFO - 
--------------------------------------------------------------------------------
[2022-02-09 09:00:42,188] {taskinstance.py:1239} INFO - Starting attempt 1 of 2
[2022-02-09 09:00:42,188] {taskinstance.py:1240} INFO - 
--------------------------------------------------------------------------------
[2022-02-09 09:00:42,217] {taskinstance.py:1259} INFO - Executing <Task(PythonOperator): format_to_parquet_task> on 2021-07-01 23:00:00+00:00
[2022-02-09 09:00:42,236] {standard_task_runner.py:52} INFO - Started process 440 to run task
[2022-02-09 09:00:42,253] {standard_task_runner.py:76} INFO - Running: ['***', 'tasks', 'run', 'yelloTaXi_HW_data_ingestee_gcs_dag', 'format_to_parquet_task', 'scheduled__2021-07-01T23:00:00+00:00', '--job-id', '497', '--raw', '--subdir', 'DAGS_FOLDER/yelloTaXi_data_ingestee_gcs_dag.py', '--cfg-path', '/tmp/tmpq4xyxmfp', '--error-file', '/tmp/tmpo3ixbodx']
[2022-02-09 09:00:42,254] {standard_task_runner.py:77} INFO - Job 497: Subtask format_to_parquet_task
[2022-02-09 09:00:42,421] {logging_mixin.py:109} INFO - Running <TaskInstance: yelloTaXi_HW_data_ingestee_gcs_dag.format_to_parquet_task scheduled__2021-07-01T23:00:00+00:00 [running]> on host cc021fb126ed
[2022-02-09 09:00:42,495] {warnings.py:110} WARNING - /home/***/.local/lib/python3.7/site-packages/***/utils/context.py:152: AirflowContextDeprecationWarning: Accessing 'execution_date' from the template is deprecated and will be removed in a future version. Please use 'data_interval_start' or 'logical_date' instead.
  warnings.warn(_create_deprecation_warning(key, self._deprecation_replacements[key]))

[2022-02-09 09:00:42,533] {taskinstance.py:1426} INFO - Exporting the following env vars:
AIRFLOW_CTX_DAG_OWNER=***
AIRFLOW_CTX_DAG_ID=yelloTaXi_HW_data_ingestee_gcs_dag
AIRFLOW_CTX_TASK_ID=format_to_parquet_task
AIRFLOW_CTX_EXECUTION_DATE=2021-07-01T23:00:00+00:00
AIRFLOW_CTX_DAG_RUN_ID=scheduled__2021-07-01T23:00:00+00:00
[2022-02-09 09:00:48,152] {python.py:175} INFO - Done. Returned value was: None
[2022-02-09 09:00:48,359] {taskinstance.py:1277} INFO - Marking task as SUCCESS. dag_id=yelloTaXi_HW_data_ingestee_gcs_dag, task_id=format_to_parquet_task, execution_date=20210701T230000, start_date=20220209T090042, end_date=20220209T090048
[2022-02-09 09:00:48,682] {local_task_job.py:154} INFO - Task exited with return code 0
[2022-02-09 09:00:48,776] {local_task_job.py:264} INFO - 1 downstream tasks scheduled from follow-on schedule check
[2022-02-09 09:16:26,985] {taskinstance.py:1032} INFO - Dependencies all met for <TaskInstance: yelloTaXi_HW_data_ingestee_gcs_dag.format_to_parquet_task scheduled__2021-07-01T23:00:00+00:00 [queued]>
[2022-02-09 09:16:27,003] {taskinstance.py:1032} INFO - Dependencies all met for <TaskInstance: yelloTaXi_HW_data_ingestee_gcs_dag.format_to_parquet_task scheduled__2021-07-01T23:00:00+00:00 [queued]>
[2022-02-09 09:16:27,003] {taskinstance.py:1238} INFO - 
--------------------------------------------------------------------------------
[2022-02-09 09:16:27,003] {taskinstance.py:1239} INFO - Starting attempt 1 of 2
[2022-02-09 09:16:27,003] {taskinstance.py:1240} INFO - 
--------------------------------------------------------------------------------
[2022-02-09 09:16:27,015] {taskinstance.py:1259} INFO - Executing <Task(PythonOperator): format_to_parquet_task> on 2021-07-01 23:00:00+00:00
[2022-02-09 09:16:27,021] {standard_task_runner.py:52} INFO - Started process 581 to run task
[2022-02-09 09:16:27,028] {standard_task_runner.py:76} INFO - Running: ['***', 'tasks', 'run', 'yelloTaXi_HW_data_ingestee_gcs_dag', 'format_to_parquet_task', 'scheduled__2021-07-01T23:00:00+00:00', '--job-id', '600', '--raw', '--subdir', 'DAGS_FOLDER/yelloTaXi_data_ingesteee_gcs_dag.py', '--cfg-path', '/tmp/tmpqa7259ix', '--error-file', '/tmp/tmpuf_33atf']
[2022-02-09 09:16:27,029] {standard_task_runner.py:77} INFO - Job 600: Subtask format_to_parquet_task
[2022-02-09 09:16:27,104] {logging_mixin.py:109} INFO - Running <TaskInstance: yelloTaXi_HW_data_ingestee_gcs_dag.format_to_parquet_task scheduled__2021-07-01T23:00:00+00:00 [running]> on host 75953ff4f3d5
[2022-02-09 09:16:27,172] {warnings.py:110} WARNING - /home/***/.local/lib/python3.7/site-packages/***/utils/context.py:152: AirflowContextDeprecationWarning: Accessing 'execution_date' from the template is deprecated and will be removed in a future version. Please use 'data_interval_start' or 'logical_date' instead.
  warnings.warn(_create_deprecation_warning(key, self._deprecation_replacements[key]))

[2022-02-09 09:16:27,205] {taskinstance.py:1426} INFO - Exporting the following env vars:
AIRFLOW_CTX_DAG_OWNER=***
AIRFLOW_CTX_DAG_ID=yelloTaXi_HW_data_ingestee_gcs_dag
AIRFLOW_CTX_TASK_ID=format_to_parquet_task
AIRFLOW_CTX_EXECUTION_DATE=2021-07-01T23:00:00+00:00
AIRFLOW_CTX_DAG_RUN_ID=scheduled__2021-07-01T23:00:00+00:00
[2022-02-09 09:16:36,314] {python.py:175} INFO - Done. Returned value was: None
[2022-02-09 09:16:36,374] {taskinstance.py:1277} INFO - Marking task as SUCCESS. dag_id=yelloTaXi_HW_data_ingestee_gcs_dag, task_id=format_to_parquet_task, execution_date=20210701T230000, start_date=20220209T091626, end_date=20220209T091636
[2022-02-09 09:16:36,564] {local_task_job.py:154} INFO - Task exited with return code 0
[2022-02-09 09:16:36,677] {local_task_job.py:264} INFO - 1 downstream tasks scheduled from follow-on schedule check
