[2022-02-09 09:01:06,675] {taskinstance.py:1032} INFO - Dependencies all met for <TaskInstance: yelloTaXi_HW_data_ingestee_gcs_dag.bigquery_external_table_task scheduled__2021-07-01T23:00:00+00:00 [queued]>
[2022-02-09 09:01:06,706] {taskinstance.py:1032} INFO - Dependencies all met for <TaskInstance: yelloTaXi_HW_data_ingestee_gcs_dag.bigquery_external_table_task scheduled__2021-07-01T23:00:00+00:00 [queued]>
[2022-02-09 09:01:06,706] {taskinstance.py:1238} INFO - 
--------------------------------------------------------------------------------
[2022-02-09 09:01:06,706] {taskinstance.py:1239} INFO - Starting attempt 1 of 2
[2022-02-09 09:01:06,707] {taskinstance.py:1240} INFO - 
--------------------------------------------------------------------------------
[2022-02-09 09:01:06,741] {taskinstance.py:1259} INFO - Executing <Task(BigQueryCreateExternalTableOperator): bigquery_external_table_task> on 2021-07-01 23:00:00+00:00
[2022-02-09 09:01:06,764] {standard_task_runner.py:52} INFO - Started process 480 to run task
[2022-02-09 09:01:06,778] {standard_task_runner.py:76} INFO - Running: ['***', 'tasks', 'run', 'yelloTaXi_HW_data_ingestee_gcs_dag', 'bigquery_external_table_task', 'scheduled__2021-07-01T23:00:00+00:00', '--job-id', '504', '--raw', '--subdir', 'DAGS_FOLDER/yelloTaXi_data_ingestee_gcs_dag.py', '--cfg-path', '/tmp/tmplu4hd4lc', '--error-file', '/tmp/tmppgglqt01']
[2022-02-09 09:01:06,780] {standard_task_runner.py:77} INFO - Job 504: Subtask bigquery_external_table_task
[2022-02-09 09:01:06,891] {logging_mixin.py:109} INFO - Running <TaskInstance: yelloTaXi_HW_data_ingestee_gcs_dag.bigquery_external_table_task scheduled__2021-07-01T23:00:00+00:00 [running]> on host cc021fb126ed
[2022-02-09 09:01:06,970] {warnings.py:110} WARNING - /home/***/.local/lib/python3.7/site-packages/***/utils/context.py:152: AirflowContextDeprecationWarning: Accessing 'execution_date' from the template is deprecated and will be removed in a future version. Please use 'data_interval_start' or 'logical_date' instead.
  warnings.warn(_create_deprecation_warning(key, self._deprecation_replacements[key]))

[2022-02-09 09:01:06,998] {taskinstance.py:1426} INFO - Exporting the following env vars:
AIRFLOW_CTX_DAG_OWNER=***
AIRFLOW_CTX_DAG_ID=yelloTaXi_HW_data_ingestee_gcs_dag
AIRFLOW_CTX_TASK_ID=bigquery_external_table_task
AIRFLOW_CTX_EXECUTION_DATE=2021-07-01T23:00:00+00:00
AIRFLOW_CTX_DAG_RUN_ID=scheduled__2021-07-01T23:00:00+00:00
[2022-02-09 09:01:07,000] {crypto.py:82} WARNING - empty cryptography key - values will not be stored encrypted.
[2022-02-09 09:01:08,178] {taskinstance.py:1277} INFO - Marking task as SUCCESS. dag_id=yelloTaXi_HW_data_ingestee_gcs_dag, task_id=bigquery_external_table_task, execution_date=20210701T230000, start_date=20220209T090106, end_date=20220209T090108
[2022-02-09 09:01:08,237] {local_task_job.py:154} INFO - Task exited with return code 0
[2022-02-09 09:01:08,278] {local_task_job.py:264} INFO - 0 downstream tasks scheduled from follow-on schedule check
[2022-02-09 09:16:53,751] {taskinstance.py:1032} INFO - Dependencies all met for <TaskInstance: yelloTaXi_HW_data_ingestee_gcs_dag.bigquery_external_table_task scheduled__2021-07-01T23:00:00+00:00 [queued]>
[2022-02-09 09:16:53,764] {taskinstance.py:1032} INFO - Dependencies all met for <TaskInstance: yelloTaXi_HW_data_ingestee_gcs_dag.bigquery_external_table_task scheduled__2021-07-01T23:00:00+00:00 [queued]>
[2022-02-09 09:16:53,764] {taskinstance.py:1238} INFO - 
--------------------------------------------------------------------------------
[2022-02-09 09:16:53,764] {taskinstance.py:1239} INFO - Starting attempt 1 of 2
[2022-02-09 09:16:53,764] {taskinstance.py:1240} INFO - 
--------------------------------------------------------------------------------
[2022-02-09 09:16:53,778] {taskinstance.py:1259} INFO - Executing <Task(BigQueryCreateExternalTableOperator): bigquery_external_table_task> on 2021-07-01 23:00:00+00:00
[2022-02-09 09:16:53,786] {standard_task_runner.py:52} INFO - Started process 639 to run task
[2022-02-09 09:16:53,792] {standard_task_runner.py:76} INFO - Running: ['***', 'tasks', 'run', 'yelloTaXi_HW_data_ingestee_gcs_dag', 'bigquery_external_table_task', 'scheduled__2021-07-01T23:00:00+00:00', '--job-id', '607', '--raw', '--subdir', 'DAGS_FOLDER/yelloTaXi_data_ingesteee_gcs_dag.py', '--cfg-path', '/tmp/tmppll30c_8', '--error-file', '/tmp/tmpk520qfzt']
[2022-02-09 09:16:53,793] {standard_task_runner.py:77} INFO - Job 607: Subtask bigquery_external_table_task
[2022-02-09 09:16:53,866] {logging_mixin.py:109} INFO - Running <TaskInstance: yelloTaXi_HW_data_ingestee_gcs_dag.bigquery_external_table_task scheduled__2021-07-01T23:00:00+00:00 [running]> on host 75953ff4f3d5
[2022-02-09 09:16:53,916] {warnings.py:110} WARNING - /home/***/.local/lib/python3.7/site-packages/***/utils/context.py:152: AirflowContextDeprecationWarning: Accessing 'execution_date' from the template is deprecated and will be removed in a future version. Please use 'data_interval_start' or 'logical_date' instead.
  warnings.warn(_create_deprecation_warning(key, self._deprecation_replacements[key]))

[2022-02-09 09:16:53,938] {taskinstance.py:1426} INFO - Exporting the following env vars:
AIRFLOW_CTX_DAG_OWNER=***
AIRFLOW_CTX_DAG_ID=yelloTaXi_HW_data_ingestee_gcs_dag
AIRFLOW_CTX_TASK_ID=bigquery_external_table_task
AIRFLOW_CTX_EXECUTION_DATE=2021-07-01T23:00:00+00:00
AIRFLOW_CTX_DAG_RUN_ID=scheduled__2021-07-01T23:00:00+00:00
[2022-02-09 09:16:53,942] {crypto.py:82} WARNING - empty cryptography key - values will not be stored encrypted.
[2022-02-09 09:16:54,973] {taskinstance.py:1277} INFO - Marking task as SUCCESS. dag_id=yelloTaXi_HW_data_ingestee_gcs_dag, task_id=bigquery_external_table_task, execution_date=20210701T230000, start_date=20220209T091653, end_date=20220209T091654
[2022-02-09 09:16:55,014] {local_task_job.py:154} INFO - Task exited with return code 0
[2022-02-09 09:16:55,054] {local_task_job.py:264} INFO - 0 downstream tasks scheduled from follow-on schedule check
