[2022-02-09 08:59:03,084] {taskinstance.py:1032} INFO - Dependencies all met for <TaskInstance: yelloTaXi_HW_data_ingestee_gcs_dag.download_dataset_task scheduled__2020-08-01T23:00:00+00:00 [queued]>
[2022-02-09 08:59:03,097] {taskinstance.py:1032} INFO - Dependencies all met for <TaskInstance: yelloTaXi_HW_data_ingestee_gcs_dag.download_dataset_task scheduled__2020-08-01T23:00:00+00:00 [queued]>
[2022-02-09 08:59:03,097] {taskinstance.py:1238} INFO - 
--------------------------------------------------------------------------------
[2022-02-09 08:59:03,098] {taskinstance.py:1239} INFO - Starting attempt 1 of 2
[2022-02-09 08:59:03,098] {taskinstance.py:1240} INFO - 
--------------------------------------------------------------------------------
[2022-02-09 08:59:03,113] {taskinstance.py:1259} INFO - Executing <Task(BashOperator): download_dataset_task> on 2020-08-01 23:00:00+00:00
[2022-02-09 08:59:03,122] {standard_task_runner.py:52} INFO - Started process 162 to run task
[2022-02-09 08:59:03,129] {standard_task_runner.py:76} INFO - Running: ['***', 'tasks', 'run', 'yelloTaXi_HW_data_ingestee_gcs_dag', 'download_dataset_task', 'scheduled__2020-08-01T23:00:00+00:00', '--job-id', '457', '--raw', '--subdir', 'DAGS_FOLDER/yelloTaXi_data_ingestee_gcs_dag.py', '--cfg-path', '/tmp/tmpwq7rbe5z', '--error-file', '/tmp/tmphj_vj9dv']
[2022-02-09 08:59:03,130] {standard_task_runner.py:77} INFO - Job 457: Subtask download_dataset_task
[2022-02-09 08:59:03,241] {logging_mixin.py:109} INFO - Running <TaskInstance: yelloTaXi_HW_data_ingestee_gcs_dag.download_dataset_task scheduled__2020-08-01T23:00:00+00:00 [running]> on host cc021fb126ed
[2022-02-09 08:59:03,318] {warnings.py:110} WARNING - /home/***/.local/lib/python3.7/site-packages/***/utils/context.py:152: AirflowContextDeprecationWarning: Accessing 'execution_date' from the template is deprecated and will be removed in a future version. Please use 'data_interval_start' or 'logical_date' instead.
  warnings.warn(_create_deprecation_warning(key, self._deprecation_replacements[key]))

[2022-02-09 08:59:03,389] {taskinstance.py:1426} INFO - Exporting the following env vars:
AIRFLOW_CTX_DAG_OWNER=***
AIRFLOW_CTX_DAG_ID=yelloTaXi_HW_data_ingestee_gcs_dag
AIRFLOW_CTX_TASK_ID=download_dataset_task
AIRFLOW_CTX_EXECUTION_DATE=2020-08-01T23:00:00+00:00
AIRFLOW_CTX_DAG_RUN_ID=scheduled__2020-08-01T23:00:00+00:00
[2022-02-09 08:59:03,391] {subprocess.py:62} INFO - Tmp dir root location: 
 /tmp
[2022-02-09 08:59:03,396] {subprocess.py:74} INFO - Running command: ['bash', '-c', 'curl -sSL https://s3.amazonaws.com/nyc-tlc/trip+data/yellow_tripdata_2020-08.csv > /opt/***/yellow_tripdata_2020-08.csv']
[2022-02-09 08:59:03,432] {subprocess.py:85} INFO - Output:
[2022-02-09 08:59:05,734] {subprocess.py:93} INFO - Command exited with return code 0
[2022-02-09 08:59:05,814] {taskinstance.py:1277} INFO - Marking task as SUCCESS. dag_id=yelloTaXi_HW_data_ingestee_gcs_dag, task_id=download_dataset_task, execution_date=20200801T230000, start_date=20220209T085903, end_date=20220209T085905
[2022-02-09 08:59:05,861] {local_task_job.py:154} INFO - Task exited with return code 0
[2022-02-09 08:59:05,941] {local_task_job.py:264} INFO - 1 downstream tasks scheduled from follow-on schedule check
[2022-02-09 09:14:11,988] {taskinstance.py:1032} INFO - Dependencies all met for <TaskInstance: yelloTaXi_HW_data_ingestee_gcs_dag.download_dataset_task scheduled__2020-08-01T23:00:00+00:00 [queued]>
[2022-02-09 09:14:12,006] {taskinstance.py:1032} INFO - Dependencies all met for <TaskInstance: yelloTaXi_HW_data_ingestee_gcs_dag.download_dataset_task scheduled__2020-08-01T23:00:00+00:00 [queued]>
[2022-02-09 09:14:12,006] {taskinstance.py:1238} INFO - 
--------------------------------------------------------------------------------
[2022-02-09 09:14:12,006] {taskinstance.py:1239} INFO - Starting attempt 1 of 2
[2022-02-09 09:14:12,007] {taskinstance.py:1240} INFO - 
--------------------------------------------------------------------------------
[2022-02-09 09:14:12,025] {taskinstance.py:1259} INFO - Executing <Task(BashOperator): download_dataset_task> on 2020-08-01 23:00:00+00:00
[2022-02-09 09:14:12,034] {standard_task_runner.py:52} INFO - Started process 221 to run task
[2022-02-09 09:14:12,040] {standard_task_runner.py:76} INFO - Running: ['***', 'tasks', 'run', 'yelloTaXi_HW_data_ingestee_gcs_dag', 'download_dataset_task', 'scheduled__2020-08-01T23:00:00+00:00', '--job-id', '546', '--raw', '--subdir', 'DAGS_FOLDER/yelloTaXi_data_ingesteee_gcs_dag.py', '--cfg-path', '/tmp/tmpkcvt4bu3', '--error-file', '/tmp/tmp3cpq_oux']
[2022-02-09 09:14:12,042] {standard_task_runner.py:77} INFO - Job 546: Subtask download_dataset_task
[2022-02-09 09:14:12,140] {logging_mixin.py:109} INFO - Running <TaskInstance: yelloTaXi_HW_data_ingestee_gcs_dag.download_dataset_task scheduled__2020-08-01T23:00:00+00:00 [running]> on host 75953ff4f3d5
[2022-02-09 09:14:12,205] {warnings.py:110} WARNING - /home/***/.local/lib/python3.7/site-packages/***/utils/context.py:152: AirflowContextDeprecationWarning: Accessing 'execution_date' from the template is deprecated and will be removed in a future version. Please use 'data_interval_start' or 'logical_date' instead.
  warnings.warn(_create_deprecation_warning(key, self._deprecation_replacements[key]))

[2022-02-09 09:14:12,229] {taskinstance.py:1426} INFO - Exporting the following env vars:
AIRFLOW_CTX_DAG_OWNER=***
AIRFLOW_CTX_DAG_ID=yelloTaXi_HW_data_ingestee_gcs_dag
AIRFLOW_CTX_TASK_ID=download_dataset_task
AIRFLOW_CTX_EXECUTION_DATE=2020-08-01T23:00:00+00:00
AIRFLOW_CTX_DAG_RUN_ID=scheduled__2020-08-01T23:00:00+00:00
[2022-02-09 09:14:12,230] {subprocess.py:62} INFO - Tmp dir root location: 
 /tmp
[2022-02-09 09:14:12,231] {subprocess.py:74} INFO - Running command: ['bash', '-c', 'curl -sSL https://s3.amazonaws.com/nyc-tlc/trip+data/yellow_tripdata_2020-08.csv > /opt/***/yellow_tripdata_2020-08.csv']
[2022-02-09 09:14:12,248] {subprocess.py:85} INFO - Output:
[2022-02-09 09:14:14,312] {subprocess.py:93} INFO - Command exited with return code 0
[2022-02-09 09:14:14,343] {taskinstance.py:1277} INFO - Marking task as SUCCESS. dag_id=yelloTaXi_HW_data_ingestee_gcs_dag, task_id=download_dataset_task, execution_date=20200801T230000, start_date=20220209T091411, end_date=20220209T091414
[2022-02-09 09:14:14,383] {local_task_job.py:154} INFO - Task exited with return code 0
[2022-02-09 09:14:14,428] {local_task_job.py:264} INFO - 1 downstream tasks scheduled from follow-on schedule check
