[2022-02-09 09:00:43,703] {taskinstance.py:1032} INFO - Dependencies all met for <TaskInstance: yelloTaXi_HW_data_ingestee_gcs_dag.format_to_parquet_task scheduled__2021-06-01T23:00:00+00:00 [queued]>
[2022-02-09 09:00:43,721] {taskinstance.py:1032} INFO - Dependencies all met for <TaskInstance: yelloTaXi_HW_data_ingestee_gcs_dag.format_to_parquet_task scheduled__2021-06-01T23:00:00+00:00 [queued]>
[2022-02-09 09:00:43,721] {taskinstance.py:1238} INFO - 
--------------------------------------------------------------------------------
[2022-02-09 09:00:43,721] {taskinstance.py:1239} INFO - Starting attempt 1 of 2
[2022-02-09 09:00:43,722] {taskinstance.py:1240} INFO - 
--------------------------------------------------------------------------------
[2022-02-09 09:00:43,740] {taskinstance.py:1259} INFO - Executing <Task(PythonOperator): format_to_parquet_task> on 2021-06-01 23:00:00+00:00
[2022-02-09 09:00:43,756] {standard_task_runner.py:52} INFO - Started process 447 to run task
[2022-02-09 09:00:43,781] {standard_task_runner.py:76} INFO - Running: ['***', 'tasks', 'run', 'yelloTaXi_HW_data_ingestee_gcs_dag', 'format_to_parquet_task', 'scheduled__2021-06-01T23:00:00+00:00', '--job-id', '498', '--raw', '--subdir', 'DAGS_FOLDER/yelloTaXi_data_ingestee_gcs_dag.py', '--cfg-path', '/tmp/tmpit18aj69', '--error-file', '/tmp/tmpzqcobisc']
[2022-02-09 09:00:43,783] {standard_task_runner.py:77} INFO - Job 498: Subtask format_to_parquet_task
[2022-02-09 09:00:43,908] {logging_mixin.py:109} INFO - Running <TaskInstance: yelloTaXi_HW_data_ingestee_gcs_dag.format_to_parquet_task scheduled__2021-06-01T23:00:00+00:00 [running]> on host cc021fb126ed
[2022-02-09 09:00:44,015] {warnings.py:110} WARNING - /home/***/.local/lib/python3.7/site-packages/***/utils/context.py:152: AirflowContextDeprecationWarning: Accessing 'execution_date' from the template is deprecated and will be removed in a future version. Please use 'data_interval_start' or 'logical_date' instead.
  warnings.warn(_create_deprecation_warning(key, self._deprecation_replacements[key]))

[2022-02-09 09:00:44,052] {taskinstance.py:1426} INFO - Exporting the following env vars:
AIRFLOW_CTX_DAG_OWNER=***
AIRFLOW_CTX_DAG_ID=yelloTaXi_HW_data_ingestee_gcs_dag
AIRFLOW_CTX_TASK_ID=format_to_parquet_task
AIRFLOW_CTX_EXECUTION_DATE=2021-06-01T23:00:00+00:00
AIRFLOW_CTX_DAG_RUN_ID=scheduled__2021-06-01T23:00:00+00:00
[2022-02-09 09:00:49,294] {python.py:175} INFO - Done. Returned value was: None
[2022-02-09 09:00:49,309] {taskinstance.py:1277} INFO - Marking task as SUCCESS. dag_id=yelloTaXi_HW_data_ingestee_gcs_dag, task_id=format_to_parquet_task, execution_date=20210601T230000, start_date=20220209T090043, end_date=20220209T090049
[2022-02-09 09:00:49,406] {local_task_job.py:154} INFO - Task exited with return code 0
[2022-02-09 09:00:49,450] {local_task_job.py:264} INFO - 1 downstream tasks scheduled from follow-on schedule check
[2022-02-09 09:16:29,968] {taskinstance.py:1032} INFO - Dependencies all met for <TaskInstance: yelloTaXi_HW_data_ingestee_gcs_dag.format_to_parquet_task scheduled__2021-06-01T23:00:00+00:00 [queued]>
[2022-02-09 09:16:30,001] {taskinstance.py:1032} INFO - Dependencies all met for <TaskInstance: yelloTaXi_HW_data_ingestee_gcs_dag.format_to_parquet_task scheduled__2021-06-01T23:00:00+00:00 [queued]>
[2022-02-09 09:16:30,001] {taskinstance.py:1238} INFO - 
--------------------------------------------------------------------------------
[2022-02-09 09:16:30,001] {taskinstance.py:1239} INFO - Starting attempt 1 of 2
[2022-02-09 09:16:30,002] {taskinstance.py:1240} INFO - 
--------------------------------------------------------------------------------
[2022-02-09 09:16:30,046] {taskinstance.py:1259} INFO - Executing <Task(PythonOperator): format_to_parquet_task> on 2021-06-01 23:00:00+00:00
[2022-02-09 09:16:30,067] {standard_task_runner.py:52} INFO - Started process 604 to run task
[2022-02-09 09:16:30,112] {standard_task_runner.py:76} INFO - Running: ['***', 'tasks', 'run', 'yelloTaXi_HW_data_ingestee_gcs_dag', 'format_to_parquet_task', 'scheduled__2021-06-01T23:00:00+00:00', '--job-id', '601', '--raw', '--subdir', 'DAGS_FOLDER/yelloTaXi_data_ingesteee_gcs_dag.py', '--cfg-path', '/tmp/tmp_naxt0kl', '--error-file', '/tmp/tmpzzi4n42b']
[2022-02-09 09:16:30,113] {standard_task_runner.py:77} INFO - Job 601: Subtask format_to_parquet_task
[2022-02-09 09:16:30,379] {logging_mixin.py:109} INFO - Running <TaskInstance: yelloTaXi_HW_data_ingestee_gcs_dag.format_to_parquet_task scheduled__2021-06-01T23:00:00+00:00 [running]> on host 75953ff4f3d5
[2022-02-09 09:16:30,531] {warnings.py:110} WARNING - /home/***/.local/lib/python3.7/site-packages/***/utils/context.py:152: AirflowContextDeprecationWarning: Accessing 'execution_date' from the template is deprecated and will be removed in a future version. Please use 'data_interval_start' or 'logical_date' instead.
  warnings.warn(_create_deprecation_warning(key, self._deprecation_replacements[key]))

[2022-02-09 09:16:30,623] {taskinstance.py:1426} INFO - Exporting the following env vars:
AIRFLOW_CTX_DAG_OWNER=***
AIRFLOW_CTX_DAG_ID=yelloTaXi_HW_data_ingestee_gcs_dag
AIRFLOW_CTX_TASK_ID=format_to_parquet_task
AIRFLOW_CTX_EXECUTION_DATE=2021-06-01T23:00:00+00:00
AIRFLOW_CTX_DAG_RUN_ID=scheduled__2021-06-01T23:00:00+00:00
[2022-02-09 09:16:38,615] {python.py:175} INFO - Done. Returned value was: None
[2022-02-09 09:16:38,649] {taskinstance.py:1277} INFO - Marking task as SUCCESS. dag_id=yelloTaXi_HW_data_ingestee_gcs_dag, task_id=format_to_parquet_task, execution_date=20210601T230000, start_date=20220209T091629, end_date=20220209T091638
[2022-02-09 09:16:38,781] {local_task_job.py:154} INFO - Task exited with return code 0
[2022-02-09 09:16:38,875] {local_task_job.py:264} INFO - 0 downstream tasks scheduled from follow-on schedule check
