[2022-02-09 09:35:00,246] {taskinstance.py:1032} INFO - Dependencies all met for <TaskInstance: yelloTaXii_HW_data_ingestion_gcs_dag.download_dataset_task scheduled__2022-01-01T23:00:00+00:00 [queued]>
[2022-02-09 09:35:00,259] {taskinstance.py:1032} INFO - Dependencies all met for <TaskInstance: yelloTaXii_HW_data_ingestion_gcs_dag.download_dataset_task scheduled__2022-01-01T23:00:00+00:00 [queued]>
[2022-02-09 09:35:00,259] {taskinstance.py:1238} INFO - 
--------------------------------------------------------------------------------
[2022-02-09 09:35:00,259] {taskinstance.py:1239} INFO - Starting attempt 1 of 2
[2022-02-09 09:35:00,259] {taskinstance.py:1240} INFO - 
--------------------------------------------------------------------------------
[2022-02-09 09:35:00,273] {taskinstance.py:1259} INFO - Executing <Task(BashOperator): download_dataset_task> on 2022-01-01 23:00:00+00:00
[2022-02-09 09:35:00,279] {standard_task_runner.py:52} INFO - Started process 306 to run task
[2022-02-09 09:35:00,286] {standard_task_runner.py:76} INFO - Running: ['***', 'tasks', 'run', 'yelloTaXii_HW_data_ingestion_gcs_dag', 'download_dataset_task', 'scheduled__2022-01-01T23:00:00+00:00', '--job-id', '790', '--raw', '--subdir', 'DAGS_FOLDER/yelloTaXii_data_ingestion_gcs_dag.py', '--cfg-path', '/tmp/tmpb1poegue', '--error-file', '/tmp/tmprmkbkxrt']
[2022-02-09 09:35:00,287] {standard_task_runner.py:77} INFO - Job 790: Subtask download_dataset_task
[2022-02-09 09:35:00,369] {logging_mixin.py:109} INFO - Running <TaskInstance: yelloTaXii_HW_data_ingestion_gcs_dag.download_dataset_task scheduled__2022-01-01T23:00:00+00:00 [running]> on host fb702faa28b9
[2022-02-09 09:35:00,418] {warnings.py:110} WARNING - /home/***/.local/lib/python3.7/site-packages/***/utils/context.py:152: AirflowContextDeprecationWarning: Accessing 'execution_date' from the template is deprecated and will be removed in a future version. Please use 'data_interval_start' or 'logical_date' instead.
  warnings.warn(_create_deprecation_warning(key, self._deprecation_replacements[key]))

[2022-02-09 09:35:00,443] {taskinstance.py:1426} INFO - Exporting the following env vars:
AIRFLOW_CTX_DAG_OWNER=***
AIRFLOW_CTX_DAG_ID=yelloTaXii_HW_data_ingestion_gcs_dag
AIRFLOW_CTX_TASK_ID=download_dataset_task
AIRFLOW_CTX_EXECUTION_DATE=2022-01-01T23:00:00+00:00
AIRFLOW_CTX_DAG_RUN_ID=scheduled__2022-01-01T23:00:00+00:00
[2022-02-09 09:35:00,444] {subprocess.py:62} INFO - Tmp dir root location: 
 /tmp
[2022-02-09 09:35:00,445] {subprocess.py:74} INFO - Running command: ['bash', '-c', 'curl -sSL https://s3.amazonaws.com/nyc-tlc/trip+data/yellow_tripdata_2022-01.csv > /opt/***/yellow_tripdata_2022-01.csv']
[2022-02-09 09:35:00,468] {subprocess.py:85} INFO - Output:
[2022-02-09 09:35:00,658] {subprocess.py:93} INFO - Command exited with return code 0
[2022-02-09 09:35:00,726] {taskinstance.py:1277} INFO - Marking task as SUCCESS. dag_id=yelloTaXii_HW_data_ingestion_gcs_dag, task_id=download_dataset_task, execution_date=20220101T230000, start_date=20220209T093500, end_date=20220209T093500
[2022-02-09 09:35:00,779] {local_task_job.py:154} INFO - Task exited with return code 0
[2022-02-09 09:35:00,826] {local_task_job.py:264} INFO - 1 downstream tasks scheduled from follow-on schedule check
