[2022-02-09 08:30:39,067] {taskinstance.py:1032} INFO - Dependencies all met for <TaskInstance: yellowTX_HW_data_ingestion_gcs_dag.local_to_gcs_task manual__2022-02-09T08:30:34.019272+00:00 [queued]>
[2022-02-09 08:30:39,079] {taskinstance.py:1032} INFO - Dependencies all met for <TaskInstance: yellowTX_HW_data_ingestion_gcs_dag.local_to_gcs_task manual__2022-02-09T08:30:34.019272+00:00 [queued]>
[2022-02-09 08:30:39,079] {taskinstance.py:1238} INFO - 
--------------------------------------------------------------------------------
[2022-02-09 08:30:39,079] {taskinstance.py:1239} INFO - Starting attempt 1 of 2
[2022-02-09 08:30:39,079] {taskinstance.py:1240} INFO - 
--------------------------------------------------------------------------------
[2022-02-09 08:30:39,091] {taskinstance.py:1259} INFO - Executing <Task(PythonOperator): local_to_gcs_task> on 2022-02-09 08:30:34.019272+00:00
[2022-02-09 08:30:39,098] {standard_task_runner.py:52} INFO - Started process 303 to run task
[2022-02-09 08:30:39,105] {standard_task_runner.py:76} INFO - Running: ['***', 'tasks', 'run', 'yellowTX_HW_data_ingestion_gcs_dag', 'local_to_gcs_task', 'manual__2022-02-09T08:30:34.019272+00:00', '--job-id', '398', '--raw', '--subdir', 'DAGS_FOLDER/yelloTX_data_ingest_gcs_dag.py', '--cfg-path', '/tmp/tmpehoxv0yv', '--error-file', '/tmp/tmp_k2dh18z']
[2022-02-09 08:30:39,106] {standard_task_runner.py:77} INFO - Job 398: Subtask local_to_gcs_task
[2022-02-09 08:30:39,188] {logging_mixin.py:109} INFO - Running <TaskInstance: yellowTX_HW_data_ingestion_gcs_dag.local_to_gcs_task manual__2022-02-09T08:30:34.019272+00:00 [running]> on host 4aede4e3fea1
[2022-02-09 08:30:39,241] {warnings.py:110} WARNING - /home/***/.local/lib/python3.7/site-packages/***/utils/context.py:152: AirflowContextDeprecationWarning: Accessing 'execution_date' from the template is deprecated and will be removed in a future version. Please use 'data_interval_start' or 'logical_date' instead.
  warnings.warn(_create_deprecation_warning(key, self._deprecation_replacements[key]))

[2022-02-09 08:30:39,266] {taskinstance.py:1426} INFO - Exporting the following env vars:
AIRFLOW_CTX_DAG_OWNER=***
AIRFLOW_CTX_DAG_ID=yellowTX_HW_data_ingestion_gcs_dag
AIRFLOW_CTX_TASK_ID=local_to_gcs_task
AIRFLOW_CTX_EXECUTION_DATE=2022-02-09T08:30:34.019272+00:00
AIRFLOW_CTX_DAG_RUN_ID=manual__2022-02-09T08:30:34.019272+00:00
[2022-02-09 08:30:39,864] {python.py:175} INFO - Done. Returned value was: None
[2022-02-09 08:30:39,883] {taskinstance.py:1277} INFO - Marking task as SUCCESS. dag_id=yellowTX_HW_data_ingestion_gcs_dag, task_id=local_to_gcs_task, execution_date=20220209T083034, start_date=20220209T083039, end_date=20220209T083039
[2022-02-09 08:30:39,920] {local_task_job.py:154} INFO - Task exited with return code 0
[2022-02-09 08:30:40,012] {local_task_job.py:264} INFO - 0 downstream tasks scheduled from follow-on schedule check
