[2022-02-07 11:52:30,547] {taskinstance.py:1032} INFO - Dependencies all met for <TaskInstance: yellowTX_HW_data_ingestion_gcs_dag.format_to_parquet_task scheduled__2020-04-01T23:00:00+00:00 [queued]>
[2022-02-07 11:52:30,558] {taskinstance.py:1032} INFO - Dependencies all met for <TaskInstance: yellowTX_HW_data_ingestion_gcs_dag.format_to_parquet_task scheduled__2020-04-01T23:00:00+00:00 [queued]>
[2022-02-07 11:52:30,558] {taskinstance.py:1238} INFO - 
--------------------------------------------------------------------------------
[2022-02-07 11:52:30,558] {taskinstance.py:1239} INFO - Starting attempt 1 of 1
[2022-02-07 11:52:30,559] {taskinstance.py:1240} INFO - 
--------------------------------------------------------------------------------
[2022-02-07 11:52:36,463] {taskinstance.py:1259} INFO - Executing <Task(PythonOperator): format_to_parquet_task> on 2020-04-01 23:00:00+00:00
[2022-02-07 11:52:36,471] {standard_task_runner.py:52} INFO - Started process 1968 to run task
[2022-02-07 11:52:36,476] {standard_task_runner.py:76} INFO - Running: ['***', 'tasks', 'run', 'yellowTX_HW_data_ingestion_gcs_dag', 'format_to_parquet_task', 'scheduled__2020-04-01T23:00:00+00:00', '--job-id', '26', '--raw', '--subdir', 'DAGS_FOLDER/yellowTX_data_ingest_gcs_dag.py', '--cfg-path', '/tmp/tmpubko8lhm', '--error-file', '/tmp/tmpcmz8kxxj']
[2022-02-07 11:52:36,477] {standard_task_runner.py:77} INFO - Job 26: Subtask format_to_parquet_task
[2022-02-07 11:52:37,390] {logging_mixin.py:109} INFO - Running <TaskInstance: yellowTX_HW_data_ingestion_gcs_dag.format_to_parquet_task scheduled__2020-04-01T23:00:00+00:00 [running]> on host 52b8b55537b2
[2022-02-07 11:52:40,461] {warnings.py:110} WARNING - /home/***/.local/lib/python3.7/site-packages/***/utils/context.py:152: AirflowContextDeprecationWarning: Accessing 'execution_date' from the template is deprecated and will be removed in a future version. Please use 'data_interval_start' or 'logical_date' instead.
  warnings.warn(_create_deprecation_warning(key, self._deprecation_replacements[key]))

[2022-02-07 11:52:45,488] {taskinstance.py:1426} INFO - Exporting the following env vars:
AIRFLOW_CTX_DAG_OWNER=***
AIRFLOW_CTX_DAG_ID=yellowTX_HW_data_ingestion_gcs_dag
AIRFLOW_CTX_TASK_ID=format_to_parquet_task
AIRFLOW_CTX_EXECUTION_DATE=2020-04-01T23:00:00+00:00
AIRFLOW_CTX_DAG_RUN_ID=scheduled__2020-04-01T23:00:00+00:00
[2022-02-07 11:52:55,477] {python.py:175} INFO - Done. Returned value was: None
[2022-02-07 11:52:57,818] {taskinstance.py:1277} INFO - Marking task as SUCCESS. dag_id=yellowTX_HW_data_ingestion_gcs_dag, task_id=format_to_parquet_task, execution_date=20200401T230000, start_date=20220207T115230, end_date=20220207T115257
[2022-02-07 11:53:01,892] {local_task_job.py:154} INFO - Task exited with return code 0
[2022-02-07 11:53:06,744] {local_task_job.py:264} INFO - 1 downstream tasks scheduled from follow-on schedule check
[2022-02-07 12:38:43,185] {taskinstance.py:1032} INFO - Dependencies all met for <TaskInstance: yellowTX_HW_data_ingestion_gcs_dag.format_to_parquet_task scheduled__2020-04-01T23:00:00+00:00 [queued]>
[2022-02-07 12:38:45,686] {taskinstance.py:1032} INFO - Dependencies all met for <TaskInstance: yellowTX_HW_data_ingestion_gcs_dag.format_to_parquet_task scheduled__2020-04-01T23:00:00+00:00 [queued]>
[2022-02-07 12:38:45,703] {taskinstance.py:1238} INFO - 
--------------------------------------------------------------------------------
[2022-02-07 12:38:45,703] {taskinstance.py:1239} INFO - Starting attempt 1 of 1
[2022-02-07 12:38:45,703] {taskinstance.py:1240} INFO - 
--------------------------------------------------------------------------------
[2022-02-07 12:38:45,790] {taskinstance.py:1259} INFO - Executing <Task(PythonOperator): format_to_parquet_task> on 2020-04-01 23:00:00+00:00
[2022-02-07 12:38:45,805] {standard_task_runner.py:52} INFO - Started process 468 to run task
[2022-02-07 12:38:45,812] {standard_task_runner.py:76} INFO - Running: ['***', 'tasks', 'run', 'yellowTX_HW_data_ingestion_gcs_dag', 'format_to_parquet_task', 'scheduled__2020-04-01T23:00:00+00:00', '--job-id', '112', '--raw', '--subdir', 'DAGS_FOLDER/yellowTX_data_ingest_gcs_dag.py', '--cfg-path', '/tmp/tmprva40qnq', '--error-file', '/tmp/tmpz_9uq2wq']
[2022-02-07 12:38:45,814] {standard_task_runner.py:77} INFO - Job 112: Subtask format_to_parquet_task
[2022-02-07 12:38:45,960] {logging_mixin.py:109} INFO - Running <TaskInstance: yellowTX_HW_data_ingestion_gcs_dag.format_to_parquet_task scheduled__2020-04-01T23:00:00+00:00 [running]> on host 4f748fac91e5
[2022-02-07 12:38:46,300] {warnings.py:110} WARNING - /home/***/.local/lib/python3.7/site-packages/***/utils/context.py:152: AirflowContextDeprecationWarning: Accessing 'execution_date' from the template is deprecated and will be removed in a future version. Please use 'data_interval_start' or 'logical_date' instead.
  warnings.warn(_create_deprecation_warning(key, self._deprecation_replacements[key]))

[2022-02-07 12:38:47,013] {taskinstance.py:1426} INFO - Exporting the following env vars:
AIRFLOW_CTX_DAG_OWNER=***
AIRFLOW_CTX_DAG_ID=yellowTX_HW_data_ingestion_gcs_dag
AIRFLOW_CTX_TASK_ID=format_to_parquet_task
AIRFLOW_CTX_EXECUTION_DATE=2020-04-01T23:00:00+00:00
AIRFLOW_CTX_DAG_RUN_ID=scheduled__2020-04-01T23:00:00+00:00
[2022-02-07 12:38:53,094] {python.py:175} INFO - Done. Returned value was: None
[2022-02-07 12:38:53,449] {taskinstance.py:1277} INFO - Marking task as SUCCESS. dag_id=yellowTX_HW_data_ingestion_gcs_dag, task_id=format_to_parquet_task, execution_date=20200401T230000, start_date=20220207T123845, end_date=20220207T123853
[2022-02-07 12:38:53,512] {local_task_job.py:154} INFO - Task exited with return code 0
[2022-02-07 12:38:53,580] {local_task_job.py:264} INFO - 1 downstream tasks scheduled from follow-on schedule check
