[2022-02-09 09:29:30,416] {taskinstance.py:1032} INFO - Dependencies all met for <TaskInstance: yelloTaXii_HW_data_ingestion_gcs_dag.bigquery_external_table_task scheduled__2020-06-01T23:00:00+00:00 [queued]>
[2022-02-09 09:29:30,429] {taskinstance.py:1032} INFO - Dependencies all met for <TaskInstance: yelloTaXii_HW_data_ingestion_gcs_dag.bigquery_external_table_task scheduled__2020-06-01T23:00:00+00:00 [queued]>
[2022-02-09 09:29:30,430] {taskinstance.py:1238} INFO - 
--------------------------------------------------------------------------------
[2022-02-09 09:29:30,430] {taskinstance.py:1239} INFO - Starting attempt 1 of 2
[2022-02-09 09:29:30,430] {taskinstance.py:1240} INFO - 
--------------------------------------------------------------------------------
[2022-02-09 09:29:30,443] {taskinstance.py:1259} INFO - Executing <Task(BigQueryCreateExternalTableOperator): bigquery_external_table_task> on 2020-06-01 23:00:00+00:00
[2022-02-09 09:29:30,450] {standard_task_runner.py:52} INFO - Started process 875 to run task
[2022-02-09 09:29:30,455] {standard_task_runner.py:76} INFO - Running: ['***', 'tasks', 'run', 'yelloTaXii_HW_data_ingestion_gcs_dag', 'bigquery_external_table_task', 'scheduled__2020-06-01T23:00:00+00:00', '--job-id', '724', '--raw', '--subdir', 'DAGS_FOLDER/yelloTaXii_data_ingestion_gcs_dag.py', '--cfg-path', '/tmp/tmpgh5lo6fd', '--error-file', '/tmp/tmp56v63qvf']
[2022-02-09 09:29:30,456] {standard_task_runner.py:77} INFO - Job 724: Subtask bigquery_external_table_task
[2022-02-09 09:29:30,556] {logging_mixin.py:109} INFO - Running <TaskInstance: yelloTaXii_HW_data_ingestion_gcs_dag.bigquery_external_table_task scheduled__2020-06-01T23:00:00+00:00 [running]> on host 0092064357b4
[2022-02-09 09:29:30,614] {warnings.py:110} WARNING - /home/***/.local/lib/python3.7/site-packages/***/utils/context.py:152: AirflowContextDeprecationWarning: Accessing 'execution_date' from the template is deprecated and will be removed in a future version. Please use 'data_interval_start' or 'logical_date' instead.
  warnings.warn(_create_deprecation_warning(key, self._deprecation_replacements[key]))

[2022-02-09 09:29:30,639] {taskinstance.py:1426} INFO - Exporting the following env vars:
AIRFLOW_CTX_DAG_OWNER=***
AIRFLOW_CTX_DAG_ID=yelloTaXii_HW_data_ingestion_gcs_dag
AIRFLOW_CTX_TASK_ID=bigquery_external_table_task
AIRFLOW_CTX_EXECUTION_DATE=2020-06-01T23:00:00+00:00
AIRFLOW_CTX_DAG_RUN_ID=scheduled__2020-06-01T23:00:00+00:00
[2022-02-09 09:29:30,641] {crypto.py:82} WARNING - empty cryptography key - values will not be stored encrypted.
[2022-02-09 09:29:31,775] {taskinstance.py:1277} INFO - Marking task as SUCCESS. dag_id=yelloTaXii_HW_data_ingestion_gcs_dag, task_id=bigquery_external_table_task, execution_date=20200601T230000, start_date=20220209T092930, end_date=20220209T092931
[2022-02-09 09:29:31,838] {local_task_job.py:154} INFO - Task exited with return code 0
[2022-02-09 09:29:31,872] {local_task_job.py:264} INFO - 0 downstream tasks scheduled from follow-on schedule check
