[2022-02-09 09:24:37,510] {taskinstance.py:1032} INFO - Dependencies all met for <TaskInstance: yelloTaXii_HW_data_ingestion_gcs_dag.download_dataset_task manual__2022-02-09T09:24:32.667951+00:00 [queued]>
[2022-02-09 09:24:37,527] {taskinstance.py:1032} INFO - Dependencies all met for <TaskInstance: yelloTaXii_HW_data_ingestion_gcs_dag.download_dataset_task manual__2022-02-09T09:24:32.667951+00:00 [queued]>
[2022-02-09 09:24:37,527] {taskinstance.py:1238} INFO - 
--------------------------------------------------------------------------------
[2022-02-09 09:24:37,527] {taskinstance.py:1239} INFO - Starting attempt 1 of 2
[2022-02-09 09:24:37,527] {taskinstance.py:1240} INFO - 
--------------------------------------------------------------------------------
[2022-02-09 09:24:37,560] {taskinstance.py:1259} INFO - Executing <Task(BashOperator): download_dataset_task> on 2022-02-09 09:24:32.667951+00:00
[2022-02-09 09:24:37,570] {standard_task_runner.py:52} INFO - Started process 250 to run task
[2022-02-09 09:24:37,609] {standard_task_runner.py:76} INFO - Running: ['***', 'tasks', 'run', 'yelloTaXii_HW_data_ingestion_gcs_dag', 'download_dataset_task', 'manual__2022-02-09T09:24:32.667951+00:00', '--job-id', '639', '--raw', '--subdir', 'DAGS_FOLDER/yelloTaXii_data_ingestion_gcs_dag.py', '--cfg-path', '/tmp/tmpvab1rbs8', '--error-file', '/tmp/tmppli_gqin']
[2022-02-09 09:24:37,611] {standard_task_runner.py:77} INFO - Job 639: Subtask download_dataset_task
[2022-02-09 09:24:37,774] {logging_mixin.py:109} INFO - Running <TaskInstance: yelloTaXii_HW_data_ingestion_gcs_dag.download_dataset_task manual__2022-02-09T09:24:32.667951+00:00 [running]> on host 0092064357b4
[2022-02-09 09:24:37,854] {warnings.py:110} WARNING - /home/***/.local/lib/python3.7/site-packages/***/utils/context.py:152: AirflowContextDeprecationWarning: Accessing 'execution_date' from the template is deprecated and will be removed in a future version. Please use 'data_interval_start' or 'logical_date' instead.
  warnings.warn(_create_deprecation_warning(key, self._deprecation_replacements[key]))

[2022-02-09 09:24:37,903] {taskinstance.py:1426} INFO - Exporting the following env vars:
AIRFLOW_CTX_DAG_OWNER=***
AIRFLOW_CTX_DAG_ID=yelloTaXii_HW_data_ingestion_gcs_dag
AIRFLOW_CTX_TASK_ID=download_dataset_task
AIRFLOW_CTX_EXECUTION_DATE=2022-02-09T09:24:32.667951+00:00
AIRFLOW_CTX_DAG_RUN_ID=manual__2022-02-09T09:24:32.667951+00:00
[2022-02-09 09:24:37,905] {subprocess.py:62} INFO - Tmp dir root location: 
 /tmp
[2022-02-09 09:24:37,906] {subprocess.py:74} INFO - Running command: ['bash', '-c', 'curl -sSL https://s3.amazonaws.com/nyc-tlc/trip+data/yellow_tripdata_2022-02.csv > /opt/***/yellow_tripdata_2022-02.csv']
[2022-02-09 09:24:37,932] {subprocess.py:85} INFO - Output:
[2022-02-09 09:24:38,095] {subprocess.py:93} INFO - Command exited with return code 0
[2022-02-09 09:24:38,148] {taskinstance.py:1277} INFO - Marking task as SUCCESS. dag_id=yelloTaXii_HW_data_ingestion_gcs_dag, task_id=download_dataset_task, execution_date=20220209T092432, start_date=20220209T092437, end_date=20220209T092438
[2022-02-09 09:24:38,206] {local_task_job.py:154} INFO - Task exited with return code 0
[2022-02-09 09:24:38,265] {local_task_job.py:264} INFO - 1 downstream tasks scheduled from follow-on schedule check
