[2022-02-09 09:01:30,917] {taskinstance.py:1032} INFO - Dependencies all met for <TaskInstance: yelloTaXi_HW_data_ingestee_gcs_dag.local_to_gcs_task scheduled__2021-11-01T23:00:00+00:00 [queued]>
[2022-02-09 09:01:30,933] {taskinstance.py:1032} INFO - Dependencies all met for <TaskInstance: yelloTaXi_HW_data_ingestee_gcs_dag.local_to_gcs_task scheduled__2021-11-01T23:00:00+00:00 [queued]>
[2022-02-09 09:01:30,933] {taskinstance.py:1238} INFO - 
--------------------------------------------------------------------------------
[2022-02-09 09:01:30,933] {taskinstance.py:1239} INFO - Starting attempt 1 of 2
[2022-02-09 09:01:30,933] {taskinstance.py:1240} INFO - 
--------------------------------------------------------------------------------
[2022-02-09 09:01:30,952] {taskinstance.py:1259} INFO - Executing <Task(PythonOperator): local_to_gcs_task> on 2021-11-01 23:00:00+00:00
[2022-02-09 09:01:30,961] {standard_task_runner.py:52} INFO - Started process 596 to run task
[2022-02-09 09:01:30,975] {standard_task_runner.py:76} INFO - Running: ['***', 'tasks', 'run', 'yelloTaXi_HW_data_ingestee_gcs_dag', 'local_to_gcs_task', 'scheduled__2021-11-01T23:00:00+00:00', '--job-id', '524', '--raw', '--subdir', 'DAGS_FOLDER/yelloTaXi_data_ingestee_gcs_dag.py', '--cfg-path', '/tmp/tmpxk0oob36', '--error-file', '/tmp/tmpwz5el_gp']
[2022-02-09 09:01:30,977] {standard_task_runner.py:77} INFO - Job 524: Subtask local_to_gcs_task
[2022-02-09 09:01:31,079] {logging_mixin.py:109} INFO - Running <TaskInstance: yelloTaXi_HW_data_ingestee_gcs_dag.local_to_gcs_task scheduled__2021-11-01T23:00:00+00:00 [running]> on host cc021fb126ed
[2022-02-09 09:01:31,155] {warnings.py:110} WARNING - /home/***/.local/lib/python3.7/site-packages/***/utils/context.py:152: AirflowContextDeprecationWarning: Accessing 'execution_date' from the template is deprecated and will be removed in a future version. Please use 'data_interval_start' or 'logical_date' instead.
  warnings.warn(_create_deprecation_warning(key, self._deprecation_replacements[key]))

[2022-02-09 09:01:31,192] {taskinstance.py:1426} INFO - Exporting the following env vars:
AIRFLOW_CTX_DAG_OWNER=***
AIRFLOW_CTX_DAG_ID=yelloTaXi_HW_data_ingestee_gcs_dag
AIRFLOW_CTX_TASK_ID=local_to_gcs_task
AIRFLOW_CTX_EXECUTION_DATE=2021-11-01T23:00:00+00:00
AIRFLOW_CTX_DAG_RUN_ID=scheduled__2021-11-01T23:00:00+00:00
[2022-02-09 09:01:31,745] {python.py:175} INFO - Done. Returned value was: None
[2022-02-09 09:01:31,763] {taskinstance.py:1277} INFO - Marking task as SUCCESS. dag_id=yelloTaXi_HW_data_ingestee_gcs_dag, task_id=local_to_gcs_task, execution_date=20211101T230000, start_date=20220209T090130, end_date=20220209T090131
[2022-02-09 09:01:31,795] {local_task_job.py:154} INFO - Task exited with return code 0
[2022-02-09 09:01:31,857] {local_task_job.py:264} INFO - 1 downstream tasks scheduled from follow-on schedule check
[2022-02-09 09:17:21,034] {taskinstance.py:1032} INFO - Dependencies all met for <TaskInstance: yelloTaXi_HW_data_ingestee_gcs_dag.local_to_gcs_task scheduled__2021-11-01T23:00:00+00:00 [queued]>
[2022-02-09 09:17:21,050] {taskinstance.py:1032} INFO - Dependencies all met for <TaskInstance: yelloTaXi_HW_data_ingestee_gcs_dag.local_to_gcs_task scheduled__2021-11-01T23:00:00+00:00 [queued]>
[2022-02-09 09:17:21,050] {taskinstance.py:1238} INFO - 
--------------------------------------------------------------------------------
[2022-02-09 09:17:21,050] {taskinstance.py:1239} INFO - Starting attempt 1 of 2
[2022-02-09 09:17:21,050] {taskinstance.py:1240} INFO - 
--------------------------------------------------------------------------------
[2022-02-09 09:17:21,067] {taskinstance.py:1259} INFO - Executing <Task(PythonOperator): local_to_gcs_task> on 2021-11-01 23:00:00+00:00
[2022-02-09 09:17:21,075] {standard_task_runner.py:52} INFO - Started process 766 to run task
[2022-02-09 09:17:21,083] {standard_task_runner.py:76} INFO - Running: ['***', 'tasks', 'run', 'yelloTaXi_HW_data_ingestee_gcs_dag', 'local_to_gcs_task', 'scheduled__2021-11-01T23:00:00+00:00', '--job-id', '628', '--raw', '--subdir', 'DAGS_FOLDER/yelloTaXi_data_ingesteee_gcs_dag.py', '--cfg-path', '/tmp/tmpp1eqoku2', '--error-file', '/tmp/tmpg8d_c_a7']
[2022-02-09 09:17:21,085] {standard_task_runner.py:77} INFO - Job 628: Subtask local_to_gcs_task
[2022-02-09 09:17:21,212] {logging_mixin.py:109} INFO - Running <TaskInstance: yelloTaXi_HW_data_ingestee_gcs_dag.local_to_gcs_task scheduled__2021-11-01T23:00:00+00:00 [running]> on host 75953ff4f3d5
[2022-02-09 09:17:21,284] {warnings.py:110} WARNING - /home/***/.local/lib/python3.7/site-packages/***/utils/context.py:152: AirflowContextDeprecationWarning: Accessing 'execution_date' from the template is deprecated and will be removed in a future version. Please use 'data_interval_start' or 'logical_date' instead.
  warnings.warn(_create_deprecation_warning(key, self._deprecation_replacements[key]))

[2022-02-09 09:17:21,306] {taskinstance.py:1426} INFO - Exporting the following env vars:
AIRFLOW_CTX_DAG_OWNER=***
AIRFLOW_CTX_DAG_ID=yelloTaXi_HW_data_ingestee_gcs_dag
AIRFLOW_CTX_TASK_ID=local_to_gcs_task
AIRFLOW_CTX_EXECUTION_DATE=2021-11-01T23:00:00+00:00
AIRFLOW_CTX_DAG_RUN_ID=scheduled__2021-11-01T23:00:00+00:00
[2022-02-09 09:17:21,844] {python.py:175} INFO - Done. Returned value was: None
[2022-02-09 09:17:21,864] {taskinstance.py:1277} INFO - Marking task as SUCCESS. dag_id=yelloTaXi_HW_data_ingestee_gcs_dag, task_id=local_to_gcs_task, execution_date=20211101T230000, start_date=20220209T091721, end_date=20220209T091721
[2022-02-09 09:17:21,906] {local_task_job.py:154} INFO - Task exited with return code 0
[2022-02-09 09:17:21,956] {local_task_job.py:264} INFO - 1 downstream tasks scheduled from follow-on schedule check
