[2022-02-09 09:27:38,661] {taskinstance.py:1032} INFO - Dependencies all met for <TaskInstance: yelloTaXii_HW_data_ingestion_gcs_dag.format_to_parquet_task scheduled__2019-12-01T23:00:00+00:00 [queued]>
[2022-02-09 09:27:38,695] {taskinstance.py:1032} INFO - Dependencies all met for <TaskInstance: yelloTaXii_HW_data_ingestion_gcs_dag.format_to_parquet_task scheduled__2019-12-01T23:00:00+00:00 [queued]>
[2022-02-09 09:27:38,695] {taskinstance.py:1238} INFO - 
--------------------------------------------------------------------------------
[2022-02-09 09:27:38,696] {taskinstance.py:1239} INFO - Starting attempt 1 of 2
[2022-02-09 09:27:38,696] {taskinstance.py:1240} INFO - 
--------------------------------------------------------------------------------
[2022-02-09 09:27:38,745] {taskinstance.py:1259} INFO - Executing <Task(PythonOperator): format_to_parquet_task> on 2019-12-01 23:00:00+00:00
[2022-02-09 09:27:38,767] {standard_task_runner.py:52} INFO - Started process 606 to run task
[2022-02-09 09:27:38,795] {standard_task_runner.py:76} INFO - Running: ['***', 'tasks', 'run', 'yelloTaXii_HW_data_ingestion_gcs_dag', 'format_to_parquet_task', 'scheduled__2019-12-01T23:00:00+00:00', '--job-id', '685', '--raw', '--subdir', 'DAGS_FOLDER/yelloTaXii_data_ingestion_gcs_dag.py', '--cfg-path', '/tmp/tmpkxjtzfi5', '--error-file', '/tmp/tmpok7xvgsj']
[2022-02-09 09:27:38,802] {standard_task_runner.py:77} INFO - Job 685: Subtask format_to_parquet_task
[2022-02-09 09:27:38,923] {logging_mixin.py:109} INFO - Running <TaskInstance: yelloTaXii_HW_data_ingestion_gcs_dag.format_to_parquet_task scheduled__2019-12-01T23:00:00+00:00 [running]> on host 0092064357b4
[2022-02-09 09:27:39,009] {warnings.py:110} WARNING - /home/***/.local/lib/python3.7/site-packages/***/utils/context.py:152: AirflowContextDeprecationWarning: Accessing 'execution_date' from the template is deprecated and will be removed in a future version. Please use 'data_interval_start' or 'logical_date' instead.
  warnings.warn(_create_deprecation_warning(key, self._deprecation_replacements[key]))

[2022-02-09 09:27:39,067] {taskinstance.py:1426} INFO - Exporting the following env vars:
AIRFLOW_CTX_DAG_OWNER=***
AIRFLOW_CTX_DAG_ID=yelloTaXii_HW_data_ingestion_gcs_dag
AIRFLOW_CTX_TASK_ID=format_to_parquet_task
AIRFLOW_CTX_EXECUTION_DATE=2019-12-01T23:00:00+00:00
AIRFLOW_CTX_DAG_RUN_ID=scheduled__2019-12-01T23:00:00+00:00
[2022-02-09 09:28:03,975] {python.py:175} INFO - Done. Returned value was: None
[2022-02-09 09:28:04,044] {taskinstance.py:1277} INFO - Marking task as SUCCESS. dag_id=yelloTaXii_HW_data_ingestion_gcs_dag, task_id=format_to_parquet_task, execution_date=20191201T230000, start_date=20220209T092738, end_date=20220209T092804
[2022-02-09 09:28:04,360] {local_task_job.py:212} WARNING - State of this instance has been externally set to success. Terminating instance.
[2022-02-09 09:28:04,364] {process_utils.py:124} INFO - Sending Signals.SIGTERM to group 606. PIDs of all processes in the group: [606]
[2022-02-09 09:28:04,364] {process_utils.py:75} INFO - Sending the signal Signals.SIGTERM to group 606
[2022-02-09 09:28:05,000] {process_utils.py:70} INFO - Process psutil.Process(pid=606, status='terminated', exitcode=0, started='09:27:38') (606) terminated with exit code 0
