[2022-02-09 09:43:42,519] {taskinstance.py:1032} INFO - Dependencies all met for <TaskInstance: FHV_data_HW_ingestion_gcs_dag.bigquery_external_table_task scheduled__2019-07-01T23:00:00+00:00 [queued]>
[2022-02-09 09:43:42,543] {taskinstance.py:1032} INFO - Dependencies all met for <TaskInstance: FHV_data_HW_ingestion_gcs_dag.bigquery_external_table_task scheduled__2019-07-01T23:00:00+00:00 [queued]>
[2022-02-09 09:43:42,545] {taskinstance.py:1238} INFO - 
--------------------------------------------------------------------------------
[2022-02-09 09:43:42,546] {taskinstance.py:1239} INFO - Starting attempt 1 of 2
[2022-02-09 09:43:42,546] {taskinstance.py:1240} INFO - 
--------------------------------------------------------------------------------
[2022-02-09 09:43:42,586] {taskinstance.py:1259} INFO - Executing <Task(BigQueryCreateExternalTableOperator): bigquery_external_table_task> on 2019-07-01 23:00:00+00:00
[2022-02-09 09:43:42,595] {standard_task_runner.py:52} INFO - Started process 987 to run task
[2022-02-09 09:43:42,611] {standard_task_runner.py:76} INFO - Running: ['***', 'tasks', 'run', 'FHV_data_HW_ingestion_gcs_dag', 'bigquery_external_table_task', 'scheduled__2019-07-01T23:00:00+00:00', '--job-id', '848', '--raw', '--subdir', 'DAGS_FOLDER/FHV_data_ingest_gcs_dag.py', '--cfg-path', '/tmp/tmpudqo2cw3', '--error-file', '/tmp/tmpb9eforth']
[2022-02-09 09:43:42,624] {standard_task_runner.py:77} INFO - Job 848: Subtask bigquery_external_table_task
[2022-02-09 09:43:42,808] {logging_mixin.py:109} INFO - Running <TaskInstance: FHV_data_HW_ingestion_gcs_dag.bigquery_external_table_task scheduled__2019-07-01T23:00:00+00:00 [running]> on host fb702faa28b9
[2022-02-09 09:43:42,929] {warnings.py:110} WARNING - /home/***/.local/lib/python3.7/site-packages/***/utils/context.py:152: AirflowContextDeprecationWarning: Accessing 'execution_date' from the template is deprecated and will be removed in a future version. Please use 'data_interval_start' or 'logical_date' instead.
  warnings.warn(_create_deprecation_warning(key, self._deprecation_replacements[key]))

[2022-02-09 09:43:42,998] {taskinstance.py:1426} INFO - Exporting the following env vars:
AIRFLOW_CTX_DAG_OWNER=***
AIRFLOW_CTX_DAG_ID=FHV_data_HW_ingestion_gcs_dag
AIRFLOW_CTX_TASK_ID=bigquery_external_table_task
AIRFLOW_CTX_EXECUTION_DATE=2019-07-01T23:00:00+00:00
AIRFLOW_CTX_DAG_RUN_ID=scheduled__2019-07-01T23:00:00+00:00
[2022-02-09 09:43:43,000] {crypto.py:82} WARNING - empty cryptography key - values will not be stored encrypted.
[2022-02-09 09:43:44,279] {taskinstance.py:1277} INFO - Marking task as SUCCESS. dag_id=FHV_data_HW_ingestion_gcs_dag, task_id=bigquery_external_table_task, execution_date=20190701T230000, start_date=20220209T094342, end_date=20220209T094344
[2022-02-09 09:43:44,314] {local_task_job.py:154} INFO - Task exited with return code 0
[2022-02-09 09:43:44,360] {local_task_job.py:264} INFO - 0 downstream tasks scheduled from follow-on schedule check
