[2022-02-07 11:49:35,552] {taskinstance.py:1032} INFO - Dependencies all met for <TaskInstance: yellowTX_HW_data_ingestion_gcs_dag.download_dataset_task scheduled__2019-09-01T23:00:00+00:00 [queued]>
[2022-02-07 11:49:35,666] {taskinstance.py:1032} INFO - Dependencies all met for <TaskInstance: yellowTX_HW_data_ingestion_gcs_dag.download_dataset_task scheduled__2019-09-01T23:00:00+00:00 [queued]>
[2022-02-07 11:49:35,666] {taskinstance.py:1238} INFO - 
--------------------------------------------------------------------------------
[2022-02-07 11:49:35,666] {taskinstance.py:1239} INFO - Starting attempt 1 of 1
[2022-02-07 11:49:35,667] {taskinstance.py:1240} INFO - 
--------------------------------------------------------------------------------
[2022-02-07 11:49:35,774] {taskinstance.py:1259} INFO - Executing <Task(BashOperator): download_dataset_task> on 2019-09-01 23:00:00+00:00
[2022-02-07 11:49:35,819] {standard_task_runner.py:52} INFO - Started process 1815 to run task
[2022-02-07 11:49:35,910] {standard_task_runner.py:76} INFO - Running: ['***', 'tasks', 'run', 'yellowTX_HW_data_ingestion_gcs_dag', 'download_dataset_task', 'scheduled__2019-09-01T23:00:00+00:00', '--job-id', '10', '--raw', '--subdir', 'DAGS_FOLDER/yellowTX_data_ingest_gcs_dag.py', '--cfg-path', '/tmp/tmp0rboh121', '--error-file', '/tmp/tmpqj2br9o0']
[2022-02-07 11:49:35,911] {standard_task_runner.py:77} INFO - Job 10: Subtask download_dataset_task
[2022-02-07 11:49:36,310] {logging_mixin.py:109} INFO - Running <TaskInstance: yellowTX_HW_data_ingestion_gcs_dag.download_dataset_task scheduled__2019-09-01T23:00:00+00:00 [running]> on host 52b8b55537b2
[2022-02-07 11:49:36,848] {warnings.py:110} WARNING - /home/***/.local/lib/python3.7/site-packages/***/utils/context.py:152: AirflowContextDeprecationWarning: Accessing 'execution_date' from the template is deprecated and will be removed in a future version. Please use 'data_interval_start' or 'logical_date' instead.
  warnings.warn(_create_deprecation_warning(key, self._deprecation_replacements[key]))

[2022-02-07 11:49:36,944] {taskinstance.py:1426} INFO - Exporting the following env vars:
AIRFLOW_CTX_DAG_OWNER=***
AIRFLOW_CTX_DAG_ID=yellowTX_HW_data_ingestion_gcs_dag
AIRFLOW_CTX_TASK_ID=download_dataset_task
AIRFLOW_CTX_EXECUTION_DATE=2019-09-01T23:00:00+00:00
AIRFLOW_CTX_DAG_RUN_ID=scheduled__2019-09-01T23:00:00+00:00
[2022-02-07 11:49:36,946] {subprocess.py:62} INFO - Tmp dir root location: 
 /tmp
[2022-02-07 11:49:36,950] {subprocess.py:74} INFO - Running command: ['bash', '-c', 'curl -sSL https://s3.amazonaws.com/nyc-tlc/trip+data/yellow_tripdata_2019-09.csv > /opt/***/yellow_tripdata_2019-09.csv']
[2022-02-07 11:49:37,032] {subprocess.py:85} INFO - Output:
[2022-02-07 11:54:38,594] {subprocess.py:93} INFO - Command exited with return code 0
[2022-02-07 11:54:41,417] {taskinstance.py:1277} INFO - Marking task as SUCCESS. dag_id=yellowTX_HW_data_ingestion_gcs_dag, task_id=download_dataset_task, execution_date=20190901T230000, start_date=20220207T114935, end_date=20220207T115441
[2022-02-07 11:54:46,464] {local_task_job.py:154} INFO - Task exited with return code 0
[2022-02-07 11:54:51,057] {local_task_job.py:264} INFO - 1 downstream tasks scheduled from follow-on schedule check
[2022-02-07 12:37:58,993] {taskinstance.py:1032} INFO - Dependencies all met for <TaskInstance: yellowTX_HW_data_ingestion_gcs_dag.download_dataset_task scheduled__2019-09-01T23:00:00+00:00 [queued]>
[2022-02-07 12:37:59,049] {taskinstance.py:1032} INFO - Dependencies all met for <TaskInstance: yellowTX_HW_data_ingestion_gcs_dag.download_dataset_task scheduled__2019-09-01T23:00:00+00:00 [queued]>
[2022-02-07 12:37:59,049] {taskinstance.py:1238} INFO - 
--------------------------------------------------------------------------------
[2022-02-07 12:37:59,049] {taskinstance.py:1239} INFO - Starting attempt 1 of 1
[2022-02-07 12:37:59,049] {taskinstance.py:1240} INFO - 
--------------------------------------------------------------------------------
[2022-02-07 12:37:59,153] {taskinstance.py:1259} INFO - Executing <Task(BashOperator): download_dataset_task> on 2019-09-01 23:00:00+00:00
[2022-02-07 12:37:59,181] {standard_task_runner.py:52} INFO - Started process 411 to run task
[2022-02-07 12:37:59,246] {standard_task_runner.py:76} INFO - Running: ['***', 'tasks', 'run', 'yellowTX_HW_data_ingestion_gcs_dag', 'download_dataset_task', 'scheduled__2019-09-01T23:00:00+00:00', '--job-id', '104', '--raw', '--subdir', 'DAGS_FOLDER/yellowTX_data_ingest_gcs_dag.py', '--cfg-path', '/tmp/tmpzb9ex421', '--error-file', '/tmp/tmpimoh7hgl']
[2022-02-07 12:37:59,268] {standard_task_runner.py:77} INFO - Job 104: Subtask download_dataset_task
[2022-02-07 12:37:59,613] {logging_mixin.py:109} INFO - Running <TaskInstance: yellowTX_HW_data_ingestion_gcs_dag.download_dataset_task scheduled__2019-09-01T23:00:00+00:00 [running]> on host 4f748fac91e5
[2022-02-07 12:37:59,861] {warnings.py:110} WARNING - /home/***/.local/lib/python3.7/site-packages/***/utils/context.py:152: AirflowContextDeprecationWarning: Accessing 'execution_date' from the template is deprecated and will be removed in a future version. Please use 'data_interval_start' or 'logical_date' instead.
  warnings.warn(_create_deprecation_warning(key, self._deprecation_replacements[key]))

[2022-02-07 12:37:59,992] {taskinstance.py:1426} INFO - Exporting the following env vars:
AIRFLOW_CTX_DAG_OWNER=***
AIRFLOW_CTX_DAG_ID=yellowTX_HW_data_ingestion_gcs_dag
AIRFLOW_CTX_TASK_ID=download_dataset_task
AIRFLOW_CTX_EXECUTION_DATE=2019-09-01T23:00:00+00:00
AIRFLOW_CTX_DAG_RUN_ID=scheduled__2019-09-01T23:00:00+00:00
[2022-02-07 12:37:59,994] {subprocess.py:62} INFO - Tmp dir root location: 
 /tmp
[2022-02-07 12:38:00,008] {subprocess.py:74} INFO - Running command: ['bash', '-c', 'curl -sSL https://s3.amazonaws.com/nyc-tlc/trip+data/yellow_tripdata_2019-09.csv > /opt/***/yellow_tripdata_2019-09.csv']
[2022-02-07 12:38:00,204] {subprocess.py:85} INFO - Output:
[2022-02-07 12:43:31,110] {subprocess.py:93} INFO - Command exited with return code 0
[2022-02-07 12:43:36,722] {taskinstance.py:1277} INFO - Marking task as SUCCESS. dag_id=yellowTX_HW_data_ingestion_gcs_dag, task_id=download_dataset_task, execution_date=20190901T230000, start_date=20220207T123758, end_date=20220207T124336
[2022-02-07 12:43:41,605] {local_task_job.py:154} INFO - Task exited with return code 0
[2022-02-07 12:43:46,807] {local_task_job.py:264} INFO - 1 downstream tasks scheduled from follow-on schedule check
