[2022-02-09 09:01:15,439] {taskinstance.py:1032} INFO - Dependencies all met for <TaskInstance: yelloTaXi_HW_data_ingestee_gcs_dag.format_to_parquet_task scheduled__2021-10-01T23:00:00+00:00 [queued]>
[2022-02-09 09:01:15,452] {taskinstance.py:1032} INFO - Dependencies all met for <TaskInstance: yelloTaXi_HW_data_ingestee_gcs_dag.format_to_parquet_task scheduled__2021-10-01T23:00:00+00:00 [queued]>
[2022-02-09 09:01:15,452] {taskinstance.py:1238} INFO - 
--------------------------------------------------------------------------------
[2022-02-09 09:01:15,452] {taskinstance.py:1239} INFO - Starting attempt 1 of 2
[2022-02-09 09:01:15,452] {taskinstance.py:1240} INFO - 
--------------------------------------------------------------------------------
[2022-02-09 09:01:15,464] {taskinstance.py:1259} INFO - Executing <Task(PythonOperator): format_to_parquet_task> on 2021-10-01 23:00:00+00:00
[2022-02-09 09:01:15,471] {standard_task_runner.py:52} INFO - Started process 522 to run task
[2022-02-09 09:01:15,478] {standard_task_runner.py:76} INFO - Running: ['***', 'tasks', 'run', 'yelloTaXi_HW_data_ingestee_gcs_dag', 'format_to_parquet_task', 'scheduled__2021-10-01T23:00:00+00:00', '--job-id', '510', '--raw', '--subdir', 'DAGS_FOLDER/yelloTaXi_data_ingestee_gcs_dag.py', '--cfg-path', '/tmp/tmppfg3sagn', '--error-file', '/tmp/tmpsqs30oid']
[2022-02-09 09:01:15,479] {standard_task_runner.py:77} INFO - Job 510: Subtask format_to_parquet_task
[2022-02-09 09:01:15,558] {logging_mixin.py:109} INFO - Running <TaskInstance: yelloTaXi_HW_data_ingestee_gcs_dag.format_to_parquet_task scheduled__2021-10-01T23:00:00+00:00 [running]> on host cc021fb126ed
[2022-02-09 09:01:15,605] {warnings.py:110} WARNING - /home/***/.local/lib/python3.7/site-packages/***/utils/context.py:152: AirflowContextDeprecationWarning: Accessing 'execution_date' from the template is deprecated and will be removed in a future version. Please use 'data_interval_start' or 'logical_date' instead.
  warnings.warn(_create_deprecation_warning(key, self._deprecation_replacements[key]))

[2022-02-09 09:01:15,637] {taskinstance.py:1426} INFO - Exporting the following env vars:
AIRFLOW_CTX_DAG_OWNER=***
AIRFLOW_CTX_DAG_ID=yelloTaXi_HW_data_ingestee_gcs_dag
AIRFLOW_CTX_TASK_ID=format_to_parquet_task
AIRFLOW_CTX_EXECUTION_DATE=2021-10-01T23:00:00+00:00
AIRFLOW_CTX_DAG_RUN_ID=scheduled__2021-10-01T23:00:00+00:00
[2022-02-09 09:01:15,771] {python.py:175} INFO - Done. Returned value was: None
[2022-02-09 09:01:15,898] {taskinstance.py:1277} INFO - Marking task as SUCCESS. dag_id=yelloTaXi_HW_data_ingestee_gcs_dag, task_id=format_to_parquet_task, execution_date=20211001T230000, start_date=20220209T090115, end_date=20220209T090115
[2022-02-09 09:01:15,935] {local_task_job.py:154} INFO - Task exited with return code 0
[2022-02-09 09:01:15,994] {local_task_job.py:264} INFO - 1 downstream tasks scheduled from follow-on schedule check
[2022-02-09 09:17:02,692] {taskinstance.py:1032} INFO - Dependencies all met for <TaskInstance: yelloTaXi_HW_data_ingestee_gcs_dag.format_to_parquet_task scheduled__2021-10-01T23:00:00+00:00 [queued]>
[2022-02-09 09:17:02,721] {taskinstance.py:1032} INFO - Dependencies all met for <TaskInstance: yelloTaXi_HW_data_ingestee_gcs_dag.format_to_parquet_task scheduled__2021-10-01T23:00:00+00:00 [queued]>
[2022-02-09 09:17:02,722] {taskinstance.py:1238} INFO - 
--------------------------------------------------------------------------------
[2022-02-09 09:17:02,722] {taskinstance.py:1239} INFO - Starting attempt 1 of 2
[2022-02-09 09:17:02,722] {taskinstance.py:1240} INFO - 
--------------------------------------------------------------------------------
[2022-02-09 09:17:02,745] {taskinstance.py:1259} INFO - Executing <Task(PythonOperator): format_to_parquet_task> on 2021-10-01 23:00:00+00:00
[2022-02-09 09:17:02,753] {standard_task_runner.py:52} INFO - Started process 685 to run task
[2022-02-09 09:17:02,766] {standard_task_runner.py:76} INFO - Running: ['***', 'tasks', 'run', 'yelloTaXi_HW_data_ingestee_gcs_dag', 'format_to_parquet_task', 'scheduled__2021-10-01T23:00:00+00:00', '--job-id', '614', '--raw', '--subdir', 'DAGS_FOLDER/yelloTaXi_data_ingesteee_gcs_dag.py', '--cfg-path', '/tmp/tmp9mwsmbmi', '--error-file', '/tmp/tmpybpdslgo']
[2022-02-09 09:17:02,768] {standard_task_runner.py:77} INFO - Job 614: Subtask format_to_parquet_task
[2022-02-09 09:17:02,871] {logging_mixin.py:109} INFO - Running <TaskInstance: yelloTaXi_HW_data_ingestee_gcs_dag.format_to_parquet_task scheduled__2021-10-01T23:00:00+00:00 [running]> on host 75953ff4f3d5
[2022-02-09 09:17:02,985] {warnings.py:110} WARNING - /home/***/.local/lib/python3.7/site-packages/***/utils/context.py:152: AirflowContextDeprecationWarning: Accessing 'execution_date' from the template is deprecated and will be removed in a future version. Please use 'data_interval_start' or 'logical_date' instead.
  warnings.warn(_create_deprecation_warning(key, self._deprecation_replacements[key]))

[2022-02-09 09:17:03,052] {taskinstance.py:1426} INFO - Exporting the following env vars:
AIRFLOW_CTX_DAG_OWNER=***
AIRFLOW_CTX_DAG_ID=yelloTaXi_HW_data_ingestee_gcs_dag
AIRFLOW_CTX_TASK_ID=format_to_parquet_task
AIRFLOW_CTX_EXECUTION_DATE=2021-10-01T23:00:00+00:00
AIRFLOW_CTX_DAG_RUN_ID=scheduled__2021-10-01T23:00:00+00:00
[2022-02-09 09:17:03,247] {python.py:175} INFO - Done. Returned value was: None
[2022-02-09 09:17:03,268] {taskinstance.py:1277} INFO - Marking task as SUCCESS. dag_id=yelloTaXi_HW_data_ingestee_gcs_dag, task_id=format_to_parquet_task, execution_date=20211001T230000, start_date=20220209T091702, end_date=20220209T091703
[2022-02-09 09:17:03,340] {local_task_job.py:154} INFO - Task exited with return code 0
[2022-02-09 09:17:03,420] {local_task_job.py:264} INFO - 1 downstream tasks scheduled from follow-on schedule check
