[2022-02-09 09:29:07,433] {taskinstance.py:1032} INFO - Dependencies all met for <TaskInstance: yelloTaXii_HW_data_ingestion_gcs_dag.bigquery_external_table_task scheduled__2020-03-01T23:00:00+00:00 [queued]>
[2022-02-09 09:29:07,449] {taskinstance.py:1032} INFO - Dependencies all met for <TaskInstance: yelloTaXii_HW_data_ingestion_gcs_dag.bigquery_external_table_task scheduled__2020-03-01T23:00:00+00:00 [queued]>
[2022-02-09 09:29:07,449] {taskinstance.py:1238} INFO - 
--------------------------------------------------------------------------------
[2022-02-09 09:29:07,449] {taskinstance.py:1239} INFO - Starting attempt 1 of 2
[2022-02-09 09:29:07,449] {taskinstance.py:1240} INFO - 
--------------------------------------------------------------------------------
[2022-02-09 09:29:07,468] {taskinstance.py:1259} INFO - Executing <Task(BigQueryCreateExternalTableOperator): bigquery_external_table_task> on 2020-03-01 23:00:00+00:00
[2022-02-09 09:29:07,475] {standard_task_runner.py:52} INFO - Started process 770 to run task
[2022-02-09 09:29:07,482] {standard_task_runner.py:76} INFO - Running: ['***', 'tasks', 'run', 'yelloTaXii_HW_data_ingestion_gcs_dag', 'bigquery_external_table_task', 'scheduled__2020-03-01T23:00:00+00:00', '--job-id', '706', '--raw', '--subdir', 'DAGS_FOLDER/yelloTaXii_data_ingestion_gcs_dag.py', '--cfg-path', '/tmp/tmpdkzpu82r', '--error-file', '/tmp/tmp5aizfgp8']
[2022-02-09 09:29:07,484] {standard_task_runner.py:77} INFO - Job 706: Subtask bigquery_external_table_task
[2022-02-09 09:29:07,560] {logging_mixin.py:109} INFO - Running <TaskInstance: yelloTaXii_HW_data_ingestion_gcs_dag.bigquery_external_table_task scheduled__2020-03-01T23:00:00+00:00 [running]> on host 0092064357b4
[2022-02-09 09:29:07,610] {warnings.py:110} WARNING - /home/***/.local/lib/python3.7/site-packages/***/utils/context.py:152: AirflowContextDeprecationWarning: Accessing 'execution_date' from the template is deprecated and will be removed in a future version. Please use 'data_interval_start' or 'logical_date' instead.
  warnings.warn(_create_deprecation_warning(key, self._deprecation_replacements[key]))

[2022-02-09 09:29:07,634] {taskinstance.py:1426} INFO - Exporting the following env vars:
AIRFLOW_CTX_DAG_OWNER=***
AIRFLOW_CTX_DAG_ID=yelloTaXii_HW_data_ingestion_gcs_dag
AIRFLOW_CTX_TASK_ID=bigquery_external_table_task
AIRFLOW_CTX_EXECUTION_DATE=2020-03-01T23:00:00+00:00
AIRFLOW_CTX_DAG_RUN_ID=scheduled__2020-03-01T23:00:00+00:00
[2022-02-09 09:29:07,636] {crypto.py:82} WARNING - empty cryptography key - values will not be stored encrypted.
[2022-02-09 09:29:09,212] {taskinstance.py:1277} INFO - Marking task as SUCCESS. dag_id=yelloTaXii_HW_data_ingestion_gcs_dag, task_id=bigquery_external_table_task, execution_date=20200301T230000, start_date=20220209T092907, end_date=20220209T092909
[2022-02-09 09:29:09,262] {local_task_job.py:154} INFO - Task exited with return code 0
[2022-02-09 09:29:09,299] {local_task_job.py:264} INFO - 0 downstream tasks scheduled from follow-on schedule check
