[2022-02-07 11:49:36,916] {taskinstance.py:1032} INFO - Dependencies all met for <TaskInstance: yellowTX_HW_data_ingestion_gcs_dag.download_dataset_task scheduled__2019-07-01T23:00:00+00:00 [queued]>
[2022-02-07 11:49:37,075] {taskinstance.py:1032} INFO - Dependencies all met for <TaskInstance: yellowTX_HW_data_ingestion_gcs_dag.download_dataset_task scheduled__2019-07-01T23:00:00+00:00 [queued]>
[2022-02-07 11:49:37,075] {taskinstance.py:1238} INFO - 
--------------------------------------------------------------------------------
[2022-02-07 11:49:37,075] {taskinstance.py:1239} INFO - Starting attempt 1 of 1
[2022-02-07 11:49:37,075] {taskinstance.py:1240} INFO - 
--------------------------------------------------------------------------------
[2022-02-07 11:49:37,240] {taskinstance.py:1259} INFO - Executing <Task(BashOperator): download_dataset_task> on 2019-07-01 23:00:00+00:00
[2022-02-07 11:49:37,334] {standard_task_runner.py:76} INFO - Running: ['***', 'tasks', 'run', 'yellowTX_HW_data_ingestion_gcs_dag', 'download_dataset_task', 'scheduled__2019-07-01T23:00:00+00:00', '--job-id', '15', '--raw', '--subdir', 'DAGS_FOLDER/yellowTX_data_ingest_gcs_dag.py', '--cfg-path', '/tmp/tmpdg1d2qxt', '--error-file', '/tmp/tmp4ko3mlkx']
[2022-02-07 11:49:37,352] {standard_task_runner.py:77} INFO - Job 15: Subtask download_dataset_task
[2022-02-07 11:49:37,316] {standard_task_runner.py:52} INFO - Started process 1839 to run task
[2022-02-07 11:49:37,664] {logging_mixin.py:109} INFO - Running <TaskInstance: yellowTX_HW_data_ingestion_gcs_dag.download_dataset_task scheduled__2019-07-01T23:00:00+00:00 [running]> on host 52b8b55537b2
[2022-02-07 11:49:38,036] {warnings.py:110} WARNING - /home/***/.local/lib/python3.7/site-packages/***/utils/context.py:152: AirflowContextDeprecationWarning: Accessing 'execution_date' from the template is deprecated and will be removed in a future version. Please use 'data_interval_start' or 'logical_date' instead.
  warnings.warn(_create_deprecation_warning(key, self._deprecation_replacements[key]))

[2022-02-07 11:49:38,224] {taskinstance.py:1426} INFO - Exporting the following env vars:
AIRFLOW_CTX_DAG_OWNER=***
AIRFLOW_CTX_DAG_ID=yellowTX_HW_data_ingestion_gcs_dag
AIRFLOW_CTX_TASK_ID=download_dataset_task
AIRFLOW_CTX_EXECUTION_DATE=2019-07-01T23:00:00+00:00
AIRFLOW_CTX_DAG_RUN_ID=scheduled__2019-07-01T23:00:00+00:00
[2022-02-07 11:49:38,225] {subprocess.py:62} INFO - Tmp dir root location: 
 /tmp
[2022-02-07 11:49:38,226] {subprocess.py:74} INFO - Running command: ['bash', '-c', 'curl -sSL https://s3.amazonaws.com/nyc-tlc/trip+data/yellow_tripdata_2019-07.csv > /opt/***/yellow_tripdata_2019-07.csv']
[2022-02-07 11:49:38,514] {subprocess.py:85} INFO - Output:
[2022-02-07 11:55:11,718] {subprocess.py:93} INFO - Command exited with return code 0
[2022-02-07 11:55:15,043] {taskinstance.py:1277} INFO - Marking task as SUCCESS. dag_id=yellowTX_HW_data_ingestion_gcs_dag, task_id=download_dataset_task, execution_date=20190701T230000, start_date=20220207T114936, end_date=20220207T115515
[2022-02-07 11:55:22,385] {local_task_job.py:154} INFO - Task exited with return code 0
[2022-02-07 11:55:28,116] {local_task_job.py:264} INFO - 1 downstream tasks scheduled from follow-on schedule check
[2022-02-07 12:37:57,288] {taskinstance.py:1032} INFO - Dependencies all met for <TaskInstance: yellowTX_HW_data_ingestion_gcs_dag.download_dataset_task scheduled__2019-07-01T23:00:00+00:00 [queued]>
[2022-02-07 12:37:57,359] {taskinstance.py:1032} INFO - Dependencies all met for <TaskInstance: yellowTX_HW_data_ingestion_gcs_dag.download_dataset_task scheduled__2019-07-01T23:00:00+00:00 [queued]>
[2022-02-07 12:37:57,360] {taskinstance.py:1238} INFO - 
--------------------------------------------------------------------------------
[2022-02-07 12:37:57,360] {taskinstance.py:1239} INFO - Starting attempt 1 of 1
[2022-02-07 12:37:57,360] {taskinstance.py:1240} INFO - 
--------------------------------------------------------------------------------
[2022-02-07 12:37:57,450] {taskinstance.py:1259} INFO - Executing <Task(BashOperator): download_dataset_task> on 2019-07-01 23:00:00+00:00
[2022-02-07 12:37:57,473] {standard_task_runner.py:52} INFO - Started process 389 to run task
[2022-02-07 12:37:57,536] {standard_task_runner.py:76} INFO - Running: ['***', 'tasks', 'run', 'yellowTX_HW_data_ingestion_gcs_dag', 'download_dataset_task', 'scheduled__2019-07-01T23:00:00+00:00', '--job-id', '102', '--raw', '--subdir', 'DAGS_FOLDER/yellowTX_data_ingest_gcs_dag.py', '--cfg-path', '/tmp/tmpjvo_z22p', '--error-file', '/tmp/tmp3o8eqlqq']
[2022-02-07 12:37:57,538] {standard_task_runner.py:77} INFO - Job 102: Subtask download_dataset_task
[2022-02-07 12:37:57,935] {logging_mixin.py:109} INFO - Running <TaskInstance: yellowTX_HW_data_ingestion_gcs_dag.download_dataset_task scheduled__2019-07-01T23:00:00+00:00 [running]> on host 4f748fac91e5
[2022-02-07 12:37:58,267] {warnings.py:110} WARNING - /home/***/.local/lib/python3.7/site-packages/***/utils/context.py:152: AirflowContextDeprecationWarning: Accessing 'execution_date' from the template is deprecated and will be removed in a future version. Please use 'data_interval_start' or 'logical_date' instead.
  warnings.warn(_create_deprecation_warning(key, self._deprecation_replacements[key]))

[2022-02-07 12:37:58,429] {taskinstance.py:1426} INFO - Exporting the following env vars:
AIRFLOW_CTX_DAG_OWNER=***
AIRFLOW_CTX_DAG_ID=yellowTX_HW_data_ingestion_gcs_dag
AIRFLOW_CTX_TASK_ID=download_dataset_task
AIRFLOW_CTX_EXECUTION_DATE=2019-07-01T23:00:00+00:00
AIRFLOW_CTX_DAG_RUN_ID=scheduled__2019-07-01T23:00:00+00:00
[2022-02-07 12:37:58,431] {subprocess.py:62} INFO - Tmp dir root location: 
 /tmp
[2022-02-07 12:37:58,432] {subprocess.py:74} INFO - Running command: ['bash', '-c', 'curl -sSL https://s3.amazonaws.com/nyc-tlc/trip+data/yellow_tripdata_2019-07.csv > /opt/***/yellow_tripdata_2019-07.csv']
[2022-02-07 12:37:58,486] {subprocess.py:85} INFO - Output:
[2022-02-07 12:42:53,707] {subprocess.py:93} INFO - Command exited with return code 0
[2022-02-07 12:42:57,733] {taskinstance.py:1277} INFO - Marking task as SUCCESS. dag_id=yellowTX_HW_data_ingestion_gcs_dag, task_id=download_dataset_task, execution_date=20190701T230000, start_date=20220207T123757, end_date=20220207T124257
[2022-02-07 12:42:59,052] {local_task_job.py:154} INFO - Task exited with return code 0
[2022-02-07 12:43:05,052] {local_task_job.py:264} INFO - 1 downstream tasks scheduled from follow-on schedule check
