[2022-02-09 08:42:41,001] {taskinstance.py:1032} INFO - Dependencies all met for <TaskInstance: yelloTaXi_HW_data_ingestee_gcs_dag.download_dataset_task scheduled__2019-09-01T23:00:00+00:00 [queued]>
[2022-02-09 08:42:41,183] {taskinstance.py:1032} INFO - Dependencies all met for <TaskInstance: yelloTaXi_HW_data_ingestee_gcs_dag.download_dataset_task scheduled__2019-09-01T23:00:00+00:00 [queued]>
[2022-02-09 08:42:41,184] {taskinstance.py:1238} INFO - 
--------------------------------------------------------------------------------
[2022-02-09 08:42:41,189] {taskinstance.py:1239} INFO - Starting attempt 1 of 2
[2022-02-09 08:42:41,196] {taskinstance.py:1240} INFO - 
--------------------------------------------------------------------------------
[2022-02-09 08:42:41,326] {taskinstance.py:1259} INFO - Executing <Task(BashOperator): download_dataset_task> on 2019-09-01 23:00:00+00:00
[2022-02-09 08:42:41,395] {standard_task_runner.py:52} INFO - Started process 394 to run task
[2022-02-09 08:42:41,496] {standard_task_runner.py:76} INFO - Running: ['***', 'tasks', 'run', 'yelloTaXi_HW_data_ingestee_gcs_dag', 'download_dataset_task', 'scheduled__2019-09-01T23:00:00+00:00', '--job-id', '415', '--raw', '--subdir', 'DAGS_FOLDER/yelloTaXi_data_ingestee_gcs_dag.py', '--cfg-path', '/tmp/tmpvwlpsl98', '--error-file', '/tmp/tmpc7yu4y08']
[2022-02-09 08:42:41,503] {standard_task_runner.py:77} INFO - Job 415: Subtask download_dataset_task
[2022-02-09 08:42:41,989] {logging_mixin.py:109} INFO - Running <TaskInstance: yelloTaXi_HW_data_ingestee_gcs_dag.download_dataset_task scheduled__2019-09-01T23:00:00+00:00 [running]> on host f8848f2383ce
[2022-02-09 08:42:42,275] {warnings.py:110} WARNING - /home/***/.local/lib/python3.7/site-packages/***/utils/context.py:152: AirflowContextDeprecationWarning: Accessing 'execution_date' from the template is deprecated and will be removed in a future version. Please use 'data_interval_start' or 'logical_date' instead.
  warnings.warn(_create_deprecation_warning(key, self._deprecation_replacements[key]))

[2022-02-09 08:42:42,429] {taskinstance.py:1426} INFO - Exporting the following env vars:
AIRFLOW_CTX_DAG_OWNER=***
AIRFLOW_CTX_DAG_ID=yelloTaXi_HW_data_ingestee_gcs_dag
AIRFLOW_CTX_TASK_ID=download_dataset_task
AIRFLOW_CTX_EXECUTION_DATE=2019-09-01T23:00:00+00:00
AIRFLOW_CTX_DAG_RUN_ID=scheduled__2019-09-01T23:00:00+00:00
[2022-02-09 08:42:42,430] {subprocess.py:62} INFO - Tmp dir root location: 
 /tmp
[2022-02-09 08:42:42,432] {subprocess.py:74} INFO - Running command: ['bash', '-c', 'curl -sSL https://s3.amazonaws.com/nyc-tlc/trip+data/yellow_tripdata_2019-09.csv > /opt/***/yellow_tripdata_2019-09.csv']
[2022-02-09 08:42:42,620] {subprocess.py:85} INFO - Output:
[2022-02-09 08:43:31,608] {subprocess.py:93} INFO - Command exited with return code 0
[2022-02-09 08:43:32,020] {taskinstance.py:1277} INFO - Marking task as SUCCESS. dag_id=yelloTaXi_HW_data_ingestee_gcs_dag, task_id=download_dataset_task, execution_date=20190901T230000, start_date=20220209T084241, end_date=20220209T084332
[2022-02-09 08:43:32,513] {local_task_job.py:154} INFO - Task exited with return code 0
[2022-02-09 08:43:32,918] {local_task_job.py:264} INFO - 1 downstream tasks scheduled from follow-on schedule check
