[2022-02-07 12:11:11,644] {taskinstance.py:1032} INFO - Dependencies all met for <TaskInstance: yellowTX_HW_data_ingestion_gcs_dag.download_dataset_task scheduled__2021-05-01T23:00:00+00:00 [queued]>
[2022-02-07 12:11:11,710] {taskinstance.py:1032} INFO - Dependencies all met for <TaskInstance: yellowTX_HW_data_ingestion_gcs_dag.download_dataset_task scheduled__2021-05-01T23:00:00+00:00 [queued]>
[2022-02-07 12:11:11,710] {taskinstance.py:1238} INFO - 
--------------------------------------------------------------------------------
[2022-02-07 12:11:11,710] {taskinstance.py:1239} INFO - Starting attempt 1 of 1
[2022-02-07 12:11:11,711] {taskinstance.py:1240} INFO - 
--------------------------------------------------------------------------------
[2022-02-07 12:11:11,806] {taskinstance.py:1259} INFO - Executing <Task(BashOperator): download_dataset_task> on 2021-05-01 23:00:00+00:00
[2022-02-07 12:11:11,819] {standard_task_runner.py:52} INFO - Started process 2211 to run task
[2022-02-07 12:11:11,894] {standard_task_runner.py:76} INFO - Running: ['***', 'tasks', 'run', 'yellowTX_HW_data_ingestion_gcs_dag', 'download_dataset_task', 'scheduled__2021-05-01T23:00:00+00:00', '--job-id', '43', '--raw', '--subdir', 'DAGS_FOLDER/yellowTX_data_ingest_gcs_dag.py', '--cfg-path', '/tmp/tmpnn82ehm1', '--error-file', '/tmp/tmpgmdlj_aq']
[2022-02-07 12:11:11,908] {standard_task_runner.py:77} INFO - Job 43: Subtask download_dataset_task
[2022-02-07 12:11:12,416] {logging_mixin.py:109} INFO - Running <TaskInstance: yellowTX_HW_data_ingestion_gcs_dag.download_dataset_task scheduled__2021-05-01T23:00:00+00:00 [running]> on host 52b8b55537b2
[2022-02-07 12:11:12,864] {warnings.py:110} WARNING - /home/***/.local/lib/python3.7/site-packages/***/utils/context.py:152: AirflowContextDeprecationWarning: Accessing 'execution_date' from the template is deprecated and will be removed in a future version. Please use 'data_interval_start' or 'logical_date' instead.
  warnings.warn(_create_deprecation_warning(key, self._deprecation_replacements[key]))

[2022-02-07 12:11:13,204] {taskinstance.py:1426} INFO - Exporting the following env vars:
AIRFLOW_CTX_DAG_OWNER=***
AIRFLOW_CTX_DAG_ID=yellowTX_HW_data_ingestion_gcs_dag
AIRFLOW_CTX_TASK_ID=download_dataset_task
AIRFLOW_CTX_EXECUTION_DATE=2021-05-01T23:00:00+00:00
AIRFLOW_CTX_DAG_RUN_ID=scheduled__2021-05-01T23:00:00+00:00
[2022-02-07 12:11:13,206] {subprocess.py:62} INFO - Tmp dir root location: 
 /tmp
[2022-02-07 12:11:13,207] {subprocess.py:74} INFO - Running command: ['bash', '-c', 'curl -sSL https://s3.amazonaws.com/nyc-tlc/trip+data/yellow_tripdata_2021-05.csv > /opt/***/yellow_tripdata_2021-05.csv']
[2022-02-07 12:11:13,224] {subprocess.py:85} INFO - Output:
[2022-02-07 12:12:46,154] {subprocess.py:93} INFO - Command exited with return code 0
[2022-02-07 12:12:48,940] {taskinstance.py:1277} INFO - Marking task as SUCCESS. dag_id=yellowTX_HW_data_ingestion_gcs_dag, task_id=download_dataset_task, execution_date=20210501T230000, start_date=20220207T121111, end_date=20220207T121248
[2022-02-07 12:12:49,121] {local_task_job.py:154} INFO - Task exited with return code 0
[2022-02-07 12:12:52,415] {local_task_job.py:264} INFO - 1 downstream tasks scheduled from follow-on schedule check
[2022-02-07 13:15:40,714] {taskinstance.py:1032} INFO - Dependencies all met for <TaskInstance: yellowTX_HW_data_ingestion_gcs_dag.download_dataset_task scheduled__2021-05-01T23:00:00+00:00 [queued]>
[2022-02-07 13:15:40,732] {taskinstance.py:1032} INFO - Dependencies all met for <TaskInstance: yellowTX_HW_data_ingestion_gcs_dag.download_dataset_task scheduled__2021-05-01T23:00:00+00:00 [queued]>
[2022-02-07 13:15:40,733] {taskinstance.py:1238} INFO - 
--------------------------------------------------------------------------------
[2022-02-07 13:15:40,733] {taskinstance.py:1239} INFO - Starting attempt 1 of 1
[2022-02-07 13:15:40,733] {taskinstance.py:1240} INFO - 
--------------------------------------------------------------------------------
[2022-02-07 13:15:40,754] {taskinstance.py:1259} INFO - Executing <Task(BashOperator): download_dataset_task> on 2021-05-01 23:00:00+00:00
[2022-02-07 13:15:40,763] {standard_task_runner.py:52} INFO - Started process 865 to run task
[2022-02-07 13:15:40,785] {standard_task_runner.py:76} INFO - Running: ['***', 'tasks', 'run', 'yellowTX_HW_data_ingestion_gcs_dag', 'download_dataset_task', 'scheduled__2021-05-01T23:00:00+00:00', '--job-id', '139', '--raw', '--subdir', 'DAGS_FOLDER/yellowTX_data_ingest_gcs_dag.py', '--cfg-path', '/tmp/tmp3wldpsod', '--error-file', '/tmp/tmp1012n1gf']
[2022-02-07 13:15:40,792] {standard_task_runner.py:77} INFO - Job 139: Subtask download_dataset_task
[2022-02-07 13:15:40,947] {logging_mixin.py:109} INFO - Running <TaskInstance: yellowTX_HW_data_ingestion_gcs_dag.download_dataset_task scheduled__2021-05-01T23:00:00+00:00 [running]> on host 4f748fac91e5
[2022-02-07 13:15:41,073] {warnings.py:110} WARNING - /home/***/.local/lib/python3.7/site-packages/***/utils/context.py:152: AirflowContextDeprecationWarning: Accessing 'execution_date' from the template is deprecated and will be removed in a future version. Please use 'data_interval_start' or 'logical_date' instead.
  warnings.warn(_create_deprecation_warning(key, self._deprecation_replacements[key]))

[2022-02-07 13:15:41,140] {taskinstance.py:1426} INFO - Exporting the following env vars:
AIRFLOW_CTX_DAG_OWNER=***
AIRFLOW_CTX_DAG_ID=yellowTX_HW_data_ingestion_gcs_dag
AIRFLOW_CTX_TASK_ID=download_dataset_task
AIRFLOW_CTX_EXECUTION_DATE=2021-05-01T23:00:00+00:00
AIRFLOW_CTX_DAG_RUN_ID=scheduled__2021-05-01T23:00:00+00:00
[2022-02-07 13:15:41,141] {subprocess.py:62} INFO - Tmp dir root location: 
 /tmp
[2022-02-07 13:15:41,142] {subprocess.py:74} INFO - Running command: ['bash', '-c', 'curl -sSL https://s3.amazonaws.com/nyc-tlc/trip+data/yellow_tripdata_2021-05.csv > /opt/***/yellow_tripdata_2021-05.csv']
[2022-02-07 13:15:41,190] {subprocess.py:85} INFO - Output:
[2022-02-07 13:15:41,263] {subprocess.py:89} INFO - curl: (6) Could not resolve host: s3.amazonaws.com
[2022-02-07 13:15:41,265] {subprocess.py:93} INFO - Command exited with return code 6
[2022-02-07 13:15:41,304] {taskinstance.py:1700} ERROR - Task failed with exception
Traceback (most recent call last):
  File "/home/airflow/.local/lib/python3.7/site-packages/airflow/models/taskinstance.py", line 1329, in _run_raw_task
    self._execute_task_with_callbacks(context)
  File "/home/airflow/.local/lib/python3.7/site-packages/airflow/models/taskinstance.py", line 1455, in _execute_task_with_callbacks
    result = self._execute_task(context, self.task)
  File "/home/airflow/.local/lib/python3.7/site-packages/airflow/models/taskinstance.py", line 1511, in _execute_task
    result = execute_callable(context=context)
  File "/home/airflow/.local/lib/python3.7/site-packages/airflow/operators/bash.py", line 188, in execute
    f'Bash command failed. The command returned a non-zero exit code {result.exit_code}.'
airflow.exceptions.AirflowException: Bash command failed. The command returned a non-zero exit code 6.
[2022-02-07 13:15:41,322] {taskinstance.py:1277} INFO - Marking task as FAILED. dag_id=yellowTX_HW_data_ingestion_gcs_dag, task_id=download_dataset_task, execution_date=20210501T230000, start_date=20220207T131540, end_date=20220207T131541
[2022-02-07 13:15:41,373] {standard_task_runner.py:92} ERROR - Failed to execute job 139 for task download_dataset_task
Traceback (most recent call last):
  File "/home/airflow/.local/lib/python3.7/site-packages/airflow/task/task_runner/standard_task_runner.py", line 85, in _start_by_fork
    args.func(args, dag=self.dag)
  File "/home/airflow/.local/lib/python3.7/site-packages/airflow/cli/cli_parser.py", line 48, in command
    return func(*args, **kwargs)
  File "/home/airflow/.local/lib/python3.7/site-packages/airflow/utils/cli.py", line 92, in wrapper
    return f(*args, **kwargs)
  File "/home/airflow/.local/lib/python3.7/site-packages/airflow/cli/commands/task_command.py", line 298, in task_run
    _run_task_by_selected_method(args, dag, ti)
  File "/home/airflow/.local/lib/python3.7/site-packages/airflow/cli/commands/task_command.py", line 107, in _run_task_by_selected_method
    _run_raw_task(args, ti)
  File "/home/airflow/.local/lib/python3.7/site-packages/airflow/cli/commands/task_command.py", line 184, in _run_raw_task
    error_file=args.error_file,
  File "/home/airflow/.local/lib/python3.7/site-packages/airflow/utils/session.py", line 70, in wrapper
    return func(*args, session=session, **kwargs)
  File "/home/airflow/.local/lib/python3.7/site-packages/airflow/models/taskinstance.py", line 1329, in _run_raw_task
    self._execute_task_with_callbacks(context)
  File "/home/airflow/.local/lib/python3.7/site-packages/airflow/models/taskinstance.py", line 1455, in _execute_task_with_callbacks
    result = self._execute_task(context, self.task)
  File "/home/airflow/.local/lib/python3.7/site-packages/airflow/models/taskinstance.py", line 1511, in _execute_task
    result = execute_callable(context=context)
  File "/home/airflow/.local/lib/python3.7/site-packages/airflow/operators/bash.py", line 188, in execute
    f'Bash command failed. The command returned a non-zero exit code {result.exit_code}.'
airflow.exceptions.AirflowException: Bash command failed. The command returned a non-zero exit code 6.
[2022-02-07 13:15:41,436] {local_task_job.py:154} INFO - Task exited with return code 1
[2022-02-07 13:15:41,527] {local_task_job.py:264} INFO - 0 downstream tasks scheduled from follow-on schedule check
