[2022-02-09 07:44:00,458] {taskinstance.py:1032} INFO - Dependencies all met for <TaskInstance: taxi_zones_data_ingestion_gcs_dag.download_dataset_task manual__2022-02-09T07:43:58.429216+00:00 [queued]>
[2022-02-09 07:44:00,469] {taskinstance.py:1032} INFO - Dependencies all met for <TaskInstance: taxi_zones_data_ingestion_gcs_dag.download_dataset_task manual__2022-02-09T07:43:58.429216+00:00 [queued]>
[2022-02-09 07:44:00,469] {taskinstance.py:1238} INFO - 
--------------------------------------------------------------------------------
[2022-02-09 07:44:00,469] {taskinstance.py:1239} INFO - Starting attempt 1 of 2
[2022-02-09 07:44:00,469] {taskinstance.py:1240} INFO - 
--------------------------------------------------------------------------------
[2022-02-09 07:44:00,490] {taskinstance.py:1259} INFO - Executing <Task(BashOperator): download_dataset_task> on 2022-02-09 07:43:58.429216+00:00
[2022-02-09 07:44:00,497] {standard_task_runner.py:52} INFO - Started process 1081 to run task
[2022-02-09 07:44:00,503] {standard_task_runner.py:76} INFO - Running: ['***', 'tasks', 'run', 'taxi_zones_data_ingestion_gcs_dag', 'download_dataset_task', 'manual__2022-02-09T07:43:58.429216+00:00', '--job-id', '348', '--raw', '--subdir', 'DAGS_FOLDER/taxi_zones_data_ingest_gcs_dag.py', '--cfg-path', '/tmp/tmpywnftjoq', '--error-file', '/tmp/tmp3xoxkaex']
[2022-02-09 07:44:00,505] {standard_task_runner.py:77} INFO - Job 348: Subtask download_dataset_task
[2022-02-09 07:44:00,603] {logging_mixin.py:109} INFO - Running <TaskInstance: taxi_zones_data_ingestion_gcs_dag.download_dataset_task manual__2022-02-09T07:43:58.429216+00:00 [running]> on host 3d1f29ca65cd
[2022-02-09 07:44:00,689] {taskinstance.py:1426} INFO - Exporting the following env vars:
AIRFLOW_CTX_DAG_OWNER=***
AIRFLOW_CTX_DAG_ID=taxi_zones_data_ingestion_gcs_dag
AIRFLOW_CTX_TASK_ID=download_dataset_task
AIRFLOW_CTX_EXECUTION_DATE=2022-02-09T07:43:58.429216+00:00
AIRFLOW_CTX_DAG_RUN_ID=manual__2022-02-09T07:43:58.429216+00:00
[2022-02-09 07:44:00,690] {subprocess.py:62} INFO - Tmp dir root location: 
 /tmp
[2022-02-09 07:44:00,691] {subprocess.py:74} INFO - Running command: ['bash', '-c', 'curl -sSL https://s3.amazonaws.com/nyc-tlc/misc/taxi+_zone_lookup.csv > /opt/***/taxi+_zone_lookup.csv']
[2022-02-09 07:44:00,709] {subprocess.py:85} INFO - Output:
[2022-02-09 07:44:00,887] {subprocess.py:93} INFO - Command exited with return code 0
[2022-02-09 07:44:00,917] {taskinstance.py:1277} INFO - Marking task as SUCCESS. dag_id=taxi_zones_data_ingestion_gcs_dag, task_id=download_dataset_task, execution_date=20220209T074358, start_date=20220209T074400, end_date=20220209T074400
[2022-02-09 07:44:00,957] {local_task_job.py:154} INFO - Task exited with return code 0
[2022-02-09 07:44:01,004] {local_task_job.py:264} INFO - 1 downstream tasks scheduled from follow-on schedule check
