[2022-02-09 08:43:01,140] {taskinstance.py:1032} INFO - Dependencies all met for <TaskInstance: yelloTaXi_HW_data_ingestee_gcs_dag.local_to_gcs_task manual__2022-02-09T08:42:27.410159+00:00 [queued]>
[2022-02-09 08:43:01,151] {taskinstance.py:1032} INFO - Dependencies all met for <TaskInstance: yelloTaXi_HW_data_ingestee_gcs_dag.local_to_gcs_task manual__2022-02-09T08:42:27.410159+00:00 [queued]>
[2022-02-09 08:43:01,151] {taskinstance.py:1238} INFO - 
--------------------------------------------------------------------------------
[2022-02-09 08:43:01,151] {taskinstance.py:1239} INFO - Starting attempt 1 of 2
[2022-02-09 08:43:01,151] {taskinstance.py:1240} INFO - 
--------------------------------------------------------------------------------
[2022-02-09 08:43:01,258] {taskinstance.py:1259} INFO - Executing <Task(PythonOperator): local_to_gcs_task> on 2022-02-09 08:42:27.410159+00:00
[2022-02-09 08:43:01,266] {standard_task_runner.py:52} INFO - Started process 456 to run task
[2022-02-09 08:43:01,283] {standard_task_runner.py:76} INFO - Running: ['***', 'tasks', 'run', 'yelloTaXi_HW_data_ingestee_gcs_dag', 'local_to_gcs_task', 'manual__2022-02-09T08:42:27.410159+00:00', '--job-id', '423', '--raw', '--subdir', 'DAGS_FOLDER/yelloTaXi_data_ingestee_gcs_dag.py', '--cfg-path', '/tmp/tmpkwqr6uyx', '--error-file', '/tmp/tmp2tt8m2i5']
[2022-02-09 08:43:01,288] {standard_task_runner.py:77} INFO - Job 423: Subtask local_to_gcs_task
[2022-02-09 08:43:02,053] {logging_mixin.py:109} INFO - Running <TaskInstance: yelloTaXi_HW_data_ingestee_gcs_dag.local_to_gcs_task manual__2022-02-09T08:42:27.410159+00:00 [running]> on host f8848f2383ce
[2022-02-09 08:43:02,662] {warnings.py:110} WARNING - /home/***/.local/lib/python3.7/site-packages/***/utils/context.py:152: AirflowContextDeprecationWarning: Accessing 'execution_date' from the template is deprecated and will be removed in a future version. Please use 'data_interval_start' or 'logical_date' instead.
  warnings.warn(_create_deprecation_warning(key, self._deprecation_replacements[key]))

[2022-02-09 08:43:03,295] {taskinstance.py:1426} INFO - Exporting the following env vars:
AIRFLOW_CTX_DAG_OWNER=***
AIRFLOW_CTX_DAG_ID=yelloTaXi_HW_data_ingestee_gcs_dag
AIRFLOW_CTX_TASK_ID=local_to_gcs_task
AIRFLOW_CTX_EXECUTION_DATE=2022-02-09T08:42:27.410159+00:00
AIRFLOW_CTX_DAG_RUN_ID=manual__2022-02-09T08:42:27.410159+00:00
[2022-02-09 08:43:03,855] {python.py:175} INFO - Done. Returned value was: None
[2022-02-09 08:43:03,871] {taskinstance.py:1277} INFO - Marking task as SUCCESS. dag_id=yelloTaXi_HW_data_ingestee_gcs_dag, task_id=local_to_gcs_task, execution_date=20220209T084227, start_date=20220209T084301, end_date=20220209T084303
[2022-02-09 08:43:04,508] {local_task_job.py:154} INFO - Task exited with return code 0
[2022-02-09 08:43:04,960] {local_task_job.py:264} INFO - 1 downstream tasks scheduled from follow-on schedule check
