[2022-02-09 09:44:36,992] {taskinstance.py:1032} INFO - Dependencies all met for <TaskInstance: FHV_data_HW_ingestion_gcs_dag.format_to_parquet_task scheduled__2020-06-01T23:00:00+00:00 [queued]>
[2022-02-09 09:44:37,031] {taskinstance.py:1032} INFO - Dependencies all met for <TaskInstance: FHV_data_HW_ingestion_gcs_dag.format_to_parquet_task scheduled__2020-06-01T23:00:00+00:00 [queued]>
[2022-02-09 09:44:37,031] {taskinstance.py:1238} INFO - 
--------------------------------------------------------------------------------
[2022-02-09 09:44:37,032] {taskinstance.py:1239} INFO - Starting attempt 1 of 2
[2022-02-09 09:44:37,032] {taskinstance.py:1240} INFO - 
--------------------------------------------------------------------------------
[2022-02-09 09:44:37,185] {taskinstance.py:1259} INFO - Executing <Task(PythonOperator): format_to_parquet_task> on 2020-06-01 23:00:00+00:00
[2022-02-09 09:44:37,200] {standard_task_runner.py:52} INFO - Started process 1146 to run task
[2022-02-09 09:44:37,236] {standard_task_runner.py:76} INFO - Running: ['***', 'tasks', 'run', 'FHV_data_HW_ingestion_gcs_dag', 'format_to_parquet_task', 'scheduled__2020-06-01T23:00:00+00:00', '--job-id', '873', '--raw', '--subdir', 'DAGS_FOLDER/FHV_data_ingest_gcs_dag.py', '--cfg-path', '/tmp/tmpx5eut4e_', '--error-file', '/tmp/tmpu79rbkkk']
[2022-02-09 09:44:37,260] {standard_task_runner.py:77} INFO - Job 873: Subtask format_to_parquet_task
[2022-02-09 09:44:37,767] {logging_mixin.py:109} INFO - Running <TaskInstance: FHV_data_HW_ingestion_gcs_dag.format_to_parquet_task scheduled__2020-06-01T23:00:00+00:00 [running]> on host fb702faa28b9
[2022-02-09 09:44:38,037] {warnings.py:110} WARNING - /home/***/.local/lib/python3.7/site-packages/***/utils/context.py:152: AirflowContextDeprecationWarning: Accessing 'execution_date' from the template is deprecated and will be removed in a future version. Please use 'data_interval_start' or 'logical_date' instead.
  warnings.warn(_create_deprecation_warning(key, self._deprecation_replacements[key]))

[2022-02-09 09:44:38,106] {taskinstance.py:1426} INFO - Exporting the following env vars:
AIRFLOW_CTX_DAG_OWNER=***
AIRFLOW_CTX_DAG_ID=FHV_data_HW_ingestion_gcs_dag
AIRFLOW_CTX_TASK_ID=format_to_parquet_task
AIRFLOW_CTX_EXECUTION_DATE=2020-06-01T23:00:00+00:00
AIRFLOW_CTX_DAG_RUN_ID=scheduled__2020-06-01T23:00:00+00:00
[2022-02-09 09:44:40,300] {python.py:175} INFO - Done. Returned value was: None
[2022-02-09 09:44:40,320] {taskinstance.py:1277} INFO - Marking task as SUCCESS. dag_id=FHV_data_HW_ingestion_gcs_dag, task_id=format_to_parquet_task, execution_date=20200601T230000, start_date=20220209T094436, end_date=20220209T094440
[2022-02-09 09:44:40,401] {local_task_job.py:154} INFO - Task exited with return code 0
[2022-02-09 09:44:40,510] {local_task_job.py:264} INFO - 1 downstream tasks scheduled from follow-on schedule check
