[2022-02-09 08:59:35,429] {taskinstance.py:1032} INFO - Dependencies all met for <TaskInstance: yelloTaXi_HW_data_ingestee_gcs_dag.format_to_parquet_task scheduled__2020-11-01T23:00:00+00:00 [queued]>
[2022-02-09 08:59:35,441] {taskinstance.py:1032} INFO - Dependencies all met for <TaskInstance: yelloTaXi_HW_data_ingestee_gcs_dag.format_to_parquet_task scheduled__2020-11-01T23:00:00+00:00 [queued]>
[2022-02-09 08:59:35,441] {taskinstance.py:1238} INFO - 
--------------------------------------------------------------------------------
[2022-02-09 08:59:35,441] {taskinstance.py:1239} INFO - Starting attempt 1 of 2
[2022-02-09 08:59:35,442] {taskinstance.py:1240} INFO - 
--------------------------------------------------------------------------------
[2022-02-09 08:59:35,455] {taskinstance.py:1259} INFO - Executing <Task(PythonOperator): format_to_parquet_task> on 2020-11-01 23:00:00+00:00
[2022-02-09 08:59:35,464] {standard_task_runner.py:52} INFO - Started process 261 to run task
[2022-02-09 08:59:35,471] {standard_task_runner.py:76} INFO - Running: ['***', 'tasks', 'run', 'yelloTaXi_HW_data_ingestee_gcs_dag', 'format_to_parquet_task', 'scheduled__2020-11-01T23:00:00+00:00', '--job-id', '473', '--raw', '--subdir', 'DAGS_FOLDER/yelloTaXi_data_ingestee_gcs_dag.py', '--cfg-path', '/tmp/tmpmjbgccja', '--error-file', '/tmp/tmp9zqgxstj']
[2022-02-09 08:59:35,472] {standard_task_runner.py:77} INFO - Job 473: Subtask format_to_parquet_task
[2022-02-09 08:59:35,559] {logging_mixin.py:109} INFO - Running <TaskInstance: yelloTaXi_HW_data_ingestee_gcs_dag.format_to_parquet_task scheduled__2020-11-01T23:00:00+00:00 [running]> on host cc021fb126ed
[2022-02-09 08:59:35,623] {warnings.py:110} WARNING - /home/***/.local/lib/python3.7/site-packages/***/utils/context.py:152: AirflowContextDeprecationWarning: Accessing 'execution_date' from the template is deprecated and will be removed in a future version. Please use 'data_interval_start' or 'logical_date' instead.
  warnings.warn(_create_deprecation_warning(key, self._deprecation_replacements[key]))

[2022-02-09 08:59:35,656] {taskinstance.py:1426} INFO - Exporting the following env vars:
AIRFLOW_CTX_DAG_OWNER=***
AIRFLOW_CTX_DAG_ID=yelloTaXi_HW_data_ingestee_gcs_dag
AIRFLOW_CTX_TASK_ID=format_to_parquet_task
AIRFLOW_CTX_EXECUTION_DATE=2020-11-01T23:00:00+00:00
AIRFLOW_CTX_DAG_RUN_ID=scheduled__2020-11-01T23:00:00+00:00
[2022-02-09 08:59:39,307] {python.py:175} INFO - Done. Returned value was: None
[2022-02-09 08:59:39,325] {taskinstance.py:1277} INFO - Marking task as SUCCESS. dag_id=yelloTaXi_HW_data_ingestee_gcs_dag, task_id=format_to_parquet_task, execution_date=20201101T230000, start_date=20220209T085935, end_date=20220209T085939
[2022-02-09 08:59:39,400] {local_task_job.py:154} INFO - Task exited with return code 0
[2022-02-09 08:59:39,465] {local_task_job.py:264} INFO - 1 downstream tasks scheduled from follow-on schedule check
[2022-02-09 09:14:40,759] {taskinstance.py:1032} INFO - Dependencies all met for <TaskInstance: yelloTaXi_HW_data_ingestee_gcs_dag.format_to_parquet_task scheduled__2020-11-01T23:00:00+00:00 [queued]>
[2022-02-09 09:14:40,771] {taskinstance.py:1032} INFO - Dependencies all met for <TaskInstance: yelloTaXi_HW_data_ingestee_gcs_dag.format_to_parquet_task scheduled__2020-11-01T23:00:00+00:00 [queued]>
[2022-02-09 09:14:40,772] {taskinstance.py:1238} INFO - 
--------------------------------------------------------------------------------
[2022-02-09 09:14:40,772] {taskinstance.py:1239} INFO - Starting attempt 1 of 2
[2022-02-09 09:14:40,772] {taskinstance.py:1240} INFO - 
--------------------------------------------------------------------------------
[2022-02-09 09:14:40,786] {taskinstance.py:1259} INFO - Executing <Task(PythonOperator): format_to_parquet_task> on 2020-11-01 23:00:00+00:00
[2022-02-09 09:14:40,793] {standard_task_runner.py:52} INFO - Started process 312 to run task
[2022-02-09 09:14:40,799] {standard_task_runner.py:76} INFO - Running: ['***', 'tasks', 'run', 'yelloTaXi_HW_data_ingestee_gcs_dag', 'format_to_parquet_task', 'scheduled__2020-11-01T23:00:00+00:00', '--job-id', '560', '--raw', '--subdir', 'DAGS_FOLDER/yelloTaXi_data_ingesteee_gcs_dag.py', '--cfg-path', '/tmp/tmpo164zy9u', '--error-file', '/tmp/tmpicj255t2']
[2022-02-09 09:14:40,800] {standard_task_runner.py:77} INFO - Job 560: Subtask format_to_parquet_task
[2022-02-09 09:14:40,879] {logging_mixin.py:109} INFO - Running <TaskInstance: yelloTaXi_HW_data_ingestee_gcs_dag.format_to_parquet_task scheduled__2020-11-01T23:00:00+00:00 [running]> on host 75953ff4f3d5
[2022-02-09 09:14:40,938] {warnings.py:110} WARNING - /home/***/.local/lib/python3.7/site-packages/***/utils/context.py:152: AirflowContextDeprecationWarning: Accessing 'execution_date' from the template is deprecated and will be removed in a future version. Please use 'data_interval_start' or 'logical_date' instead.
  warnings.warn(_create_deprecation_warning(key, self._deprecation_replacements[key]))

[2022-02-09 09:14:40,964] {taskinstance.py:1426} INFO - Exporting the following env vars:
AIRFLOW_CTX_DAG_OWNER=***
AIRFLOW_CTX_DAG_ID=yelloTaXi_HW_data_ingestee_gcs_dag
AIRFLOW_CTX_TASK_ID=format_to_parquet_task
AIRFLOW_CTX_EXECUTION_DATE=2020-11-01T23:00:00+00:00
AIRFLOW_CTX_DAG_RUN_ID=scheduled__2020-11-01T23:00:00+00:00
[2022-02-09 09:14:43,468] {python.py:175} INFO - Done. Returned value was: None
[2022-02-09 09:14:43,482] {taskinstance.py:1277} INFO - Marking task as SUCCESS. dag_id=yelloTaXi_HW_data_ingestee_gcs_dag, task_id=format_to_parquet_task, execution_date=20201101T230000, start_date=20220209T091440, end_date=20220209T091443
[2022-02-09 09:14:43,543] {local_task_job.py:154} INFO - Task exited with return code 0
[2022-02-09 09:14:43,588] {local_task_job.py:264} INFO - 1 downstream tasks scheduled from follow-on schedule check
