[2022-02-09 09:14:59,616] {taskinstance.py:1032} INFO - Dependencies all met for <TaskInstance: yelloTaXi_HW_data_ingestee_gcs_dag.format_to_parquet_task scheduled__2020-11-01T23:00:00+00:00 [queued]>
[2022-02-09 09:14:59,628] {taskinstance.py:1032} INFO - Dependencies all met for <TaskInstance: yelloTaXi_HW_data_ingestee_gcs_dag.format_to_parquet_task scheduled__2020-11-01T23:00:00+00:00 [queued]>
[2022-02-09 09:14:59,628] {taskinstance.py:1238} INFO - 
--------------------------------------------------------------------------------
[2022-02-09 09:14:59,628] {taskinstance.py:1239} INFO - Starting attempt 2 of 3
[2022-02-09 09:14:59,628] {taskinstance.py:1240} INFO - 
--------------------------------------------------------------------------------
[2022-02-09 09:14:59,640] {taskinstance.py:1259} INFO - Executing <Task(PythonOperator): format_to_parquet_task> on 2020-11-01 23:00:00+00:00
[2022-02-09 09:14:59,647] {standard_task_runner.py:52} INFO - Started process 363 to run task
[2022-02-09 09:14:59,654] {standard_task_runner.py:76} INFO - Running: ['***', 'tasks', 'run', 'yelloTaXi_HW_data_ingestee_gcs_dag', 'format_to_parquet_task', 'scheduled__2020-11-01T23:00:00+00:00', '--job-id', '568', '--raw', '--subdir', 'DAGS_FOLDER/yelloTaXi_data_ingesteee_gcs_dag.py', '--cfg-path', '/tmp/tmpw9096pet', '--error-file', '/tmp/tmpvsw0ajnz']
[2022-02-09 09:14:59,655] {standard_task_runner.py:77} INFO - Job 568: Subtask format_to_parquet_task
[2022-02-09 09:14:59,729] {logging_mixin.py:109} INFO - Running <TaskInstance: yelloTaXi_HW_data_ingestee_gcs_dag.format_to_parquet_task scheduled__2020-11-01T23:00:00+00:00 [running]> on host 75953ff4f3d5
[2022-02-09 09:14:59,779] {warnings.py:110} WARNING - /home/***/.local/lib/python3.7/site-packages/***/utils/context.py:152: AirflowContextDeprecationWarning: Accessing 'execution_date' from the template is deprecated and will be removed in a future version. Please use 'data_interval_start' or 'logical_date' instead.
  warnings.warn(_create_deprecation_warning(key, self._deprecation_replacements[key]))

[2022-02-09 09:14:59,806] {taskinstance.py:1426} INFO - Exporting the following env vars:
AIRFLOW_CTX_DAG_OWNER=***
AIRFLOW_CTX_DAG_ID=yelloTaXi_HW_data_ingestee_gcs_dag
AIRFLOW_CTX_TASK_ID=format_to_parquet_task
AIRFLOW_CTX_EXECUTION_DATE=2020-11-01T23:00:00+00:00
AIRFLOW_CTX_DAG_RUN_ID=scheduled__2020-11-01T23:00:00+00:00
[2022-02-09 09:15:01,653] {python.py:175} INFO - Done. Returned value was: None
[2022-02-09 09:15:01,666] {taskinstance.py:1277} INFO - Marking task as SUCCESS. dag_id=yelloTaXi_HW_data_ingestee_gcs_dag, task_id=format_to_parquet_task, execution_date=20201101T230000, start_date=20220209T091459, end_date=20220209T091501
[2022-02-09 09:15:01,756] {local_task_job.py:154} INFO - Task exited with return code 0
[2022-02-09 09:15:01,803] {local_task_job.py:264} INFO - 1 downstream tasks scheduled from follow-on schedule check
