[2022-02-09 10:00:02,933] {taskinstance.py:1032} INFO - Dependencies all met for <TaskInstance: FHV_data_HW_ingestion_gcs_dag.download_dataset_task manual__2022-02-09T09:48:40.999687+00:00 [queued]>
[2022-02-09 10:00:02,947] {taskinstance.py:1032} INFO - Dependencies all met for <TaskInstance: FHV_data_HW_ingestion_gcs_dag.download_dataset_task manual__2022-02-09T09:48:40.999687+00:00 [queued]>
[2022-02-09 10:00:02,948] {taskinstance.py:1238} INFO - 
--------------------------------------------------------------------------------
[2022-02-09 10:00:02,948] {taskinstance.py:1239} INFO - Starting attempt 5 of 6
[2022-02-09 10:00:02,948] {taskinstance.py:1240} INFO - 
--------------------------------------------------------------------------------
[2022-02-09 10:00:02,962] {taskinstance.py:1259} INFO - Executing <Task(BashOperator): download_dataset_task> on 2022-02-09 09:48:40.999687+00:00
[2022-02-09 10:00:02,969] {standard_task_runner.py:52} INFO - Started process 458 to run task
[2022-02-09 10:00:02,976] {standard_task_runner.py:76} INFO - Running: ['***', 'tasks', 'run', 'FHV_data_HW_ingestion_gcs_dag', 'download_dataset_task', 'manual__2022-02-09T09:48:40.999687+00:00', '--job-id', '990', '--raw', '--subdir', 'DAGS_FOLDER/FHV_data_ingest_gcs_dag.py', '--cfg-path', '/tmp/tmpb6noc258', '--error-file', '/tmp/tmp8ihqjndb']
[2022-02-09 10:00:02,977] {standard_task_runner.py:77} INFO - Job 990: Subtask download_dataset_task
[2022-02-09 10:00:03,050] {logging_mixin.py:109} INFO - Running <TaskInstance: FHV_data_HW_ingestion_gcs_dag.download_dataset_task manual__2022-02-09T09:48:40.999687+00:00 [running]> on host 03c3eba9761e
[2022-02-09 10:00:03,102] {warnings.py:110} WARNING - /home/***/.local/lib/python3.7/site-packages/***/utils/context.py:152: AirflowContextDeprecationWarning: Accessing 'execution_date' from the template is deprecated and will be removed in a future version. Please use 'data_interval_start' or 'logical_date' instead.
  warnings.warn(_create_deprecation_warning(key, self._deprecation_replacements[key]))

[2022-02-09 10:00:03,133] {taskinstance.py:1426} INFO - Exporting the following env vars:
AIRFLOW_CTX_DAG_OWNER=***
AIRFLOW_CTX_DAG_ID=FHV_data_HW_ingestion_gcs_dag
AIRFLOW_CTX_TASK_ID=download_dataset_task
AIRFLOW_CTX_EXECUTION_DATE=2022-02-09T09:48:40.999687+00:00
AIRFLOW_CTX_DAG_RUN_ID=manual__2022-02-09T09:48:40.999687+00:00
[2022-02-09 10:00:03,135] {subprocess.py:62} INFO - Tmp dir root location: 
 /tmp
[2022-02-09 10:00:03,136] {subprocess.py:74} INFO - Running command: ['bash', '-c', 'curl -sSL https://nyc-tlc.s3.amazonaws.com/trip+data/fhv_tripdata_2022-02.csv > /opt/***/fhv_tripdata_2022-02.csv']
[2022-02-09 10:00:03,154] {subprocess.py:85} INFO - Output:
[2022-02-09 10:00:03,335] {subprocess.py:93} INFO - Command exited with return code 0
[2022-02-09 10:00:03,367] {taskinstance.py:1277} INFO - Marking task as SUCCESS. dag_id=FHV_data_HW_ingestion_gcs_dag, task_id=download_dataset_task, execution_date=20220209T094840, start_date=20220209T100002, end_date=20220209T100003
[2022-02-09 10:00:03,391] {local_task_job.py:154} INFO - Task exited with return code 0
[2022-02-09 10:00:03,435] {local_task_job.py:264} INFO - 1 downstream tasks scheduled from follow-on schedule check
