[2022-02-09 09:30:16,518] {taskinstance.py:1032} INFO - Dependencies all met for <TaskInstance: yelloTaXii_HW_data_ingestion_gcs_dag.local_to_gcs_task scheduled__2021-01-01T23:00:00+00:00 [queued]>
[2022-02-09 09:30:16,530] {taskinstance.py:1032} INFO - Dependencies all met for <TaskInstance: yelloTaXii_HW_data_ingestion_gcs_dag.local_to_gcs_task scheduled__2021-01-01T23:00:00+00:00 [queued]>
[2022-02-09 09:30:16,530] {taskinstance.py:1238} INFO - 
--------------------------------------------------------------------------------
[2022-02-09 09:30:16,530] {taskinstance.py:1239} INFO - Starting attempt 1 of 2
[2022-02-09 09:30:16,531] {taskinstance.py:1240} INFO - 
--------------------------------------------------------------------------------
[2022-02-09 09:30:16,772] {taskinstance.py:1259} INFO - Executing <Task(PythonOperator): local_to_gcs_task> on 2021-01-01 23:00:00+00:00
[2022-02-09 09:30:16,781] {standard_task_runner.py:52} INFO - Started process 1043 to run task
[2022-02-09 09:30:16,788] {standard_task_runner.py:76} INFO - Running: ['***', 'tasks', 'run', 'yelloTaXii_HW_data_ingestion_gcs_dag', 'local_to_gcs_task', 'scheduled__2021-01-01T23:00:00+00:00', '--job-id', '751', '--raw', '--subdir', 'DAGS_FOLDER/yelloTaXii_data_ingestion_gcs_dag.py', '--cfg-path', '/tmp/tmpk1c5eabl', '--error-file', '/tmp/tmpini0phc4']
[2022-02-09 09:30:16,789] {standard_task_runner.py:77} INFO - Job 751: Subtask local_to_gcs_task
[2022-02-09 09:30:17,182] {logging_mixin.py:109} INFO - Running <TaskInstance: yelloTaXii_HW_data_ingestion_gcs_dag.local_to_gcs_task scheduled__2021-01-01T23:00:00+00:00 [running]> on host 0092064357b4
[2022-02-09 09:30:17,268] {warnings.py:110} WARNING - /home/***/.local/lib/python3.7/site-packages/***/utils/context.py:152: AirflowContextDeprecationWarning: Accessing 'execution_date' from the template is deprecated and will be removed in a future version. Please use 'data_interval_start' or 'logical_date' instead.
  warnings.warn(_create_deprecation_warning(key, self._deprecation_replacements[key]))

[2022-02-09 09:30:17,426] {taskinstance.py:1426} INFO - Exporting the following env vars:
AIRFLOW_CTX_DAG_OWNER=***
AIRFLOW_CTX_DAG_ID=yelloTaXii_HW_data_ingestion_gcs_dag
AIRFLOW_CTX_TASK_ID=local_to_gcs_task
AIRFLOW_CTX_EXECUTION_DATE=2021-01-01T23:00:00+00:00
AIRFLOW_CTX_DAG_RUN_ID=scheduled__2021-01-01T23:00:00+00:00
