[2022-02-07 11:49:35,495] {taskinstance.py:1032} INFO - Dependencies all met for <TaskInstance: yellowTX_HW_data_ingestion_gcs_dag.download_dataset_task scheduled__2019-04-01T23:00:00+00:00 [queued]>
[2022-02-07 11:49:35,596] {taskinstance.py:1032} INFO - Dependencies all met for <TaskInstance: yellowTX_HW_data_ingestion_gcs_dag.download_dataset_task scheduled__2019-04-01T23:00:00+00:00 [queued]>
[2022-02-07 11:49:35,596] {taskinstance.py:1238} INFO - 
--------------------------------------------------------------------------------
[2022-02-07 11:49:35,596] {taskinstance.py:1239} INFO - Starting attempt 1 of 1
[2022-02-07 11:49:35,596] {taskinstance.py:1240} INFO - 
--------------------------------------------------------------------------------
[2022-02-07 11:49:35,720] {taskinstance.py:1259} INFO - Executing <Task(BashOperator): download_dataset_task> on 2019-04-01 23:00:00+00:00
[2022-02-07 11:49:35,784] {standard_task_runner.py:52} INFO - Started process 1814 to run task
[2022-02-07 11:49:35,867] {standard_task_runner.py:76} INFO - Running: ['***', 'tasks', 'run', 'yellowTX_HW_data_ingestion_gcs_dag', 'download_dataset_task', 'scheduled__2019-04-01T23:00:00+00:00', '--job-id', '11', '--raw', '--subdir', 'DAGS_FOLDER/yellowTX_data_ingest_gcs_dag.py', '--cfg-path', '/tmp/tmp68t_lgr0', '--error-file', '/tmp/tmpxyli1h2a']
[2022-02-07 11:49:35,868] {standard_task_runner.py:77} INFO - Job 11: Subtask download_dataset_task
[2022-02-07 11:49:36,351] {logging_mixin.py:109} INFO - Running <TaskInstance: yellowTX_HW_data_ingestion_gcs_dag.download_dataset_task scheduled__2019-04-01T23:00:00+00:00 [running]> on host 52b8b55537b2
[2022-02-07 11:49:36,578] {warnings.py:110} WARNING - /home/***/.local/lib/python3.7/site-packages/***/utils/context.py:152: AirflowContextDeprecationWarning: Accessing 'execution_date' from the template is deprecated and will be removed in a future version. Please use 'data_interval_start' or 'logical_date' instead.
  warnings.warn(_create_deprecation_warning(key, self._deprecation_replacements[key]))

[2022-02-07 11:49:36,814] {taskinstance.py:1426} INFO - Exporting the following env vars:
AIRFLOW_CTX_DAG_OWNER=***
AIRFLOW_CTX_DAG_ID=yellowTX_HW_data_ingestion_gcs_dag
AIRFLOW_CTX_TASK_ID=download_dataset_task
AIRFLOW_CTX_EXECUTION_DATE=2019-04-01T23:00:00+00:00
AIRFLOW_CTX_DAG_RUN_ID=scheduled__2019-04-01T23:00:00+00:00
[2022-02-07 11:49:36,825] {subprocess.py:62} INFO - Tmp dir root location: 
 /tmp
[2022-02-07 11:49:36,825] {subprocess.py:74} INFO - Running command: ['bash', '-c', 'curl -sSL https://s3.amazonaws.com/nyc-tlc/trip+data/yellow_tripdata_2019-04.csv > /opt/***/yellow_tripdata_2019-04.csv']
[2022-02-07 11:49:36,998] {subprocess.py:85} INFO - Output:
[2022-02-07 11:55:46,110] {subprocess.py:93} INFO - Command exited with return code 0
[2022-02-07 11:55:48,116] {taskinstance.py:1277} INFO - Marking task as SUCCESS. dag_id=yellowTX_HW_data_ingestion_gcs_dag, task_id=download_dataset_task, execution_date=20190401T230000, start_date=20220207T114935, end_date=20220207T115548
[2022-02-07 11:55:48,415] {local_task_job.py:154} INFO - Task exited with return code 0
[2022-02-07 11:55:48,734] {local_task_job.py:264} INFO - 1 downstream tasks scheduled from follow-on schedule check
[2022-02-07 12:37:56,292] {taskinstance.py:1032} INFO - Dependencies all met for <TaskInstance: yellowTX_HW_data_ingestion_gcs_dag.download_dataset_task scheduled__2019-04-01T23:00:00+00:00 [queued]>
[2022-02-07 12:37:56,408] {taskinstance.py:1032} INFO - Dependencies all met for <TaskInstance: yellowTX_HW_data_ingestion_gcs_dag.download_dataset_task scheduled__2019-04-01T23:00:00+00:00 [queued]>
[2022-02-07 12:37:56,408] {taskinstance.py:1238} INFO - 
--------------------------------------------------------------------------------
[2022-02-07 12:37:56,408] {taskinstance.py:1239} INFO - Starting attempt 1 of 1
[2022-02-07 12:37:56,408] {taskinstance.py:1240} INFO - 
--------------------------------------------------------------------------------
[2022-02-07 12:37:56,544] {taskinstance.py:1259} INFO - Executing <Task(BashOperator): download_dataset_task> on 2019-04-01 23:00:00+00:00
[2022-02-07 12:37:56,622] {standard_task_runner.py:52} INFO - Started process 381 to run task
[2022-02-07 12:37:56,721] {standard_task_runner.py:76} INFO - Running: ['***', 'tasks', 'run', 'yellowTX_HW_data_ingestion_gcs_dag', 'download_dataset_task', 'scheduled__2019-04-01T23:00:00+00:00', '--job-id', '97', '--raw', '--subdir', 'DAGS_FOLDER/yellowTX_data_ingest_gcs_dag.py', '--cfg-path', '/tmp/tmpfpa5qriy', '--error-file', '/tmp/tmpgnyk_7ob']
[2022-02-07 12:37:56,722] {standard_task_runner.py:77} INFO - Job 97: Subtask download_dataset_task
[2022-02-07 12:37:57,213] {logging_mixin.py:109} INFO - Running <TaskInstance: yellowTX_HW_data_ingestion_gcs_dag.download_dataset_task scheduled__2019-04-01T23:00:00+00:00 [running]> on host 4f748fac91e5
[2022-02-07 12:37:57,471] {warnings.py:110} WARNING - /home/***/.local/lib/python3.7/site-packages/***/utils/context.py:152: AirflowContextDeprecationWarning: Accessing 'execution_date' from the template is deprecated and will be removed in a future version. Please use 'data_interval_start' or 'logical_date' instead.
  warnings.warn(_create_deprecation_warning(key, self._deprecation_replacements[key]))

[2022-02-07 12:37:57,608] {taskinstance.py:1426} INFO - Exporting the following env vars:
AIRFLOW_CTX_DAG_OWNER=***
AIRFLOW_CTX_DAG_ID=yellowTX_HW_data_ingestion_gcs_dag
AIRFLOW_CTX_TASK_ID=download_dataset_task
AIRFLOW_CTX_EXECUTION_DATE=2019-04-01T23:00:00+00:00
AIRFLOW_CTX_DAG_RUN_ID=scheduled__2019-04-01T23:00:00+00:00
[2022-02-07 12:37:57,610] {subprocess.py:62} INFO - Tmp dir root location: 
 /tmp
[2022-02-07 12:37:57,615] {subprocess.py:74} INFO - Running command: ['bash', '-c', 'curl -sSL https://s3.amazonaws.com/nyc-tlc/trip+data/yellow_tripdata_2019-04.csv > /opt/***/yellow_tripdata_2019-04.csv']
[2022-02-07 12:37:57,745] {subprocess.py:85} INFO - Output:
[2022-02-07 12:43:32,646] {subprocess.py:93} INFO - Command exited with return code 0
[2022-02-07 12:43:36,702] {taskinstance.py:1277} INFO - Marking task as SUCCESS. dag_id=yellowTX_HW_data_ingestion_gcs_dag, task_id=download_dataset_task, execution_date=20190401T230000, start_date=20220207T123756, end_date=20220207T124336
[2022-02-07 12:43:41,576] {local_task_job.py:154} INFO - Task exited with return code 0
[2022-02-07 12:43:46,804] {local_task_job.py:264} INFO - 1 downstream tasks scheduled from follow-on schedule check
