[2022-02-09 09:26:27,683] {taskinstance.py:1032} INFO - Dependencies all met for <TaskInstance: yelloTaXii_HW_data_ingestion_gcs_dag.format_to_parquet_task scheduled__2019-07-01T23:00:00+00:00 [queued]>
[2022-02-09 09:26:27,718] {taskinstance.py:1032} INFO - Dependencies all met for <TaskInstance: yelloTaXii_HW_data_ingestion_gcs_dag.format_to_parquet_task scheduled__2019-07-01T23:00:00+00:00 [queued]>
[2022-02-09 09:26:27,718] {taskinstance.py:1238} INFO - 
--------------------------------------------------------------------------------
[2022-02-09 09:26:27,719] {taskinstance.py:1239} INFO - Starting attempt 1 of 2
[2022-02-09 09:26:27,719] {taskinstance.py:1240} INFO - 
--------------------------------------------------------------------------------
[2022-02-09 09:26:27,991] {taskinstance.py:1259} INFO - Executing <Task(PythonOperator): format_to_parquet_task> on 2019-07-01 23:00:00+00:00
[2022-02-09 09:26:27,999] {standard_task_runner.py:52} INFO - Started process 479 to run task
[2022-02-09 09:26:28,015] {standard_task_runner.py:76} INFO - Running: ['***', 'tasks', 'run', 'yelloTaXii_HW_data_ingestion_gcs_dag', 'format_to_parquet_task', 'scheduled__2019-07-01T23:00:00+00:00', '--job-id', '666', '--raw', '--subdir', 'DAGS_FOLDER/yelloTaXii_data_ingestion_gcs_dag.py', '--cfg-path', '/tmp/tmp5j914tk5', '--error-file', '/tmp/tmpdc11197j']
[2022-02-09 09:26:28,025] {standard_task_runner.py:77} INFO - Job 666: Subtask format_to_parquet_task
[2022-02-09 09:26:28,534] {logging_mixin.py:109} INFO - Running <TaskInstance: yelloTaXii_HW_data_ingestion_gcs_dag.format_to_parquet_task scheduled__2019-07-01T23:00:00+00:00 [running]> on host 0092064357b4
[2022-02-09 09:26:28,771] {warnings.py:110} WARNING - /home/***/.local/lib/python3.7/site-packages/***/utils/context.py:152: AirflowContextDeprecationWarning: Accessing 'execution_date' from the template is deprecated and will be removed in a future version. Please use 'data_interval_start' or 'logical_date' instead.
  warnings.warn(_create_deprecation_warning(key, self._deprecation_replacements[key]))

[2022-02-09 09:26:28,858] {taskinstance.py:1426} INFO - Exporting the following env vars:
AIRFLOW_CTX_DAG_OWNER=***
AIRFLOW_CTX_DAG_ID=yelloTaXii_HW_data_ingestion_gcs_dag
AIRFLOW_CTX_TASK_ID=format_to_parquet_task
AIRFLOW_CTX_EXECUTION_DATE=2019-07-01T23:00:00+00:00
AIRFLOW_CTX_DAG_RUN_ID=scheduled__2019-07-01T23:00:00+00:00
[2022-02-09 09:26:48,483] {python.py:175} INFO - Done. Returned value was: None
[2022-02-09 09:26:48,526] {taskinstance.py:1277} INFO - Marking task as SUCCESS. dag_id=yelloTaXii_HW_data_ingestion_gcs_dag, task_id=format_to_parquet_task, execution_date=20190701T230000, start_date=20220209T092627, end_date=20220209T092648
[2022-02-09 09:26:48,575] {local_task_job.py:212} WARNING - State of this instance has been externally set to success. Terminating instance.
[2022-02-09 09:26:48,581] {process_utils.py:124} INFO - Sending Signals.SIGTERM to group 479. PIDs of all processes in the group: [479]
[2022-02-09 09:26:48,581] {process_utils.py:75} INFO - Sending the signal Signals.SIGTERM to group 479
[2022-02-09 09:26:48,797] {process_utils.py:70} INFO - Process psutil.Process(pid=479, status='terminated', exitcode=0, started='09:26:27') (479) terminated with exit code 0
