[2022-02-09 09:29:35,918] {taskinstance.py:1032} INFO - Dependencies all met for <TaskInstance: yelloTaXii_HW_data_ingestion_gcs_dag.download_dataset_task scheduled__2020-10-01T23:00:00+00:00 [queued]>
[2022-02-09 09:29:35,937] {taskinstance.py:1032} INFO - Dependencies all met for <TaskInstance: yelloTaXii_HW_data_ingestion_gcs_dag.download_dataset_task scheduled__2020-10-01T23:00:00+00:00 [queued]>
[2022-02-09 09:29:35,937] {taskinstance.py:1238} INFO - 
--------------------------------------------------------------------------------
[2022-02-09 09:29:35,937] {taskinstance.py:1239} INFO - Starting attempt 1 of 2
[2022-02-09 09:29:35,937] {taskinstance.py:1240} INFO - 
--------------------------------------------------------------------------------
[2022-02-09 09:29:35,959] {taskinstance.py:1259} INFO - Executing <Task(BashOperator): download_dataset_task> on 2020-10-01 23:00:00+00:00
[2022-02-09 09:29:35,968] {standard_task_runner.py:52} INFO - Started process 892 to run task
[2022-02-09 09:29:35,976] {standard_task_runner.py:76} INFO - Running: ['***', 'tasks', 'run', 'yelloTaXii_HW_data_ingestion_gcs_dag', 'download_dataset_task', 'scheduled__2020-10-01T23:00:00+00:00', '--job-id', '728', '--raw', '--subdir', 'DAGS_FOLDER/yelloTaXii_data_ingestion_gcs_dag.py', '--cfg-path', '/tmp/tmp2j1bshp2', '--error-file', '/tmp/tmphe3z6if_']
[2022-02-09 09:29:35,977] {standard_task_runner.py:77} INFO - Job 728: Subtask download_dataset_task
[2022-02-09 09:29:36,079] {logging_mixin.py:109} INFO - Running <TaskInstance: yelloTaXii_HW_data_ingestion_gcs_dag.download_dataset_task scheduled__2020-10-01T23:00:00+00:00 [running]> on host 0092064357b4
[2022-02-09 09:29:36,155] {warnings.py:110} WARNING - /home/***/.local/lib/python3.7/site-packages/***/utils/context.py:152: AirflowContextDeprecationWarning: Accessing 'execution_date' from the template is deprecated and will be removed in a future version. Please use 'data_interval_start' or 'logical_date' instead.
  warnings.warn(_create_deprecation_warning(key, self._deprecation_replacements[key]))

[2022-02-09 09:29:36,192] {taskinstance.py:1426} INFO - Exporting the following env vars:
AIRFLOW_CTX_DAG_OWNER=***
AIRFLOW_CTX_DAG_ID=yelloTaXii_HW_data_ingestion_gcs_dag
AIRFLOW_CTX_TASK_ID=download_dataset_task
AIRFLOW_CTX_EXECUTION_DATE=2020-10-01T23:00:00+00:00
AIRFLOW_CTX_DAG_RUN_ID=scheduled__2020-10-01T23:00:00+00:00
[2022-02-09 09:29:36,193] {subprocess.py:62} INFO - Tmp dir root location: 
 /tmp
[2022-02-09 09:29:36,194] {subprocess.py:74} INFO - Running command: ['bash', '-c', 'curl -sSL https://s3.amazonaws.com/nyc-tlc/trip+data/yellow_tripdata_2020-10.csv > /opt/***/yellow_tripdata_2020-10.csv']
[2022-02-09 09:29:36,227] {subprocess.py:85} INFO - Output:
[2022-02-09 09:29:39,859] {subprocess.py:93} INFO - Command exited with return code 0
[2022-02-09 09:29:39,898] {taskinstance.py:1277} INFO - Marking task as SUCCESS. dag_id=yelloTaXii_HW_data_ingestion_gcs_dag, task_id=download_dataset_task, execution_date=20201001T230000, start_date=20220209T092935, end_date=20220209T092939
[2022-02-09 09:29:39,963] {local_task_job.py:154} INFO - Task exited with return code 0
[2022-02-09 09:29:40,042] {local_task_job.py:264} INFO - 1 downstream tasks scheduled from follow-on schedule check
