[2022-02-09 09:45:14,937] {taskinstance.py:1032} INFO - Dependencies all met for <TaskInstance: FHV_data_HW_ingestion_gcs_dag.download_dataset_task scheduled__2020-11-01T23:00:00+00:00 [queued]>
[2022-02-09 09:45:14,954] {taskinstance.py:1032} INFO - Dependencies all met for <TaskInstance: FHV_data_HW_ingestion_gcs_dag.download_dataset_task scheduled__2020-11-01T23:00:00+00:00 [queued]>
[2022-02-09 09:45:14,955] {taskinstance.py:1238} INFO - 
--------------------------------------------------------------------------------
[2022-02-09 09:45:14,955] {taskinstance.py:1239} INFO - Starting attempt 1 of 2
[2022-02-09 09:45:14,955] {taskinstance.py:1240} INFO - 
--------------------------------------------------------------------------------
[2022-02-09 09:45:14,981] {taskinstance.py:1259} INFO - Executing <Task(BashOperator): download_dataset_task> on 2020-11-01 23:00:00+00:00
[2022-02-09 09:45:14,990] {standard_task_runner.py:52} INFO - Started process 1287 to run task
[2022-02-09 09:45:15,003] {standard_task_runner.py:76} INFO - Running: ['***', 'tasks', 'run', 'FHV_data_HW_ingestion_gcs_dag', 'download_dataset_task', 'scheduled__2020-11-01T23:00:00+00:00', '--job-id', '896', '--raw', '--subdir', 'DAGS_FOLDER/FHV_data_ingest_gcs_dag.py', '--cfg-path', '/tmp/tmpcl3gawx4', '--error-file', '/tmp/tmpbedn8h2i']
[2022-02-09 09:45:15,016] {standard_task_runner.py:77} INFO - Job 896: Subtask download_dataset_task
[2022-02-09 09:45:15,186] {logging_mixin.py:109} INFO - Running <TaskInstance: FHV_data_HW_ingestion_gcs_dag.download_dataset_task scheduled__2020-11-01T23:00:00+00:00 [running]> on host fb702faa28b9
[2022-02-09 09:45:15,296] {warnings.py:110} WARNING - /home/***/.local/lib/python3.7/site-packages/***/utils/context.py:152: AirflowContextDeprecationWarning: Accessing 'execution_date' from the template is deprecated and will be removed in a future version. Please use 'data_interval_start' or 'logical_date' instead.
  warnings.warn(_create_deprecation_warning(key, self._deprecation_replacements[key]))

[2022-02-09 09:45:15,341] {taskinstance.py:1426} INFO - Exporting the following env vars:
AIRFLOW_CTX_DAG_OWNER=***
AIRFLOW_CTX_DAG_ID=FHV_data_HW_ingestion_gcs_dag
AIRFLOW_CTX_TASK_ID=download_dataset_task
AIRFLOW_CTX_EXECUTION_DATE=2020-11-01T23:00:00+00:00
AIRFLOW_CTX_DAG_RUN_ID=scheduled__2020-11-01T23:00:00+00:00
[2022-02-09 09:45:15,342] {subprocess.py:62} INFO - Tmp dir root location: 
 /tmp
[2022-02-09 09:45:15,343] {subprocess.py:74} INFO - Running command: ['bash', '-c', 'curl -sSL https://nyc-tlc.s3.amazonaws.com/trip+data/fhv_tripdata_2020-11.csv > /opt/***/fhv_tripdata_2020-11.csv']
[2022-02-09 09:45:15,366] {subprocess.py:85} INFO - Output:
[2022-02-09 09:45:17,820] {subprocess.py:93} INFO - Command exited with return code 0
[2022-02-09 09:45:18,047] {taskinstance.py:1277} INFO - Marking task as SUCCESS. dag_id=FHV_data_HW_ingestion_gcs_dag, task_id=download_dataset_task, execution_date=20201101T230000, start_date=20220209T094514, end_date=20220209T094518
[2022-02-09 09:45:18,150] {local_task_job.py:154} INFO - Task exited with return code 0
[2022-02-09 09:45:18,423] {local_task_job.py:264} INFO - 0 downstream tasks scheduled from follow-on schedule check
