[2022-02-09 09:00:03,132] {taskinstance.py:1032} INFO - Dependencies all met for <TaskInstance: yelloTaXi_HW_data_ingestee_gcs_dag.format_to_parquet_task scheduled__2021-02-01T23:00:00+00:00 [queued]>
[2022-02-09 09:00:03,145] {taskinstance.py:1032} INFO - Dependencies all met for <TaskInstance: yelloTaXi_HW_data_ingestee_gcs_dag.format_to_parquet_task scheduled__2021-02-01T23:00:00+00:00 [queued]>
[2022-02-09 09:00:03,145] {taskinstance.py:1238} INFO - 
--------------------------------------------------------------------------------
[2022-02-09 09:00:03,145] {taskinstance.py:1239} INFO - Starting attempt 1 of 2
[2022-02-09 09:00:03,145] {taskinstance.py:1240} INFO - 
--------------------------------------------------------------------------------
[2022-02-09 09:00:03,159] {taskinstance.py:1259} INFO - Executing <Task(PythonOperator): format_to_parquet_task> on 2021-02-01 23:00:00+00:00
[2022-02-09 09:00:03,166] {standard_task_runner.py:52} INFO - Started process 339 to run task
[2022-02-09 09:00:03,174] {standard_task_runner.py:76} INFO - Running: ['***', 'tasks', 'run', 'yelloTaXi_HW_data_ingestee_gcs_dag', 'format_to_parquet_task', 'scheduled__2021-02-01T23:00:00+00:00', '--job-id', '484', '--raw', '--subdir', 'DAGS_FOLDER/yelloTaXi_data_ingestee_gcs_dag.py', '--cfg-path', '/tmp/tmpg62pwpb8', '--error-file', '/tmp/tmp_u15iegm']
[2022-02-09 09:00:03,175] {standard_task_runner.py:77} INFO - Job 484: Subtask format_to_parquet_task
[2022-02-09 09:00:03,262] {logging_mixin.py:109} INFO - Running <TaskInstance: yelloTaXi_HW_data_ingestee_gcs_dag.format_to_parquet_task scheduled__2021-02-01T23:00:00+00:00 [running]> on host cc021fb126ed
[2022-02-09 09:00:03,312] {warnings.py:110} WARNING - /home/***/.local/lib/python3.7/site-packages/***/utils/context.py:152: AirflowContextDeprecationWarning: Accessing 'execution_date' from the template is deprecated and will be removed in a future version. Please use 'data_interval_start' or 'logical_date' instead.
  warnings.warn(_create_deprecation_warning(key, self._deprecation_replacements[key]))

[2022-02-09 09:00:03,348] {taskinstance.py:1426} INFO - Exporting the following env vars:
AIRFLOW_CTX_DAG_OWNER=***
AIRFLOW_CTX_DAG_ID=yelloTaXi_HW_data_ingestee_gcs_dag
AIRFLOW_CTX_TASK_ID=format_to_parquet_task
AIRFLOW_CTX_EXECUTION_DATE=2021-02-01T23:00:00+00:00
AIRFLOW_CTX_DAG_RUN_ID=scheduled__2021-02-01T23:00:00+00:00
[2022-02-09 09:00:05,475] {python.py:175} INFO - Done. Returned value was: None
[2022-02-09 09:00:05,494] {taskinstance.py:1277} INFO - Marking task as SUCCESS. dag_id=yelloTaXi_HW_data_ingestee_gcs_dag, task_id=format_to_parquet_task, execution_date=20210201T230000, start_date=20220209T090003, end_date=20220209T090005
[2022-02-09 09:00:05,569] {local_task_job.py:154} INFO - Task exited with return code 0
[2022-02-09 09:00:05,668] {local_task_job.py:264} INFO - 1 downstream tasks scheduled from follow-on schedule check
[2022-02-09 09:15:39,180] {taskinstance.py:1032} INFO - Dependencies all met for <TaskInstance: yelloTaXi_HW_data_ingestee_gcs_dag.format_to_parquet_task scheduled__2021-02-01T23:00:00+00:00 [queued]>
[2022-02-09 09:15:39,193] {taskinstance.py:1032} INFO - Dependencies all met for <TaskInstance: yelloTaXi_HW_data_ingestee_gcs_dag.format_to_parquet_task scheduled__2021-02-01T23:00:00+00:00 [queued]>
[2022-02-09 09:15:39,194] {taskinstance.py:1238} INFO - 
--------------------------------------------------------------------------------
[2022-02-09 09:15:39,194] {taskinstance.py:1239} INFO - Starting attempt 1 of 2
[2022-02-09 09:15:39,194] {taskinstance.py:1240} INFO - 
--------------------------------------------------------------------------------
[2022-02-09 09:15:39,208] {taskinstance.py:1259} INFO - Executing <Task(PythonOperator): format_to_parquet_task> on 2021-02-01 23:00:00+00:00
[2022-02-09 09:15:39,214] {standard_task_runner.py:52} INFO - Started process 472 to run task
[2022-02-09 09:15:39,221] {standard_task_runner.py:76} INFO - Running: ['***', 'tasks', 'run', 'yelloTaXi_HW_data_ingestee_gcs_dag', 'format_to_parquet_task', 'scheduled__2021-02-01T23:00:00+00:00', '--job-id', '584', '--raw', '--subdir', 'DAGS_FOLDER/yelloTaXi_data_ingesteee_gcs_dag.py', '--cfg-path', '/tmp/tmp8p2jlwo7', '--error-file', '/tmp/tmp3bqotuh0']
[2022-02-09 09:15:39,222] {standard_task_runner.py:77} INFO - Job 584: Subtask format_to_parquet_task
[2022-02-09 09:15:39,311] {logging_mixin.py:109} INFO - Running <TaskInstance: yelloTaXi_HW_data_ingestee_gcs_dag.format_to_parquet_task scheduled__2021-02-01T23:00:00+00:00 [running]> on host 75953ff4f3d5
[2022-02-09 09:15:39,381] {warnings.py:110} WARNING - /home/***/.local/lib/python3.7/site-packages/***/utils/context.py:152: AirflowContextDeprecationWarning: Accessing 'execution_date' from the template is deprecated and will be removed in a future version. Please use 'data_interval_start' or 'logical_date' instead.
  warnings.warn(_create_deprecation_warning(key, self._deprecation_replacements[key]))

[2022-02-09 09:15:39,409] {taskinstance.py:1426} INFO - Exporting the following env vars:
AIRFLOW_CTX_DAG_OWNER=***
AIRFLOW_CTX_DAG_ID=yelloTaXi_HW_data_ingestee_gcs_dag
AIRFLOW_CTX_TASK_ID=format_to_parquet_task
AIRFLOW_CTX_EXECUTION_DATE=2021-02-01T23:00:00+00:00
AIRFLOW_CTX_DAG_RUN_ID=scheduled__2021-02-01T23:00:00+00:00
[2022-02-09 09:15:41,247] {python.py:175} INFO - Done. Returned value was: None
[2022-02-09 09:15:41,261] {taskinstance.py:1277} INFO - Marking task as SUCCESS. dag_id=yelloTaXi_HW_data_ingestee_gcs_dag, task_id=format_to_parquet_task, execution_date=20210201T230000, start_date=20220209T091539, end_date=20220209T091541
[2022-02-09 09:15:41,331] {local_task_job.py:154} INFO - Task exited with return code 0
[2022-02-09 09:15:41,381] {local_task_job.py:264} INFO - 1 downstream tasks scheduled from follow-on schedule check
