[2022-02-09 09:01:20,442] {taskinstance.py:1032} INFO - Dependencies all met for <TaskInstance: yelloTaXi_HW_data_ingestee_gcs_dag.bigquery_external_table_task scheduled__2021-10-01T23:00:00+00:00 [queued]>
[2022-02-09 09:01:20,460] {taskinstance.py:1032} INFO - Dependencies all met for <TaskInstance: yelloTaXi_HW_data_ingestee_gcs_dag.bigquery_external_table_task scheduled__2021-10-01T23:00:00+00:00 [queued]>
[2022-02-09 09:01:20,461] {taskinstance.py:1238} INFO - 
--------------------------------------------------------------------------------
[2022-02-09 09:01:20,461] {taskinstance.py:1239} INFO - Starting attempt 1 of 2
[2022-02-09 09:01:20,461] {taskinstance.py:1240} INFO - 
--------------------------------------------------------------------------------
[2022-02-09 09:01:20,482] {taskinstance.py:1259} INFO - Executing <Task(BigQueryCreateExternalTableOperator): bigquery_external_table_task> on 2021-10-01 23:00:00+00:00
[2022-02-09 09:01:20,496] {standard_task_runner.py:52} INFO - Started process 548 to run task
[2022-02-09 09:01:20,510] {standard_task_runner.py:76} INFO - Running: ['***', 'tasks', 'run', 'yelloTaXi_HW_data_ingestee_gcs_dag', 'bigquery_external_table_task', 'scheduled__2021-10-01T23:00:00+00:00', '--job-id', '514', '--raw', '--subdir', 'DAGS_FOLDER/yelloTaXi_data_ingestee_gcs_dag.py', '--cfg-path', '/tmp/tmpqucl8k1f', '--error-file', '/tmp/tmpxmujrukl']
[2022-02-09 09:01:20,511] {standard_task_runner.py:77} INFO - Job 514: Subtask bigquery_external_table_task
[2022-02-09 09:01:20,611] {logging_mixin.py:109} INFO - Running <TaskInstance: yelloTaXi_HW_data_ingestee_gcs_dag.bigquery_external_table_task scheduled__2021-10-01T23:00:00+00:00 [running]> on host cc021fb126ed
[2022-02-09 09:01:20,685] {warnings.py:110} WARNING - /home/***/.local/lib/python3.7/site-packages/***/utils/context.py:152: AirflowContextDeprecationWarning: Accessing 'execution_date' from the template is deprecated and will be removed in a future version. Please use 'data_interval_start' or 'logical_date' instead.
  warnings.warn(_create_deprecation_warning(key, self._deprecation_replacements[key]))

[2022-02-09 09:01:20,723] {taskinstance.py:1426} INFO - Exporting the following env vars:
AIRFLOW_CTX_DAG_OWNER=***
AIRFLOW_CTX_DAG_ID=yelloTaXi_HW_data_ingestee_gcs_dag
AIRFLOW_CTX_TASK_ID=bigquery_external_table_task
AIRFLOW_CTX_EXECUTION_DATE=2021-10-01T23:00:00+00:00
AIRFLOW_CTX_DAG_RUN_ID=scheduled__2021-10-01T23:00:00+00:00
[2022-02-09 09:01:20,726] {crypto.py:82} WARNING - empty cryptography key - values will not be stored encrypted.
[2022-02-09 09:01:22,332] {taskinstance.py:1277} INFO - Marking task as SUCCESS. dag_id=yelloTaXi_HW_data_ingestee_gcs_dag, task_id=bigquery_external_table_task, execution_date=20211001T230000, start_date=20220209T090120, end_date=20220209T090122
[2022-02-09 09:01:22,369] {local_task_job.py:154} INFO - Task exited with return code 0
[2022-02-09 09:01:22,405] {local_task_job.py:264} INFO - 0 downstream tasks scheduled from follow-on schedule check
[2022-02-09 09:17:08,369] {taskinstance.py:1032} INFO - Dependencies all met for <TaskInstance: yelloTaXi_HW_data_ingestee_gcs_dag.bigquery_external_table_task scheduled__2021-10-01T23:00:00+00:00 [queued]>
[2022-02-09 09:17:08,388] {taskinstance.py:1032} INFO - Dependencies all met for <TaskInstance: yelloTaXi_HW_data_ingestee_gcs_dag.bigquery_external_table_task scheduled__2021-10-01T23:00:00+00:00 [queued]>
[2022-02-09 09:17:08,388] {taskinstance.py:1238} INFO - 
--------------------------------------------------------------------------------
[2022-02-09 09:17:08,388] {taskinstance.py:1239} INFO - Starting attempt 1 of 2
[2022-02-09 09:17:08,388] {taskinstance.py:1240} INFO - 
--------------------------------------------------------------------------------
[2022-02-09 09:17:08,409] {taskinstance.py:1259} INFO - Executing <Task(BigQueryCreateExternalTableOperator): bigquery_external_table_task> on 2021-10-01 23:00:00+00:00
[2022-02-09 09:17:08,418] {standard_task_runner.py:52} INFO - Started process 711 to run task
[2022-02-09 09:17:08,429] {standard_task_runner.py:76} INFO - Running: ['***', 'tasks', 'run', 'yelloTaXi_HW_data_ingestee_gcs_dag', 'bigquery_external_table_task', 'scheduled__2021-10-01T23:00:00+00:00', '--job-id', '619', '--raw', '--subdir', 'DAGS_FOLDER/yelloTaXi_data_ingesteee_gcs_dag.py', '--cfg-path', '/tmp/tmpwdes9ksg', '--error-file', '/tmp/tmpz8d69vjq']
[2022-02-09 09:17:08,431] {standard_task_runner.py:77} INFO - Job 619: Subtask bigquery_external_table_task
[2022-02-09 09:17:08,542] {logging_mixin.py:109} INFO - Running <TaskInstance: yelloTaXi_HW_data_ingestee_gcs_dag.bigquery_external_table_task scheduled__2021-10-01T23:00:00+00:00 [running]> on host 75953ff4f3d5
[2022-02-09 09:17:08,604] {warnings.py:110} WARNING - /home/***/.local/lib/python3.7/site-packages/***/utils/context.py:152: AirflowContextDeprecationWarning: Accessing 'execution_date' from the template is deprecated and will be removed in a future version. Please use 'data_interval_start' or 'logical_date' instead.
  warnings.warn(_create_deprecation_warning(key, self._deprecation_replacements[key]))

[2022-02-09 09:17:08,639] {taskinstance.py:1426} INFO - Exporting the following env vars:
AIRFLOW_CTX_DAG_OWNER=***
AIRFLOW_CTX_DAG_ID=yelloTaXi_HW_data_ingestee_gcs_dag
AIRFLOW_CTX_TASK_ID=bigquery_external_table_task
AIRFLOW_CTX_EXECUTION_DATE=2021-10-01T23:00:00+00:00
AIRFLOW_CTX_DAG_RUN_ID=scheduled__2021-10-01T23:00:00+00:00
[2022-02-09 09:17:08,642] {crypto.py:82} WARNING - empty cryptography key - values will not be stored encrypted.
[2022-02-09 09:17:09,692] {taskinstance.py:1277} INFO - Marking task as SUCCESS. dag_id=yelloTaXi_HW_data_ingestee_gcs_dag, task_id=bigquery_external_table_task, execution_date=20211001T230000, start_date=20220209T091708, end_date=20220209T091709
[2022-02-09 09:17:09,731] {local_task_job.py:154} INFO - Task exited with return code 0
[2022-02-09 09:17:09,844] {local_task_job.py:264} INFO - 0 downstream tasks scheduled from follow-on schedule check
