[2022-02-07 14:16:43,318] {processor.py:163} INFO - Started process (PID=1354) to work on /opt/airflow/dags/taxi_zones_data_ingest_gcs_dag.py
[2022-02-07 14:16:43,320] {processor.py:642} INFO - Processing file /opt/airflow/dags/taxi_zones_data_ingest_gcs_dag.py for tasks to queue
[2022-02-07 14:16:43,320] {logging_mixin.py:109} INFO - [2022-02-07 14:16:43,320] {dagbag.py:500} INFO - Filling up the DagBag from /opt/airflow/dags/taxi_zones_data_ingest_gcs_dag.py
[2022-02-07 14:16:44,175] {processor.py:654} INFO - DAG(s) dict_keys(['taxi_zones_data_ingestion_gcs_dag']) retrieved from /opt/airflow/dags/taxi_zones_data_ingest_gcs_dag.py
[2022-02-07 14:16:45,924] {logging_mixin.py:109} INFO - [2022-02-07 14:16:45,924] {manager.py:496} INFO - Created Permission View: can edit on DAG:taxi_zones_data_ingestion_gcs_dag
[2022-02-07 14:16:45,932] {logging_mixin.py:109} INFO - [2022-02-07 14:16:45,932] {manager.py:496} INFO - Created Permission View: can read on DAG:taxi_zones_data_ingestion_gcs_dag
[2022-02-07 14:16:45,932] {logging_mixin.py:109} INFO - [2022-02-07 14:16:45,932] {dag.py:2396} INFO - Sync 1 DAGs
[2022-02-07 14:16:45,939] {logging_mixin.py:109} INFO - [2022-02-07 14:16:45,939] {dag.py:2415} INFO - Creating ORM DAG for taxi_zones_data_ingestion_gcs_dag
[2022-02-07 14:16:45,950] {logging_mixin.py:109} INFO - [2022-02-07 14:16:45,950] {dag.py:2935} INFO - Setting next_dagrun for taxi_zones_data_ingestion_gcs_dag to 2022-02-06T00:00:00+00:00
[2022-02-07 14:16:45,965] {processor.py:171} INFO - Processing /opt/airflow/dags/taxi_zones_data_ingest_gcs_dag.py took 2.651 seconds
[2022-02-07 14:17:16,075] {processor.py:163} INFO - Started process (PID=1395) to work on /opt/airflow/dags/taxi_zones_data_ingest_gcs_dag.py
[2022-02-07 14:17:16,077] {processor.py:642} INFO - Processing file /opt/airflow/dags/taxi_zones_data_ingest_gcs_dag.py for tasks to queue
[2022-02-07 14:17:16,078] {logging_mixin.py:109} INFO - [2022-02-07 14:17:16,078] {dagbag.py:500} INFO - Filling up the DagBag from /opt/airflow/dags/taxi_zones_data_ingest_gcs_dag.py
[2022-02-07 14:17:17,252] {processor.py:654} INFO - DAG(s) dict_keys(['taxi_zones_data_ingestion_gcs_dag']) retrieved from /opt/airflow/dags/taxi_zones_data_ingest_gcs_dag.py
[2022-02-07 14:17:17,261] {logging_mixin.py:109} INFO - [2022-02-07 14:17:17,261] {dag.py:2396} INFO - Sync 1 DAGs
[2022-02-07 14:17:17,278] {logging_mixin.py:109} INFO - [2022-02-07 14:17:17,278] {dag.py:2935} INFO - Setting next_dagrun for taxi_zones_data_ingestion_gcs_dag to 2022-02-06T00:00:00+00:00
[2022-02-07 14:17:17,287] {processor.py:171} INFO - Processing /opt/airflow/dags/taxi_zones_data_ingest_gcs_dag.py took 1.218 seconds
[2022-02-07 14:17:47,381] {processor.py:163} INFO - Started process (PID=1430) to work on /opt/airflow/dags/taxi_zones_data_ingest_gcs_dag.py
[2022-02-07 14:17:47,383] {processor.py:642} INFO - Processing file /opt/airflow/dags/taxi_zones_data_ingest_gcs_dag.py for tasks to queue
[2022-02-07 14:17:47,384] {logging_mixin.py:109} INFO - [2022-02-07 14:17:47,384] {dagbag.py:500} INFO - Filling up the DagBag from /opt/airflow/dags/taxi_zones_data_ingest_gcs_dag.py
[2022-02-07 14:17:48,240] {processor.py:654} INFO - DAG(s) dict_keys(['taxi_zones_data_ingestion_gcs_dag']) retrieved from /opt/airflow/dags/taxi_zones_data_ingest_gcs_dag.py
[2022-02-07 14:17:48,250] {logging_mixin.py:109} INFO - [2022-02-07 14:17:48,250] {dag.py:2396} INFO - Sync 1 DAGs
[2022-02-07 14:17:48,267] {logging_mixin.py:109} INFO - [2022-02-07 14:17:48,267] {dag.py:2935} INFO - Setting next_dagrun for taxi_zones_data_ingestion_gcs_dag to 2022-02-06T00:00:00+00:00
[2022-02-07 14:17:48,276] {processor.py:171} INFO - Processing /opt/airflow/dags/taxi_zones_data_ingest_gcs_dag.py took 0.900 seconds
[2022-02-07 14:18:18,330] {processor.py:163} INFO - Started process (PID=1472) to work on /opt/airflow/dags/taxi_zones_data_ingest_gcs_dag.py
[2022-02-07 14:18:18,332] {processor.py:642} INFO - Processing file /opt/airflow/dags/taxi_zones_data_ingest_gcs_dag.py for tasks to queue
[2022-02-07 14:18:18,333] {logging_mixin.py:109} INFO - [2022-02-07 14:18:18,333] {dagbag.py:500} INFO - Filling up the DagBag from /opt/airflow/dags/taxi_zones_data_ingest_gcs_dag.py
[2022-02-07 14:18:19,193] {processor.py:654} INFO - DAG(s) dict_keys(['taxi_zones_data_ingestion_gcs_dag']) retrieved from /opt/airflow/dags/taxi_zones_data_ingest_gcs_dag.py
[2022-02-07 14:18:19,207] {logging_mixin.py:109} INFO - [2022-02-07 14:18:19,207] {dag.py:2396} INFO - Sync 1 DAGs
[2022-02-07 14:18:19,233] {logging_mixin.py:109} INFO - [2022-02-07 14:18:19,233] {dag.py:2935} INFO - Setting next_dagrun for taxi_zones_data_ingestion_gcs_dag to 2022-02-06T00:00:00+00:00
[2022-02-07 14:18:19,244] {processor.py:171} INFO - Processing /opt/airflow/dags/taxi_zones_data_ingest_gcs_dag.py took 0.919 seconds
[2022-02-07 14:18:49,276] {processor.py:163} INFO - Started process (PID=1505) to work on /opt/airflow/dags/taxi_zones_data_ingest_gcs_dag.py
[2022-02-07 14:18:49,279] {processor.py:642} INFO - Processing file /opt/airflow/dags/taxi_zones_data_ingest_gcs_dag.py for tasks to queue
[2022-02-07 14:18:49,280] {logging_mixin.py:109} INFO - [2022-02-07 14:18:49,280] {dagbag.py:500} INFO - Filling up the DagBag from /opt/airflow/dags/taxi_zones_data_ingest_gcs_dag.py
[2022-02-07 14:18:50,135] {processor.py:654} INFO - DAG(s) dict_keys(['taxi_zones_data_ingestion_gcs_dag']) retrieved from /opt/airflow/dags/taxi_zones_data_ingest_gcs_dag.py
[2022-02-07 14:18:50,144] {logging_mixin.py:109} INFO - [2022-02-07 14:18:50,144] {dag.py:2396} INFO - Sync 1 DAGs
[2022-02-07 14:18:50,163] {logging_mixin.py:109} INFO - [2022-02-07 14:18:50,163] {dag.py:2935} INFO - Setting next_dagrun for taxi_zones_data_ingestion_gcs_dag to 2022-02-06T00:00:00+00:00
[2022-02-07 14:18:50,173] {processor.py:171} INFO - Processing /opt/airflow/dags/taxi_zones_data_ingest_gcs_dag.py took 0.902 seconds
