[2022-02-09 09:56:36,577] {taskinstance.py:1032} INFO - Dependencies all met for <TaskInstance: FHV_data_HW_ingestion_gcs_dag.download_dataset_task manual__2022-02-09T09:42:29.191686+00:00 [queued]>
[2022-02-09 09:56:36,589] {taskinstance.py:1032} INFO - Dependencies all met for <TaskInstance: FHV_data_HW_ingestion_gcs_dag.download_dataset_task manual__2022-02-09T09:42:29.191686+00:00 [queued]>
[2022-02-09 09:56:36,589] {taskinstance.py:1238} INFO - 
--------------------------------------------------------------------------------
[2022-02-09 09:56:36,589] {taskinstance.py:1239} INFO - Starting attempt 2 of 3
[2022-02-09 09:56:36,589] {taskinstance.py:1240} INFO - 
--------------------------------------------------------------------------------
[2022-02-09 09:56:36,602] {taskinstance.py:1259} INFO - Executing <Task(BashOperator): download_dataset_task> on 2022-02-09 09:42:29.191686+00:00
[2022-02-09 09:56:36,608] {standard_task_runner.py:52} INFO - Started process 245 to run task
[2022-02-09 09:56:36,613] {standard_task_runner.py:76} INFO - Running: ['***', 'tasks', 'run', 'FHV_data_HW_ingestion_gcs_dag', 'download_dataset_task', 'manual__2022-02-09T09:42:29.191686+00:00', '--job-id', '978', '--raw', '--subdir', 'DAGS_FOLDER/FHV_data_ingest_gcs_dag.py', '--cfg-path', '/tmp/tmpsnb5vnhw', '--error-file', '/tmp/tmpn9pv1ijb']
[2022-02-09 09:56:36,614] {standard_task_runner.py:77} INFO - Job 978: Subtask download_dataset_task
[2022-02-09 09:56:36,684] {logging_mixin.py:109} INFO - Running <TaskInstance: FHV_data_HW_ingestion_gcs_dag.download_dataset_task manual__2022-02-09T09:42:29.191686+00:00 [running]> on host 03c3eba9761e
[2022-02-09 09:56:36,732] {warnings.py:110} WARNING - /home/***/.local/lib/python3.7/site-packages/***/utils/context.py:152: AirflowContextDeprecationWarning: Accessing 'execution_date' from the template is deprecated and will be removed in a future version. Please use 'data_interval_start' or 'logical_date' instead.
  warnings.warn(_create_deprecation_warning(key, self._deprecation_replacements[key]))

[2022-02-09 09:56:36,754] {taskinstance.py:1426} INFO - Exporting the following env vars:
AIRFLOW_CTX_DAG_OWNER=***
AIRFLOW_CTX_DAG_ID=FHV_data_HW_ingestion_gcs_dag
AIRFLOW_CTX_TASK_ID=download_dataset_task
AIRFLOW_CTX_EXECUTION_DATE=2022-02-09T09:42:29.191686+00:00
AIRFLOW_CTX_DAG_RUN_ID=manual__2022-02-09T09:42:29.191686+00:00
[2022-02-09 09:56:36,755] {subprocess.py:62} INFO - Tmp dir root location: 
 /tmp
[2022-02-09 09:56:36,756] {subprocess.py:74} INFO - Running command: ['bash', '-c', 'curl -sSL https://nyc-tlc.s3.amazonaws.com/trip+data/fhv_tripdata_2022-02.csv > /opt/***/fhv_tripdata_2022-02.csv']
[2022-02-09 09:56:36,770] {subprocess.py:85} INFO - Output:
[2022-02-09 09:56:36,933] {subprocess.py:93} INFO - Command exited with return code 0
[2022-02-09 09:56:36,964] {taskinstance.py:1277} INFO - Marking task as SUCCESS. dag_id=FHV_data_HW_ingestion_gcs_dag, task_id=download_dataset_task, execution_date=20220209T094229, start_date=20220209T095636, end_date=20220209T095636
[2022-02-09 09:56:36,986] {local_task_job.py:154} INFO - Task exited with return code 0
[2022-02-09 09:56:37,031] {local_task_job.py:264} INFO - 1 downstream tasks scheduled from follow-on schedule check
