[2022-02-09 09:59:48,742] {taskinstance.py:1032} INFO - Dependencies all met for <TaskInstance: FHV_data_HW_ingestion_gcs_dag.download_dataset_task manual__2022-02-09T09:42:29.191686+00:00 [queued]>
[2022-02-09 09:59:48,754] {taskinstance.py:1032} INFO - Dependencies all met for <TaskInstance: FHV_data_HW_ingestion_gcs_dag.download_dataset_task manual__2022-02-09T09:42:29.191686+00:00 [queued]>
[2022-02-09 09:59:48,754] {taskinstance.py:1238} INFO - 
--------------------------------------------------------------------------------
[2022-02-09 09:59:48,754] {taskinstance.py:1239} INFO - Starting attempt 3 of 4
[2022-02-09 09:59:48,754] {taskinstance.py:1240} INFO - 
--------------------------------------------------------------------------------
[2022-02-09 09:59:48,768] {taskinstance.py:1259} INFO - Executing <Task(BashOperator): download_dataset_task> on 2022-02-09 09:42:29.191686+00:00
[2022-02-09 09:59:48,775] {standard_task_runner.py:52} INFO - Started process 430 to run task
[2022-02-09 09:59:48,782] {standard_task_runner.py:76} INFO - Running: ['***', 'tasks', 'run', 'FHV_data_HW_ingestion_gcs_dag', 'download_dataset_task', 'manual__2022-02-09T09:42:29.191686+00:00', '--job-id', '986', '--raw', '--subdir', 'DAGS_FOLDER/FHV_data_ingest_gcs_dag.py', '--cfg-path', '/tmp/tmpx2wdr4i7', '--error-file', '/tmp/tmplg7f1vv_']
[2022-02-09 09:59:48,783] {standard_task_runner.py:77} INFO - Job 986: Subtask download_dataset_task
[2022-02-09 09:59:48,856] {logging_mixin.py:109} INFO - Running <TaskInstance: FHV_data_HW_ingestion_gcs_dag.download_dataset_task manual__2022-02-09T09:42:29.191686+00:00 [running]> on host 03c3eba9761e
[2022-02-09 09:59:48,905] {warnings.py:110} WARNING - /home/***/.local/lib/python3.7/site-packages/***/utils/context.py:152: AirflowContextDeprecationWarning: Accessing 'execution_date' from the template is deprecated and will be removed in a future version. Please use 'data_interval_start' or 'logical_date' instead.
  warnings.warn(_create_deprecation_warning(key, self._deprecation_replacements[key]))

[2022-02-09 09:59:48,927] {taskinstance.py:1426} INFO - Exporting the following env vars:
AIRFLOW_CTX_DAG_OWNER=***
AIRFLOW_CTX_DAG_ID=FHV_data_HW_ingestion_gcs_dag
AIRFLOW_CTX_TASK_ID=download_dataset_task
AIRFLOW_CTX_EXECUTION_DATE=2022-02-09T09:42:29.191686+00:00
AIRFLOW_CTX_DAG_RUN_ID=manual__2022-02-09T09:42:29.191686+00:00
[2022-02-09 09:59:48,933] {subprocess.py:62} INFO - Tmp dir root location: 
 /tmp
[2022-02-09 09:59:48,934] {subprocess.py:74} INFO - Running command: ['bash', '-c', 'curl -sSL https://nyc-tlc.s3.amazonaws.com/trip+data/fhv_tripdata_2022-02.csv > /opt/***/fhv_tripdata_2022-02.csv']
[2022-02-09 09:59:48,953] {subprocess.py:85} INFO - Output:
[2022-02-09 09:59:49,120] {subprocess.py:93} INFO - Command exited with return code 0
[2022-02-09 09:59:49,154] {taskinstance.py:1277} INFO - Marking task as SUCCESS. dag_id=FHV_data_HW_ingestion_gcs_dag, task_id=download_dataset_task, execution_date=20220209T094229, start_date=20220209T095948, end_date=20220209T095949
[2022-02-09 09:59:49,201] {local_task_job.py:154} INFO - Task exited with return code 0
[2022-02-09 09:59:49,277] {local_task_job.py:264} INFO - 1 downstream tasks scheduled from follow-on schedule check
