[2022-02-09 10:13:55,983] {taskinstance.py:1032} INFO - Dependencies all met for <TaskInstance: FHV_data_HW_ingestion_gcs_dag.format_to_parquet_task scheduled__2021-12-01T23:00:00+00:00 [queued]>
[2022-02-09 10:13:55,994] {taskinstance.py:1032} INFO - Dependencies all met for <TaskInstance: FHV_data_HW_ingestion_gcs_dag.format_to_parquet_task scheduled__2021-12-01T23:00:00+00:00 [queued]>
[2022-02-09 10:13:55,994] {taskinstance.py:1238} INFO - 
--------------------------------------------------------------------------------
[2022-02-09 10:13:55,994] {taskinstance.py:1239} INFO - Starting attempt 2 of 3
[2022-02-09 10:13:55,995] {taskinstance.py:1240} INFO - 
--------------------------------------------------------------------------------
[2022-02-09 10:13:56,007] {taskinstance.py:1259} INFO - Executing <Task(PythonOperator): format_to_parquet_task> on 2021-12-01 23:00:00+00:00
[2022-02-09 10:13:56,013] {standard_task_runner.py:52} INFO - Started process 448 to run task
[2022-02-09 10:13:56,020] {standard_task_runner.py:76} INFO - Running: ['***', 'tasks', 'run', 'FHV_data_HW_ingestion_gcs_dag', 'format_to_parquet_task', 'scheduled__2021-12-01T23:00:00+00:00', '--job-id', '1001', '--raw', '--subdir', 'DAGS_FOLDER/FHV_data_ingest_gcs_dag.py', '--cfg-path', '/tmp/tmp9m97li9v', '--error-file', '/tmp/tmp0pu6j4ea']
[2022-02-09 10:13:56,021] {standard_task_runner.py:77} INFO - Job 1001: Subtask format_to_parquet_task
[2022-02-09 10:13:56,093] {logging_mixin.py:109} INFO - Running <TaskInstance: FHV_data_HW_ingestion_gcs_dag.format_to_parquet_task scheduled__2021-12-01T23:00:00+00:00 [running]> on host 6d9722f64c69
[2022-02-09 10:13:56,142] {warnings.py:110} WARNING - /home/***/.local/lib/python3.7/site-packages/***/utils/context.py:152: AirflowContextDeprecationWarning: Accessing 'execution_date' from the template is deprecated and will be removed in a future version. Please use 'data_interval_start' or 'logical_date' instead.
  warnings.warn(_create_deprecation_warning(key, self._deprecation_replacements[key]))

[2022-02-09 10:13:56,167] {taskinstance.py:1426} INFO - Exporting the following env vars:
AIRFLOW_CTX_DAG_OWNER=***
AIRFLOW_CTX_DAG_ID=FHV_data_HW_ingestion_gcs_dag
AIRFLOW_CTX_TASK_ID=format_to_parquet_task
AIRFLOW_CTX_EXECUTION_DATE=2021-12-01T23:00:00+00:00
AIRFLOW_CTX_DAG_RUN_ID=scheduled__2021-12-01T23:00:00+00:00
[2022-02-09 10:13:56,295] {python.py:175} INFO - Done. Returned value was: None
[2022-02-09 10:13:56,314] {taskinstance.py:1277} INFO - Marking task as SUCCESS. dag_id=FHV_data_HW_ingestion_gcs_dag, task_id=format_to_parquet_task, execution_date=20211201T230000, start_date=20220209T101355, end_date=20220209T101356
[2022-02-09 10:13:56,353] {local_task_job.py:154} INFO - Task exited with return code 0
[2022-02-09 10:13:56,415] {local_task_job.py:264} INFO - 1 downstream tasks scheduled from follow-on schedule check
