[2022-02-09 09:40:06,348] {taskinstance.py:1032} INFO - Dependencies all met for <TaskInstance: yelloTaXii_HW_data_ingestion_gcs_dag.format_to_parquet_task scheduled__2021-04-01T23:00:00+00:00 [queued]>
[2022-02-09 09:40:06,360] {taskinstance.py:1032} INFO - Dependencies all met for <TaskInstance: yelloTaXii_HW_data_ingestion_gcs_dag.format_to_parquet_task scheduled__2021-04-01T23:00:00+00:00 [queued]>
[2022-02-09 09:40:06,361] {taskinstance.py:1238} INFO - 
--------------------------------------------------------------------------------
[2022-02-09 09:40:06,361] {taskinstance.py:1239} INFO - Starting attempt 2 of 3
[2022-02-09 09:40:06,361] {taskinstance.py:1240} INFO - 
--------------------------------------------------------------------------------
[2022-02-09 09:40:06,373] {taskinstance.py:1259} INFO - Executing <Task(PythonOperator): format_to_parquet_task> on 2021-04-01 23:00:00+00:00
[2022-02-09 09:40:06,380] {standard_task_runner.py:52} INFO - Started process 580 to run task
[2022-02-09 09:40:06,388] {standard_task_runner.py:76} INFO - Running: ['***', 'tasks', 'run', 'yelloTaXii_HW_data_ingestion_gcs_dag', 'format_to_parquet_task', 'scheduled__2021-04-01T23:00:00+00:00', '--job-id', '801', '--raw', '--subdir', 'DAGS_FOLDER/yelloTaXii_data_ingestion_gcs_dag.py', '--cfg-path', '/tmp/tmp_g_d02ez', '--error-file', '/tmp/tmp_rx5459i']
[2022-02-09 09:40:06,389] {standard_task_runner.py:77} INFO - Job 801: Subtask format_to_parquet_task
[2022-02-09 09:40:06,467] {logging_mixin.py:109} INFO - Running <TaskInstance: yelloTaXii_HW_data_ingestion_gcs_dag.format_to_parquet_task scheduled__2021-04-01T23:00:00+00:00 [running]> on host fb702faa28b9
[2022-02-09 09:40:06,517] {warnings.py:110} WARNING - /home/***/.local/lib/python3.7/site-packages/***/utils/context.py:152: AirflowContextDeprecationWarning: Accessing 'execution_date' from the template is deprecated and will be removed in a future version. Please use 'data_interval_start' or 'logical_date' instead.
  warnings.warn(_create_deprecation_warning(key, self._deprecation_replacements[key]))

[2022-02-09 09:40:06,538] {taskinstance.py:1426} INFO - Exporting the following env vars:
AIRFLOW_CTX_DAG_OWNER=***
AIRFLOW_CTX_DAG_ID=yelloTaXii_HW_data_ingestion_gcs_dag
AIRFLOW_CTX_TASK_ID=format_to_parquet_task
AIRFLOW_CTX_EXECUTION_DATE=2021-04-01T23:00:00+00:00
AIRFLOW_CTX_DAG_RUN_ID=scheduled__2021-04-01T23:00:00+00:00
[2022-02-09 09:40:08,744] {python.py:175} INFO - Done. Returned value was: None
[2022-02-09 09:40:08,761] {taskinstance.py:1277} INFO - Marking task as SUCCESS. dag_id=yelloTaXii_HW_data_ingestion_gcs_dag, task_id=format_to_parquet_task, execution_date=20210401T230000, start_date=20220209T094006, end_date=20220209T094008
[2022-02-09 09:40:08,823] {local_task_job.py:154} INFO - Task exited with return code 0
[2022-02-09 09:40:08,867] {local_task_job.py:264} INFO - 1 downstream tasks scheduled from follow-on schedule check
