[2022-02-09 09:15:12,846] {taskinstance.py:1032} INFO - Dependencies all met for <TaskInstance: yelloTaXi_HW_data_ingestee_gcs_dag.bigquery_external_table_task scheduled__2020-11-01T23:00:00+00:00 [queued]>
[2022-02-09 09:15:12,858] {taskinstance.py:1032} INFO - Dependencies all met for <TaskInstance: yelloTaXi_HW_data_ingestee_gcs_dag.bigquery_external_table_task scheduled__2020-11-01T23:00:00+00:00 [queued]>
[2022-02-09 09:15:12,858] {taskinstance.py:1238} INFO - 
--------------------------------------------------------------------------------
[2022-02-09 09:15:12,859] {taskinstance.py:1239} INFO - Starting attempt 2 of 3
[2022-02-09 09:15:12,859] {taskinstance.py:1240} INFO - 
--------------------------------------------------------------------------------
[2022-02-09 09:15:12,871] {taskinstance.py:1259} INFO - Executing <Task(BigQueryCreateExternalTableOperator): bigquery_external_table_task> on 2020-11-01 23:00:00+00:00
[2022-02-09 09:15:12,878] {standard_task_runner.py:52} INFO - Started process 398 to run task
[2022-02-09 09:15:12,885] {standard_task_runner.py:76} INFO - Running: ['***', 'tasks', 'run', 'yelloTaXi_HW_data_ingestee_gcs_dag', 'bigquery_external_table_task', 'scheduled__2020-11-01T23:00:00+00:00', '--job-id', '573', '--raw', '--subdir', 'DAGS_FOLDER/yelloTaXi_data_ingesteee_gcs_dag.py', '--cfg-path', '/tmp/tmpkhecol5b', '--error-file', '/tmp/tmpwm087uvw']
[2022-02-09 09:15:12,886] {standard_task_runner.py:77} INFO - Job 573: Subtask bigquery_external_table_task
[2022-02-09 09:15:12,960] {logging_mixin.py:109} INFO - Running <TaskInstance: yelloTaXi_HW_data_ingestee_gcs_dag.bigquery_external_table_task scheduled__2020-11-01T23:00:00+00:00 [running]> on host 75953ff4f3d5
[2022-02-09 09:15:13,009] {warnings.py:110} WARNING - /home/***/.local/lib/python3.7/site-packages/***/utils/context.py:152: AirflowContextDeprecationWarning: Accessing 'execution_date' from the template is deprecated and will be removed in a future version. Please use 'data_interval_start' or 'logical_date' instead.
  warnings.warn(_create_deprecation_warning(key, self._deprecation_replacements[key]))

[2022-02-09 09:15:13,034] {taskinstance.py:1426} INFO - Exporting the following env vars:
AIRFLOW_CTX_DAG_OWNER=***
AIRFLOW_CTX_DAG_ID=yelloTaXi_HW_data_ingestee_gcs_dag
AIRFLOW_CTX_TASK_ID=bigquery_external_table_task
AIRFLOW_CTX_EXECUTION_DATE=2020-11-01T23:00:00+00:00
AIRFLOW_CTX_DAG_RUN_ID=scheduled__2020-11-01T23:00:00+00:00
[2022-02-09 09:15:13,036] {crypto.py:82} WARNING - empty cryptography key - values will not be stored encrypted.
[2022-02-09 09:15:14,555] {taskinstance.py:1277} INFO - Marking task as SUCCESS. dag_id=yelloTaXi_HW_data_ingestee_gcs_dag, task_id=bigquery_external_table_task, execution_date=20201101T230000, start_date=20220209T091512, end_date=20220209T091514
[2022-02-09 09:15:14,594] {local_task_job.py:154} INFO - Task exited with return code 0
[2022-02-09 09:15:14,628] {local_task_job.py:264} INFO - 0 downstream tasks scheduled from follow-on schedule check
