[2022-02-09 09:15:23,447] {taskinstance.py:1032} INFO - Dependencies all met for <TaskInstance: yelloTaXi_HW_data_ingestee_gcs_dag.bigquery_external_table_task scheduled__2020-11-01T23:00:00+00:00 [queued]>
[2022-02-09 09:15:23,458] {taskinstance.py:1032} INFO - Dependencies all met for <TaskInstance: yelloTaXi_HW_data_ingestee_gcs_dag.bigquery_external_table_task scheduled__2020-11-01T23:00:00+00:00 [queued]>
[2022-02-09 09:15:23,458] {taskinstance.py:1238} INFO - 
--------------------------------------------------------------------------------
[2022-02-09 09:15:23,458] {taskinstance.py:1239} INFO - Starting attempt 3 of 4
[2022-02-09 09:15:23,458] {taskinstance.py:1240} INFO - 
--------------------------------------------------------------------------------
[2022-02-09 09:15:23,470] {taskinstance.py:1259} INFO - Executing <Task(BigQueryCreateExternalTableOperator): bigquery_external_table_task> on 2020-11-01 23:00:00+00:00
[2022-02-09 09:15:23,478] {standard_task_runner.py:52} INFO - Started process 434 to run task
[2022-02-09 09:15:23,485] {standard_task_runner.py:76} INFO - Running: ['***', 'tasks', 'run', 'yelloTaXi_HW_data_ingestee_gcs_dag', 'bigquery_external_table_task', 'scheduled__2020-11-01T23:00:00+00:00', '--job-id', '578', '--raw', '--subdir', 'DAGS_FOLDER/yelloTaXi_data_ingesteee_gcs_dag.py', '--cfg-path', '/tmp/tmp1ojvlq5_', '--error-file', '/tmp/tmplmy4nx49']
[2022-02-09 09:15:23,486] {standard_task_runner.py:77} INFO - Job 578: Subtask bigquery_external_table_task
[2022-02-09 09:15:23,566] {logging_mixin.py:109} INFO - Running <TaskInstance: yelloTaXi_HW_data_ingestee_gcs_dag.bigquery_external_table_task scheduled__2020-11-01T23:00:00+00:00 [running]> on host 75953ff4f3d5
[2022-02-09 09:15:23,620] {warnings.py:110} WARNING - /home/***/.local/lib/python3.7/site-packages/***/utils/context.py:152: AirflowContextDeprecationWarning: Accessing 'execution_date' from the template is deprecated and will be removed in a future version. Please use 'data_interval_start' or 'logical_date' instead.
  warnings.warn(_create_deprecation_warning(key, self._deprecation_replacements[key]))

[2022-02-09 09:15:23,647] {taskinstance.py:1426} INFO - Exporting the following env vars:
AIRFLOW_CTX_DAG_OWNER=***
AIRFLOW_CTX_DAG_ID=yelloTaXi_HW_data_ingestee_gcs_dag
AIRFLOW_CTX_TASK_ID=bigquery_external_table_task
AIRFLOW_CTX_EXECUTION_DATE=2020-11-01T23:00:00+00:00
AIRFLOW_CTX_DAG_RUN_ID=scheduled__2020-11-01T23:00:00+00:00
[2022-02-09 09:15:23,649] {crypto.py:82} WARNING - empty cryptography key - values will not be stored encrypted.
[2022-02-09 09:15:25,198] {taskinstance.py:1277} INFO - Marking task as SUCCESS. dag_id=yelloTaXi_HW_data_ingestee_gcs_dag, task_id=bigquery_external_table_task, execution_date=20201101T230000, start_date=20220209T091523, end_date=20220209T091525
[2022-02-09 09:15:25,228] {local_task_job.py:154} INFO - Task exited with return code 0
[2022-02-09 09:15:25,263] {local_task_job.py:264} INFO - 0 downstream tasks scheduled from follow-on schedule check
