[2022-02-09 08:58:59,150] {taskinstance.py:1032} INFO - Dependencies all met for <TaskInstance: yelloTaXi_HW_data_ingestee_gcs_dag.bigquery_external_table_task scheduled__2020-07-01T23:00:00+00:00 [queued]>
[2022-02-09 08:58:59,166] {taskinstance.py:1032} INFO - Dependencies all met for <TaskInstance: yelloTaXi_HW_data_ingestee_gcs_dag.bigquery_external_table_task scheduled__2020-07-01T23:00:00+00:00 [queued]>
[2022-02-09 08:58:59,167] {taskinstance.py:1238} INFO - 
--------------------------------------------------------------------------------
[2022-02-09 08:58:59,167] {taskinstance.py:1239} INFO - Starting attempt 1 of 2
[2022-02-09 08:58:59,167] {taskinstance.py:1240} INFO - 
--------------------------------------------------------------------------------
[2022-02-09 08:58:59,180] {taskinstance.py:1259} INFO - Executing <Task(BigQueryCreateExternalTableOperator): bigquery_external_table_task> on 2020-07-01 23:00:00+00:00
[2022-02-09 08:58:59,189] {standard_task_runner.py:52} INFO - Started process 146 to run task
[2022-02-09 08:58:59,197] {standard_task_runner.py:76} INFO - Running: ['***', 'tasks', 'run', 'yelloTaXi_HW_data_ingestee_gcs_dag', 'bigquery_external_table_task', 'scheduled__2020-07-01T23:00:00+00:00', '--job-id', '456', '--raw', '--subdir', 'DAGS_FOLDER/yelloTaXi_data_ingestee_gcs_dag.py', '--cfg-path', '/tmp/tmpe14vv2l5', '--error-file', '/tmp/tmp18g1p3xe']
[2022-02-09 08:58:59,198] {standard_task_runner.py:77} INFO - Job 456: Subtask bigquery_external_table_task
[2022-02-09 08:58:59,296] {logging_mixin.py:109} INFO - Running <TaskInstance: yelloTaXi_HW_data_ingestee_gcs_dag.bigquery_external_table_task scheduled__2020-07-01T23:00:00+00:00 [running]> on host cc021fb126ed
[2022-02-09 08:58:59,358] {warnings.py:110} WARNING - /home/***/.local/lib/python3.7/site-packages/***/utils/context.py:152: AirflowContextDeprecationWarning: Accessing 'execution_date' from the template is deprecated and will be removed in a future version. Please use 'data_interval_start' or 'logical_date' instead.
  warnings.warn(_create_deprecation_warning(key, self._deprecation_replacements[key]))

[2022-02-09 08:58:59,389] {taskinstance.py:1426} INFO - Exporting the following env vars:
AIRFLOW_CTX_DAG_OWNER=***
AIRFLOW_CTX_DAG_ID=yelloTaXi_HW_data_ingestee_gcs_dag
AIRFLOW_CTX_TASK_ID=bigquery_external_table_task
AIRFLOW_CTX_EXECUTION_DATE=2020-07-01T23:00:00+00:00
AIRFLOW_CTX_DAG_RUN_ID=scheduled__2020-07-01T23:00:00+00:00
[2022-02-09 08:58:59,391] {crypto.py:82} WARNING - empty cryptography key - values will not be stored encrypted.
[2022-02-09 08:59:00,047] {taskinstance.py:1277} INFO - Marking task as SUCCESS. dag_id=yelloTaXi_HW_data_ingestee_gcs_dag, task_id=bigquery_external_table_task, execution_date=20200701T230000, start_date=20220209T085859, end_date=20220209T085900
[2022-02-09 08:59:00,093] {local_task_job.py:154} INFO - Task exited with return code 0
[2022-02-09 08:59:00,146] {local_task_job.py:264} INFO - 0 downstream tasks scheduled from follow-on schedule check
[2022-02-09 09:14:29,201] {taskinstance.py:1032} INFO - Dependencies all met for <TaskInstance: yelloTaXi_HW_data_ingestee_gcs_dag.bigquery_external_table_task scheduled__2020-07-01T23:00:00+00:00 [queued]>
[2022-02-09 09:14:29,217] {taskinstance.py:1032} INFO - Dependencies all met for <TaskInstance: yelloTaXi_HW_data_ingestee_gcs_dag.bigquery_external_table_task scheduled__2020-07-01T23:00:00+00:00 [queued]>
[2022-02-09 09:14:29,217] {taskinstance.py:1238} INFO - 
--------------------------------------------------------------------------------
[2022-02-09 09:14:29,218] {taskinstance.py:1239} INFO - Starting attempt 1 of 2
[2022-02-09 09:14:29,218] {taskinstance.py:1240} INFO - 
--------------------------------------------------------------------------------
[2022-02-09 09:14:29,230] {taskinstance.py:1259} INFO - Executing <Task(BigQueryCreateExternalTableOperator): bigquery_external_table_task> on 2020-07-01 23:00:00+00:00
[2022-02-09 09:14:29,238] {standard_task_runner.py:52} INFO - Started process 280 to run task
[2022-02-09 09:14:29,244] {standard_task_runner.py:76} INFO - Running: ['***', 'tasks', 'run', 'yelloTaXi_HW_data_ingestee_gcs_dag', 'bigquery_external_table_task', 'scheduled__2020-07-01T23:00:00+00:00', '--job-id', '555', '--raw', '--subdir', 'DAGS_FOLDER/yelloTaXi_data_ingesteee_gcs_dag.py', '--cfg-path', '/tmp/tmp6fnn_q34', '--error-file', '/tmp/tmp1tba1x0n']
[2022-02-09 09:14:29,245] {standard_task_runner.py:77} INFO - Job 555: Subtask bigquery_external_table_task
[2022-02-09 09:14:29,325] {logging_mixin.py:109} INFO - Running <TaskInstance: yelloTaXi_HW_data_ingestee_gcs_dag.bigquery_external_table_task scheduled__2020-07-01T23:00:00+00:00 [running]> on host 75953ff4f3d5
[2022-02-09 09:14:29,374] {warnings.py:110} WARNING - /home/***/.local/lib/python3.7/site-packages/***/utils/context.py:152: AirflowContextDeprecationWarning: Accessing 'execution_date' from the template is deprecated and will be removed in a future version. Please use 'data_interval_start' or 'logical_date' instead.
  warnings.warn(_create_deprecation_warning(key, self._deprecation_replacements[key]))

[2022-02-09 09:14:29,397] {taskinstance.py:1426} INFO - Exporting the following env vars:
AIRFLOW_CTX_DAG_OWNER=***
AIRFLOW_CTX_DAG_ID=yelloTaXi_HW_data_ingestee_gcs_dag
AIRFLOW_CTX_TASK_ID=bigquery_external_table_task
AIRFLOW_CTX_EXECUTION_DATE=2020-07-01T23:00:00+00:00
AIRFLOW_CTX_DAG_RUN_ID=scheduled__2020-07-01T23:00:00+00:00
[2022-02-09 09:14:29,399] {crypto.py:82} WARNING - empty cryptography key - values will not be stored encrypted.
[2022-02-09 09:14:30,068] {taskinstance.py:1277} INFO - Marking task as SUCCESS. dag_id=yelloTaXi_HW_data_ingestee_gcs_dag, task_id=bigquery_external_table_task, execution_date=20200701T230000, start_date=20220209T091429, end_date=20220209T091430
[2022-02-09 09:14:30,100] {local_task_job.py:154} INFO - Task exited with return code 0
[2022-02-09 09:14:30,135] {local_task_job.py:264} INFO - 0 downstream tasks scheduled from follow-on schedule check
