[2022-02-09 09:27:21,450] {taskinstance.py:1032} INFO - Dependencies all met for <TaskInstance: yelloTaXii_HW_data_ingestion_gcs_dag.download_dataset_task scheduled__2019-11-01T23:00:00+00:00 [queued]>
[2022-02-09 09:27:21,462] {taskinstance.py:1032} INFO - Dependencies all met for <TaskInstance: yelloTaXii_HW_data_ingestion_gcs_dag.download_dataset_task scheduled__2019-11-01T23:00:00+00:00 [queued]>
[2022-02-09 09:27:21,462] {taskinstance.py:1238} INFO - 
--------------------------------------------------------------------------------
[2022-02-09 09:27:21,462] {taskinstance.py:1239} INFO - Starting attempt 1 of 2
[2022-02-09 09:27:21,463] {taskinstance.py:1240} INFO - 
--------------------------------------------------------------------------------
[2022-02-09 09:27:21,478] {taskinstance.py:1259} INFO - Executing <Task(BashOperator): download_dataset_task> on 2019-11-01 23:00:00+00:00
[2022-02-09 09:27:21,485] {standard_task_runner.py:52} INFO - Started process 566 to run task
[2022-02-09 09:27:21,492] {standard_task_runner.py:76} INFO - Running: ['***', 'tasks', 'run', 'yelloTaXii_HW_data_ingestion_gcs_dag', 'download_dataset_task', 'scheduled__2019-11-01T23:00:00+00:00', '--job-id', '680', '--raw', '--subdir', 'DAGS_FOLDER/yelloTaXii_data_ingestion_gcs_dag.py', '--cfg-path', '/tmp/tmpws2017tm', '--error-file', '/tmp/tmpwyrujdr2']
[2022-02-09 09:27:21,494] {standard_task_runner.py:77} INFO - Job 680: Subtask download_dataset_task
[2022-02-09 09:27:21,583] {logging_mixin.py:109} INFO - Running <TaskInstance: yelloTaXii_HW_data_ingestion_gcs_dag.download_dataset_task scheduled__2019-11-01T23:00:00+00:00 [running]> on host 0092064357b4
[2022-02-09 09:27:21,633] {warnings.py:110} WARNING - /home/***/.local/lib/python3.7/site-packages/***/utils/context.py:152: AirflowContextDeprecationWarning: Accessing 'execution_date' from the template is deprecated and will be removed in a future version. Please use 'data_interval_start' or 'logical_date' instead.
  warnings.warn(_create_deprecation_warning(key, self._deprecation_replacements[key]))

[2022-02-09 09:27:21,658] {taskinstance.py:1426} INFO - Exporting the following env vars:
AIRFLOW_CTX_DAG_OWNER=***
AIRFLOW_CTX_DAG_ID=yelloTaXii_HW_data_ingestion_gcs_dag
AIRFLOW_CTX_TASK_ID=download_dataset_task
AIRFLOW_CTX_EXECUTION_DATE=2019-11-01T23:00:00+00:00
AIRFLOW_CTX_DAG_RUN_ID=scheduled__2019-11-01T23:00:00+00:00
[2022-02-09 09:27:21,659] {subprocess.py:62} INFO - Tmp dir root location: 
 /tmp
[2022-02-09 09:27:21,660] {subprocess.py:74} INFO - Running command: ['bash', '-c', 'curl -sSL https://s3.amazonaws.com/nyc-tlc/trip+data/yellow_tripdata_2019-11.csv > /opt/***/yellow_tripdata_2019-11.csv']
[2022-02-09 09:27:21,675] {subprocess.py:85} INFO - Output:
[2022-02-09 09:27:33,248] {subprocess.py:93} INFO - Command exited with return code 0
[2022-02-09 09:27:33,532] {taskinstance.py:1277} INFO - Marking task as SUCCESS. dag_id=yelloTaXii_HW_data_ingestion_gcs_dag, task_id=download_dataset_task, execution_date=20191101T230000, start_date=20220209T092721, end_date=20220209T092733
[2022-02-09 09:27:34,082] {local_task_job.py:154} INFO - Task exited with return code 0
[2022-02-09 09:27:34,385] {local_task_job.py:264} INFO - 1 downstream tasks scheduled from follow-on schedule check
