[2022-02-09 09:01:14,233] {taskinstance.py:1032} INFO - Dependencies all met for <TaskInstance: yelloTaXi_HW_data_ingestee_gcs_dag.format_to_parquet_task scheduled__2021-09-01T23:00:00+00:00 [queued]>
[2022-02-09 09:01:14,250] {taskinstance.py:1032} INFO - Dependencies all met for <TaskInstance: yelloTaXi_HW_data_ingestee_gcs_dag.format_to_parquet_task scheduled__2021-09-01T23:00:00+00:00 [queued]>
[2022-02-09 09:01:14,251] {taskinstance.py:1238} INFO - 
--------------------------------------------------------------------------------
[2022-02-09 09:01:14,251] {taskinstance.py:1239} INFO - Starting attempt 1 of 2
[2022-02-09 09:01:14,251] {taskinstance.py:1240} INFO - 
--------------------------------------------------------------------------------
[2022-02-09 09:01:14,273] {taskinstance.py:1259} INFO - Executing <Task(PythonOperator): format_to_parquet_task> on 2021-09-01 23:00:00+00:00
[2022-02-09 09:01:14,281] {standard_task_runner.py:52} INFO - Started process 514 to run task
[2022-02-09 09:01:14,295] {standard_task_runner.py:76} INFO - Running: ['***', 'tasks', 'run', 'yelloTaXi_HW_data_ingestee_gcs_dag', 'format_to_parquet_task', 'scheduled__2021-09-01T23:00:00+00:00', '--job-id', '508', '--raw', '--subdir', 'DAGS_FOLDER/yelloTaXi_data_ingestee_gcs_dag.py', '--cfg-path', '/tmp/tmp0kw4hzv7', '--error-file', '/tmp/tmppehiq2d1']
[2022-02-09 09:01:14,296] {standard_task_runner.py:77} INFO - Job 508: Subtask format_to_parquet_task
[2022-02-09 09:01:14,501] {logging_mixin.py:109} INFO - Running <TaskInstance: yelloTaXi_HW_data_ingestee_gcs_dag.format_to_parquet_task scheduled__2021-09-01T23:00:00+00:00 [running]> on host cc021fb126ed
[2022-02-09 09:01:14,658] {warnings.py:110} WARNING - /home/***/.local/lib/python3.7/site-packages/***/utils/context.py:152: AirflowContextDeprecationWarning: Accessing 'execution_date' from the template is deprecated and will be removed in a future version. Please use 'data_interval_start' or 'logical_date' instead.
  warnings.warn(_create_deprecation_warning(key, self._deprecation_replacements[key]))

[2022-02-09 09:01:14,714] {taskinstance.py:1426} INFO - Exporting the following env vars:
AIRFLOW_CTX_DAG_OWNER=***
AIRFLOW_CTX_DAG_ID=yelloTaXi_HW_data_ingestee_gcs_dag
AIRFLOW_CTX_TASK_ID=format_to_parquet_task
AIRFLOW_CTX_EXECUTION_DATE=2021-09-01T23:00:00+00:00
AIRFLOW_CTX_DAG_RUN_ID=scheduled__2021-09-01T23:00:00+00:00
[2022-02-09 09:01:15,039] {python.py:175} INFO - Done. Returned value was: None
[2022-02-09 09:01:15,098] {taskinstance.py:1277} INFO - Marking task as SUCCESS. dag_id=yelloTaXi_HW_data_ingestee_gcs_dag, task_id=format_to_parquet_task, execution_date=20210901T230000, start_date=20220209T090114, end_date=20220209T090115
[2022-02-09 09:01:15,199] {local_task_job.py:154} INFO - Task exited with return code 0
[2022-02-09 09:01:15,291] {local_task_job.py:264} INFO - 1 downstream tasks scheduled from follow-on schedule check
[2022-02-09 09:17:02,144] {taskinstance.py:1032} INFO - Dependencies all met for <TaskInstance: yelloTaXi_HW_data_ingestee_gcs_dag.format_to_parquet_task scheduled__2021-09-01T23:00:00+00:00 [queued]>
[2022-02-09 09:17:02,161] {taskinstance.py:1032} INFO - Dependencies all met for <TaskInstance: yelloTaXi_HW_data_ingestee_gcs_dag.format_to_parquet_task scheduled__2021-09-01T23:00:00+00:00 [queued]>
[2022-02-09 09:17:02,161] {taskinstance.py:1238} INFO - 
--------------------------------------------------------------------------------
[2022-02-09 09:17:02,161] {taskinstance.py:1239} INFO - Starting attempt 1 of 2
[2022-02-09 09:17:02,161] {taskinstance.py:1240} INFO - 
--------------------------------------------------------------------------------
[2022-02-09 09:17:02,180] {taskinstance.py:1259} INFO - Executing <Task(PythonOperator): format_to_parquet_task> on 2021-09-01 23:00:00+00:00
[2022-02-09 09:17:02,189] {standard_task_runner.py:52} INFO - Started process 683 to run task
[2022-02-09 09:17:02,207] {standard_task_runner.py:76} INFO - Running: ['***', 'tasks', 'run', 'yelloTaXi_HW_data_ingestee_gcs_dag', 'format_to_parquet_task', 'scheduled__2021-09-01T23:00:00+00:00', '--job-id', '613', '--raw', '--subdir', 'DAGS_FOLDER/yelloTaXi_data_ingesteee_gcs_dag.py', '--cfg-path', '/tmp/tmp_5prqze3', '--error-file', '/tmp/tmp6qy4blpf']
[2022-02-09 09:17:02,208] {standard_task_runner.py:77} INFO - Job 613: Subtask format_to_parquet_task
[2022-02-09 09:17:02,331] {logging_mixin.py:109} INFO - Running <TaskInstance: yelloTaXi_HW_data_ingestee_gcs_dag.format_to_parquet_task scheduled__2021-09-01T23:00:00+00:00 [running]> on host 75953ff4f3d5
[2022-02-09 09:17:02,598] {warnings.py:110} WARNING - /home/***/.local/lib/python3.7/site-packages/***/utils/context.py:152: AirflowContextDeprecationWarning: Accessing 'execution_date' from the template is deprecated and will be removed in a future version. Please use 'data_interval_start' or 'logical_date' instead.
  warnings.warn(_create_deprecation_warning(key, self._deprecation_replacements[key]))

[2022-02-09 09:17:02,645] {taskinstance.py:1426} INFO - Exporting the following env vars:
AIRFLOW_CTX_DAG_OWNER=***
AIRFLOW_CTX_DAG_ID=yelloTaXi_HW_data_ingestee_gcs_dag
AIRFLOW_CTX_TASK_ID=format_to_parquet_task
AIRFLOW_CTX_EXECUTION_DATE=2021-09-01T23:00:00+00:00
AIRFLOW_CTX_DAG_RUN_ID=scheduled__2021-09-01T23:00:00+00:00
[2022-02-09 09:17:02,842] {python.py:175} INFO - Done. Returned value was: None
[2022-02-09 09:17:02,858] {taskinstance.py:1277} INFO - Marking task as SUCCESS. dag_id=yelloTaXi_HW_data_ingestee_gcs_dag, task_id=format_to_parquet_task, execution_date=20210901T230000, start_date=20220209T091702, end_date=20220209T091702
[2022-02-09 09:17:02,897] {local_task_job.py:154} INFO - Task exited with return code 0
[2022-02-09 09:17:03,008] {local_task_job.py:264} INFO - 1 downstream tasks scheduled from follow-on schedule check
