[2022-02-07 12:12:34,616] {taskinstance.py:1032} INFO - Dependencies all met for <TaskInstance: yellowTX_HW_data_ingestion_gcs_dag.format_to_parquet_task scheduled__2021-10-01T23:00:00+00:00 [queued]>
[2022-02-07 12:12:34,636] {taskinstance.py:1032} INFO - Dependencies all met for <TaskInstance: yellowTX_HW_data_ingestion_gcs_dag.format_to_parquet_task scheduled__2021-10-01T23:00:00+00:00 [queued]>
[2022-02-07 12:12:34,645] {taskinstance.py:1238} INFO - 
--------------------------------------------------------------------------------
[2022-02-07 12:12:34,645] {taskinstance.py:1239} INFO - Starting attempt 1 of 1
[2022-02-07 12:12:34,645] {taskinstance.py:1240} INFO - 
--------------------------------------------------------------------------------
[2022-02-07 12:12:34,699] {taskinstance.py:1259} INFO - Executing <Task(PythonOperator): format_to_parquet_task> on 2021-10-01 23:00:00+00:00
[2022-02-07 12:12:34,710] {standard_task_runner.py:52} INFO - Started process 2442 to run task
[2022-02-07 12:12:34,718] {standard_task_runner.py:76} INFO - Running: ['***', 'tasks', 'run', 'yellowTX_HW_data_ingestion_gcs_dag', 'format_to_parquet_task', 'scheduled__2021-10-01T23:00:00+00:00', '--job-id', '69', '--raw', '--subdir', 'DAGS_FOLDER/yellowTX_data_ingest_gcs_dag.py', '--cfg-path', '/tmp/tmpd6m2duof', '--error-file', '/tmp/tmplgoiwxmy']
[2022-02-07 12:12:34,720] {standard_task_runner.py:77} INFO - Job 69: Subtask format_to_parquet_task
[2022-02-07 12:12:34,879] {logging_mixin.py:109} INFO - Running <TaskInstance: yellowTX_HW_data_ingestion_gcs_dag.format_to_parquet_task scheduled__2021-10-01T23:00:00+00:00 [running]> on host 52b8b55537b2
[2022-02-07 12:12:35,156] {warnings.py:110} WARNING - /home/***/.local/lib/python3.7/site-packages/***/utils/context.py:152: AirflowContextDeprecationWarning: Accessing 'execution_date' from the template is deprecated and will be removed in a future version. Please use 'data_interval_start' or 'logical_date' instead.
  warnings.warn(_create_deprecation_warning(key, self._deprecation_replacements[key]))

[2022-02-07 12:12:39,209] {taskinstance.py:1426} INFO - Exporting the following env vars:
AIRFLOW_CTX_DAG_OWNER=***
AIRFLOW_CTX_DAG_ID=yellowTX_HW_data_ingestion_gcs_dag
AIRFLOW_CTX_TASK_ID=format_to_parquet_task
AIRFLOW_CTX_EXECUTION_DATE=2021-10-01T23:00:00+00:00
AIRFLOW_CTX_DAG_RUN_ID=scheduled__2021-10-01T23:00:00+00:00
[2022-02-07 12:12:39,836] {python.py:175} INFO - Done. Returned value was: None
[2022-02-07 12:12:39,850] {taskinstance.py:1277} INFO - Marking task as SUCCESS. dag_id=yellowTX_HW_data_ingestion_gcs_dag, task_id=format_to_parquet_task, execution_date=20211001T230000, start_date=20220207T121234, end_date=20220207T121239
[2022-02-07 12:12:40,350] {local_task_job.py:154} INFO - Task exited with return code 0
[2022-02-07 12:12:40,548] {local_task_job.py:264} INFO - 1 downstream tasks scheduled from follow-on schedule check
