[2022-02-07 11:49:35,628] {taskinstance.py:1032} INFO - Dependencies all met for <TaskInstance: yellowTX_HW_data_ingestion_gcs_dag.download_dataset_task scheduled__2019-02-01T23:00:00+00:00 [queued]>
[2022-02-07 11:49:35,738] {taskinstance.py:1032} INFO - Dependencies all met for <TaskInstance: yellowTX_HW_data_ingestion_gcs_dag.download_dataset_task scheduled__2019-02-01T23:00:00+00:00 [queued]>
[2022-02-07 11:49:35,739] {taskinstance.py:1238} INFO - 
--------------------------------------------------------------------------------
[2022-02-07 11:49:35,739] {taskinstance.py:1239} INFO - Starting attempt 1 of 1
[2022-02-07 11:49:35,739] {taskinstance.py:1240} INFO - 
--------------------------------------------------------------------------------
[2022-02-07 11:49:35,856] {taskinstance.py:1259} INFO - Executing <Task(BashOperator): download_dataset_task> on 2019-02-01 23:00:00+00:00
[2022-02-07 11:49:35,898] {standard_task_runner.py:52} INFO - Started process 1816 to run task
[2022-02-07 11:49:35,946] {standard_task_runner.py:76} INFO - Running: ['***', 'tasks', 'run', 'yellowTX_HW_data_ingestion_gcs_dag', 'download_dataset_task', 'scheduled__2019-02-01T23:00:00+00:00', '--job-id', '13', '--raw', '--subdir', 'DAGS_FOLDER/yellowTX_data_ingest_gcs_dag.py', '--cfg-path', '/tmp/tmphi9nx2q9', '--error-file', '/tmp/tmpzi75yr98']
[2022-02-07 11:49:35,965] {standard_task_runner.py:77} INFO - Job 13: Subtask download_dataset_task
[2022-02-07 11:49:36,400] {logging_mixin.py:109} INFO - Running <TaskInstance: yellowTX_HW_data_ingestion_gcs_dag.download_dataset_task scheduled__2019-02-01T23:00:00+00:00 [running]> on host 52b8b55537b2
[2022-02-07 11:49:36,933] {warnings.py:110} WARNING - /home/***/.local/lib/python3.7/site-packages/***/utils/context.py:152: AirflowContextDeprecationWarning: Accessing 'execution_date' from the template is deprecated and will be removed in a future version. Please use 'data_interval_start' or 'logical_date' instead.
  warnings.warn(_create_deprecation_warning(key, self._deprecation_replacements[key]))

[2022-02-07 11:49:37,023] {taskinstance.py:1426} INFO - Exporting the following env vars:
AIRFLOW_CTX_DAG_OWNER=***
AIRFLOW_CTX_DAG_ID=yellowTX_HW_data_ingestion_gcs_dag
AIRFLOW_CTX_TASK_ID=download_dataset_task
AIRFLOW_CTX_EXECUTION_DATE=2019-02-01T23:00:00+00:00
AIRFLOW_CTX_DAG_RUN_ID=scheduled__2019-02-01T23:00:00+00:00
[2022-02-07 11:49:37,036] {subprocess.py:62} INFO - Tmp dir root location: 
 /tmp
[2022-02-07 11:49:37,037] {subprocess.py:74} INFO - Running command: ['bash', '-c', 'curl -sSL https://s3.amazonaws.com/nyc-tlc/trip+data/yellow_tripdata_2019-02.csv > /opt/***/yellow_tripdata_2019-02.csv']
[2022-02-07 11:49:37,189] {subprocess.py:85} INFO - Output:
[2022-02-07 11:55:31,302] {subprocess.py:93} INFO - Command exited with return code 0
[2022-02-07 11:55:37,341] {taskinstance.py:1277} INFO - Marking task as SUCCESS. dag_id=yellowTX_HW_data_ingestion_gcs_dag, task_id=download_dataset_task, execution_date=20190201T230000, start_date=20220207T114935, end_date=20220207T115537
[2022-02-07 11:55:40,531] {local_task_job.py:154} INFO - Task exited with return code 0
[2022-02-07 11:55:48,210] {local_task_job.py:264} INFO - 0 downstream tasks scheduled from follow-on schedule check
[2022-02-07 12:37:57,072] {taskinstance.py:1032} INFO - Dependencies all met for <TaskInstance: yellowTX_HW_data_ingestion_gcs_dag.download_dataset_task scheduled__2019-02-01T23:00:00+00:00 [queued]>
[2022-02-07 12:37:57,168] {taskinstance.py:1032} INFO - Dependencies all met for <TaskInstance: yellowTX_HW_data_ingestion_gcs_dag.download_dataset_task scheduled__2019-02-01T23:00:00+00:00 [queued]>
[2022-02-07 12:37:57,168] {taskinstance.py:1238} INFO - 
--------------------------------------------------------------------------------
[2022-02-07 12:37:57,168] {taskinstance.py:1239} INFO - Starting attempt 1 of 1
[2022-02-07 12:37:57,169] {taskinstance.py:1240} INFO - 
--------------------------------------------------------------------------------
[2022-02-07 12:37:57,292] {taskinstance.py:1259} INFO - Executing <Task(BashOperator): download_dataset_task> on 2019-02-01 23:00:00+00:00
[2022-02-07 12:37:57,347] {standard_task_runner.py:52} INFO - Started process 385 to run task
[2022-02-07 12:37:57,409] {standard_task_runner.py:76} INFO - Running: ['***', 'tasks', 'run', 'yellowTX_HW_data_ingestion_gcs_dag', 'download_dataset_task', 'scheduled__2019-02-01T23:00:00+00:00', '--job-id', '100', '--raw', '--subdir', 'DAGS_FOLDER/yellowTX_data_ingest_gcs_dag.py', '--cfg-path', '/tmp/tmpzqk36iio', '--error-file', '/tmp/tmp8r77igoj']
[2022-02-07 12:37:57,411] {standard_task_runner.py:77} INFO - Job 100: Subtask download_dataset_task
[2022-02-07 12:37:57,997] {logging_mixin.py:109} INFO - Running <TaskInstance: yellowTX_HW_data_ingestion_gcs_dag.download_dataset_task scheduled__2019-02-01T23:00:00+00:00 [running]> on host 4f748fac91e5
[2022-02-07 12:37:58,398] {warnings.py:110} WARNING - /home/***/.local/lib/python3.7/site-packages/***/utils/context.py:152: AirflowContextDeprecationWarning: Accessing 'execution_date' from the template is deprecated and will be removed in a future version. Please use 'data_interval_start' or 'logical_date' instead.
  warnings.warn(_create_deprecation_warning(key, self._deprecation_replacements[key]))

[2022-02-07 12:37:58,510] {taskinstance.py:1426} INFO - Exporting the following env vars:
AIRFLOW_CTX_DAG_OWNER=***
AIRFLOW_CTX_DAG_ID=yellowTX_HW_data_ingestion_gcs_dag
AIRFLOW_CTX_TASK_ID=download_dataset_task
AIRFLOW_CTX_EXECUTION_DATE=2019-02-01T23:00:00+00:00
AIRFLOW_CTX_DAG_RUN_ID=scheduled__2019-02-01T23:00:00+00:00
[2022-02-07 12:37:58,512] {subprocess.py:62} INFO - Tmp dir root location: 
 /tmp
[2022-02-07 12:37:58,513] {subprocess.py:74} INFO - Running command: ['bash', '-c', 'curl -sSL https://s3.amazonaws.com/nyc-tlc/trip+data/yellow_tripdata_2019-02.csv > /opt/***/yellow_tripdata_2019-02.csv']
[2022-02-07 12:37:58,664] {subprocess.py:85} INFO - Output:
[2022-02-07 12:43:47,311] {subprocess.py:93} INFO - Command exited with return code 0
[2022-02-07 12:43:47,787] {taskinstance.py:1277} INFO - Marking task as SUCCESS. dag_id=yellowTX_HW_data_ingestion_gcs_dag, task_id=download_dataset_task, execution_date=20190201T230000, start_date=20220207T123757, end_date=20220207T124347
[2022-02-07 12:43:48,198] {local_task_job.py:154} INFO - Task exited with return code 0
[2022-02-07 12:43:48,592] {local_task_job.py:264} INFO - 1 downstream tasks scheduled from follow-on schedule check
