[2022-02-09 09:33:29,954] {taskinstance.py:1032} INFO - Dependencies all met for <TaskInstance: yelloTaXii_HW_data_ingestion_gcs_dag.local_to_gcs_task scheduled__2021-05-01T23:00:00+00:00 [queued]>
[2022-02-09 09:33:29,966] {taskinstance.py:1032} INFO - Dependencies all met for <TaskInstance: yelloTaXii_HW_data_ingestion_gcs_dag.local_to_gcs_task scheduled__2021-05-01T23:00:00+00:00 [queued]>
[2022-02-09 09:33:29,966] {taskinstance.py:1238} INFO - 
--------------------------------------------------------------------------------
[2022-02-09 09:33:29,966] {taskinstance.py:1239} INFO - Starting attempt 1 of 2
[2022-02-09 09:33:29,966] {taskinstance.py:1240} INFO - 
--------------------------------------------------------------------------------
[2022-02-09 09:33:29,978] {taskinstance.py:1259} INFO - Executing <Task(PythonOperator): local_to_gcs_task> on 2021-05-01 23:00:00+00:00
[2022-02-09 09:33:29,985] {standard_task_runner.py:52} INFO - Started process 130 to run task
[2022-02-09 09:33:29,990] {standard_task_runner.py:76} INFO - Running: ['***', 'tasks', 'run', 'yelloTaXii_HW_data_ingestion_gcs_dag', 'local_to_gcs_task', 'scheduled__2021-05-01T23:00:00+00:00', '--job-id', '763', '--raw', '--subdir', 'DAGS_FOLDER/yelloTaXii_data_ingestion_gcs_dag.py', '--cfg-path', '/tmp/tmpopah0lps', '--error-file', '/tmp/tmpydjje2xt']
[2022-02-09 09:33:29,991] {standard_task_runner.py:77} INFO - Job 763: Subtask local_to_gcs_task
[2022-02-09 09:33:30,065] {logging_mixin.py:109} INFO - Running <TaskInstance: yelloTaXii_HW_data_ingestion_gcs_dag.local_to_gcs_task scheduled__2021-05-01T23:00:00+00:00 [running]> on host fb702faa28b9
[2022-02-09 09:33:30,113] {warnings.py:110} WARNING - /home/***/.local/lib/python3.7/site-packages/***/utils/context.py:152: AirflowContextDeprecationWarning: Accessing 'execution_date' from the template is deprecated and will be removed in a future version. Please use 'data_interval_start' or 'logical_date' instead.
  warnings.warn(_create_deprecation_warning(key, self._deprecation_replacements[key]))

[2022-02-09 09:33:30,143] {taskinstance.py:1426} INFO - Exporting the following env vars:
AIRFLOW_CTX_DAG_OWNER=***
AIRFLOW_CTX_DAG_ID=yelloTaXii_HW_data_ingestion_gcs_dag
AIRFLOW_CTX_TASK_ID=local_to_gcs_task
AIRFLOW_CTX_EXECUTION_DATE=2021-05-01T23:00:00+00:00
AIRFLOW_CTX_DAG_RUN_ID=scheduled__2021-05-01T23:00:00+00:00
[2022-02-09 09:33:40,287] {python.py:175} INFO - Done. Returned value was: None
[2022-02-09 09:33:40,307] {taskinstance.py:1277} INFO - Marking task as SUCCESS. dag_id=yelloTaXii_HW_data_ingestion_gcs_dag, task_id=local_to_gcs_task, execution_date=20210501T230000, start_date=20220209T093329, end_date=20220209T093340
[2022-02-09 09:33:40,364] {local_task_job.py:154} INFO - Task exited with return code 0
[2022-02-09 09:33:40,417] {local_task_job.py:264} INFO - 1 downstream tasks scheduled from follow-on schedule check
