[2022-02-09 09:42:34,482] {taskinstance.py:1032} INFO - Dependencies all met for <TaskInstance: FHV_data_HW_ingestion_gcs_dag.format_to_parquet_task manual__2022-02-09T09:42:29.191686+00:00 [queued]>
[2022-02-09 09:42:34,495] {taskinstance.py:1032} INFO - Dependencies all met for <TaskInstance: FHV_data_HW_ingestion_gcs_dag.format_to_parquet_task manual__2022-02-09T09:42:29.191686+00:00 [queued]>
[2022-02-09 09:42:34,496] {taskinstance.py:1238} INFO - 
--------------------------------------------------------------------------------
[2022-02-09 09:42:34,496] {taskinstance.py:1239} INFO - Starting attempt 1 of 2
[2022-02-09 09:42:34,496] {taskinstance.py:1240} INFO - 
--------------------------------------------------------------------------------
[2022-02-09 09:42:34,509] {taskinstance.py:1259} INFO - Executing <Task(PythonOperator): format_to_parquet_task> on 2022-02-09 09:42:29.191686+00:00
[2022-02-09 09:42:34,515] {standard_task_runner.py:52} INFO - Started process 756 to run task
[2022-02-09 09:42:34,524] {standard_task_runner.py:76} INFO - Running: ['***', 'tasks', 'run', 'FHV_data_HW_ingestion_gcs_dag', 'format_to_parquet_task', 'manual__2022-02-09T09:42:29.191686+00:00', '--job-id', '814', '--raw', '--subdir', 'DAGS_FOLDER/FHV_data_ingest_gcs_dag.py', '--cfg-path', '/tmp/tmp42nli8bd', '--error-file', '/tmp/tmpro8nn_jr']
[2022-02-09 09:42:34,525] {standard_task_runner.py:77} INFO - Job 814: Subtask format_to_parquet_task
[2022-02-09 09:42:34,595] {logging_mixin.py:109} INFO - Running <TaskInstance: FHV_data_HW_ingestion_gcs_dag.format_to_parquet_task manual__2022-02-09T09:42:29.191686+00:00 [running]> on host fb702faa28b9
[2022-02-09 09:42:34,649] {warnings.py:110} WARNING - /home/***/.local/lib/python3.7/site-packages/***/utils/context.py:152: AirflowContextDeprecationWarning: Accessing 'execution_date' from the template is deprecated and will be removed in a future version. Please use 'data_interval_start' or 'logical_date' instead.
  warnings.warn(_create_deprecation_warning(key, self._deprecation_replacements[key]))

[2022-02-09 09:42:34,678] {taskinstance.py:1426} INFO - Exporting the following env vars:
AIRFLOW_CTX_DAG_OWNER=***
AIRFLOW_CTX_DAG_ID=FHV_data_HW_ingestion_gcs_dag
AIRFLOW_CTX_TASK_ID=format_to_parquet_task
AIRFLOW_CTX_EXECUTION_DATE=2022-02-09T09:42:29.191686+00:00
AIRFLOW_CTX_DAG_RUN_ID=manual__2022-02-09T09:42:29.191686+00:00
[2022-02-09 09:42:34,829] {python.py:175} INFO - Done. Returned value was: None
[2022-02-09 09:42:34,845] {taskinstance.py:1277} INFO - Marking task as SUCCESS. dag_id=FHV_data_HW_ingestion_gcs_dag, task_id=format_to_parquet_task, execution_date=20220209T094229, start_date=20220209T094234, end_date=20220209T094234
[2022-02-09 09:42:34,898] {local_task_job.py:154} INFO - Task exited with return code 0
[2022-02-09 09:42:34,941] {local_task_job.py:264} INFO - 1 downstream tasks scheduled from follow-on schedule check
