[2022-02-09 09:59:50,991] {taskinstance.py:1032} INFO - Dependencies all met for <TaskInstance: FHV_data_HW_ingestion_gcs_dag.format_to_parquet_task manual__2022-02-09T09:42:29.191686+00:00 [queued]>
[2022-02-09 09:59:51,004] {taskinstance.py:1032} INFO - Dependencies all met for <TaskInstance: FHV_data_HW_ingestion_gcs_dag.format_to_parquet_task manual__2022-02-09T09:42:29.191686+00:00 [queued]>
[2022-02-09 09:59:51,004] {taskinstance.py:1238} INFO - 
--------------------------------------------------------------------------------
[2022-02-09 09:59:51,004] {taskinstance.py:1239} INFO - Starting attempt 3 of 4
[2022-02-09 09:59:51,005] {taskinstance.py:1240} INFO - 
--------------------------------------------------------------------------------
[2022-02-09 09:59:51,018] {taskinstance.py:1259} INFO - Executing <Task(PythonOperator): format_to_parquet_task> on 2022-02-09 09:42:29.191686+00:00
[2022-02-09 09:59:51,023] {standard_task_runner.py:52} INFO - Started process 436 to run task
[2022-02-09 09:59:51,028] {standard_task_runner.py:76} INFO - Running: ['***', 'tasks', 'run', 'FHV_data_HW_ingestion_gcs_dag', 'format_to_parquet_task', 'manual__2022-02-09T09:42:29.191686+00:00', '--job-id', '987', '--raw', '--subdir', 'DAGS_FOLDER/FHV_data_ingest_gcs_dag.py', '--cfg-path', '/tmp/tmphs2hhdkg', '--error-file', '/tmp/tmp7nj3vpyo']
[2022-02-09 09:59:51,030] {standard_task_runner.py:77} INFO - Job 987: Subtask format_to_parquet_task
[2022-02-09 09:59:51,102] {logging_mixin.py:109} INFO - Running <TaskInstance: FHV_data_HW_ingestion_gcs_dag.format_to_parquet_task manual__2022-02-09T09:42:29.191686+00:00 [running]> on host 03c3eba9761e
[2022-02-09 09:59:51,148] {warnings.py:110} WARNING - /home/***/.local/lib/python3.7/site-packages/***/utils/context.py:152: AirflowContextDeprecationWarning: Accessing 'execution_date' from the template is deprecated and will be removed in a future version. Please use 'data_interval_start' or 'logical_date' instead.
  warnings.warn(_create_deprecation_warning(key, self._deprecation_replacements[key]))

[2022-02-09 09:59:51,169] {taskinstance.py:1426} INFO - Exporting the following env vars:
AIRFLOW_CTX_DAG_OWNER=***
AIRFLOW_CTX_DAG_ID=FHV_data_HW_ingestion_gcs_dag
AIRFLOW_CTX_TASK_ID=format_to_parquet_task
AIRFLOW_CTX_EXECUTION_DATE=2022-02-09T09:42:29.191686+00:00
AIRFLOW_CTX_DAG_RUN_ID=manual__2022-02-09T09:42:29.191686+00:00
[2022-02-09 09:59:51,302] {python.py:175} INFO - Done. Returned value was: None
[2022-02-09 09:59:51,316] {taskinstance.py:1277} INFO - Marking task as SUCCESS. dag_id=FHV_data_HW_ingestion_gcs_dag, task_id=format_to_parquet_task, execution_date=20220209T094229, start_date=20220209T095950, end_date=20220209T095951
[2022-02-09 09:59:51,362] {local_task_job.py:154} INFO - Task exited with return code 0
[2022-02-09 09:59:51,408] {local_task_job.py:264} INFO - 1 downstream tasks scheduled from follow-on schedule check
