[2022-02-07 12:12:22,486] {taskinstance.py:1032} INFO - Dependencies all met for <TaskInstance: yellowTX_HW_data_ingestion_gcs_dag.download_dataset_task scheduled__2021-11-01T23:00:00+00:00 [queued]>
[2022-02-07 12:12:22,527] {taskinstance.py:1032} INFO - Dependencies all met for <TaskInstance: yellowTX_HW_data_ingestion_gcs_dag.download_dataset_task scheduled__2021-11-01T23:00:00+00:00 [queued]>
[2022-02-07 12:12:22,558] {taskinstance.py:1238} INFO - 
--------------------------------------------------------------------------------
[2022-02-07 12:12:22,558] {taskinstance.py:1239} INFO - Starting attempt 1 of 1
[2022-02-07 12:12:22,558] {taskinstance.py:1240} INFO - 
--------------------------------------------------------------------------------
[2022-02-07 12:12:22,659] {taskinstance.py:1259} INFO - Executing <Task(BashOperator): download_dataset_task> on 2021-11-01 23:00:00+00:00
[2022-02-07 12:12:22,675] {standard_task_runner.py:52} INFO - Started process 2422 to run task
[2022-02-07 12:12:22,694] {standard_task_runner.py:76} INFO - Running: ['***', 'tasks', 'run', 'yellowTX_HW_data_ingestion_gcs_dag', 'download_dataset_task', 'scheduled__2021-11-01T23:00:00+00:00', '--job-id', '67', '--raw', '--subdir', 'DAGS_FOLDER/yellowTX_data_ingest_gcs_dag.py', '--cfg-path', '/tmp/tmpozpc_z59', '--error-file', '/tmp/tmp3mo0d8_w']
[2022-02-07 12:12:22,699] {standard_task_runner.py:77} INFO - Job 67: Subtask download_dataset_task
[2022-02-07 12:12:22,901] {logging_mixin.py:109} INFO - Running <TaskInstance: yellowTX_HW_data_ingestion_gcs_dag.download_dataset_task scheduled__2021-11-01T23:00:00+00:00 [running]> on host 52b8b55537b2
[2022-02-07 12:12:23,048] {warnings.py:110} WARNING - /home/***/.local/lib/python3.7/site-packages/***/utils/context.py:152: AirflowContextDeprecationWarning: Accessing 'execution_date' from the template is deprecated and will be removed in a future version. Please use 'data_interval_start' or 'logical_date' instead.
  warnings.warn(_create_deprecation_warning(key, self._deprecation_replacements[key]))

[2022-02-07 12:12:23,299] {taskinstance.py:1426} INFO - Exporting the following env vars:
AIRFLOW_CTX_DAG_OWNER=***
AIRFLOW_CTX_DAG_ID=yellowTX_HW_data_ingestion_gcs_dag
AIRFLOW_CTX_TASK_ID=download_dataset_task
AIRFLOW_CTX_EXECUTION_DATE=2021-11-01T23:00:00+00:00
AIRFLOW_CTX_DAG_RUN_ID=scheduled__2021-11-01T23:00:00+00:00
[2022-02-07 12:12:23,300] {subprocess.py:62} INFO - Tmp dir root location: 
 /tmp
[2022-02-07 12:12:23,301] {subprocess.py:74} INFO - Running command: ['bash', '-c', 'curl -sSL https://s3.amazonaws.com/nyc-tlc/trip+data/yellow_tripdata_2021-11.csv > /opt/***/yellow_tripdata_2021-11.csv']
[2022-02-07 12:12:23,321] {subprocess.py:85} INFO - Output:
[2022-02-07 12:12:23,480] {subprocess.py:93} INFO - Command exited with return code 0
[2022-02-07 12:12:23,578] {taskinstance.py:1277} INFO - Marking task as SUCCESS. dag_id=yellowTX_HW_data_ingestion_gcs_dag, task_id=download_dataset_task, execution_date=20211101T230000, start_date=20220207T121222, end_date=20220207T121223
[2022-02-07 12:12:23,721] {local_task_job.py:154} INFO - Task exited with return code 0
[2022-02-07 12:12:23,878] {local_task_job.py:264} INFO - 1 downstream tasks scheduled from follow-on schedule check
[2022-02-07 13:15:51,348] {taskinstance.py:1032} INFO - Dependencies all met for <TaskInstance: yellowTX_HW_data_ingestion_gcs_dag.download_dataset_task scheduled__2021-11-01T23:00:00+00:00 [queued]>
[2022-02-07 13:15:51,368] {taskinstance.py:1032} INFO - Dependencies all met for <TaskInstance: yellowTX_HW_data_ingestion_gcs_dag.download_dataset_task scheduled__2021-11-01T23:00:00+00:00 [queued]>
[2022-02-07 13:15:51,368] {taskinstance.py:1238} INFO - 
--------------------------------------------------------------------------------
[2022-02-07 13:15:51,368] {taskinstance.py:1239} INFO - Starting attempt 1 of 1
[2022-02-07 13:15:51,368] {taskinstance.py:1240} INFO - 
--------------------------------------------------------------------------------
[2022-02-07 13:15:51,389] {taskinstance.py:1259} INFO - Executing <Task(BashOperator): download_dataset_task> on 2021-11-01 23:00:00+00:00
[2022-02-07 13:15:51,398] {standard_task_runner.py:52} INFO - Started process 894 to run task
[2022-02-07 13:15:51,411] {standard_task_runner.py:76} INFO - Running: ['***', 'tasks', 'run', 'yellowTX_HW_data_ingestion_gcs_dag', 'download_dataset_task', 'scheduled__2021-11-01T23:00:00+00:00', '--job-id', '145', '--raw', '--subdir', 'DAGS_FOLDER/yellowTX_data_ingest_gcs_dag.py', '--cfg-path', '/tmp/tmp6qff71lr', '--error-file', '/tmp/tmpyc7zv3sa']
[2022-02-07 13:15:51,413] {standard_task_runner.py:77} INFO - Job 145: Subtask download_dataset_task
[2022-02-07 13:15:51,505] {logging_mixin.py:109} INFO - Running <TaskInstance: yellowTX_HW_data_ingestion_gcs_dag.download_dataset_task scheduled__2021-11-01T23:00:00+00:00 [running]> on host 4f748fac91e5
[2022-02-07 13:15:51,564] {warnings.py:110} WARNING - /home/***/.local/lib/python3.7/site-packages/***/utils/context.py:152: AirflowContextDeprecationWarning: Accessing 'execution_date' from the template is deprecated and will be removed in a future version. Please use 'data_interval_start' or 'logical_date' instead.
  warnings.warn(_create_deprecation_warning(key, self._deprecation_replacements[key]))

[2022-02-07 13:15:51,599] {taskinstance.py:1426} INFO - Exporting the following env vars:
AIRFLOW_CTX_DAG_OWNER=***
AIRFLOW_CTX_DAG_ID=yellowTX_HW_data_ingestion_gcs_dag
AIRFLOW_CTX_TASK_ID=download_dataset_task
AIRFLOW_CTX_EXECUTION_DATE=2021-11-01T23:00:00+00:00
AIRFLOW_CTX_DAG_RUN_ID=scheduled__2021-11-01T23:00:00+00:00
[2022-02-07 13:15:51,601] {subprocess.py:62} INFO - Tmp dir root location: 
 /tmp
[2022-02-07 13:15:51,602] {subprocess.py:74} INFO - Running command: ['bash', '-c', 'curl -sSL https://s3.amazonaws.com/nyc-tlc/trip+data/yellow_tripdata_2021-11.csv > /opt/***/yellow_tripdata_2021-11.csv']
[2022-02-07 13:15:51,621] {subprocess.py:85} INFO - Output:
[2022-02-07 13:15:51,651] {subprocess.py:89} INFO - curl: (6) Could not resolve host: s3.amazonaws.com
[2022-02-07 13:15:51,652] {subprocess.py:93} INFO - Command exited with return code 6
[2022-02-07 13:15:51,675] {taskinstance.py:1700} ERROR - Task failed with exception
Traceback (most recent call last):
  File "/home/airflow/.local/lib/python3.7/site-packages/airflow/models/taskinstance.py", line 1329, in _run_raw_task
    self._execute_task_with_callbacks(context)
  File "/home/airflow/.local/lib/python3.7/site-packages/airflow/models/taskinstance.py", line 1455, in _execute_task_with_callbacks
    result = self._execute_task(context, self.task)
  File "/home/airflow/.local/lib/python3.7/site-packages/airflow/models/taskinstance.py", line 1511, in _execute_task
    result = execute_callable(context=context)
  File "/home/airflow/.local/lib/python3.7/site-packages/airflow/operators/bash.py", line 188, in execute
    f'Bash command failed. The command returned a non-zero exit code {result.exit_code}.'
airflow.exceptions.AirflowException: Bash command failed. The command returned a non-zero exit code 6.
[2022-02-07 13:15:51,690] {taskinstance.py:1277} INFO - Marking task as FAILED. dag_id=yellowTX_HW_data_ingestion_gcs_dag, task_id=download_dataset_task, execution_date=20211101T230000, start_date=20220207T131551, end_date=20220207T131551
[2022-02-07 13:15:51,717] {standard_task_runner.py:92} ERROR - Failed to execute job 145 for task download_dataset_task
Traceback (most recent call last):
  File "/home/airflow/.local/lib/python3.7/site-packages/airflow/task/task_runner/standard_task_runner.py", line 85, in _start_by_fork
    args.func(args, dag=self.dag)
  File "/home/airflow/.local/lib/python3.7/site-packages/airflow/cli/cli_parser.py", line 48, in command
    return func(*args, **kwargs)
  File "/home/airflow/.local/lib/python3.7/site-packages/airflow/utils/cli.py", line 92, in wrapper
    return f(*args, **kwargs)
  File "/home/airflow/.local/lib/python3.7/site-packages/airflow/cli/commands/task_command.py", line 298, in task_run
    _run_task_by_selected_method(args, dag, ti)
  File "/home/airflow/.local/lib/python3.7/site-packages/airflow/cli/commands/task_command.py", line 107, in _run_task_by_selected_method
    _run_raw_task(args, ti)
  File "/home/airflow/.local/lib/python3.7/site-packages/airflow/cli/commands/task_command.py", line 184, in _run_raw_task
    error_file=args.error_file,
  File "/home/airflow/.local/lib/python3.7/site-packages/airflow/utils/session.py", line 70, in wrapper
    return func(*args, session=session, **kwargs)
  File "/home/airflow/.local/lib/python3.7/site-packages/airflow/models/taskinstance.py", line 1329, in _run_raw_task
    self._execute_task_with_callbacks(context)
  File "/home/airflow/.local/lib/python3.7/site-packages/airflow/models/taskinstance.py", line 1455, in _execute_task_with_callbacks
    result = self._execute_task(context, self.task)
  File "/home/airflow/.local/lib/python3.7/site-packages/airflow/models/taskinstance.py", line 1511, in _execute_task
    result = execute_callable(context=context)
  File "/home/airflow/.local/lib/python3.7/site-packages/airflow/operators/bash.py", line 188, in execute
    f'Bash command failed. The command returned a non-zero exit code {result.exit_code}.'
airflow.exceptions.AirflowException: Bash command failed. The command returned a non-zero exit code 6.
[2022-02-07 13:15:51,738] {local_task_job.py:154} INFO - Task exited with return code 1
[2022-02-07 13:15:51,806] {local_task_job.py:264} INFO - 0 downstream tasks scheduled from follow-on schedule check
