[2022-02-09 09:28:50,416] {taskinstance.py:1032} INFO - Dependencies all met for <TaskInstance: yelloTaXii_HW_data_ingestion_gcs_dag.bigquery_external_table_task manual__2022-02-09T09:28:40.917322+00:00 [queued]>
[2022-02-09 09:28:50,434] {taskinstance.py:1032} INFO - Dependencies all met for <TaskInstance: yelloTaXii_HW_data_ingestion_gcs_dag.bigquery_external_table_task manual__2022-02-09T09:28:40.917322+00:00 [queued]>
[2022-02-09 09:28:50,434] {taskinstance.py:1238} INFO - 
--------------------------------------------------------------------------------
[2022-02-09 09:28:50,434] {taskinstance.py:1239} INFO - Starting attempt 1 of 2
[2022-02-09 09:28:50,435] {taskinstance.py:1240} INFO - 
--------------------------------------------------------------------------------
[2022-02-09 09:28:50,455] {taskinstance.py:1259} INFO - Executing <Task(BigQueryCreateExternalTableOperator): bigquery_external_table_task> on 2022-02-09 09:28:40.917322+00:00
[2022-02-09 09:28:50,463] {standard_task_runner.py:52} INFO - Started process 754 to run task
[2022-02-09 09:28:50,469] {standard_task_runner.py:76} INFO - Running: ['***', 'tasks', 'run', 'yelloTaXii_HW_data_ingestion_gcs_dag', 'bigquery_external_table_task', 'manual__2022-02-09T09:28:40.917322+00:00', '--job-id', '704', '--raw', '--subdir', 'DAGS_FOLDER/yelloTaXii_data_ingestion_gcs_dag.py', '--cfg-path', '/tmp/tmpd_y94fhq', '--error-file', '/tmp/tmpeghqlahk']
[2022-02-09 09:28:50,471] {standard_task_runner.py:77} INFO - Job 704: Subtask bigquery_external_table_task
[2022-02-09 09:28:50,567] {logging_mixin.py:109} INFO - Running <TaskInstance: yelloTaXii_HW_data_ingestion_gcs_dag.bigquery_external_table_task manual__2022-02-09T09:28:40.917322+00:00 [running]> on host 0092064357b4
[2022-02-09 09:28:50,642] {warnings.py:110} WARNING - /home/***/.local/lib/python3.7/site-packages/***/utils/context.py:152: AirflowContextDeprecationWarning: Accessing 'execution_date' from the template is deprecated and will be removed in a future version. Please use 'data_interval_start' or 'logical_date' instead.
  warnings.warn(_create_deprecation_warning(key, self._deprecation_replacements[key]))

[2022-02-09 09:28:50,675] {taskinstance.py:1426} INFO - Exporting the following env vars:
AIRFLOW_CTX_DAG_OWNER=***
AIRFLOW_CTX_DAG_ID=yelloTaXii_HW_data_ingestion_gcs_dag
AIRFLOW_CTX_TASK_ID=bigquery_external_table_task
AIRFLOW_CTX_EXECUTION_DATE=2022-02-09T09:28:40.917322+00:00
AIRFLOW_CTX_DAG_RUN_ID=manual__2022-02-09T09:28:40.917322+00:00
[2022-02-09 09:28:50,677] {crypto.py:82} WARNING - empty cryptography key - values will not be stored encrypted.
[2022-02-09 09:28:52,223] {taskinstance.py:1277} INFO - Marking task as SUCCESS. dag_id=yelloTaXii_HW_data_ingestion_gcs_dag, task_id=bigquery_external_table_task, execution_date=20220209T092840, start_date=20220209T092850, end_date=20220209T092852
[2022-02-09 09:28:52,291] {local_task_job.py:154} INFO - Task exited with return code 0
[2022-02-09 09:28:52,342] {local_task_job.py:264} INFO - 0 downstream tasks scheduled from follow-on schedule check
