[2022-02-07 11:49:37,173] {taskinstance.py:1032} INFO - Dependencies all met for <TaskInstance: yellowTX_HW_data_ingestion_gcs_dag.download_dataset_task scheduled__2019-08-01T23:00:00+00:00 [queued]>
[2022-02-07 11:49:37,288] {taskinstance.py:1032} INFO - Dependencies all met for <TaskInstance: yellowTX_HW_data_ingestion_gcs_dag.download_dataset_task scheduled__2019-08-01T23:00:00+00:00 [queued]>
[2022-02-07 11:49:37,288] {taskinstance.py:1238} INFO - 
--------------------------------------------------------------------------------
[2022-02-07 11:49:37,288] {taskinstance.py:1239} INFO - Starting attempt 1 of 1
[2022-02-07 11:49:37,288] {taskinstance.py:1240} INFO - 
--------------------------------------------------------------------------------
[2022-02-07 11:49:37,329] {taskinstance.py:1259} INFO - Executing <Task(BashOperator): download_dataset_task> on 2019-08-01 23:00:00+00:00
[2022-02-07 11:49:37,363] {standard_task_runner.py:52} INFO - Started process 1841 to run task
[2022-02-07 11:49:37,388] {standard_task_runner.py:76} INFO - Running: ['***', 'tasks', 'run', 'yellowTX_HW_data_ingestion_gcs_dag', 'download_dataset_task', 'scheduled__2019-08-01T23:00:00+00:00', '--job-id', '16', '--raw', '--subdir', 'DAGS_FOLDER/yellowTX_data_ingest_gcs_dag.py', '--cfg-path', '/tmp/tmptxbgymj3', '--error-file', '/tmp/tmpipfghi7_']
[2022-02-07 11:49:37,390] {standard_task_runner.py:77} INFO - Job 16: Subtask download_dataset_task
[2022-02-07 11:49:37,784] {logging_mixin.py:109} INFO - Running <TaskInstance: yellowTX_HW_data_ingestion_gcs_dag.download_dataset_task scheduled__2019-08-01T23:00:00+00:00 [running]> on host 52b8b55537b2
[2022-02-07 11:49:37,923] {warnings.py:110} WARNING - /home/***/.local/lib/python3.7/site-packages/***/utils/context.py:152: AirflowContextDeprecationWarning: Accessing 'execution_date' from the template is deprecated and will be removed in a future version. Please use 'data_interval_start' or 'logical_date' instead.
  warnings.warn(_create_deprecation_warning(key, self._deprecation_replacements[key]))

[2022-02-07 11:49:38,138] {taskinstance.py:1426} INFO - Exporting the following env vars:
AIRFLOW_CTX_DAG_OWNER=***
AIRFLOW_CTX_DAG_ID=yellowTX_HW_data_ingestion_gcs_dag
AIRFLOW_CTX_TASK_ID=download_dataset_task
AIRFLOW_CTX_EXECUTION_DATE=2019-08-01T23:00:00+00:00
AIRFLOW_CTX_DAG_RUN_ID=scheduled__2019-08-01T23:00:00+00:00
[2022-02-07 11:49:38,139] {subprocess.py:62} INFO - Tmp dir root location: 
 /tmp
[2022-02-07 11:49:38,145] {subprocess.py:74} INFO - Running command: ['bash', '-c', 'curl -sSL https://s3.amazonaws.com/nyc-tlc/trip+data/yellow_tripdata_2019-08.csv > /opt/***/yellow_tripdata_2019-08.csv']
[2022-02-07 11:49:38,319] {subprocess.py:85} INFO - Output:
[2022-02-07 11:54:06,666] {subprocess.py:93} INFO - Command exited with return code 0
[2022-02-07 11:54:15,401] {taskinstance.py:1277} INFO - Marking task as SUCCESS. dag_id=yellowTX_HW_data_ingestion_gcs_dag, task_id=download_dataset_task, execution_date=20190801T230000, start_date=20220207T114937, end_date=20220207T115415
[2022-02-07 11:54:23,047] {local_task_job.py:154} INFO - Task exited with return code 0
[2022-02-07 11:54:27,930] {local_task_job.py:264} INFO - 1 downstream tasks scheduled from follow-on schedule check
[2022-02-07 12:37:58,645] {taskinstance.py:1032} INFO - Dependencies all met for <TaskInstance: yellowTX_HW_data_ingestion_gcs_dag.download_dataset_task scheduled__2019-08-01T23:00:00+00:00 [queued]>
[2022-02-07 12:37:58,760] {taskinstance.py:1032} INFO - Dependencies all met for <TaskInstance: yellowTX_HW_data_ingestion_gcs_dag.download_dataset_task scheduled__2019-08-01T23:00:00+00:00 [queued]>
[2022-02-07 12:37:58,760] {taskinstance.py:1238} INFO - 
--------------------------------------------------------------------------------
[2022-02-07 12:37:58,760] {taskinstance.py:1239} INFO - Starting attempt 1 of 1
[2022-02-07 12:37:58,760] {taskinstance.py:1240} INFO - 
--------------------------------------------------------------------------------
[2022-02-07 12:37:58,824] {taskinstance.py:1259} INFO - Executing <Task(BashOperator): download_dataset_task> on 2019-08-01 23:00:00+00:00
[2022-02-07 12:37:58,860] {standard_task_runner.py:52} INFO - Started process 407 to run task
[2022-02-07 12:37:58,913] {standard_task_runner.py:76} INFO - Running: ['***', 'tasks', 'run', 'yellowTX_HW_data_ingestion_gcs_dag', 'download_dataset_task', 'scheduled__2019-08-01T23:00:00+00:00', '--job-id', '103', '--raw', '--subdir', 'DAGS_FOLDER/yellowTX_data_ingest_gcs_dag.py', '--cfg-path', '/tmp/tmplnsnx0iq', '--error-file', '/tmp/tmp1dpfg3rs']
[2022-02-07 12:37:58,915] {standard_task_runner.py:77} INFO - Job 103: Subtask download_dataset_task
[2022-02-07 12:37:59,169] {logging_mixin.py:109} INFO - Running <TaskInstance: yellowTX_HW_data_ingestion_gcs_dag.download_dataset_task scheduled__2019-08-01T23:00:00+00:00 [running]> on host 4f748fac91e5
[2022-02-07 12:37:59,480] {warnings.py:110} WARNING - /home/***/.local/lib/python3.7/site-packages/***/utils/context.py:152: AirflowContextDeprecationWarning: Accessing 'execution_date' from the template is deprecated and will be removed in a future version. Please use 'data_interval_start' or 'logical_date' instead.
  warnings.warn(_create_deprecation_warning(key, self._deprecation_replacements[key]))

[2022-02-07 12:37:59,581] {taskinstance.py:1426} INFO - Exporting the following env vars:
AIRFLOW_CTX_DAG_OWNER=***
AIRFLOW_CTX_DAG_ID=yellowTX_HW_data_ingestion_gcs_dag
AIRFLOW_CTX_TASK_ID=download_dataset_task
AIRFLOW_CTX_EXECUTION_DATE=2019-08-01T23:00:00+00:00
AIRFLOW_CTX_DAG_RUN_ID=scheduled__2019-08-01T23:00:00+00:00
[2022-02-07 12:37:59,584] {subprocess.py:62} INFO - Tmp dir root location: 
 /tmp
[2022-02-07 12:37:59,585] {subprocess.py:74} INFO - Running command: ['bash', '-c', 'curl -sSL https://s3.amazonaws.com/nyc-tlc/trip+data/yellow_tripdata_2019-08.csv > /opt/***/yellow_tripdata_2019-08.csv']
[2022-02-07 12:37:59,676] {subprocess.py:85} INFO - Output:
[2022-02-07 12:43:00,622] {subprocess.py:93} INFO - Command exited with return code 0
[2022-02-07 12:43:06,223] {taskinstance.py:1277} INFO - Marking task as SUCCESS. dag_id=yellowTX_HW_data_ingestion_gcs_dag, task_id=download_dataset_task, execution_date=20190801T230000, start_date=20220207T123758, end_date=20220207T124306
[2022-02-07 12:43:16,482] {local_task_job.py:154} INFO - Task exited with return code 0
[2022-02-07 12:43:19,101] {local_task_job.py:264} INFO - 1 downstream tasks scheduled from follow-on schedule check
