[2022-02-07 12:11:22,940] {taskinstance.py:1032} INFO - Dependencies all met for <TaskInstance: yellowTX_HW_data_ingestion_gcs_dag.format_to_parquet_task scheduled__2020-07-01T23:00:00+00:00 [queued]>
[2022-02-07 12:11:23,020] {taskinstance.py:1032} INFO - Dependencies all met for <TaskInstance: yellowTX_HW_data_ingestion_gcs_dag.format_to_parquet_task scheduled__2020-07-01T23:00:00+00:00 [queued]>
[2022-02-07 12:11:23,022] {taskinstance.py:1238} INFO - 
--------------------------------------------------------------------------------
[2022-02-07 12:11:23,023] {taskinstance.py:1239} INFO - Starting attempt 1 of 1
[2022-02-07 12:11:23,027] {taskinstance.py:1240} INFO - 
--------------------------------------------------------------------------------
[2022-02-07 12:11:23,170] {taskinstance.py:1259} INFO - Executing <Task(PythonOperator): format_to_parquet_task> on 2020-07-01 23:00:00+00:00
[2022-02-07 12:11:23,179] {standard_task_runner.py:52} INFO - Started process 2301 to run task
[2022-02-07 12:11:23,219] {standard_task_runner.py:76} INFO - Running: ['***', 'tasks', 'run', 'yellowTX_HW_data_ingestion_gcs_dag', 'format_to_parquet_task', 'scheduled__2020-07-01T23:00:00+00:00', '--job-id', '54', '--raw', '--subdir', 'DAGS_FOLDER/yellowTX_data_ingest_gcs_dag.py', '--cfg-path', '/tmp/tmp4k7u3_ev', '--error-file', '/tmp/tmpn8ljtcrj']
[2022-02-07 12:11:23,220] {standard_task_runner.py:77} INFO - Job 54: Subtask format_to_parquet_task
[2022-02-07 12:11:23,807] {logging_mixin.py:109} INFO - Running <TaskInstance: yellowTX_HW_data_ingestion_gcs_dag.format_to_parquet_task scheduled__2020-07-01T23:00:00+00:00 [running]> on host 52b8b55537b2
[2022-02-07 12:11:24,163] {warnings.py:110} WARNING - /home/***/.local/lib/python3.7/site-packages/***/utils/context.py:152: AirflowContextDeprecationWarning: Accessing 'execution_date' from the template is deprecated and will be removed in a future version. Please use 'data_interval_start' or 'logical_date' instead.
  warnings.warn(_create_deprecation_warning(key, self._deprecation_replacements[key]))

[2022-02-07 12:11:24,347] {taskinstance.py:1426} INFO - Exporting the following env vars:
AIRFLOW_CTX_DAG_OWNER=***
AIRFLOW_CTX_DAG_ID=yellowTX_HW_data_ingestion_gcs_dag
AIRFLOW_CTX_TASK_ID=format_to_parquet_task
AIRFLOW_CTX_EXECUTION_DATE=2020-07-01T23:00:00+00:00
AIRFLOW_CTX_DAG_RUN_ID=scheduled__2020-07-01T23:00:00+00:00
[2022-02-07 12:12:49,022] {python.py:175} INFO - Done. Returned value was: None
[2022-02-07 12:12:49,043] {taskinstance.py:1277} INFO - Marking task as SUCCESS. dag_id=yellowTX_HW_data_ingestion_gcs_dag, task_id=format_to_parquet_task, execution_date=20200701T230000, start_date=20220207T121122, end_date=20220207T121249
[2022-02-07 12:12:52,571] {local_task_job.py:154} INFO - Task exited with return code 0
[2022-02-07 12:12:56,013] {local_task_job.py:264} INFO - 1 downstream tasks scheduled from follow-on schedule check
