[2022-02-09 09:01:27,756] {taskinstance.py:1032} INFO - Dependencies all met for <TaskInstance: yelloTaXi_HW_data_ingestee_gcs_dag.format_to_parquet_task scheduled__2022-01-01T23:00:00+00:00 [queued]>
[2022-02-09 09:01:27,773] {taskinstance.py:1032} INFO - Dependencies all met for <TaskInstance: yelloTaXi_HW_data_ingestee_gcs_dag.format_to_parquet_task scheduled__2022-01-01T23:00:00+00:00 [queued]>
[2022-02-09 09:01:27,773] {taskinstance.py:1238} INFO - 
--------------------------------------------------------------------------------
[2022-02-09 09:01:27,773] {taskinstance.py:1239} INFO - Starting attempt 1 of 2
[2022-02-09 09:01:27,774] {taskinstance.py:1240} INFO - 
--------------------------------------------------------------------------------
[2022-02-09 09:01:27,795] {taskinstance.py:1259} INFO - Executing <Task(PythonOperator): format_to_parquet_task> on 2022-01-01 23:00:00+00:00
[2022-02-09 09:01:27,804] {standard_task_runner.py:52} INFO - Started process 579 to run task
[2022-02-09 09:01:27,818] {standard_task_runner.py:76} INFO - Running: ['***', 'tasks', 'run', 'yelloTaXi_HW_data_ingestee_gcs_dag', 'format_to_parquet_task', 'scheduled__2022-01-01T23:00:00+00:00', '--job-id', '522', '--raw', '--subdir', 'DAGS_FOLDER/yelloTaXi_data_ingestee_gcs_dag.py', '--cfg-path', '/tmp/tmpxua8mtri', '--error-file', '/tmp/tmpbowx7bl8']
[2022-02-09 09:01:27,820] {standard_task_runner.py:77} INFO - Job 522: Subtask format_to_parquet_task
[2022-02-09 09:01:27,933] {logging_mixin.py:109} INFO - Running <TaskInstance: yelloTaXi_HW_data_ingestee_gcs_dag.format_to_parquet_task scheduled__2022-01-01T23:00:00+00:00 [running]> on host cc021fb126ed
[2022-02-09 09:01:28,001] {warnings.py:110} WARNING - /home/***/.local/lib/python3.7/site-packages/***/utils/context.py:152: AirflowContextDeprecationWarning: Accessing 'execution_date' from the template is deprecated and will be removed in a future version. Please use 'data_interval_start' or 'logical_date' instead.
  warnings.warn(_create_deprecation_warning(key, self._deprecation_replacements[key]))

[2022-02-09 09:01:28,060] {taskinstance.py:1426} INFO - Exporting the following env vars:
AIRFLOW_CTX_DAG_OWNER=***
AIRFLOW_CTX_DAG_ID=yelloTaXi_HW_data_ingestee_gcs_dag
AIRFLOW_CTX_TASK_ID=format_to_parquet_task
AIRFLOW_CTX_EXECUTION_DATE=2022-01-01T23:00:00+00:00
AIRFLOW_CTX_DAG_RUN_ID=scheduled__2022-01-01T23:00:00+00:00
[2022-02-09 09:01:28,312] {python.py:175} INFO - Done. Returned value was: None
[2022-02-09 09:01:28,325] {taskinstance.py:1277} INFO - Marking task as SUCCESS. dag_id=yelloTaXi_HW_data_ingestee_gcs_dag, task_id=format_to_parquet_task, execution_date=20220101T230000, start_date=20220209T090127, end_date=20220209T090128
[2022-02-09 09:01:28,377] {local_task_job.py:154} INFO - Task exited with return code 0
[2022-02-09 09:01:28,451] {local_task_job.py:264} INFO - 1 downstream tasks scheduled from follow-on schedule check
[2022-02-09 09:17:18,431] {taskinstance.py:1032} INFO - Dependencies all met for <TaskInstance: yelloTaXi_HW_data_ingestee_gcs_dag.format_to_parquet_task scheduled__2022-01-01T23:00:00+00:00 [queued]>
[2022-02-09 09:17:18,471] {taskinstance.py:1032} INFO - Dependencies all met for <TaskInstance: yelloTaXi_HW_data_ingestee_gcs_dag.format_to_parquet_task scheduled__2022-01-01T23:00:00+00:00 [queued]>
[2022-02-09 09:17:18,471] {taskinstance.py:1238} INFO - 
--------------------------------------------------------------------------------
[2022-02-09 09:17:18,471] {taskinstance.py:1239} INFO - Starting attempt 1 of 2
[2022-02-09 09:17:18,471] {taskinstance.py:1240} INFO - 
--------------------------------------------------------------------------------
[2022-02-09 09:17:18,522] {taskinstance.py:1259} INFO - Executing <Task(PythonOperator): format_to_parquet_task> on 2022-01-01 23:00:00+00:00
[2022-02-09 09:17:18,541] {standard_task_runner.py:76} INFO - Running: ['***', 'tasks', 'run', 'yelloTaXi_HW_data_ingestee_gcs_dag', 'format_to_parquet_task', 'scheduled__2022-01-01T23:00:00+00:00', '--job-id', '626', '--raw', '--subdir', 'DAGS_FOLDER/yelloTaXi_data_ingesteee_gcs_dag.py', '--cfg-path', '/tmp/tmpgsxa5438', '--error-file', '/tmp/tmpm2h5264d']
[2022-02-09 09:17:18,556] {standard_task_runner.py:77} INFO - Job 626: Subtask format_to_parquet_task
[2022-02-09 09:17:18,531] {standard_task_runner.py:52} INFO - Started process 749 to run task
[2022-02-09 09:17:18,745] {logging_mixin.py:109} INFO - Running <TaskInstance: yelloTaXi_HW_data_ingestee_gcs_dag.format_to_parquet_task scheduled__2022-01-01T23:00:00+00:00 [running]> on host 75953ff4f3d5
[2022-02-09 09:17:18,876] {warnings.py:110} WARNING - /home/***/.local/lib/python3.7/site-packages/***/utils/context.py:152: AirflowContextDeprecationWarning: Accessing 'execution_date' from the template is deprecated and will be removed in a future version. Please use 'data_interval_start' or 'logical_date' instead.
  warnings.warn(_create_deprecation_warning(key, self._deprecation_replacements[key]))

[2022-02-09 09:17:18,928] {taskinstance.py:1426} INFO - Exporting the following env vars:
AIRFLOW_CTX_DAG_OWNER=***
AIRFLOW_CTX_DAG_ID=yelloTaXi_HW_data_ingestee_gcs_dag
AIRFLOW_CTX_TASK_ID=format_to_parquet_task
AIRFLOW_CTX_EXECUTION_DATE=2022-01-01T23:00:00+00:00
AIRFLOW_CTX_DAG_RUN_ID=scheduled__2022-01-01T23:00:00+00:00
[2022-02-09 09:17:19,152] {python.py:175} INFO - Done. Returned value was: None
[2022-02-09 09:17:19,175] {taskinstance.py:1277} INFO - Marking task as SUCCESS. dag_id=yelloTaXi_HW_data_ingestee_gcs_dag, task_id=format_to_parquet_task, execution_date=20220101T230000, start_date=20220209T091718, end_date=20220209T091719
[2022-02-09 09:17:19,257] {local_task_job.py:154} INFO - Task exited with return code 0
[2022-02-09 09:17:19,324] {local_task_job.py:264} INFO - 1 downstream tasks scheduled from follow-on schedule check
