[2022-02-09 07:44:02,866] {taskinstance.py:1032} INFO - Dependencies all met for <TaskInstance: taxi_zones_data_ingestion_gcs_dag.format_to_parquet_task manual__2022-02-09T07:43:58.429216+00:00 [queued]>
[2022-02-09 07:44:02,883] {taskinstance.py:1032} INFO - Dependencies all met for <TaskInstance: taxi_zones_data_ingestion_gcs_dag.format_to_parquet_task manual__2022-02-09T07:43:58.429216+00:00 [queued]>
[2022-02-09 07:44:02,884] {taskinstance.py:1238} INFO - 
--------------------------------------------------------------------------------
[2022-02-09 07:44:02,884] {taskinstance.py:1239} INFO - Starting attempt 1 of 2
[2022-02-09 07:44:02,884] {taskinstance.py:1240} INFO - 
--------------------------------------------------------------------------------
[2022-02-09 07:44:02,903] {taskinstance.py:1259} INFO - Executing <Task(PythonOperator): format_to_parquet_task> on 2022-02-09 07:43:58.429216+00:00
[2022-02-09 07:44:02,911] {standard_task_runner.py:52} INFO - Started process 1097 to run task
[2022-02-09 07:44:02,917] {standard_task_runner.py:76} INFO - Running: ['***', 'tasks', 'run', 'taxi_zones_data_ingestion_gcs_dag', 'format_to_parquet_task', 'manual__2022-02-09T07:43:58.429216+00:00', '--job-id', '349', '--raw', '--subdir', 'DAGS_FOLDER/taxi_zones_data_ingest_gcs_dag.py', '--cfg-path', '/tmp/tmpkdnmv1ni', '--error-file', '/tmp/tmpyavrrmy0']
[2022-02-09 07:44:02,919] {standard_task_runner.py:77} INFO - Job 349: Subtask format_to_parquet_task
[2022-02-09 07:44:03,042] {logging_mixin.py:109} INFO - Running <TaskInstance: taxi_zones_data_ingestion_gcs_dag.format_to_parquet_task manual__2022-02-09T07:43:58.429216+00:00 [running]> on host 3d1f29ca65cd
[2022-02-09 07:44:03,130] {taskinstance.py:1426} INFO - Exporting the following env vars:
AIRFLOW_CTX_DAG_OWNER=***
AIRFLOW_CTX_DAG_ID=taxi_zones_data_ingestion_gcs_dag
AIRFLOW_CTX_TASK_ID=format_to_parquet_task
AIRFLOW_CTX_EXECUTION_DATE=2022-02-09T07:43:58.429216+00:00
AIRFLOW_CTX_DAG_RUN_ID=manual__2022-02-09T07:43:58.429216+00:00
[2022-02-09 07:44:03,320] {python.py:175} INFO - Done. Returned value was: None
[2022-02-09 07:44:03,343] {taskinstance.py:1277} INFO - Marking task as SUCCESS. dag_id=taxi_zones_data_ingestion_gcs_dag, task_id=format_to_parquet_task, execution_date=20220209T074358, start_date=20220209T074402, end_date=20220209T074403
[2022-02-09 07:44:03,373] {local_task_job.py:154} INFO - Task exited with return code 0
[2022-02-09 07:44:03,429] {local_task_job.py:264} INFO - 1 downstream tasks scheduled from follow-on schedule check
