[2022-02-07 11:49:36,004] {taskinstance.py:1032} INFO - Dependencies all met for <TaskInstance: yellowTX_HW_data_ingestion_gcs_dag.download_dataset_task scheduled__2019-06-01T23:00:00+00:00 [queued]>
[2022-02-07 11:49:36,082] {taskinstance.py:1032} INFO - Dependencies all met for <TaskInstance: yellowTX_HW_data_ingestion_gcs_dag.download_dataset_task scheduled__2019-06-01T23:00:00+00:00 [queued]>
[2022-02-07 11:49:36,083] {taskinstance.py:1238} INFO - 
--------------------------------------------------------------------------------
[2022-02-07 11:49:36,083] {taskinstance.py:1239} INFO - Starting attempt 1 of 1
[2022-02-07 11:49:36,083] {taskinstance.py:1240} INFO - 
--------------------------------------------------------------------------------
[2022-02-07 11:49:36,184] {taskinstance.py:1259} INFO - Executing <Task(BashOperator): download_dataset_task> on 2019-06-01 23:00:00+00:00
[2022-02-07 11:49:36,218] {standard_task_runner.py:52} INFO - Started process 1817 to run task
[2022-02-07 11:49:36,331] {standard_task_runner.py:76} INFO - Running: ['***', 'tasks', 'run', 'yellowTX_HW_data_ingestion_gcs_dag', 'download_dataset_task', 'scheduled__2019-06-01T23:00:00+00:00', '--job-id', '14', '--raw', '--subdir', 'DAGS_FOLDER/yellowTX_data_ingest_gcs_dag.py', '--cfg-path', '/tmp/tmpybcp0zzu', '--error-file', '/tmp/tmpso4kgogx']
[2022-02-07 11:49:36,333] {standard_task_runner.py:77} INFO - Job 14: Subtask download_dataset_task
[2022-02-07 11:49:36,957] {logging_mixin.py:109} INFO - Running <TaskInstance: yellowTX_HW_data_ingestion_gcs_dag.download_dataset_task scheduled__2019-06-01T23:00:00+00:00 [running]> on host 52b8b55537b2
[2022-02-07 11:49:37,131] {warnings.py:110} WARNING - /home/***/.local/lib/python3.7/site-packages/***/utils/context.py:152: AirflowContextDeprecationWarning: Accessing 'execution_date' from the template is deprecated and will be removed in a future version. Please use 'data_interval_start' or 'logical_date' instead.
  warnings.warn(_create_deprecation_warning(key, self._deprecation_replacements[key]))

[2022-02-07 11:49:37,236] {taskinstance.py:1426} INFO - Exporting the following env vars:
AIRFLOW_CTX_DAG_OWNER=***
AIRFLOW_CTX_DAG_ID=yellowTX_HW_data_ingestion_gcs_dag
AIRFLOW_CTX_TASK_ID=download_dataset_task
AIRFLOW_CTX_EXECUTION_DATE=2019-06-01T23:00:00+00:00
AIRFLOW_CTX_DAG_RUN_ID=scheduled__2019-06-01T23:00:00+00:00
[2022-02-07 11:49:37,244] {subprocess.py:62} INFO - Tmp dir root location: 
 /tmp
[2022-02-07 11:49:37,245] {subprocess.py:74} INFO - Running command: ['bash', '-c', 'curl -sSL https://s3.amazonaws.com/nyc-tlc/trip+data/yellow_tripdata_2019-06.csv > /opt/***/yellow_tripdata_2019-06.csv']
[2022-02-07 11:49:37,351] {subprocess.py:85} INFO - Output:
[2022-02-07 11:55:03,270] {subprocess.py:93} INFO - Command exited with return code 0
[2022-02-07 11:55:07,088] {taskinstance.py:1277} INFO - Marking task as SUCCESS. dag_id=yellowTX_HW_data_ingestion_gcs_dag, task_id=download_dataset_task, execution_date=20190601T230000, start_date=20220207T114936, end_date=20220207T115507
[2022-02-07 11:55:15,119] {local_task_job.py:154} INFO - Task exited with return code 0
[2022-02-07 11:55:20,407] {local_task_job.py:264} INFO - 1 downstream tasks scheduled from follow-on schedule check
[2022-02-07 12:37:55,878] {taskinstance.py:1032} INFO - Dependencies all met for <TaskInstance: yellowTX_HW_data_ingestion_gcs_dag.download_dataset_task scheduled__2019-06-01T23:00:00+00:00 [queued]>
[2022-02-07 12:37:55,991] {taskinstance.py:1032} INFO - Dependencies all met for <TaskInstance: yellowTX_HW_data_ingestion_gcs_dag.download_dataset_task scheduled__2019-06-01T23:00:00+00:00 [queued]>
[2022-02-07 12:37:55,992] {taskinstance.py:1238} INFO - 
--------------------------------------------------------------------------------
[2022-02-07 12:37:55,992] {taskinstance.py:1239} INFO - Starting attempt 1 of 1
[2022-02-07 12:37:55,992] {taskinstance.py:1240} INFO - 
--------------------------------------------------------------------------------
[2022-02-07 12:37:56,107] {taskinstance.py:1259} INFO - Executing <Task(BashOperator): download_dataset_task> on 2019-06-01 23:00:00+00:00
[2022-02-07 12:37:56,159] {standard_task_runner.py:52} INFO - Started process 378 to run task
[2022-02-07 12:37:56,224] {standard_task_runner.py:76} INFO - Running: ['***', 'tasks', 'run', 'yellowTX_HW_data_ingestion_gcs_dag', 'download_dataset_task', 'scheduled__2019-06-01T23:00:00+00:00', '--job-id', '96', '--raw', '--subdir', 'DAGS_FOLDER/yellowTX_data_ingest_gcs_dag.py', '--cfg-path', '/tmp/tmpkp7xpyty', '--error-file', '/tmp/tmpajsdqb81']
[2022-02-07 12:37:56,225] {standard_task_runner.py:77} INFO - Job 96: Subtask download_dataset_task
[2022-02-07 12:37:56,909] {logging_mixin.py:109} INFO - Running <TaskInstance: yellowTX_HW_data_ingestion_gcs_dag.download_dataset_task scheduled__2019-06-01T23:00:00+00:00 [running]> on host 4f748fac91e5
[2022-02-07 12:37:57,177] {warnings.py:110} WARNING - /home/***/.local/lib/python3.7/site-packages/***/utils/context.py:152: AirflowContextDeprecationWarning: Accessing 'execution_date' from the template is deprecated and will be removed in a future version. Please use 'data_interval_start' or 'logical_date' instead.
  warnings.warn(_create_deprecation_warning(key, self._deprecation_replacements[key]))

[2022-02-07 12:37:57,284] {taskinstance.py:1426} INFO - Exporting the following env vars:
AIRFLOW_CTX_DAG_OWNER=***
AIRFLOW_CTX_DAG_ID=yellowTX_HW_data_ingestion_gcs_dag
AIRFLOW_CTX_TASK_ID=download_dataset_task
AIRFLOW_CTX_EXECUTION_DATE=2019-06-01T23:00:00+00:00
AIRFLOW_CTX_DAG_RUN_ID=scheduled__2019-06-01T23:00:00+00:00
[2022-02-07 12:37:57,286] {subprocess.py:62} INFO - Tmp dir root location: 
 /tmp
[2022-02-07 12:37:57,286] {subprocess.py:74} INFO - Running command: ['bash', '-c', 'curl -sSL https://s3.amazonaws.com/nyc-tlc/trip+data/yellow_tripdata_2019-06.csv > /opt/***/yellow_tripdata_2019-06.csv']
[2022-02-07 12:37:57,359] {subprocess.py:85} INFO - Output:
[2022-02-07 12:42:55,222] {subprocess.py:93} INFO - Command exited with return code 0
[2022-02-07 12:42:57,715] {taskinstance.py:1277} INFO - Marking task as SUCCESS. dag_id=yellowTX_HW_data_ingestion_gcs_dag, task_id=download_dataset_task, execution_date=20190601T230000, start_date=20220207T123755, end_date=20220207T124257
[2022-02-07 12:42:59,042] {local_task_job.py:154} INFO - Task exited with return code 0
[2022-02-07 12:43:05,050] {local_task_job.py:264} INFO - 1 downstream tasks scheduled from follow-on schedule check
