[2022-02-09 08:29:41,866] {taskinstance.py:1032} INFO - Dependencies all met for <TaskInstance: yellowTX_HW_data_ingestion_gcs_dag.download_dataset_task scheduled__2022-01-01T23:00:00+00:00 [queued]>
[2022-02-09 08:29:41,876] {taskinstance.py:1032} INFO - Dependencies all met for <TaskInstance: yellowTX_HW_data_ingestion_gcs_dag.download_dataset_task scheduled__2022-01-01T23:00:00+00:00 [queued]>
[2022-02-09 08:29:41,877] {taskinstance.py:1238} INFO - 
--------------------------------------------------------------------------------
[2022-02-09 08:29:41,877] {taskinstance.py:1239} INFO - Starting attempt 1 of 2
[2022-02-09 08:29:41,877] {taskinstance.py:1240} INFO - 
--------------------------------------------------------------------------------
[2022-02-09 08:29:41,890] {taskinstance.py:1259} INFO - Executing <Task(BashOperator): download_dataset_task> on 2022-01-01 23:00:00+00:00
[2022-02-09 08:29:41,897] {standard_task_runner.py:52} INFO - Started process 206 to run task
[2022-02-09 08:29:41,902] {standard_task_runner.py:76} INFO - Running: ['***', 'tasks', 'run', 'yellowTX_HW_data_ingestion_gcs_dag', 'download_dataset_task', 'scheduled__2022-01-01T23:00:00+00:00', '--job-id', '388', '--raw', '--subdir', 'DAGS_FOLDER/yelloTX_data_ingest_gcs_dag.py', '--cfg-path', '/tmp/tmpv3azgbje', '--error-file', '/tmp/tmpaw8wb8l0']
[2022-02-09 08:29:41,903] {standard_task_runner.py:77} INFO - Job 388: Subtask download_dataset_task
[2022-02-09 08:29:41,968] {logging_mixin.py:109} INFO - Running <TaskInstance: yellowTX_HW_data_ingestion_gcs_dag.download_dataset_task scheduled__2022-01-01T23:00:00+00:00 [running]> on host 4aede4e3fea1
[2022-02-09 08:29:42,011] {warnings.py:110} WARNING - /home/***/.local/lib/python3.7/site-packages/***/utils/context.py:152: AirflowContextDeprecationWarning: Accessing 'execution_date' from the template is deprecated and will be removed in a future version. Please use 'data_interval_start' or 'logical_date' instead.
  warnings.warn(_create_deprecation_warning(key, self._deprecation_replacements[key]))

[2022-02-09 08:29:42,033] {taskinstance.py:1426} INFO - Exporting the following env vars:
AIRFLOW_CTX_DAG_OWNER=***
AIRFLOW_CTX_DAG_ID=yellowTX_HW_data_ingestion_gcs_dag
AIRFLOW_CTX_TASK_ID=download_dataset_task
AIRFLOW_CTX_EXECUTION_DATE=2022-01-01T23:00:00+00:00
AIRFLOW_CTX_DAG_RUN_ID=scheduled__2022-01-01T23:00:00+00:00
[2022-02-09 08:29:42,034] {subprocess.py:62} INFO - Tmp dir root location: 
 /tmp
[2022-02-09 08:29:42,034] {subprocess.py:74} INFO - Running command: ['bash', '-c', 'curl -sSL https://s3.amazonaws.com/nyc-tlc/trip+data/yellow_tripdata_2022-01.csv > /opt/***/yellow_tripdata_2022-01.csv']
[2022-02-09 08:29:42,048] {subprocess.py:85} INFO - Output:
[2022-02-09 08:29:42,221] {subprocess.py:93} INFO - Command exited with return code 0
[2022-02-09 08:29:42,257] {taskinstance.py:1277} INFO - Marking task as SUCCESS. dag_id=yellowTX_HW_data_ingestion_gcs_dag, task_id=download_dataset_task, execution_date=20220101T230000, start_date=20220209T082941, end_date=20220209T082942
[2022-02-09 08:29:42,316] {local_task_job.py:154} INFO - Task exited with return code 0
[2022-02-09 08:29:42,366] {local_task_job.py:264} INFO - 0 downstream tasks scheduled from follow-on schedule check
