[2022-02-09 09:29:21,824] {taskinstance.py:1032} INFO - Dependencies all met for <TaskInstance: yelloTaXii_HW_data_ingestion_gcs_dag.format_to_parquet_task scheduled__2020-08-01T23:00:00+00:00 [queued]>
[2022-02-09 09:29:21,860] {taskinstance.py:1032} INFO - Dependencies all met for <TaskInstance: yelloTaXii_HW_data_ingestion_gcs_dag.format_to_parquet_task scheduled__2020-08-01T23:00:00+00:00 [queued]>
[2022-02-09 09:29:21,861] {taskinstance.py:1238} INFO - 
--------------------------------------------------------------------------------
[2022-02-09 09:29:21,862] {taskinstance.py:1239} INFO - Starting attempt 1 of 2
[2022-02-09 09:29:21,863] {taskinstance.py:1240} INFO - 
--------------------------------------------------------------------------------
[2022-02-09 09:29:21,899] {taskinstance.py:1259} INFO - Executing <Task(PythonOperator): format_to_parquet_task> on 2020-08-01 23:00:00+00:00
[2022-02-09 09:29:21,931] {standard_task_runner.py:76} INFO - Running: ['***', 'tasks', 'run', 'yelloTaXii_HW_data_ingestion_gcs_dag', 'format_to_parquet_task', 'scheduled__2020-08-01T23:00:00+00:00', '--job-id', '717', '--raw', '--subdir', 'DAGS_FOLDER/yelloTaXii_data_ingestion_gcs_dag.py', '--cfg-path', '/tmp/tmp9tmjpdvy', '--error-file', '/tmp/tmpw4b_bn1d']
[2022-02-09 09:29:21,911] {standard_task_runner.py:52} INFO - Started process 847 to run task
[2022-02-09 09:29:21,944] {standard_task_runner.py:77} INFO - Job 717: Subtask format_to_parquet_task
[2022-02-09 09:29:22,207] {logging_mixin.py:109} INFO - Running <TaskInstance: yelloTaXii_HW_data_ingestion_gcs_dag.format_to_parquet_task scheduled__2020-08-01T23:00:00+00:00 [running]> on host 0092064357b4
[2022-02-09 09:29:22,412] {warnings.py:110} WARNING - /home/***/.local/lib/python3.7/site-packages/***/utils/context.py:152: AirflowContextDeprecationWarning: Accessing 'execution_date' from the template is deprecated and will be removed in a future version. Please use 'data_interval_start' or 'logical_date' instead.
  warnings.warn(_create_deprecation_warning(key, self._deprecation_replacements[key]))

[2022-02-09 09:29:22,520] {taskinstance.py:1426} INFO - Exporting the following env vars:
AIRFLOW_CTX_DAG_OWNER=***
AIRFLOW_CTX_DAG_ID=yelloTaXii_HW_data_ingestion_gcs_dag
AIRFLOW_CTX_TASK_ID=format_to_parquet_task
AIRFLOW_CTX_EXECUTION_DATE=2020-08-01T23:00:00+00:00
AIRFLOW_CTX_DAG_RUN_ID=scheduled__2020-08-01T23:00:00+00:00
[2022-02-09 09:29:25,746] {python.py:175} INFO - Done. Returned value was: None
[2022-02-09 09:29:25,785] {taskinstance.py:1277} INFO - Marking task as SUCCESS. dag_id=yelloTaXii_HW_data_ingestion_gcs_dag, task_id=format_to_parquet_task, execution_date=20200801T230000, start_date=20220209T092921, end_date=20220209T092925
[2022-02-09 09:29:25,926] {local_task_job.py:154} INFO - Task exited with return code 0
[2022-02-09 09:29:25,970] {local_task_job.py:264} INFO - 1 downstream tasks scheduled from follow-on schedule check
