[2022-02-09 08:04:11,534] {processor.py:163} INFO - Started process (PID=3084) to work on /opt/airflow/dags/yellowTX_dataa_ingest_gcs_dag.py
[2022-02-09 08:04:11,535] {processor.py:642} INFO - Processing file /opt/airflow/dags/yellowTX_dataa_ingest_gcs_dag.py for tasks to queue
[2022-02-09 08:04:11,536] {logging_mixin.py:109} INFO - [2022-02-09 08:04:11,536] {dagbag.py:500} INFO - Filling up the DagBag from /opt/airflow/dags/yellowTX_dataa_ingest_gcs_dag.py
[2022-02-09 08:04:12,347] {processor.py:654} INFO - DAG(s) dict_keys(['yellowTX_HW_data_ingestion_gcs_dag']) retrieved from /opt/airflow/dags/yellowTX_dataa_ingest_gcs_dag.py
[2022-02-09 08:04:12,564] {logging_mixin.py:109} INFO - [2022-02-09 08:04:12,564] {dag.py:2396} INFO - Sync 1 DAGs
[2022-02-09 08:04:12,580] {logging_mixin.py:109} INFO - [2022-02-09 08:04:12,579] {dag.py:2935} INFO - Setting next_dagrun for yellowTX_HW_data_ingestion_gcs_dag to 2022-02-01T23:00:00+00:00
[2022-02-09 08:04:12,593] {processor.py:171} INFO - Processing /opt/airflow/dags/yellowTX_dataa_ingest_gcs_dag.py took 1.064 seconds
[2022-02-09 08:04:43,000] {processor.py:163} INFO - Started process (PID=3128) to work on /opt/airflow/dags/yellowTX_dataa_ingest_gcs_dag.py
[2022-02-09 08:04:43,002] {processor.py:642} INFO - Processing file /opt/airflow/dags/yellowTX_dataa_ingest_gcs_dag.py for tasks to queue
[2022-02-09 08:04:43,003] {logging_mixin.py:109} INFO - [2022-02-09 08:04:43,003] {dagbag.py:500} INFO - Filling up the DagBag from /opt/airflow/dags/yellowTX_dataa_ingest_gcs_dag.py
[2022-02-09 08:04:44,029] {processor.py:654} INFO - DAG(s) dict_keys(['yellowTX_HW_data_ingestion_gcs_dag']) retrieved from /opt/airflow/dags/yellowTX_dataa_ingest_gcs_dag.py
[2022-02-09 08:04:44,043] {logging_mixin.py:109} INFO - [2022-02-09 08:04:44,043] {dag.py:2396} INFO - Sync 1 DAGs
[2022-02-09 08:04:44,064] {logging_mixin.py:109} INFO - [2022-02-09 08:04:44,063] {dag.py:2935} INFO - Setting next_dagrun for yellowTX_HW_data_ingestion_gcs_dag to 2022-02-01T23:00:00+00:00
[2022-02-09 08:04:44,074] {processor.py:171} INFO - Processing /opt/airflow/dags/yellowTX_dataa_ingest_gcs_dag.py took 1.079 seconds
[2022-02-09 08:05:14,211] {processor.py:163} INFO - Started process (PID=3163) to work on /opt/airflow/dags/yellowTX_dataa_ingest_gcs_dag.py
[2022-02-09 08:05:14,212] {processor.py:642} INFO - Processing file /opt/airflow/dags/yellowTX_dataa_ingest_gcs_dag.py for tasks to queue
[2022-02-09 08:05:14,213] {logging_mixin.py:109} INFO - [2022-02-09 08:05:14,213] {dagbag.py:500} INFO - Filling up the DagBag from /opt/airflow/dags/yellowTX_dataa_ingest_gcs_dag.py
[2022-02-09 08:05:14,980] {processor.py:654} INFO - DAG(s) dict_keys(['yellowTX_HW_data_ingestion_gcs_dag']) retrieved from /opt/airflow/dags/yellowTX_dataa_ingest_gcs_dag.py
[2022-02-09 08:05:14,989] {logging_mixin.py:109} INFO - [2022-02-09 08:05:14,989] {dag.py:2396} INFO - Sync 1 DAGs
[2022-02-09 08:05:15,006] {logging_mixin.py:109} INFO - [2022-02-09 08:05:15,006] {dag.py:2935} INFO - Setting next_dagrun for yellowTX_HW_data_ingestion_gcs_dag to 2022-02-01T23:00:00+00:00
[2022-02-09 08:05:15,015] {processor.py:171} INFO - Processing /opt/airflow/dags/yellowTX_dataa_ingest_gcs_dag.py took 0.809 seconds
[2022-02-09 08:05:45,088] {processor.py:163} INFO - Started process (PID=3206) to work on /opt/airflow/dags/yellowTX_dataa_ingest_gcs_dag.py
[2022-02-09 08:05:45,091] {processor.py:642} INFO - Processing file /opt/airflow/dags/yellowTX_dataa_ingest_gcs_dag.py for tasks to queue
[2022-02-09 08:05:45,092] {logging_mixin.py:109} INFO - [2022-02-09 08:05:45,091] {dagbag.py:500} INFO - Filling up the DagBag from /opt/airflow/dags/yellowTX_dataa_ingest_gcs_dag.py
[2022-02-09 08:05:45,967] {processor.py:654} INFO - DAG(s) dict_keys(['yellowTX_HW_data_ingestion_gcs_dag']) retrieved from /opt/airflow/dags/yellowTX_dataa_ingest_gcs_dag.py
[2022-02-09 08:05:45,976] {logging_mixin.py:109} INFO - [2022-02-09 08:05:45,976] {dag.py:2396} INFO - Sync 1 DAGs
[2022-02-09 08:05:45,994] {logging_mixin.py:109} INFO - [2022-02-09 08:05:45,993] {dag.py:2935} INFO - Setting next_dagrun for yellowTX_HW_data_ingestion_gcs_dag to 2022-02-01T23:00:00+00:00
[2022-02-09 08:05:46,004] {processor.py:171} INFO - Processing /opt/airflow/dags/yellowTX_dataa_ingest_gcs_dag.py took 0.921 seconds
[2022-02-09 08:06:16,208] {processor.py:163} INFO - Started process (PID=3241) to work on /opt/airflow/dags/yellowTX_dataa_ingest_gcs_dag.py
[2022-02-09 08:06:16,211] {processor.py:642} INFO - Processing file /opt/airflow/dags/yellowTX_dataa_ingest_gcs_dag.py for tasks to queue
[2022-02-09 08:06:16,211] {logging_mixin.py:109} INFO - [2022-02-09 08:06:16,211] {dagbag.py:500} INFO - Filling up the DagBag from /opt/airflow/dags/yellowTX_dataa_ingest_gcs_dag.py
[2022-02-09 08:06:17,219] {processor.py:654} INFO - DAG(s) dict_keys(['yellowTX_HW_data_ingestion_gcs_dag']) retrieved from /opt/airflow/dags/yellowTX_dataa_ingest_gcs_dag.py
[2022-02-09 08:06:17,235] {logging_mixin.py:109} INFO - [2022-02-09 08:06:17,234] {dag.py:2396} INFO - Sync 1 DAGs
[2022-02-09 08:06:17,258] {logging_mixin.py:109} INFO - [2022-02-09 08:06:17,258] {dag.py:2935} INFO - Setting next_dagrun for yellowTX_HW_data_ingestion_gcs_dag to 2022-01-01 23:00:00+00:00
[2022-02-09 08:06:17,271] {processor.py:171} INFO - Processing /opt/airflow/dags/yellowTX_dataa_ingest_gcs_dag.py took 1.068 seconds
[2022-02-09 08:06:47,399] {processor.py:163} INFO - Started process (PID=3283) to work on /opt/airflow/dags/yellowTX_dataa_ingest_gcs_dag.py
[2022-02-09 08:06:47,402] {processor.py:642} INFO - Processing file /opt/airflow/dags/yellowTX_dataa_ingest_gcs_dag.py for tasks to queue
[2022-02-09 08:06:47,403] {logging_mixin.py:109} INFO - [2022-02-09 08:06:47,403] {dagbag.py:500} INFO - Filling up the DagBag from /opt/airflow/dags/yellowTX_dataa_ingest_gcs_dag.py
[2022-02-09 08:06:48,291] {processor.py:654} INFO - DAG(s) dict_keys(['yellowTX_HW_data_ingestion_gcs_dag']) retrieved from /opt/airflow/dags/yellowTX_dataa_ingest_gcs_dag.py
[2022-02-09 08:06:48,304] {logging_mixin.py:109} INFO - [2022-02-09 08:06:48,303] {dag.py:2396} INFO - Sync 1 DAGs
[2022-02-09 08:06:48,327] {logging_mixin.py:109} INFO - [2022-02-09 08:06:48,327] {dag.py:2935} INFO - Setting next_dagrun for yellowTX_HW_data_ingestion_gcs_dag to 2022-02-01T23:00:00+00:00
[2022-02-09 08:06:48,338] {processor.py:171} INFO - Processing /opt/airflow/dags/yellowTX_dataa_ingest_gcs_dag.py took 0.943 seconds
[2022-02-09 08:07:18,475] {processor.py:163} INFO - Started process (PID=3319) to work on /opt/airflow/dags/yellowTX_dataa_ingest_gcs_dag.py
[2022-02-09 08:07:18,479] {processor.py:642} INFO - Processing file /opt/airflow/dags/yellowTX_dataa_ingest_gcs_dag.py for tasks to queue
[2022-02-09 08:07:18,480] {logging_mixin.py:109} INFO - [2022-02-09 08:07:18,480] {dagbag.py:500} INFO - Filling up the DagBag from /opt/airflow/dags/yellowTX_dataa_ingest_gcs_dag.py
[2022-02-09 08:07:19,667] {processor.py:654} INFO - DAG(s) dict_keys(['yellowTX_HW_data_ingestion_gcs_dag']) retrieved from /opt/airflow/dags/yellowTX_dataa_ingest_gcs_dag.py
[2022-02-09 08:07:19,680] {logging_mixin.py:109} INFO - [2022-02-09 08:07:19,680] {dag.py:2396} INFO - Sync 1 DAGs
[2022-02-09 08:07:19,706] {logging_mixin.py:109} INFO - [2022-02-09 08:07:19,706] {dag.py:2935} INFO - Setting next_dagrun for yellowTX_HW_data_ingestion_gcs_dag to 2022-02-01T23:00:00+00:00
[2022-02-09 08:07:19,719] {processor.py:171} INFO - Processing /opt/airflow/dags/yellowTX_dataa_ingest_gcs_dag.py took 1.250 seconds
[2022-02-09 08:07:49,861] {processor.py:163} INFO - Started process (PID=3363) to work on /opt/airflow/dags/yellowTX_dataa_ingest_gcs_dag.py
[2022-02-09 08:07:49,865] {processor.py:642} INFO - Processing file /opt/airflow/dags/yellowTX_dataa_ingest_gcs_dag.py for tasks to queue
[2022-02-09 08:07:49,866] {logging_mixin.py:109} INFO - [2022-02-09 08:07:49,866] {dagbag.py:500} INFO - Filling up the DagBag from /opt/airflow/dags/yellowTX_dataa_ingest_gcs_dag.py
[2022-02-09 08:07:50,740] {processor.py:654} INFO - DAG(s) dict_keys(['yellowTX_HW_data_ingestion_gcs_dag']) retrieved from /opt/airflow/dags/yellowTX_dataa_ingest_gcs_dag.py
[2022-02-09 08:07:50,751] {logging_mixin.py:109} INFO - [2022-02-09 08:07:50,751] {dag.py:2396} INFO - Sync 1 DAGs
[2022-02-09 08:07:50,773] {logging_mixin.py:109} INFO - [2022-02-09 08:07:50,772] {dag.py:2935} INFO - Setting next_dagrun for yellowTX_HW_data_ingestion_gcs_dag to 2022-02-01T23:00:00+00:00
[2022-02-09 08:07:50,785] {processor.py:171} INFO - Processing /opt/airflow/dags/yellowTX_dataa_ingest_gcs_dag.py took 0.930 seconds
[2022-02-09 08:08:20,870] {processor.py:163} INFO - Started process (PID=3396) to work on /opt/airflow/dags/yellowTX_dataa_ingest_gcs_dag.py
[2022-02-09 08:08:20,872] {processor.py:642} INFO - Processing file /opt/airflow/dags/yellowTX_dataa_ingest_gcs_dag.py for tasks to queue
[2022-02-09 08:08:20,873] {logging_mixin.py:109} INFO - [2022-02-09 08:08:20,873] {dagbag.py:500} INFO - Filling up the DagBag from /opt/airflow/dags/yellowTX_dataa_ingest_gcs_dag.py
[2022-02-09 08:08:21,685] {processor.py:654} INFO - DAG(s) dict_keys(['yellowTX_HW_data_ingestion_gcs_dag']) retrieved from /opt/airflow/dags/yellowTX_dataa_ingest_gcs_dag.py
[2022-02-09 08:08:21,695] {logging_mixin.py:109} INFO - [2022-02-09 08:08:21,694] {dag.py:2396} INFO - Sync 1 DAGs
[2022-02-09 08:08:21,712] {logging_mixin.py:109} INFO - [2022-02-09 08:08:21,712] {dag.py:2935} INFO - Setting next_dagrun for yellowTX_HW_data_ingestion_gcs_dag to 2022-02-01T23:00:00+00:00
[2022-02-09 08:08:21,724] {processor.py:171} INFO - Processing /opt/airflow/dags/yellowTX_dataa_ingest_gcs_dag.py took 0.859 seconds
[2022-02-09 08:08:51,899] {processor.py:163} INFO - Started process (PID=3431) to work on /opt/airflow/dags/yellowTX_dataa_ingest_gcs_dag.py
[2022-02-09 08:08:51,902] {processor.py:642} INFO - Processing file /opt/airflow/dags/yellowTX_dataa_ingest_gcs_dag.py for tasks to queue
[2022-02-09 08:08:51,903] {logging_mixin.py:109} INFO - [2022-02-09 08:08:51,903] {dagbag.py:500} INFO - Filling up the DagBag from /opt/airflow/dags/yellowTX_dataa_ingest_gcs_dag.py
[2022-02-09 08:08:52,890] {processor.py:654} INFO - DAG(s) dict_keys(['yellowTX_HW_data_ingestion_gcs_dag']) retrieved from /opt/airflow/dags/yellowTX_dataa_ingest_gcs_dag.py
[2022-02-09 08:08:52,904] {logging_mixin.py:109} INFO - [2022-02-09 08:08:52,903] {dag.py:2396} INFO - Sync 1 DAGs
[2022-02-09 08:08:52,935] {logging_mixin.py:109} INFO - [2022-02-09 08:08:52,935] {dag.py:2935} INFO - Setting next_dagrun for yellowTX_HW_data_ingestion_gcs_dag to 2022-02-01T23:00:00+00:00
[2022-02-09 08:08:52,950] {processor.py:171} INFO - Processing /opt/airflow/dags/yellowTX_dataa_ingest_gcs_dag.py took 1.056 seconds
[2022-02-09 08:09:23,123] {processor.py:163} INFO - Started process (PID=3474) to work on /opt/airflow/dags/yellowTX_dataa_ingest_gcs_dag.py
[2022-02-09 08:09:23,126] {processor.py:642} INFO - Processing file /opt/airflow/dags/yellowTX_dataa_ingest_gcs_dag.py for tasks to queue
[2022-02-09 08:09:23,127] {logging_mixin.py:109} INFO - [2022-02-09 08:09:23,127] {dagbag.py:500} INFO - Filling up the DagBag from /opt/airflow/dags/yellowTX_dataa_ingest_gcs_dag.py
[2022-02-09 08:09:24,145] {processor.py:654} INFO - DAG(s) dict_keys(['yellowTX_HW_data_ingestion_gcs_dag']) retrieved from /opt/airflow/dags/yellowTX_dataa_ingest_gcs_dag.py
[2022-02-09 08:09:24,155] {logging_mixin.py:109} INFO - [2022-02-09 08:09:24,155] {dag.py:2396} INFO - Sync 1 DAGs
[2022-02-09 08:09:24,171] {logging_mixin.py:109} INFO - [2022-02-09 08:09:24,171] {dag.py:2935} INFO - Setting next_dagrun for yellowTX_HW_data_ingestion_gcs_dag to 2022-02-01T23:00:00+00:00
[2022-02-09 08:09:24,181] {processor.py:171} INFO - Processing /opt/airflow/dags/yellowTX_dataa_ingest_gcs_dag.py took 1.064 seconds
[2022-02-09 08:14:56,557] {processor.py:163} INFO - Started process (PID=38) to work on /opt/airflow/dags/yellowTX_dataa_ingest_gcs_dag.py
[2022-02-09 08:14:56,610] {processor.py:642} INFO - Processing file /opt/airflow/dags/yellowTX_dataa_ingest_gcs_dag.py for tasks to queue
[2022-02-09 08:14:56,614] {logging_mixin.py:109} INFO - [2022-02-09 08:14:56,614] {dagbag.py:500} INFO - Filling up the DagBag from /opt/airflow/dags/yellowTX_dataa_ingest_gcs_dag.py
[2022-02-09 08:15:00,384] {processor.py:654} INFO - DAG(s) dict_keys(['yellowTX_HW_data_ingestion_gcs_dag']) retrieved from /opt/airflow/dags/yellowTX_dataa_ingest_gcs_dag.py
[2022-02-09 08:15:00,408] {logging_mixin.py:109} INFO - [2022-02-09 08:15:00,408] {dag.py:2396} INFO - Sync 1 DAGs
[2022-02-09 08:15:00,447] {logging_mixin.py:109} INFO - [2022-02-09 08:15:00,446] {dag.py:2935} INFO - Setting next_dagrun for yellowTX_HW_data_ingestion_gcs_dag to 2022-02-01T23:00:00+00:00
[2022-02-09 08:15:00,488] {processor.py:171} INFO - Processing /opt/airflow/dags/yellowTX_dataa_ingest_gcs_dag.py took 3.953 seconds
[2022-02-09 08:15:30,657] {processor.py:163} INFO - Started process (PID=80) to work on /opt/airflow/dags/yellowTX_dataa_ingest_gcs_dag.py
[2022-02-09 08:15:30,659] {processor.py:642} INFO - Processing file /opt/airflow/dags/yellowTX_dataa_ingest_gcs_dag.py for tasks to queue
[2022-02-09 08:15:30,661] {logging_mixin.py:109} INFO - [2022-02-09 08:15:30,660] {dagbag.py:500} INFO - Filling up the DagBag from /opt/airflow/dags/yellowTX_dataa_ingest_gcs_dag.py
[2022-02-09 08:15:31,787] {processor.py:654} INFO - DAG(s) dict_keys(['yellowTX_HW_data_ingestion_gcs_dag']) retrieved from /opt/airflow/dags/yellowTX_dataa_ingest_gcs_dag.py
[2022-02-09 08:15:31,798] {logging_mixin.py:109} INFO - [2022-02-09 08:15:31,797] {dag.py:2396} INFO - Sync 1 DAGs
[2022-02-09 08:15:31,816] {logging_mixin.py:109} INFO - [2022-02-09 08:15:31,816] {dag.py:2935} INFO - Setting next_dagrun for yellowTX_HW_data_ingestion_gcs_dag to 2022-02-01T23:00:00+00:00
[2022-02-09 08:15:31,826] {processor.py:171} INFO - Processing /opt/airflow/dags/yellowTX_dataa_ingest_gcs_dag.py took 1.174 seconds
[2022-02-09 08:16:01,964] {processor.py:163} INFO - Started process (PID=113) to work on /opt/airflow/dags/yellowTX_dataa_ingest_gcs_dag.py
[2022-02-09 08:16:01,966] {processor.py:642} INFO - Processing file /opt/airflow/dags/yellowTX_dataa_ingest_gcs_dag.py for tasks to queue
[2022-02-09 08:16:01,967] {logging_mixin.py:109} INFO - [2022-02-09 08:16:01,967] {dagbag.py:500} INFO - Filling up the DagBag from /opt/airflow/dags/yellowTX_dataa_ingest_gcs_dag.py
[2022-02-09 08:16:02,911] {processor.py:654} INFO - DAG(s) dict_keys(['yellowTX_HW_data_ingestion_gcs_dag']) retrieved from /opt/airflow/dags/yellowTX_dataa_ingest_gcs_dag.py
[2022-02-09 08:16:02,921] {logging_mixin.py:109} INFO - [2022-02-09 08:16:02,921] {dag.py:2396} INFO - Sync 1 DAGs
[2022-02-09 08:16:02,942] {logging_mixin.py:109} INFO - [2022-02-09 08:16:02,941] {dag.py:2935} INFO - Setting next_dagrun for yellowTX_HW_data_ingestion_gcs_dag to 2022-02-01T23:00:00+00:00
[2022-02-09 08:16:02,952] {processor.py:171} INFO - Processing /opt/airflow/dags/yellowTX_dataa_ingest_gcs_dag.py took 0.994 seconds
[2022-02-09 08:16:33,095] {processor.py:163} INFO - Started process (PID=156) to work on /opt/airflow/dags/yellowTX_dataa_ingest_gcs_dag.py
[2022-02-09 08:16:33,102] {processor.py:642} INFO - Processing file /opt/airflow/dags/yellowTX_dataa_ingest_gcs_dag.py for tasks to queue
[2022-02-09 08:16:33,103] {logging_mixin.py:109} INFO - [2022-02-09 08:16:33,103] {dagbag.py:500} INFO - Filling up the DagBag from /opt/airflow/dags/yellowTX_dataa_ingest_gcs_dag.py
[2022-02-09 08:16:34,043] {processor.py:654} INFO - DAG(s) dict_keys(['yellowTX_HW_data_ingestion_gcs_dag']) retrieved from /opt/airflow/dags/yellowTX_dataa_ingest_gcs_dag.py
[2022-02-09 08:16:34,054] {logging_mixin.py:109} INFO - [2022-02-09 08:16:34,053] {dag.py:2396} INFO - Sync 1 DAGs
[2022-02-09 08:16:34,073] {logging_mixin.py:109} INFO - [2022-02-09 08:16:34,073] {dag.py:2935} INFO - Setting next_dagrun for yellowTX_HW_data_ingestion_gcs_dag to 2022-02-01T23:00:00+00:00
[2022-02-09 08:16:34,083] {processor.py:171} INFO - Processing /opt/airflow/dags/yellowTX_dataa_ingest_gcs_dag.py took 0.994 seconds
[2022-02-09 08:17:04,443] {processor.py:163} INFO - Started process (PID=190) to work on /opt/airflow/dags/yellowTX_dataa_ingest_gcs_dag.py
[2022-02-09 08:17:04,444] {processor.py:642} INFO - Processing file /opt/airflow/dags/yellowTX_dataa_ingest_gcs_dag.py for tasks to queue
[2022-02-09 08:17:04,445] {logging_mixin.py:109} INFO - [2022-02-09 08:17:04,445] {dagbag.py:500} INFO - Filling up the DagBag from /opt/airflow/dags/yellowTX_dataa_ingest_gcs_dag.py
[2022-02-09 08:17:05,579] {processor.py:654} INFO - DAG(s) dict_keys(['yellowTX_HW_data_ingestion_gcs_dag']) retrieved from /opt/airflow/dags/yellowTX_dataa_ingest_gcs_dag.py
[2022-02-09 08:17:05,595] {logging_mixin.py:109} INFO - [2022-02-09 08:17:05,594] {dag.py:2396} INFO - Sync 1 DAGs
[2022-02-09 08:17:05,624] {logging_mixin.py:109} INFO - [2022-02-09 08:17:05,624] {dag.py:2935} INFO - Setting next_dagrun for yellowTX_HW_data_ingestion_gcs_dag to 2022-01-01 23:00:00+00:00
[2022-02-09 08:17:05,637] {processor.py:171} INFO - Processing /opt/airflow/dags/yellowTX_dataa_ingest_gcs_dag.py took 1.199 seconds
[2022-02-09 08:17:35,798] {processor.py:163} INFO - Started process (PID=235) to work on /opt/airflow/dags/yellowTX_dataa_ingest_gcs_dag.py
[2022-02-09 08:17:35,800] {processor.py:642} INFO - Processing file /opt/airflow/dags/yellowTX_dataa_ingest_gcs_dag.py for tasks to queue
[2022-02-09 08:17:35,801] {logging_mixin.py:109} INFO - [2022-02-09 08:17:35,801] {dagbag.py:500} INFO - Filling up the DagBag from /opt/airflow/dags/yellowTX_dataa_ingest_gcs_dag.py
[2022-02-09 08:17:36,920] {processor.py:654} INFO - DAG(s) dict_keys(['yellowTX_HW_data_ingestion_gcs_dag']) retrieved from /opt/airflow/dags/yellowTX_dataa_ingest_gcs_dag.py
[2022-02-09 08:17:36,932] {logging_mixin.py:109} INFO - [2022-02-09 08:17:36,931] {dag.py:2396} INFO - Sync 1 DAGs
[2022-02-09 08:17:36,948] {logging_mixin.py:109} INFO - [2022-02-09 08:17:36,947] {dag.py:2935} INFO - Setting next_dagrun for yellowTX_HW_data_ingestion_gcs_dag to 2022-02-01T23:00:00+00:00
[2022-02-09 08:17:36,958] {processor.py:171} INFO - Processing /opt/airflow/dags/yellowTX_dataa_ingest_gcs_dag.py took 1.165 seconds
[2022-02-09 08:18:07,153] {processor.py:163} INFO - Started process (PID=269) to work on /opt/airflow/dags/yellowTX_dataa_ingest_gcs_dag.py
[2022-02-09 08:18:07,154] {processor.py:642} INFO - Processing file /opt/airflow/dags/yellowTX_dataa_ingest_gcs_dag.py for tasks to queue
[2022-02-09 08:18:07,155] {logging_mixin.py:109} INFO - [2022-02-09 08:18:07,155] {dagbag.py:500} INFO - Filling up the DagBag from /opt/airflow/dags/yellowTX_dataa_ingest_gcs_dag.py
[2022-02-09 08:18:08,092] {processor.py:654} INFO - DAG(s) dict_keys(['yellowTX_HW_data_ingestion_gcs_dag']) retrieved from /opt/airflow/dags/yellowTX_dataa_ingest_gcs_dag.py
[2022-02-09 08:18:08,106] {logging_mixin.py:109} INFO - [2022-02-09 08:18:08,106] {dag.py:2396} INFO - Sync 1 DAGs
[2022-02-09 08:18:08,123] {logging_mixin.py:109} INFO - [2022-02-09 08:18:08,123] {dag.py:2935} INFO - Setting next_dagrun for yellowTX_HW_data_ingestion_gcs_dag to 2022-02-01T23:00:00+00:00
[2022-02-09 08:18:08,132] {processor.py:171} INFO - Processing /opt/airflow/dags/yellowTX_dataa_ingest_gcs_dag.py took 0.984 seconds
[2022-02-09 08:18:38,173] {processor.py:163} INFO - Started process (PID=313) to work on /opt/airflow/dags/yellowTX_dataa_ingest_gcs_dag.py
[2022-02-09 08:18:38,176] {processor.py:642} INFO - Processing file /opt/airflow/dags/yellowTX_dataa_ingest_gcs_dag.py for tasks to queue
[2022-02-09 08:18:38,177] {logging_mixin.py:109} INFO - [2022-02-09 08:18:38,177] {dagbag.py:500} INFO - Filling up the DagBag from /opt/airflow/dags/yellowTX_dataa_ingest_gcs_dag.py
[2022-02-09 08:18:39,170] {processor.py:654} INFO - DAG(s) dict_keys(['yellowTX_HW_data_ingestion_gcs_dag']) retrieved from /opt/airflow/dags/yellowTX_dataa_ingest_gcs_dag.py
[2022-02-09 08:18:39,180] {logging_mixin.py:109} INFO - [2022-02-09 08:18:39,179] {dag.py:2396} INFO - Sync 1 DAGs
[2022-02-09 08:18:39,196] {logging_mixin.py:109} INFO - [2022-02-09 08:18:39,196] {dag.py:2935} INFO - Setting next_dagrun for yellowTX_HW_data_ingestion_gcs_dag to 2022-02-01T23:00:00+00:00
[2022-02-09 08:18:39,207] {processor.py:171} INFO - Processing /opt/airflow/dags/yellowTX_dataa_ingest_gcs_dag.py took 1.040 seconds
[2022-02-09 08:19:09,527] {processor.py:163} INFO - Started process (PID=347) to work on /opt/airflow/dags/yellowTX_dataa_ingest_gcs_dag.py
[2022-02-09 08:19:09,529] {processor.py:642} INFO - Processing file /opt/airflow/dags/yellowTX_dataa_ingest_gcs_dag.py for tasks to queue
[2022-02-09 08:19:09,530] {logging_mixin.py:109} INFO - [2022-02-09 08:19:09,530] {dagbag.py:500} INFO - Filling up the DagBag from /opt/airflow/dags/yellowTX_dataa_ingest_gcs_dag.py
[2022-02-09 08:19:10,406] {processor.py:654} INFO - DAG(s) dict_keys(['yellowTX_HW_data_ingestion_gcs_dag']) retrieved from /opt/airflow/dags/yellowTX_dataa_ingest_gcs_dag.py
[2022-02-09 08:19:10,416] {logging_mixin.py:109} INFO - [2022-02-09 08:19:10,415] {dag.py:2396} INFO - Sync 1 DAGs
[2022-02-09 08:19:10,431] {logging_mixin.py:109} INFO - [2022-02-09 08:19:10,431] {dag.py:2935} INFO - Setting next_dagrun for yellowTX_HW_data_ingestion_gcs_dag to 2022-02-01T23:00:00+00:00
[2022-02-09 08:19:10,440] {processor.py:171} INFO - Processing /opt/airflow/dags/yellowTX_dataa_ingest_gcs_dag.py took 0.917 seconds
[2022-02-09 08:19:40,550] {processor.py:163} INFO - Started process (PID=390) to work on /opt/airflow/dags/yellowTX_dataa_ingest_gcs_dag.py
[2022-02-09 08:19:40,553] {processor.py:642} INFO - Processing file /opt/airflow/dags/yellowTX_dataa_ingest_gcs_dag.py for tasks to queue
[2022-02-09 08:19:40,554] {logging_mixin.py:109} INFO - [2022-02-09 08:19:40,554] {dagbag.py:500} INFO - Filling up the DagBag from /opt/airflow/dags/yellowTX_dataa_ingest_gcs_dag.py
[2022-02-09 08:19:42,363] {processor.py:654} INFO - DAG(s) dict_keys(['yellowTX_HW_data_ingestion_gcs_dag']) retrieved from /opt/airflow/dags/yellowTX_dataa_ingest_gcs_dag.py
[2022-02-09 08:19:42,377] {logging_mixin.py:109} INFO - [2022-02-09 08:19:42,377] {dag.py:2396} INFO - Sync 1 DAGs
[2022-02-09 08:19:42,412] {processor.py:171} INFO - Processing /opt/airflow/dags/yellowTX_dataa_ingest_gcs_dag.py took 1.880 seconds
[2022-02-09 08:20:12,591] {processor.py:163} INFO - Started process (PID=426) to work on /opt/airflow/dags/yellowTX_dataa_ingest_gcs_dag.py
[2022-02-09 08:20:12,593] {processor.py:642} INFO - Processing file /opt/airflow/dags/yellowTX_dataa_ingest_gcs_dag.py for tasks to queue
[2022-02-09 08:20:12,594] {logging_mixin.py:109} INFO - [2022-02-09 08:20:12,594] {dagbag.py:500} INFO - Filling up the DagBag from /opt/airflow/dags/yellowTX_dataa_ingest_gcs_dag.py
[2022-02-09 08:20:13,556] {processor.py:654} INFO - DAG(s) dict_keys(['yellowTX_HW_data_ingestion_gcs_dag']) retrieved from /opt/airflow/dags/yellowTX_dataa_ingest_gcs_dag.py
[2022-02-09 08:20:13,569] {logging_mixin.py:109} INFO - [2022-02-09 08:20:13,569] {dag.py:2396} INFO - Sync 1 DAGs
[2022-02-09 08:20:13,599] {processor.py:171} INFO - Processing /opt/airflow/dags/yellowTX_dataa_ingest_gcs_dag.py took 1.014 seconds
[2022-02-09 08:20:43,742] {processor.py:163} INFO - Started process (PID=469) to work on /opt/airflow/dags/yellowTX_dataa_ingest_gcs_dag.py
[2022-02-09 08:20:43,747] {processor.py:642} INFO - Processing file /opt/airflow/dags/yellowTX_dataa_ingest_gcs_dag.py for tasks to queue
[2022-02-09 08:20:43,748] {logging_mixin.py:109} INFO - [2022-02-09 08:20:43,748] {dagbag.py:500} INFO - Filling up the DagBag from /opt/airflow/dags/yellowTX_dataa_ingest_gcs_dag.py
[2022-02-09 08:20:44,928] {processor.py:654} INFO - DAG(s) dict_keys(['yellowTX_HW_data_ingestion_gcs_dag']) retrieved from /opt/airflow/dags/yellowTX_dataa_ingest_gcs_dag.py
[2022-02-09 08:20:44,942] {logging_mixin.py:109} INFO - [2022-02-09 08:20:44,941] {dag.py:2396} INFO - Sync 1 DAGs
[2022-02-09 08:20:44,964] {logging_mixin.py:109} INFO - [2022-02-09 08:20:44,964] {dag.py:2935} INFO - Setting next_dagrun for yellowTX_HW_data_ingestion_gcs_dag to 2022-02-01T23:00:00+00:00
[2022-02-09 08:20:44,974] {processor.py:171} INFO - Processing /opt/airflow/dags/yellowTX_dataa_ingest_gcs_dag.py took 1.238 seconds
[2022-02-09 08:21:15,057] {processor.py:163} INFO - Started process (PID=506) to work on /opt/airflow/dags/yellowTX_dataa_ingest_gcs_dag.py
[2022-02-09 08:21:15,059] {processor.py:642} INFO - Processing file /opt/airflow/dags/yellowTX_dataa_ingest_gcs_dag.py for tasks to queue
[2022-02-09 08:21:15,060] {logging_mixin.py:109} INFO - [2022-02-09 08:21:15,060] {dagbag.py:500} INFO - Filling up the DagBag from /opt/airflow/dags/yellowTX_dataa_ingest_gcs_dag.py
[2022-02-09 08:21:15,974] {processor.py:654} INFO - DAG(s) dict_keys(['yellowTX_HW_data_ingestion_gcs_dag']) retrieved from /opt/airflow/dags/yellowTX_dataa_ingest_gcs_dag.py
[2022-02-09 08:21:15,984] {logging_mixin.py:109} INFO - [2022-02-09 08:21:15,984] {dag.py:2396} INFO - Sync 1 DAGs
[2022-02-09 08:21:16,000] {logging_mixin.py:109} INFO - [2022-02-09 08:21:16,000] {dag.py:2935} INFO - Setting next_dagrun for yellowTX_HW_data_ingestion_gcs_dag to 2022-02-01T23:00:00+00:00
[2022-02-09 08:21:16,010] {processor.py:171} INFO - Processing /opt/airflow/dags/yellowTX_dataa_ingest_gcs_dag.py took 0.959 seconds
[2022-02-09 08:21:46,114] {processor.py:163} INFO - Started process (PID=547) to work on /opt/airflow/dags/yellowTX_dataa_ingest_gcs_dag.py
[2022-02-09 08:21:46,117] {processor.py:642} INFO - Processing file /opt/airflow/dags/yellowTX_dataa_ingest_gcs_dag.py for tasks to queue
[2022-02-09 08:21:46,118] {logging_mixin.py:109} INFO - [2022-02-09 08:21:46,117] {dagbag.py:500} INFO - Filling up the DagBag from /opt/airflow/dags/yellowTX_dataa_ingest_gcs_dag.py
[2022-02-09 08:21:47,260] {processor.py:654} INFO - DAG(s) dict_keys(['yellowTX_HW_data_ingestion_gcs_dag']) retrieved from /opt/airflow/dags/yellowTX_dataa_ingest_gcs_dag.py
[2022-02-09 08:21:47,273] {logging_mixin.py:109} INFO - [2022-02-09 08:21:47,273] {dag.py:2396} INFO - Sync 1 DAGs
[2022-02-09 08:21:47,289] {logging_mixin.py:109} INFO - [2022-02-09 08:21:47,289] {dag.py:2935} INFO - Setting next_dagrun for yellowTX_HW_data_ingestion_gcs_dag to 2022-01-01 23:00:00+00:00
[2022-02-09 08:21:47,298] {processor.py:171} INFO - Processing /opt/airflow/dags/yellowTX_dataa_ingest_gcs_dag.py took 1.189 seconds
[2022-02-09 08:22:17,346] {processor.py:163} INFO - Started process (PID=582) to work on /opt/airflow/dags/yellowTX_dataa_ingest_gcs_dag.py
[2022-02-09 08:22:17,348] {processor.py:642} INFO - Processing file /opt/airflow/dags/yellowTX_dataa_ingest_gcs_dag.py for tasks to queue
[2022-02-09 08:22:17,349] {logging_mixin.py:109} INFO - [2022-02-09 08:22:17,349] {dagbag.py:500} INFO - Filling up the DagBag from /opt/airflow/dags/yellowTX_dataa_ingest_gcs_dag.py
[2022-02-09 08:22:18,466] {processor.py:654} INFO - DAG(s) dict_keys(['yellowTX_HW_data_ingestion_gcs_dag']) retrieved from /opt/airflow/dags/yellowTX_dataa_ingest_gcs_dag.py
[2022-02-09 08:22:18,475] {logging_mixin.py:109} INFO - [2022-02-09 08:22:18,475] {dag.py:2396} INFO - Sync 1 DAGs
[2022-02-09 08:22:18,492] {logging_mixin.py:109} INFO - [2022-02-09 08:22:18,492] {dag.py:2935} INFO - Setting next_dagrun for yellowTX_HW_data_ingestion_gcs_dag to 2022-02-01T23:00:00+00:00
[2022-02-09 08:22:18,502] {processor.py:171} INFO - Processing /opt/airflow/dags/yellowTX_dataa_ingest_gcs_dag.py took 1.161 seconds
