[2022-02-09 08:36:15,903] {processor.py:163} INFO - Started process (PID=40) to work on /opt/airflow/dags/yelloTaXi_data_ingestee_gcs_dag.py
[2022-02-09 08:36:15,905] {processor.py:642} INFO - Processing file /opt/airflow/dags/yelloTaXi_data_ingestee_gcs_dag.py for tasks to queue
[2022-02-09 08:36:15,907] {logging_mixin.py:109} INFO - [2022-02-09 08:36:15,907] {dagbag.py:500} INFO - Filling up the DagBag from /opt/airflow/dags/yelloTaXi_data_ingestee_gcs_dag.py
[2022-02-09 08:36:19,659] {processor.py:654} INFO - DAG(s) dict_keys(['yelloTaXi_HW_data_ingestee_gcs_dag']) retrieved from /opt/airflow/dags/yelloTaXi_data_ingestee_gcs_dag.py
[2022-02-09 08:36:28,427] {logging_mixin.py:109} INFO - [2022-02-09 08:36:28,427] {manager.py:496} INFO - Created Permission View: can edit on DAG:yelloTaXi_HW_data_ingestee_gcs_dag
[2022-02-09 08:36:28,439] {logging_mixin.py:109} INFO - [2022-02-09 08:36:28,439] {manager.py:496} INFO - Created Permission View: can read on DAG:yelloTaXi_HW_data_ingestee_gcs_dag
[2022-02-09 08:36:28,440] {logging_mixin.py:109} INFO - [2022-02-09 08:36:28,439] {dag.py:2396} INFO - Sync 1 DAGs
[2022-02-09 08:36:28,451] {logging_mixin.py:109} INFO - [2022-02-09 08:36:28,450] {dag.py:2415} INFO - Creating ORM DAG for yelloTaXi_HW_data_ingestee_gcs_dag
[2022-02-09 08:36:28,465] {logging_mixin.py:109} INFO - [2022-02-09 08:36:28,464] {dag.py:2935} INFO - Setting next_dagrun for yelloTaXi_HW_data_ingestee_gcs_dag to 2022-01-01 23:00:00+00:00
[2022-02-09 08:36:28,486] {processor.py:171} INFO - Processing /opt/airflow/dags/yelloTaXi_data_ingestee_gcs_dag.py took 12.612 seconds
[2022-02-09 08:36:59,025] {processor.py:163} INFO - Started process (PID=94) to work on /opt/airflow/dags/yelloTaXi_data_ingestee_gcs_dag.py
[2022-02-09 08:36:59,029] {processor.py:642} INFO - Processing file /opt/airflow/dags/yelloTaXi_data_ingestee_gcs_dag.py for tasks to queue
[2022-02-09 08:36:59,031] {logging_mixin.py:109} INFO - [2022-02-09 08:36:59,030] {dagbag.py:500} INFO - Filling up the DagBag from /opt/airflow/dags/yelloTaXi_data_ingestee_gcs_dag.py
[2022-02-09 08:36:59,933] {processor.py:654} INFO - DAG(s) dict_keys(['yelloTaXi_HW_data_ingestee_gcs_dag']) retrieved from /opt/airflow/dags/yelloTaXi_data_ingestee_gcs_dag.py
[2022-02-09 08:36:59,946] {logging_mixin.py:109} INFO - [2022-02-09 08:36:59,946] {dag.py:2396} INFO - Sync 1 DAGs
[2022-02-09 08:36:59,968] {logging_mixin.py:109} INFO - [2022-02-09 08:36:59,968] {dag.py:2935} INFO - Setting next_dagrun for yelloTaXi_HW_data_ingestee_gcs_dag to 2022-01-01 23:00:00+00:00
[2022-02-09 08:36:59,979] {processor.py:171} INFO - Processing /opt/airflow/dags/yelloTaXi_data_ingestee_gcs_dag.py took 0.960 seconds
[2022-02-09 08:37:30,221] {processor.py:163} INFO - Started process (PID=138) to work on /opt/airflow/dags/yelloTaXi_data_ingestee_gcs_dag.py
[2022-02-09 08:37:30,223] {processor.py:642} INFO - Processing file /opt/airflow/dags/yelloTaXi_data_ingestee_gcs_dag.py for tasks to queue
[2022-02-09 08:37:30,223] {logging_mixin.py:109} INFO - [2022-02-09 08:37:30,223] {dagbag.py:500} INFO - Filling up the DagBag from /opt/airflow/dags/yelloTaXi_data_ingestee_gcs_dag.py
[2022-02-09 08:37:31,042] {processor.py:654} INFO - DAG(s) dict_keys(['yelloTaXi_HW_data_ingestee_gcs_dag']) retrieved from /opt/airflow/dags/yelloTaXi_data_ingestee_gcs_dag.py
[2022-02-09 08:37:31,051] {logging_mixin.py:109} INFO - [2022-02-09 08:37:31,051] {dag.py:2396} INFO - Sync 1 DAGs
[2022-02-09 08:37:31,070] {logging_mixin.py:109} INFO - [2022-02-09 08:37:31,070] {dag.py:2935} INFO - Setting next_dagrun for yelloTaXi_HW_data_ingestee_gcs_dag to 2022-01-01 23:00:00+00:00
[2022-02-09 08:37:31,079] {processor.py:171} INFO - Processing /opt/airflow/dags/yelloTaXi_data_ingestee_gcs_dag.py took 0.862 seconds
[2022-02-09 08:38:01,173] {processor.py:163} INFO - Started process (PID=171) to work on /opt/airflow/dags/yelloTaXi_data_ingestee_gcs_dag.py
[2022-02-09 08:38:01,178] {processor.py:642} INFO - Processing file /opt/airflow/dags/yelloTaXi_data_ingestee_gcs_dag.py for tasks to queue
[2022-02-09 08:38:01,178] {logging_mixin.py:109} INFO - [2022-02-09 08:38:01,178] {dagbag.py:500} INFO - Filling up the DagBag from /opt/airflow/dags/yelloTaXi_data_ingestee_gcs_dag.py
[2022-02-09 08:38:02,029] {processor.py:654} INFO - DAG(s) dict_keys(['yelloTaXi_HW_data_ingestee_gcs_dag']) retrieved from /opt/airflow/dags/yelloTaXi_data_ingestee_gcs_dag.py
[2022-02-09 08:38:02,040] {logging_mixin.py:109} INFO - [2022-02-09 08:38:02,039] {dag.py:2396} INFO - Sync 1 DAGs
[2022-02-09 08:38:02,057] {logging_mixin.py:109} INFO - [2022-02-09 08:38:02,057] {dag.py:2935} INFO - Setting next_dagrun for yelloTaXi_HW_data_ingestee_gcs_dag to 2022-01-01 23:00:00+00:00
[2022-02-09 08:38:02,066] {processor.py:171} INFO - Processing /opt/airflow/dags/yelloTaXi_data_ingestee_gcs_dag.py took 0.898 seconds
[2022-02-09 08:38:24,020] {processor.py:163} INFO - Started process (PID=196) to work on /opt/airflow/dags/yelloTaXi_data_ingestee_gcs_dag.py
[2022-02-09 08:38:24,022] {processor.py:642} INFO - Processing file /opt/airflow/dags/yelloTaXi_data_ingestee_gcs_dag.py for tasks to queue
[2022-02-09 08:38:24,023] {logging_mixin.py:109} INFO - [2022-02-09 08:38:24,023] {dagbag.py:500} INFO - Filling up the DagBag from /opt/airflow/dags/yelloTaXi_data_ingestee_gcs_dag.py
[2022-02-09 08:38:24,889] {processor.py:654} INFO - DAG(s) dict_keys(['yelloTaXi_HW_data_ingestee_gcs_dag']) retrieved from /opt/airflow/dags/yelloTaXi_data_ingestee_gcs_dag.py
[2022-02-09 08:38:25,091] {logging_mixin.py:109} INFO - [2022-02-09 08:38:25,091] {dag.py:2396} INFO - Sync 1 DAGs
[2022-02-09 08:38:25,109] {logging_mixin.py:109} INFO - [2022-02-09 08:38:25,109] {dag.py:2935} INFO - Setting next_dagrun for yelloTaXi_HW_data_ingestee_gcs_dag to 2022-01-01 23:00:00+00:00
[2022-02-09 08:38:25,123] {processor.py:171} INFO - Processing /opt/airflow/dags/yelloTaXi_data_ingestee_gcs_dag.py took 1.108 seconds
[2022-02-09 08:38:52,187] {processor.py:163} INFO - Started process (PID=231) to work on /opt/airflow/dags/yelloTaXi_data_ingestee_gcs_dag.py
[2022-02-09 08:38:52,189] {processor.py:642} INFO - Processing file /opt/airflow/dags/yelloTaXi_data_ingestee_gcs_dag.py for tasks to queue
[2022-02-09 08:38:52,189] {logging_mixin.py:109} INFO - [2022-02-09 08:38:52,189] {dagbag.py:500} INFO - Filling up the DagBag from /opt/airflow/dags/yelloTaXi_data_ingestee_gcs_dag.py
[2022-02-09 08:38:53,050] {processor.py:654} INFO - DAG(s) dict_keys(['yelloTaXi_HW_data_ingestee_gcs_dag']) retrieved from /opt/airflow/dags/yelloTaXi_data_ingestee_gcs_dag.py
[2022-02-09 08:38:53,055] {logging_mixin.py:109} INFO - [2022-02-09 08:38:53,055] {dag.py:2396} INFO - Sync 1 DAGs
[2022-02-09 08:38:53,072] {logging_mixin.py:109} INFO - [2022-02-09 08:38:53,072] {dag.py:2935} INFO - Setting next_dagrun for yelloTaXi_HW_data_ingestee_gcs_dag to 2022-01-01 23:00:00+00:00
[2022-02-09 08:38:53,083] {processor.py:171} INFO - Processing /opt/airflow/dags/yelloTaXi_data_ingestee_gcs_dag.py took 0.900 seconds
[2022-02-09 08:39:23,279] {processor.py:163} INFO - Started process (PID=274) to work on /opt/airflow/dags/yelloTaXi_data_ingestee_gcs_dag.py
[2022-02-09 08:39:23,281] {processor.py:642} INFO - Processing file /opt/airflow/dags/yelloTaXi_data_ingestee_gcs_dag.py for tasks to queue
[2022-02-09 08:39:23,282] {logging_mixin.py:109} INFO - [2022-02-09 08:39:23,282] {dagbag.py:500} INFO - Filling up the DagBag from /opt/airflow/dags/yelloTaXi_data_ingestee_gcs_dag.py
[2022-02-09 08:39:24,125] {processor.py:654} INFO - DAG(s) dict_keys(['yelloTaXi_HW_data_ingestee_gcs_dag']) retrieved from /opt/airflow/dags/yelloTaXi_data_ingestee_gcs_dag.py
[2022-02-09 08:39:24,319] {logging_mixin.py:109} INFO - [2022-02-09 08:39:24,319] {dag.py:2396} INFO - Sync 1 DAGs
[2022-02-09 08:39:24,334] {logging_mixin.py:109} INFO - [2022-02-09 08:39:24,334] {dag.py:2935} INFO - Setting next_dagrun for yelloTaXi_HW_data_ingestee_gcs_dag to 2022-01-01 23:00:00+00:00
[2022-02-09 08:39:24,346] {processor.py:171} INFO - Processing /opt/airflow/dags/yelloTaXi_data_ingestee_gcs_dag.py took 1.071 seconds
[2022-02-09 08:39:28,197] {processor.py:163} INFO - Started process (PID=284) to work on /opt/airflow/dags/yelloTaXi_data_ingestee_gcs_dag.py
[2022-02-09 08:39:28,199] {processor.py:642} INFO - Processing file /opt/airflow/dags/yelloTaXi_data_ingestee_gcs_dag.py for tasks to queue
[2022-02-09 08:39:28,199] {logging_mixin.py:109} INFO - [2022-02-09 08:39:28,199] {dagbag.py:500} INFO - Filling up the DagBag from /opt/airflow/dags/yelloTaXi_data_ingestee_gcs_dag.py
[2022-02-09 08:39:29,117] {processor.py:654} INFO - DAG(s) dict_keys(['yelloTaXi_HW_data_ingestee_gcs_dag']) retrieved from /opt/airflow/dags/yelloTaXi_data_ingestee_gcs_dag.py
[2022-02-09 08:39:29,121] {logging_mixin.py:109} INFO - [2022-02-09 08:39:29,120] {dag.py:2396} INFO - Sync 1 DAGs
[2022-02-09 08:39:29,137] {logging_mixin.py:109} INFO - [2022-02-09 08:39:29,137] {dag.py:2935} INFO - Setting next_dagrun for yelloTaXi_HW_data_ingestee_gcs_dag to 2019-01-01 23:00:00+00:00
[2022-02-09 08:39:29,147] {processor.py:171} INFO - Processing /opt/airflow/dags/yelloTaXi_data_ingestee_gcs_dag.py took 0.954 seconds
[2022-02-09 08:39:59,379] {processor.py:163} INFO - Started process (PID=328) to work on /opt/airflow/dags/yelloTaXi_data_ingestee_gcs_dag.py
[2022-02-09 08:39:59,381] {processor.py:642} INFO - Processing file /opt/airflow/dags/yelloTaXi_data_ingestee_gcs_dag.py for tasks to queue
[2022-02-09 08:39:59,382] {logging_mixin.py:109} INFO - [2022-02-09 08:39:59,382] {dagbag.py:500} INFO - Filling up the DagBag from /opt/airflow/dags/yelloTaXi_data_ingestee_gcs_dag.py
[2022-02-09 08:40:00,207] {processor.py:654} INFO - DAG(s) dict_keys(['yelloTaXi_HW_data_ingestee_gcs_dag']) retrieved from /opt/airflow/dags/yelloTaXi_data_ingestee_gcs_dag.py
[2022-02-09 08:40:00,447] {logging_mixin.py:109} INFO - [2022-02-09 08:40:00,446] {dag.py:2396} INFO - Sync 1 DAGs
[2022-02-09 08:40:00,473] {logging_mixin.py:109} INFO - [2022-02-09 08:40:00,473] {dag.py:2935} INFO - Setting next_dagrun for yelloTaXi_HW_data_ingestee_gcs_dag to 2019-01-01 23:00:00+00:00
[2022-02-09 08:40:00,488] {processor.py:171} INFO - Processing /opt/airflow/dags/yelloTaXi_data_ingestee_gcs_dag.py took 1.113 seconds
[2022-02-09 08:40:30,085] {processor.py:163} INFO - Started process (PID=361) to work on /opt/airflow/dags/yelloTaXi_data_ingestee_gcs_dag.py
[2022-02-09 08:40:30,087] {processor.py:642} INFO - Processing file /opt/airflow/dags/yelloTaXi_data_ingestee_gcs_dag.py for tasks to queue
[2022-02-09 08:40:30,088] {logging_mixin.py:109} INFO - [2022-02-09 08:40:30,088] {dagbag.py:500} INFO - Filling up the DagBag from /opt/airflow/dags/yelloTaXi_data_ingestee_gcs_dag.py
[2022-02-09 08:40:31,001] {processor.py:654} INFO - DAG(s) dict_keys(['yelloTaXi_HW_data_ingestee_gcs_dag']) retrieved from /opt/airflow/dags/yelloTaXi_data_ingestee_gcs_dag.py
[2022-02-09 08:40:31,010] {logging_mixin.py:109} INFO - [2022-02-09 08:40:31,010] {dag.py:2396} INFO - Sync 1 DAGs
[2022-02-09 08:40:31,025] {logging_mixin.py:109} INFO - [2022-02-09 08:40:31,025] {dag.py:2935} INFO - Setting next_dagrun for yelloTaXi_HW_data_ingestee_gcs_dag to 2019-01-01 23:00:00+00:00
[2022-02-09 08:40:31,036] {processor.py:171} INFO - Processing /opt/airflow/dags/yelloTaXi_data_ingestee_gcs_dag.py took 0.957 seconds
[2022-02-09 08:41:01,447] {processor.py:163} INFO - Started process (PID=404) to work on /opt/airflow/dags/yelloTaXi_data_ingestee_gcs_dag.py
[2022-02-09 08:41:01,450] {processor.py:642} INFO - Processing file /opt/airflow/dags/yelloTaXi_data_ingestee_gcs_dag.py for tasks to queue
[2022-02-09 08:41:01,450] {logging_mixin.py:109} INFO - [2022-02-09 08:41:01,450] {dagbag.py:500} INFO - Filling up the DagBag from /opt/airflow/dags/yelloTaXi_data_ingestee_gcs_dag.py
[2022-02-09 08:41:02,270] {processor.py:654} INFO - DAG(s) dict_keys(['yelloTaXi_HW_data_ingestee_gcs_dag']) retrieved from /opt/airflow/dags/yelloTaXi_data_ingestee_gcs_dag.py
[2022-02-09 08:41:02,287] {logging_mixin.py:109} INFO - [2022-02-09 08:41:02,286] {dag.py:2396} INFO - Sync 1 DAGs
[2022-02-09 08:41:02,316] {logging_mixin.py:109} INFO - [2022-02-09 08:41:02,316] {dag.py:2935} INFO - Setting next_dagrun for yelloTaXi_HW_data_ingestee_gcs_dag to 2019-01-01 23:00:00+00:00
[2022-02-09 08:41:02,332] {processor.py:171} INFO - Processing /opt/airflow/dags/yelloTaXi_data_ingestee_gcs_dag.py took 0.889 seconds
[2022-02-09 08:41:32,465] {processor.py:163} INFO - Started process (PID=440) to work on /opt/airflow/dags/yelloTaXi_data_ingestee_gcs_dag.py
[2022-02-09 08:41:32,466] {processor.py:642} INFO - Processing file /opt/airflow/dags/yelloTaXi_data_ingestee_gcs_dag.py for tasks to queue
[2022-02-09 08:41:32,467] {logging_mixin.py:109} INFO - [2022-02-09 08:41:32,467] {dagbag.py:500} INFO - Filling up the DagBag from /opt/airflow/dags/yelloTaXi_data_ingestee_gcs_dag.py
[2022-02-09 08:41:33,480] {processor.py:654} INFO - DAG(s) dict_keys(['yelloTaXi_HW_data_ingestee_gcs_dag']) retrieved from /opt/airflow/dags/yelloTaXi_data_ingestee_gcs_dag.py
[2022-02-09 08:41:33,494] {logging_mixin.py:109} INFO - [2022-02-09 08:41:33,493] {dag.py:2396} INFO - Sync 1 DAGs
[2022-02-09 08:41:33,518] {logging_mixin.py:109} INFO - [2022-02-09 08:41:33,518] {dag.py:2935} INFO - Setting next_dagrun for yelloTaXi_HW_data_ingestee_gcs_dag to 2019-01-01 23:00:00+00:00
[2022-02-09 08:41:33,531] {processor.py:171} INFO - Processing /opt/airflow/dags/yelloTaXi_data_ingestee_gcs_dag.py took 1.070 seconds
[2022-02-09 08:42:03,646] {processor.py:163} INFO - Started process (PID=484) to work on /opt/airflow/dags/yelloTaXi_data_ingestee_gcs_dag.py
[2022-02-09 08:42:03,648] {processor.py:642} INFO - Processing file /opt/airflow/dags/yelloTaXi_data_ingestee_gcs_dag.py for tasks to queue
[2022-02-09 08:42:03,649] {logging_mixin.py:109} INFO - [2022-02-09 08:42:03,649] {dagbag.py:500} INFO - Filling up the DagBag from /opt/airflow/dags/yelloTaXi_data_ingestee_gcs_dag.py
[2022-02-09 08:42:04,492] {processor.py:654} INFO - DAG(s) dict_keys(['yelloTaXi_HW_data_ingestee_gcs_dag']) retrieved from /opt/airflow/dags/yelloTaXi_data_ingestee_gcs_dag.py
[2022-02-09 08:42:04,502] {logging_mixin.py:109} INFO - [2022-02-09 08:42:04,502] {dag.py:2396} INFO - Sync 1 DAGs
[2022-02-09 08:42:04,518] {logging_mixin.py:109} INFO - [2022-02-09 08:42:04,518] {dag.py:2935} INFO - Setting next_dagrun for yelloTaXi_HW_data_ingestee_gcs_dag to 2019-01-01 23:00:00+00:00
[2022-02-09 08:42:04,527] {processor.py:171} INFO - Processing /opt/airflow/dags/yelloTaXi_data_ingestee_gcs_dag.py took 0.886 seconds
[2022-02-09 08:42:34,613] {processor.py:163} INFO - Started process (PID=523) to work on /opt/airflow/dags/yelloTaXi_data_ingestee_gcs_dag.py
[2022-02-09 08:42:34,635] {processor.py:642} INFO - Processing file /opt/airflow/dags/yelloTaXi_data_ingestee_gcs_dag.py for tasks to queue
[2022-02-09 08:42:34,636] {logging_mixin.py:109} INFO - [2022-02-09 08:42:34,636] {dagbag.py:500} INFO - Filling up the DagBag from /opt/airflow/dags/yelloTaXi_data_ingestee_gcs_dag.py
[2022-02-09 08:42:37,224] {processor.py:654} INFO - DAG(s) dict_keys(['yelloTaXi_HW_data_ingestee_gcs_dag']) retrieved from /opt/airflow/dags/yelloTaXi_data_ingestee_gcs_dag.py
[2022-02-09 08:42:37,269] {logging_mixin.py:109} INFO - [2022-02-09 08:42:37,268] {dag.py:2396} INFO - Sync 1 DAGs
[2022-02-09 08:42:37,320] {processor.py:171} INFO - Processing /opt/airflow/dags/yelloTaXi_data_ingestee_gcs_dag.py took 2.733 seconds
[2022-02-09 08:43:07,974] {processor.py:163} INFO - Started process (PID=572) to work on /opt/airflow/dags/yelloTaXi_data_ingestee_gcs_dag.py
[2022-02-09 08:43:08,036] {processor.py:642} INFO - Processing file /opt/airflow/dags/yelloTaXi_data_ingestee_gcs_dag.py for tasks to queue
[2022-02-09 08:43:08,037] {logging_mixin.py:109} INFO - [2022-02-09 08:43:08,037] {dagbag.py:500} INFO - Filling up the DagBag from /opt/airflow/dags/yelloTaXi_data_ingestee_gcs_dag.py
[2022-02-09 08:43:09,724] {processor.py:654} INFO - DAG(s) dict_keys(['yelloTaXi_HW_data_ingestee_gcs_dag']) retrieved from /opt/airflow/dags/yelloTaXi_data_ingestee_gcs_dag.py
[2022-02-09 08:43:09,750] {logging_mixin.py:109} INFO - [2022-02-09 08:43:09,750] {dag.py:2396} INFO - Sync 1 DAGs
[2022-02-09 08:43:10,099] {processor.py:171} INFO - Processing /opt/airflow/dags/yelloTaXi_data_ingestee_gcs_dag.py took 2.130 seconds
[2022-02-09 08:43:40,281] {processor.py:163} INFO - Started process (PID=630) to work on /opt/airflow/dags/yelloTaXi_data_ingestee_gcs_dag.py
[2022-02-09 08:43:40,290] {processor.py:642} INFO - Processing file /opt/airflow/dags/yelloTaXi_data_ingestee_gcs_dag.py for tasks to queue
[2022-02-09 08:43:40,297] {logging_mixin.py:109} INFO - [2022-02-09 08:43:40,297] {dagbag.py:500} INFO - Filling up the DagBag from /opt/airflow/dags/yelloTaXi_data_ingestee_gcs_dag.py
[2022-02-09 08:43:42,869] {processor.py:654} INFO - DAG(s) dict_keys(['yelloTaXi_HW_data_ingestee_gcs_dag']) retrieved from /opt/airflow/dags/yelloTaXi_data_ingestee_gcs_dag.py
[2022-02-09 08:43:42,894] {logging_mixin.py:109} INFO - [2022-02-09 08:43:42,893] {dag.py:2396} INFO - Sync 1 DAGs
[2022-02-09 08:43:42,955] {logging_mixin.py:109} INFO - [2022-02-09 08:43:42,955] {dag.py:2935} INFO - Setting next_dagrun for yelloTaXi_HW_data_ingestee_gcs_dag to 2020-04-01T23:00:00+00:00
[2022-02-09 08:43:42,988] {processor.py:171} INFO - Processing /opt/airflow/dags/yelloTaXi_data_ingestee_gcs_dag.py took 2.721 seconds
[2022-02-09 08:44:15,890] {processor.py:163} INFO - Started process (PID=654) to work on /opt/airflow/dags/yelloTaXi_data_ingestee_gcs_dag.py
[2022-02-09 08:44:17,239] {processor.py:642} INFO - Processing file /opt/airflow/dags/yelloTaXi_data_ingestee_gcs_dag.py for tasks to queue
[2022-02-09 08:45:58,144] {logging_mixin.py:109} INFO - [2022-02-09 08:44:20,630] {dagbag.py:500} INFO - Filling up the DagBag from /opt/airflow/dags/yelloTaXi_data_ingestee_gcs_dag.py
[2022-02-09 08:53:07,950] {processor.py:163} INFO - Started process (PID=656) to work on /opt/airflow/dags/yelloTaXi_data_ingestee_gcs_dag.py
[2022-02-09 08:53:08,705] {processor.py:642} INFO - Processing file /opt/airflow/dags/yelloTaXi_data_ingestee_gcs_dag.py for tasks to queue
[2022-02-09 08:53:08,706] {logging_mixin.py:109} INFO - [2022-02-09 08:53:08,706] {dagbag.py:500} INFO - Filling up the DagBag from /opt/airflow/dags/yelloTaXi_data_ingestee_gcs_dag.py
[2022-02-09 08:53:38,718] {logging_mixin.py:109} INFO - [2022-02-09 08:53:38,718] {timeout.py:36} ERROR - Process timed out, PID: 656
[2022-02-09 08:53:39,274] {logging_mixin.py:109} INFO - [2022-02-09 08:53:38,719] {dagbag.py:334} ERROR - Failed to import: /opt/airflow/dags/yelloTaXi_data_ingestee_gcs_dag.py
Traceback (most recent call last):
  File "/home/airflow/.local/lib/python3.7/site-packages/airflow/models/dagbag.py", line 331, in _load_modules_from_file
    loader.exec_module(new_module)
  File "<frozen importlib._bootstrap_external>", line 728, in exec_module
  File "<frozen importlib._bootstrap>", line 219, in _call_with_frames_removed
  File "/opt/airflow/dags/yelloTaXi_data_ingestee_gcs_dag.py", line 11, in <module>
    from google.cloud import storage
  File "/home/airflow/.local/lib/python3.7/site-packages/google/cloud/storage/__init__.py", line 36, in <module>
    from google.cloud.storage.blob import Blob
  File "/home/airflow/.local/lib/python3.7/site-packages/google/cloud/storage/blob.py", line 87, in <module>
    from google.cloud.storage.fileio import BlobReader
  File "<frozen importlib._bootstrap>", line 983, in _find_and_load
  File "<frozen importlib._bootstrap>", line 967, in _find_and_load_unlocked
  File "<frozen importlib._bootstrap>", line 677, in _load_unlocked
  File "<frozen importlib._bootstrap_external>", line 724, in exec_module
  File "<frozen importlib._bootstrap_external>", line 818, in get_code
  File "<frozen importlib._bootstrap_external>", line 917, in get_data
  File "/home/airflow/.local/lib/python3.7/site-packages/airflow/utils/timeout.py", line 37, in handle_timeout
    raise AirflowTaskTimeout(self.error_message)
airflow.exceptions.AirflowTaskTimeout: DagBag import timeout for /opt/airflow/dags/yelloTaXi_data_ingestee_gcs_dag.py after 30.0s.
Please take a look at these docs to improve your DAG import time:
* https://airflow.apache.org/docs/apache-airflow/2.2.3/best-practices.html#top-level-python-code
* https://airflow.apache.org/docs/apache-airflow/2.2.3/best-practices.html#reducing-dag-complexity, PID: 656
[2022-02-09 08:53:39,298] {processor.py:690} INFO - Deactivated 1 DAGs which are no longer present in /opt/airflow/dags/yelloTaXi_data_ingestee_gcs_dag.py
[2022-02-09 08:53:39,298] {processor.py:656} WARNING - No viable dags retrieved from /opt/airflow/dags/yelloTaXi_data_ingestee_gcs_dag.py
[2022-02-09 08:53:39,755] {processor.py:171} INFO - Processing /opt/airflow/dags/yelloTaXi_data_ingestee_gcs_dag.py took 31.810 seconds
[2022-02-09 08:53:40,098] {processor.py:163} INFO - Started process (PID=666) to work on /opt/airflow/dags/yelloTaXi_data_ingestee_gcs_dag.py
[2022-02-09 08:53:40,139] {processor.py:642} INFO - Processing file /opt/airflow/dags/yelloTaXi_data_ingestee_gcs_dag.py for tasks to queue
[2022-02-09 08:53:40,140] {logging_mixin.py:109} INFO - [2022-02-09 08:53:40,140] {dagbag.py:500} INFO - Filling up the DagBag from /opt/airflow/dags/yelloTaXi_data_ingestee_gcs_dag.py
[2022-02-09 08:58:20,484] {processor.py:163} INFO - Started process (PID=41) to work on /opt/airflow/dags/yelloTaXi_data_ingestee_gcs_dag.py
[2022-02-09 08:58:20,494] {processor.py:642} INFO - Processing file /opt/airflow/dags/yelloTaXi_data_ingestee_gcs_dag.py for tasks to queue
[2022-02-09 08:58:20,501] {logging_mixin.py:109} INFO - [2022-02-09 08:58:20,500] {dagbag.py:500} INFO - Filling up the DagBag from /opt/airflow/dags/yelloTaXi_data_ingestee_gcs_dag.py
[2022-02-09 08:58:25,582] {processor.py:654} INFO - DAG(s) dict_keys(['yelloTaXi_HW_data_ingestee_gcs_dag']) retrieved from /opt/airflow/dags/yelloTaXi_data_ingestee_gcs_dag.py
[2022-02-09 08:58:28,236] {logging_mixin.py:109} INFO - [2022-02-09 08:58:28,236] {dag.py:2396} INFO - Sync 1 DAGs
[2022-02-09 08:58:28,331] {processor.py:171} INFO - Processing /opt/airflow/dags/yelloTaXi_data_ingestee_gcs_dag.py took 7.853 seconds
[2022-02-09 08:58:30,775] {processor.py:163} INFO - Started process (PID=65) to work on /opt/airflow/dags/yelloTaXi_data_ingestee_gcs_dag.py
[2022-02-09 08:58:30,786] {processor.py:642} INFO - Processing file /opt/airflow/dags/yelloTaXi_data_ingestee_gcs_dag.py for tasks to queue
[2022-02-09 08:58:30,787] {logging_mixin.py:109} INFO - [2022-02-09 08:58:30,786] {dagbag.py:500} INFO - Filling up the DagBag from /opt/airflow/dags/yelloTaXi_data_ingestee_gcs_dag.py
[2022-02-09 08:58:33,324] {processor.py:654} INFO - DAG(s) dict_keys(['yelloTaXi_HW_data_ingestee_gcs_dag']) retrieved from /opt/airflow/dags/yelloTaXi_data_ingestee_gcs_dag.py
[2022-02-09 08:58:33,392] {processor.py:608} INFO - Executed failure callback for <TaskInstance: yelloTaXi_HW_data_ingestee_gcs_dag.format_to_parquet_task scheduled__2019-05-01T23:00:00+00:00 [up_for_retry]> in state up_for_retry
[2022-02-09 08:58:33,448] {processor.py:608} INFO - Executed failure callback for <TaskInstance: yelloTaXi_HW_data_ingestee_gcs_dag.format_to_parquet_task scheduled__2019-03-01T23:00:00+00:00 [up_for_retry]> in state up_for_retry
[2022-02-09 08:58:33,499] {processor.py:608} INFO - Executed failure callback for <TaskInstance: yelloTaXi_HW_data_ingestee_gcs_dag.format_to_parquet_task scheduled__2019-11-01T23:00:00+00:00 [up_for_retry]> in state up_for_retry
[2022-02-09 08:58:33,569] {processor.py:608} INFO - Executed failure callback for <TaskInstance: yelloTaXi_HW_data_ingestee_gcs_dag.format_to_parquet_task scheduled__2019-10-01T23:00:00+00:00 [up_for_retry]> in state up_for_retry
[2022-02-09 08:58:33,636] {processor.py:608} INFO - Executed failure callback for <TaskInstance: yelloTaXi_HW_data_ingestee_gcs_dag.format_to_parquet_task scheduled__2019-04-01T23:00:00+00:00 [up_for_retry]> in state up_for_retry
[2022-02-09 08:58:33,701] {processor.py:608} INFO - Executed failure callback for <TaskInstance: yelloTaXi_HW_data_ingestee_gcs_dag.format_to_parquet_task scheduled__2019-02-01T23:00:00+00:00 [up_for_retry]> in state up_for_retry
[2022-02-09 08:58:33,770] {processor.py:608} INFO - Executed failure callback for <TaskInstance: yelloTaXi_HW_data_ingestee_gcs_dag.format_to_parquet_task scheduled__2019-12-01T23:00:00+00:00 [up_for_retry]> in state up_for_retry
[2022-02-09 08:58:33,829] {processor.py:608} INFO - Executed failure callback for <TaskInstance: yelloTaXi_HW_data_ingestee_gcs_dag.format_to_parquet_task scheduled__2020-01-01T23:00:00+00:00 [up_for_retry]> in state up_for_retry
[2022-02-09 08:58:33,900] {processor.py:608} INFO - Executed failure callback for <TaskInstance: yelloTaXi_HW_data_ingestee_gcs_dag.format_to_parquet_task scheduled__2019-01-01T23:00:00+00:00 [up_for_retry]> in state up_for_retry
[2022-02-09 08:58:33,963] {processor.py:608} INFO - Executed failure callback for <TaskInstance: yelloTaXi_HW_data_ingestee_gcs_dag.format_to_parquet_task scheduled__2020-02-01T23:00:00+00:00 [up_for_retry]> in state up_for_retry
[2022-02-09 08:58:34,011] {processor.py:608} INFO - Executed failure callback for <TaskInstance: yelloTaXi_HW_data_ingestee_gcs_dag.format_to_parquet_task scheduled__2019-09-01T23:00:00+00:00 [up_for_retry]> in state up_for_retry
[2022-02-09 08:58:34,063] {processor.py:608} INFO - Executed failure callback for <TaskInstance: yelloTaXi_HW_data_ingestee_gcs_dag.download_dataset_task scheduled__2020-04-01T23:00:00+00:00 [up_for_retry]> in state up_for_retry
[2022-02-09 08:58:34,108] {processor.py:608} INFO - Executed failure callback for <TaskInstance: yelloTaXi_HW_data_ingestee_gcs_dag.format_to_parquet_task scheduled__2019-06-01T23:00:00+00:00 [up_for_retry]> in state up_for_retry
[2022-02-09 08:58:34,148] {processor.py:608} INFO - Executed failure callback for <TaskInstance: yelloTaXi_HW_data_ingestee_gcs_dag.format_to_parquet_task scheduled__2019-05-01T23:00:00+00:00 [failed]> in state failed
[2022-02-09 08:58:34,195] {processor.py:608} INFO - Executed failure callback for <TaskInstance: yelloTaXi_HW_data_ingestee_gcs_dag.format_to_parquet_task scheduled__2019-03-01T23:00:00+00:00 [failed]> in state failed
[2022-02-09 08:58:34,232] {processor.py:608} INFO - Executed failure callback for <TaskInstance: yelloTaXi_HW_data_ingestee_gcs_dag.format_to_parquet_task scheduled__2019-11-01T23:00:00+00:00 [failed]> in state failed
[2022-02-09 08:58:34,269] {processor.py:608} INFO - Executed failure callback for <TaskInstance: yelloTaXi_HW_data_ingestee_gcs_dag.format_to_parquet_task scheduled__2019-10-01T23:00:00+00:00 [failed]> in state failed
[2022-02-09 08:58:34,306] {processor.py:608} INFO - Executed failure callback for <TaskInstance: yelloTaXi_HW_data_ingestee_gcs_dag.format_to_parquet_task scheduled__2019-04-01T23:00:00+00:00 [failed]> in state failed
[2022-02-09 08:58:34,343] {processor.py:608} INFO - Executed failure callback for <TaskInstance: yelloTaXi_HW_data_ingestee_gcs_dag.format_to_parquet_task scheduled__2019-02-01T23:00:00+00:00 [failed]> in state failed
[2022-02-09 08:58:34,384] {processor.py:608} INFO - Executed failure callback for <TaskInstance: yelloTaXi_HW_data_ingestee_gcs_dag.format_to_parquet_task scheduled__2019-12-01T23:00:00+00:00 [failed]> in state failed
[2022-02-09 08:58:34,422] {processor.py:608} INFO - Executed failure callback for <TaskInstance: yelloTaXi_HW_data_ingestee_gcs_dag.format_to_parquet_task scheduled__2020-01-01T23:00:00+00:00 [failed]> in state failed
[2022-02-09 08:58:34,459] {processor.py:608} INFO - Executed failure callback for <TaskInstance: yelloTaXi_HW_data_ingestee_gcs_dag.format_to_parquet_task scheduled__2019-01-01T23:00:00+00:00 [failed]> in state failed
[2022-02-09 08:58:34,495] {processor.py:608} INFO - Executed failure callback for <TaskInstance: yelloTaXi_HW_data_ingestee_gcs_dag.format_to_parquet_task scheduled__2020-02-01T23:00:00+00:00 [failed]> in state failed
[2022-02-09 08:58:34,530] {processor.py:608} INFO - Executed failure callback for <TaskInstance: yelloTaXi_HW_data_ingestee_gcs_dag.format_to_parquet_task scheduled__2019-09-01T23:00:00+00:00 [failed]> in state failed
[2022-02-09 08:58:34,567] {processor.py:608} INFO - Executed failure callback for <TaskInstance: yelloTaXi_HW_data_ingestee_gcs_dag.download_dataset_task scheduled__2020-04-01T23:00:00+00:00 [failed]> in state failed
[2022-02-09 08:58:34,612] {processor.py:608} INFO - Executed failure callback for <TaskInstance: yelloTaXi_HW_data_ingestee_gcs_dag.format_to_parquet_task scheduled__2019-06-01T23:00:00+00:00 [failed]> in state failed
[2022-02-09 08:58:34,617] {logging_mixin.py:109} INFO - [2022-02-09 08:58:34,616] {dag.py:2396} INFO - Sync 1 DAGs
[2022-02-09 08:58:34,660] {processor.py:171} INFO - Processing /opt/airflow/dags/yelloTaXi_data_ingestee_gcs_dag.py took 3.891 seconds
[2022-02-09 08:59:05,581] {processor.py:163} INFO - Started process (PID=106) to work on /opt/airflow/dags/yelloTaXi_data_ingestee_gcs_dag.py
[2022-02-09 08:59:05,583] {processor.py:642} INFO - Processing file /opt/airflow/dags/yelloTaXi_data_ingestee_gcs_dag.py for tasks to queue
[2022-02-09 08:59:05,584] {logging_mixin.py:109} INFO - [2022-02-09 08:59:05,584] {dagbag.py:500} INFO - Filling up the DagBag from /opt/airflow/dags/yelloTaXi_data_ingestee_gcs_dag.py
[2022-02-09 08:59:06,636] {processor.py:654} INFO - DAG(s) dict_keys(['yelloTaXi_HW_data_ingestee_gcs_dag']) retrieved from /opt/airflow/dags/yelloTaXi_data_ingestee_gcs_dag.py
[2022-02-09 08:59:06,651] {logging_mixin.py:109} INFO - [2022-02-09 08:59:06,650] {dag.py:2396} INFO - Sync 1 DAGs
[2022-02-09 08:59:06,690] {processor.py:171} INFO - Processing /opt/airflow/dags/yelloTaXi_data_ingestee_gcs_dag.py took 1.113 seconds
[2022-02-09 08:59:36,987] {processor.py:163} INFO - Started process (PID=152) to work on /opt/airflow/dags/yelloTaXi_data_ingestee_gcs_dag.py
[2022-02-09 08:59:36,993] {processor.py:642} INFO - Processing file /opt/airflow/dags/yelloTaXi_data_ingestee_gcs_dag.py for tasks to queue
[2022-02-09 08:59:36,994] {logging_mixin.py:109} INFO - [2022-02-09 08:59:36,994] {dagbag.py:500} INFO - Filling up the DagBag from /opt/airflow/dags/yelloTaXi_data_ingestee_gcs_dag.py
[2022-02-09 08:59:38,382] {processor.py:654} INFO - DAG(s) dict_keys(['yelloTaXi_HW_data_ingestee_gcs_dag']) retrieved from /opt/airflow/dags/yelloTaXi_data_ingestee_gcs_dag.py
[2022-02-09 08:59:38,398] {logging_mixin.py:109} INFO - [2022-02-09 08:59:38,397] {dag.py:2396} INFO - Sync 1 DAGs
[2022-02-09 08:59:38,440] {processor.py:171} INFO - Processing /opt/airflow/dags/yelloTaXi_data_ingestee_gcs_dag.py took 1.459 seconds
[2022-02-09 09:00:08,665] {processor.py:163} INFO - Started process (PID=208) to work on /opt/airflow/dags/yelloTaXi_data_ingestee_gcs_dag.py
[2022-02-09 09:00:08,667] {processor.py:642} INFO - Processing file /opt/airflow/dags/yelloTaXi_data_ingestee_gcs_dag.py for tasks to queue
[2022-02-09 09:00:08,670] {logging_mixin.py:109} INFO - [2022-02-09 09:00:08,670] {dagbag.py:500} INFO - Filling up the DagBag from /opt/airflow/dags/yelloTaXi_data_ingestee_gcs_dag.py
[2022-02-09 09:00:10,007] {processor.py:654} INFO - DAG(s) dict_keys(['yelloTaXi_HW_data_ingestee_gcs_dag']) retrieved from /opt/airflow/dags/yelloTaXi_data_ingestee_gcs_dag.py
[2022-02-09 09:00:10,021] {logging_mixin.py:109} INFO - [2022-02-09 09:00:10,021] {dag.py:2396} INFO - Sync 1 DAGs
[2022-02-09 09:00:10,106] {processor.py:171} INFO - Processing /opt/airflow/dags/yelloTaXi_data_ingestee_gcs_dag.py took 1.447 seconds
[2022-02-09 09:00:40,230] {processor.py:163} INFO - Started process (PID=244) to work on /opt/airflow/dags/yelloTaXi_data_ingestee_gcs_dag.py
[2022-02-09 09:00:40,238] {processor.py:642} INFO - Processing file /opt/airflow/dags/yelloTaXi_data_ingestee_gcs_dag.py for tasks to queue
[2022-02-09 09:00:40,239] {logging_mixin.py:109} INFO - [2022-02-09 09:00:40,239] {dagbag.py:500} INFO - Filling up the DagBag from /opt/airflow/dags/yelloTaXi_data_ingestee_gcs_dag.py
[2022-02-09 09:00:41,695] {processor.py:654} INFO - DAG(s) dict_keys(['yelloTaXi_HW_data_ingestee_gcs_dag']) retrieved from /opt/airflow/dags/yelloTaXi_data_ingestee_gcs_dag.py
[2022-02-09 09:00:41,712] {logging_mixin.py:109} INFO - [2022-02-09 09:00:41,712] {dag.py:2396} INFO - Sync 1 DAGs
[2022-02-09 09:00:41,767] {processor.py:171} INFO - Processing /opt/airflow/dags/yelloTaXi_data_ingestee_gcs_dag.py took 1.549 seconds
[2022-02-09 09:01:12,382] {processor.py:163} INFO - Started process (PID=299) to work on /opt/airflow/dags/yelloTaXi_data_ingestee_gcs_dag.py
[2022-02-09 09:01:12,384] {processor.py:642} INFO - Processing file /opt/airflow/dags/yelloTaXi_data_ingestee_gcs_dag.py for tasks to queue
[2022-02-09 09:01:12,386] {logging_mixin.py:109} INFO - [2022-02-09 09:01:12,385] {dagbag.py:500} INFO - Filling up the DagBag from /opt/airflow/dags/yelloTaXi_data_ingestee_gcs_dag.py
[2022-02-09 09:01:14,010] {processor.py:654} INFO - DAG(s) dict_keys(['yelloTaXi_HW_data_ingestee_gcs_dag']) retrieved from /opt/airflow/dags/yelloTaXi_data_ingestee_gcs_dag.py
[2022-02-09 09:01:14,041] {logging_mixin.py:109} INFO - [2022-02-09 09:01:14,041] {dag.py:2396} INFO - Sync 1 DAGs
[2022-02-09 09:01:14,117] {processor.py:171} INFO - Processing /opt/airflow/dags/yelloTaXi_data_ingestee_gcs_dag.py took 1.740 seconds
[2022-02-09 09:01:44,210] {processor.py:163} INFO - Started process (PID=362) to work on /opt/airflow/dags/yelloTaXi_data_ingestee_gcs_dag.py
[2022-02-09 09:01:44,212] {processor.py:642} INFO - Processing file /opt/airflow/dags/yelloTaXi_data_ingestee_gcs_dag.py for tasks to queue
[2022-02-09 09:01:44,213] {logging_mixin.py:109} INFO - [2022-02-09 09:01:44,213] {dagbag.py:500} INFO - Filling up the DagBag from /opt/airflow/dags/yelloTaXi_data_ingestee_gcs_dag.py
[2022-02-09 09:01:45,077] {processor.py:654} INFO - DAG(s) dict_keys(['yelloTaXi_HW_data_ingestee_gcs_dag']) retrieved from /opt/airflow/dags/yelloTaXi_data_ingestee_gcs_dag.py
[2022-02-09 09:01:45,091] {logging_mixin.py:109} INFO - [2022-02-09 09:01:45,090] {dag.py:2396} INFO - Sync 1 DAGs
[2022-02-09 09:01:45,117] {logging_mixin.py:109} INFO - [2022-02-09 09:01:45,117] {dag.py:2935} INFO - Setting next_dagrun for yelloTaXi_HW_data_ingestee_gcs_dag to 2022-02-01T23:00:00+00:00
[2022-02-09 09:01:45,133] {processor.py:171} INFO - Processing /opt/airflow/dags/yelloTaXi_data_ingestee_gcs_dag.py took 0.929 seconds
[2022-02-09 09:02:15,481] {processor.py:163} INFO - Started process (PID=396) to work on /opt/airflow/dags/yelloTaXi_data_ingestee_gcs_dag.py
[2022-02-09 09:02:15,484] {processor.py:642} INFO - Processing file /opt/airflow/dags/yelloTaXi_data_ingestee_gcs_dag.py for tasks to queue
[2022-02-09 09:02:15,485] {logging_mixin.py:109} INFO - [2022-02-09 09:02:15,484] {dagbag.py:500} INFO - Filling up the DagBag from /opt/airflow/dags/yelloTaXi_data_ingestee_gcs_dag.py
[2022-02-09 09:02:16,458] {processor.py:654} INFO - DAG(s) dict_keys(['yelloTaXi_HW_data_ingestee_gcs_dag']) retrieved from /opt/airflow/dags/yelloTaXi_data_ingestee_gcs_dag.py
[2022-02-09 09:02:16,471] {logging_mixin.py:109} INFO - [2022-02-09 09:02:16,471] {dag.py:2396} INFO - Sync 1 DAGs
[2022-02-09 09:02:16,490] {logging_mixin.py:109} INFO - [2022-02-09 09:02:16,489] {dag.py:2935} INFO - Setting next_dagrun for yelloTaXi_HW_data_ingestee_gcs_dag to 2022-02-01T23:00:00+00:00
[2022-02-09 09:02:16,500] {processor.py:171} INFO - Processing /opt/airflow/dags/yelloTaXi_data_ingestee_gcs_dag.py took 1.023 seconds
[2022-02-09 09:02:46,607] {processor.py:163} INFO - Started process (PID=440) to work on /opt/airflow/dags/yelloTaXi_data_ingestee_gcs_dag.py
[2022-02-09 09:02:46,609] {processor.py:642} INFO - Processing file /opt/airflow/dags/yelloTaXi_data_ingestee_gcs_dag.py for tasks to queue
[2022-02-09 09:02:46,609] {logging_mixin.py:109} INFO - [2022-02-09 09:02:46,609] {dagbag.py:500} INFO - Filling up the DagBag from /opt/airflow/dags/yelloTaXi_data_ingestee_gcs_dag.py
[2022-02-09 09:02:47,600] {processor.py:654} INFO - DAG(s) dict_keys(['yelloTaXi_HW_data_ingestee_gcs_dag']) retrieved from /opt/airflow/dags/yelloTaXi_data_ingestee_gcs_dag.py
[2022-02-09 09:02:47,613] {logging_mixin.py:109} INFO - [2022-02-09 09:02:47,613] {dag.py:2396} INFO - Sync 1 DAGs
[2022-02-09 09:02:47,641] {logging_mixin.py:109} INFO - [2022-02-09 09:02:47,640] {dag.py:2935} INFO - Setting next_dagrun for yelloTaXi_HW_data_ingestee_gcs_dag to 2022-02-01T23:00:00+00:00
[2022-02-09 09:02:47,654] {processor.py:171} INFO - Processing /opt/airflow/dags/yelloTaXi_data_ingestee_gcs_dag.py took 1.052 seconds
[2022-02-09 09:07:10,251] {processor.py:163} INFO - Started process (PID=50) to work on /opt/airflow/dags/yelloTaXi_data_ingestee_gcs_dag.py
[2022-02-09 09:07:10,265] {processor.py:642} INFO - Processing file /opt/airflow/dags/yelloTaXi_data_ingestee_gcs_dag.py for tasks to queue
[2022-02-09 09:07:10,266] {logging_mixin.py:109} INFO - [2022-02-09 09:07:10,266] {dagbag.py:500} INFO - Filling up the DagBag from /opt/airflow/dags/yelloTaXi_data_ingestee_gcs_dag.py
[2022-02-09 09:07:14,646] {processor.py:690} INFO - Deactivated 1 DAGs which are no longer present in /opt/airflow/dags/yelloTaXi_data_ingestee_gcs_dag.py
[2022-02-09 09:07:14,647] {processor.py:654} INFO - DAG(s) dict_keys(['yelloTaXi_HW_data_ingesteee_gcs_dag']) retrieved from /opt/airflow/dags/yelloTaXi_data_ingestee_gcs_dag.py
[2022-02-09 09:07:26,270] {logging_mixin.py:109} INFO - [2022-02-09 09:07:26,269] {manager.py:496} INFO - Created Permission View: can read on DAG:yelloTaXi_HW_data_ingesteee_gcs_dag
[2022-02-09 09:07:26,286] {logging_mixin.py:109} INFO - [2022-02-09 09:07:26,286] {manager.py:496} INFO - Created Permission View: can edit on DAG:yelloTaXi_HW_data_ingesteee_gcs_dag
[2022-02-09 09:07:26,287] {logging_mixin.py:109} INFO - [2022-02-09 09:07:26,286] {dag.py:2396} INFO - Sync 1 DAGs
[2022-02-09 09:07:26,302] {logging_mixin.py:109} INFO - [2022-02-09 09:07:26,302] {dag.py:2415} INFO - Creating ORM DAG for yelloTaXi_HW_data_ingesteee_gcs_dag
[2022-02-09 09:07:26,318] {logging_mixin.py:109} INFO - [2022-02-09 09:07:26,318] {dag.py:2935} INFO - Setting next_dagrun for yelloTaXi_HW_data_ingesteee_gcs_dag to 2019-01-01 23:00:00+00:00
[2022-02-09 09:07:26,341] {processor.py:171} INFO - Processing /opt/airflow/dags/yelloTaXi_data_ingestee_gcs_dag.py took 16.124 seconds
[2022-02-09 09:07:56,401] {processor.py:163} INFO - Started process (PID=116) to work on /opt/airflow/dags/yelloTaXi_data_ingestee_gcs_dag.py
[2022-02-09 09:07:56,404] {processor.py:642} INFO - Processing file /opt/airflow/dags/yelloTaXi_data_ingestee_gcs_dag.py for tasks to queue
[2022-02-09 09:07:56,405] {logging_mixin.py:109} INFO - [2022-02-09 09:07:56,405] {dagbag.py:500} INFO - Filling up the DagBag from /opt/airflow/dags/yelloTaXi_data_ingestee_gcs_dag.py
[2022-02-09 09:07:57,300] {processor.py:654} INFO - DAG(s) dict_keys(['yelloTaXi_HW_data_ingesteee_gcs_dag']) retrieved from /opt/airflow/dags/yelloTaXi_data_ingestee_gcs_dag.py
[2022-02-09 09:07:57,310] {logging_mixin.py:109} INFO - [2022-02-09 09:07:57,310] {dag.py:2396} INFO - Sync 1 DAGs
[2022-02-09 09:07:57,328] {logging_mixin.py:109} INFO - [2022-02-09 09:07:57,327] {dag.py:2935} INFO - Setting next_dagrun for yelloTaXi_HW_data_ingesteee_gcs_dag to 2019-01-01 23:00:00+00:00
[2022-02-09 09:07:57,337] {processor.py:171} INFO - Processing /opt/airflow/dags/yelloTaXi_data_ingestee_gcs_dag.py took 0.941 seconds
[2022-02-09 09:08:27,385] {processor.py:163} INFO - Started process (PID=165) to work on /opt/airflow/dags/yelloTaXi_data_ingestee_gcs_dag.py
[2022-02-09 09:08:27,389] {processor.py:642} INFO - Processing file /opt/airflow/dags/yelloTaXi_data_ingestee_gcs_dag.py for tasks to queue
[2022-02-09 09:08:27,390] {logging_mixin.py:109} INFO - [2022-02-09 09:08:27,390] {dagbag.py:500} INFO - Filling up the DagBag from /opt/airflow/dags/yelloTaXi_data_ingestee_gcs_dag.py
[2022-02-09 09:08:28,285] {processor.py:654} INFO - DAG(s) dict_keys(['yelloTaXi_HW_data_ingesteee_gcs_dag']) retrieved from /opt/airflow/dags/yelloTaXi_data_ingestee_gcs_dag.py
[2022-02-09 09:08:28,295] {logging_mixin.py:109} INFO - [2022-02-09 09:08:28,295] {dag.py:2396} INFO - Sync 1 DAGs
[2022-02-09 09:08:28,314] {logging_mixin.py:109} INFO - [2022-02-09 09:08:28,314] {dag.py:2935} INFO - Setting next_dagrun for yelloTaXi_HW_data_ingesteee_gcs_dag to 2019-01-01 23:00:00+00:00
[2022-02-09 09:08:28,324] {processor.py:171} INFO - Processing /opt/airflow/dags/yelloTaXi_data_ingestee_gcs_dag.py took 0.944 seconds
[2022-02-09 09:08:58,398] {processor.py:163} INFO - Started process (PID=205) to work on /opt/airflow/dags/yelloTaXi_data_ingestee_gcs_dag.py
[2022-02-09 09:08:58,404] {processor.py:642} INFO - Processing file /opt/airflow/dags/yelloTaXi_data_ingestee_gcs_dag.py for tasks to queue
[2022-02-09 09:08:58,405] {logging_mixin.py:109} INFO - [2022-02-09 09:08:58,405] {dagbag.py:500} INFO - Filling up the DagBag from /opt/airflow/dags/yelloTaXi_data_ingestee_gcs_dag.py
[2022-02-09 09:08:59,294] {processor.py:654} INFO - DAG(s) dict_keys(['yelloTaXi_HW_data_ingesteee_gcs_dag']) retrieved from /opt/airflow/dags/yelloTaXi_data_ingestee_gcs_dag.py
[2022-02-09 09:08:59,305] {logging_mixin.py:109} INFO - [2022-02-09 09:08:59,304] {dag.py:2396} INFO - Sync 1 DAGs
[2022-02-09 09:08:59,324] {logging_mixin.py:109} INFO - [2022-02-09 09:08:59,324] {dag.py:2935} INFO - Setting next_dagrun for yelloTaXi_HW_data_ingesteee_gcs_dag to 2019-01-01 23:00:00+00:00
[2022-02-09 09:08:59,335] {processor.py:171} INFO - Processing /opt/airflow/dags/yelloTaXi_data_ingestee_gcs_dag.py took 0.941 seconds
