[2022-02-09 08:26:23,879] {processor.py:163} INFO - Started process (PID=40) to work on /opt/airflow/dags/yelloTX_data_ingest_gcs_dag.py
[2022-02-09 08:26:23,883] {processor.py:642} INFO - Processing file /opt/airflow/dags/yelloTX_data_ingest_gcs_dag.py for tasks to queue
[2022-02-09 08:26:23,884] {logging_mixin.py:109} INFO - [2022-02-09 08:26:23,884] {dagbag.py:500} INFO - Filling up the DagBag from /opt/airflow/dags/yelloTX_data_ingest_gcs_dag.py
[2022-02-09 08:26:27,690] {processor.py:654} INFO - DAG(s) dict_keys(['yellowTX_HW_data_ingestion_gcs_dag']) retrieved from /opt/airflow/dags/yelloTX_data_ingest_gcs_dag.py
[2022-02-09 08:26:30,231] {logging_mixin.py:109} INFO - [2022-02-09 08:26:30,231] {dag.py:2396} INFO - Sync 1 DAGs
[2022-02-09 08:26:30,303] {logging_mixin.py:109} INFO - [2022-02-09 08:26:30,303] {dag.py:2935} INFO - Setting next_dagrun for yellowTX_HW_data_ingestion_gcs_dag to 2022-02-01T23:00:00+00:00
[2022-02-09 08:26:30,356] {processor.py:171} INFO - Processing /opt/airflow/dags/yelloTX_data_ingest_gcs_dag.py took 6.482 seconds
[2022-02-09 08:27:01,096] {processor.py:163} INFO - Started process (PID=89) to work on /opt/airflow/dags/yelloTX_data_ingest_gcs_dag.py
[2022-02-09 08:27:01,099] {processor.py:642} INFO - Processing file /opt/airflow/dags/yelloTX_data_ingest_gcs_dag.py for tasks to queue
[2022-02-09 08:27:01,100] {logging_mixin.py:109} INFO - [2022-02-09 08:27:01,100] {dagbag.py:500} INFO - Filling up the DagBag from /opt/airflow/dags/yelloTX_data_ingest_gcs_dag.py
[2022-02-09 08:27:02,030] {processor.py:654} INFO - DAG(s) dict_keys(['yellowTX_HW_data_ingestion_gcs_dag']) retrieved from /opt/airflow/dags/yelloTX_data_ingest_gcs_dag.py
[2022-02-09 08:27:02,044] {logging_mixin.py:109} INFO - [2022-02-09 08:27:02,043] {dag.py:2396} INFO - Sync 1 DAGs
[2022-02-09 08:27:02,066] {logging_mixin.py:109} INFO - [2022-02-09 08:27:02,066] {dag.py:2935} INFO - Setting next_dagrun for yellowTX_HW_data_ingestion_gcs_dag to 2022-02-01T23:00:00+00:00
[2022-02-09 08:27:02,075] {processor.py:171} INFO - Processing /opt/airflow/dags/yelloTX_data_ingest_gcs_dag.py took 0.985 seconds
[2022-02-09 08:27:32,188] {processor.py:163} INFO - Started process (PID=122) to work on /opt/airflow/dags/yelloTX_data_ingest_gcs_dag.py
[2022-02-09 08:27:32,190] {processor.py:642} INFO - Processing file /opt/airflow/dags/yelloTX_data_ingest_gcs_dag.py for tasks to queue
[2022-02-09 08:27:32,190] {logging_mixin.py:109} INFO - [2022-02-09 08:27:32,190] {dagbag.py:500} INFO - Filling up the DagBag from /opt/airflow/dags/yelloTX_data_ingest_gcs_dag.py
[2022-02-09 08:27:33,311] {processor.py:654} INFO - DAG(s) dict_keys(['yellowTX_HW_data_ingestion_gcs_dag']) retrieved from /opt/airflow/dags/yelloTX_data_ingest_gcs_dag.py
[2022-02-09 08:27:33,325] {logging_mixin.py:109} INFO - [2022-02-09 08:27:33,324] {dag.py:2396} INFO - Sync 1 DAGs
[2022-02-09 08:27:33,351] {logging_mixin.py:109} INFO - [2022-02-09 08:27:33,351] {dag.py:2935} INFO - Setting next_dagrun for yellowTX_HW_data_ingestion_gcs_dag to 2022-02-01T23:00:00+00:00
[2022-02-09 08:27:33,366] {processor.py:171} INFO - Processing /opt/airflow/dags/yelloTX_data_ingest_gcs_dag.py took 1.183 seconds
[2022-02-09 08:28:03,397] {processor.py:163} INFO - Started process (PID=167) to work on /opt/airflow/dags/yelloTX_data_ingest_gcs_dag.py
[2022-02-09 08:28:03,399] {processor.py:642} INFO - Processing file /opt/airflow/dags/yelloTX_data_ingest_gcs_dag.py for tasks to queue
[2022-02-09 08:28:03,400] {logging_mixin.py:109} INFO - [2022-02-09 08:28:03,399] {dagbag.py:500} INFO - Filling up the DagBag from /opt/airflow/dags/yelloTX_data_ingest_gcs_dag.py
[2022-02-09 08:28:04,549] {processor.py:654} INFO - DAG(s) dict_keys(['yellowTX_HW_data_ingestion_gcs_dag']) retrieved from /opt/airflow/dags/yelloTX_data_ingest_gcs_dag.py
[2022-02-09 08:28:04,564] {logging_mixin.py:109} INFO - [2022-02-09 08:28:04,563] {dag.py:2396} INFO - Sync 1 DAGs
[2022-02-09 08:28:04,587] {logging_mixin.py:109} INFO - [2022-02-09 08:28:04,587] {dag.py:2935} INFO - Setting next_dagrun for yellowTX_HW_data_ingestion_gcs_dag to 2022-02-01T23:00:00+00:00
[2022-02-09 08:28:04,598] {processor.py:171} INFO - Processing /opt/airflow/dags/yelloTX_data_ingest_gcs_dag.py took 1.206 seconds
[2022-02-09 08:28:34,716] {processor.py:163} INFO - Started process (PID=203) to work on /opt/airflow/dags/yelloTX_data_ingest_gcs_dag.py
[2022-02-09 08:28:34,718] {processor.py:642} INFO - Processing file /opt/airflow/dags/yelloTX_data_ingest_gcs_dag.py for tasks to queue
[2022-02-09 08:28:34,719] {logging_mixin.py:109} INFO - [2022-02-09 08:28:34,719] {dagbag.py:500} INFO - Filling up the DagBag from /opt/airflow/dags/yelloTX_data_ingest_gcs_dag.py
[2022-02-09 08:28:35,981] {processor.py:654} INFO - DAG(s) dict_keys(['yellowTX_HW_data_ingestion_gcs_dag']) retrieved from /opt/airflow/dags/yelloTX_data_ingest_gcs_dag.py
[2022-02-09 08:28:35,997] {logging_mixin.py:109} INFO - [2022-02-09 08:28:35,997] {dag.py:2396} INFO - Sync 1 DAGs
[2022-02-09 08:28:36,022] {logging_mixin.py:109} INFO - [2022-02-09 08:28:36,022] {dag.py:2935} INFO - Setting next_dagrun for yellowTX_HW_data_ingestion_gcs_dag to 2022-02-01T23:00:00+00:00
[2022-02-09 08:28:36,034] {processor.py:171} INFO - Processing /opt/airflow/dags/yelloTX_data_ingest_gcs_dag.py took 1.324 seconds
[2022-02-09 08:29:06,130] {processor.py:163} INFO - Started process (PID=249) to work on /opt/airflow/dags/yelloTX_data_ingest_gcs_dag.py
[2022-02-09 08:29:06,132] {processor.py:642} INFO - Processing file /opt/airflow/dags/yelloTX_data_ingest_gcs_dag.py for tasks to queue
[2022-02-09 08:29:06,133] {logging_mixin.py:109} INFO - [2022-02-09 08:29:06,133] {dagbag.py:500} INFO - Filling up the DagBag from /opt/airflow/dags/yelloTX_data_ingest_gcs_dag.py
[2022-02-09 08:29:07,048] {processor.py:654} INFO - DAG(s) dict_keys(['yellowTX_HW_data_ingestion_gcs_dag']) retrieved from /opt/airflow/dags/yelloTX_data_ingest_gcs_dag.py
[2022-02-09 08:29:07,060] {logging_mixin.py:109} INFO - [2022-02-09 08:29:07,059] {dag.py:2396} INFO - Sync 1 DAGs
[2022-02-09 08:29:07,076] {logging_mixin.py:109} INFO - [2022-02-09 08:29:07,076] {dag.py:2935} INFO - Setting next_dagrun for yellowTX_HW_data_ingestion_gcs_dag to 2022-02-01T23:00:00+00:00
[2022-02-09 08:29:07,086] {processor.py:171} INFO - Processing /opt/airflow/dags/yelloTX_data_ingest_gcs_dag.py took 0.961 seconds
[2022-02-09 08:29:37,175] {processor.py:163} INFO - Started process (PID=284) to work on /opt/airflow/dags/yelloTX_data_ingest_gcs_dag.py
[2022-02-09 08:29:37,177] {processor.py:642} INFO - Processing file /opt/airflow/dags/yelloTX_data_ingest_gcs_dag.py for tasks to queue
[2022-02-09 08:29:37,178] {logging_mixin.py:109} INFO - [2022-02-09 08:29:37,178] {dagbag.py:500} INFO - Filling up the DagBag from /opt/airflow/dags/yelloTX_data_ingest_gcs_dag.py
[2022-02-09 08:29:38,406] {processor.py:654} INFO - DAG(s) dict_keys(['yellowTX_HW_data_ingestion_gcs_dag']) retrieved from /opt/airflow/dags/yelloTX_data_ingest_gcs_dag.py
[2022-02-09 08:29:38,416] {logging_mixin.py:109} INFO - [2022-02-09 08:29:38,416] {dag.py:2396} INFO - Sync 1 DAGs
[2022-02-09 08:29:38,439] {logging_mixin.py:109} INFO - [2022-02-09 08:29:38,439] {dag.py:2935} INFO - Setting next_dagrun for yellowTX_HW_data_ingestion_gcs_dag to 2022-01-01 23:00:00+00:00
[2022-02-09 08:29:38,453] {processor.py:171} INFO - Processing /opt/airflow/dags/yelloTX_data_ingest_gcs_dag.py took 1.284 seconds
[2022-02-09 08:30:08,553] {processor.py:163} INFO - Started process (PID=329) to work on /opt/airflow/dags/yelloTX_data_ingest_gcs_dag.py
[2022-02-09 08:30:08,556] {processor.py:642} INFO - Processing file /opt/airflow/dags/yelloTX_data_ingest_gcs_dag.py for tasks to queue
[2022-02-09 08:30:08,556] {logging_mixin.py:109} INFO - [2022-02-09 08:30:08,556] {dagbag.py:500} INFO - Filling up the DagBag from /opt/airflow/dags/yelloTX_data_ingest_gcs_dag.py
[2022-02-09 08:30:09,507] {processor.py:654} INFO - DAG(s) dict_keys(['yellowTX_HW_data_ingestion_gcs_dag']) retrieved from /opt/airflow/dags/yelloTX_data_ingest_gcs_dag.py
[2022-02-09 08:30:09,517] {logging_mixin.py:109} INFO - [2022-02-09 08:30:09,517] {dag.py:2396} INFO - Sync 1 DAGs
[2022-02-09 08:30:09,536] {logging_mixin.py:109} INFO - [2022-02-09 08:30:09,535] {dag.py:2935} INFO - Setting next_dagrun for yellowTX_HW_data_ingestion_gcs_dag to 2022-02-01T23:00:00+00:00
[2022-02-09 08:30:09,547] {processor.py:171} INFO - Processing /opt/airflow/dags/yelloTX_data_ingest_gcs_dag.py took 0.998 seconds
[2022-02-09 08:30:39,670] {processor.py:163} INFO - Started process (PID=364) to work on /opt/airflow/dags/yelloTX_data_ingest_gcs_dag.py
[2022-02-09 08:30:39,671] {processor.py:642} INFO - Processing file /opt/airflow/dags/yelloTX_data_ingest_gcs_dag.py for tasks to queue
[2022-02-09 08:30:39,672] {logging_mixin.py:109} INFO - [2022-02-09 08:30:39,672] {dagbag.py:500} INFO - Filling up the DagBag from /opt/airflow/dags/yelloTX_data_ingest_gcs_dag.py
[2022-02-09 08:30:41,358] {processor.py:654} INFO - DAG(s) dict_keys(['yellowTX_HW_data_ingestion_gcs_dag']) retrieved from /opt/airflow/dags/yelloTX_data_ingest_gcs_dag.py
[2022-02-09 08:30:41,381] {logging_mixin.py:109} INFO - [2022-02-09 08:30:41,381] {dag.py:2396} INFO - Sync 1 DAGs
[2022-02-09 08:30:41,454] {processor.py:171} INFO - Processing /opt/airflow/dags/yelloTX_data_ingest_gcs_dag.py took 1.789 seconds
[2022-02-09 08:31:11,577] {processor.py:163} INFO - Started process (PID=409) to work on /opt/airflow/dags/yelloTX_data_ingest_gcs_dag.py
[2022-02-09 08:31:11,579] {processor.py:642} INFO - Processing file /opt/airflow/dags/yelloTX_data_ingest_gcs_dag.py for tasks to queue
[2022-02-09 08:31:11,579] {logging_mixin.py:109} INFO - [2022-02-09 08:31:11,579] {dagbag.py:500} INFO - Filling up the DagBag from /opt/airflow/dags/yelloTX_data_ingest_gcs_dag.py
[2022-02-09 08:31:12,473] {processor.py:654} INFO - DAG(s) dict_keys(['yellowTX_HW_data_ingestion_gcs_dag']) retrieved from /opt/airflow/dags/yelloTX_data_ingest_gcs_dag.py
[2022-02-09 08:31:12,483] {logging_mixin.py:109} INFO - [2022-02-09 08:31:12,482] {dag.py:2396} INFO - Sync 1 DAGs
[2022-02-09 08:31:12,499] {logging_mixin.py:109} INFO - [2022-02-09 08:31:12,499] {dag.py:2935} INFO - Setting next_dagrun for yellowTX_HW_data_ingestion_gcs_dag to 2022-02-01T23:00:00+00:00
[2022-02-09 08:31:12,510] {processor.py:171} INFO - Processing /opt/airflow/dags/yelloTX_data_ingest_gcs_dag.py took 0.937 seconds
[2022-02-09 08:31:42,537] {processor.py:163} INFO - Started process (PID=445) to work on /opt/airflow/dags/yelloTX_data_ingest_gcs_dag.py
[2022-02-09 08:31:42,540] {processor.py:642} INFO - Processing file /opt/airflow/dags/yelloTX_data_ingest_gcs_dag.py for tasks to queue
[2022-02-09 08:31:42,541] {logging_mixin.py:109} INFO - [2022-02-09 08:31:42,540] {dagbag.py:500} INFO - Filling up the DagBag from /opt/airflow/dags/yelloTX_data_ingest_gcs_dag.py
[2022-02-09 08:31:43,546] {processor.py:654} INFO - DAG(s) dict_keys(['yellowTX_HW_data_ingestion_gcs_dag']) retrieved from /opt/airflow/dags/yelloTX_data_ingest_gcs_dag.py
[2022-02-09 08:31:43,558] {logging_mixin.py:109} INFO - [2022-02-09 08:31:43,558] {dag.py:2396} INFO - Sync 1 DAGs
[2022-02-09 08:31:43,585] {logging_mixin.py:109} INFO - [2022-02-09 08:31:43,584] {dag.py:2935} INFO - Setting next_dagrun for yellowTX_HW_data_ingestion_gcs_dag to 2022-02-01T23:00:00+00:00
[2022-02-09 08:31:43,598] {processor.py:171} INFO - Processing /opt/airflow/dags/yelloTX_data_ingest_gcs_dag.py took 1.065 seconds
[2022-02-09 08:32:13,718] {processor.py:163} INFO - Started process (PID=495) to work on /opt/airflow/dags/yelloTX_data_ingest_gcs_dag.py
[2022-02-09 08:32:13,721] {processor.py:642} INFO - Processing file /opt/airflow/dags/yelloTX_data_ingest_gcs_dag.py for tasks to queue
[2022-02-09 08:32:13,722] {logging_mixin.py:109} INFO - [2022-02-09 08:32:13,722] {dagbag.py:500} INFO - Filling up the DagBag from /opt/airflow/dags/yelloTX_data_ingest_gcs_dag.py
[2022-02-09 08:32:14,991] {processor.py:654} INFO - DAG(s) dict_keys(['yellowTX_HW_data_ingestion_gcs_dag']) retrieved from /opt/airflow/dags/yelloTX_data_ingest_gcs_dag.py
[2022-02-09 08:32:15,003] {logging_mixin.py:109} INFO - [2022-02-09 08:32:15,003] {dag.py:2396} INFO - Sync 1 DAGs
[2022-02-09 08:32:15,022] {logging_mixin.py:109} INFO - [2022-02-09 08:32:15,021] {dag.py:2935} INFO - Setting next_dagrun for yellowTX_HW_data_ingestion_gcs_dag to 2022-02-01T23:00:00+00:00
[2022-02-09 08:32:15,032] {processor.py:171} INFO - Processing /opt/airflow/dags/yelloTX_data_ingest_gcs_dag.py took 1.320 seconds
