[2022-02-09 08:29:47,194] {taskinstance.py:1032} INFO - Dependencies all met for <TaskInstance: yellowTX_HW_data_ingestion_gcs_dag.bigquery_external_table_task scheduled__2022-01-01T23:00:00+00:00 [queued]>
[2022-02-09 08:29:47,205] {taskinstance.py:1032} INFO - Dependencies all met for <TaskInstance: yellowTX_HW_data_ingestion_gcs_dag.bigquery_external_table_task scheduled__2022-01-01T23:00:00+00:00 [queued]>
[2022-02-09 08:29:47,205] {taskinstance.py:1238} INFO - 
--------------------------------------------------------------------------------
[2022-02-09 08:29:47,205] {taskinstance.py:1239} INFO - Starting attempt 1 of 2
[2022-02-09 08:29:47,205] {taskinstance.py:1240} INFO - 
--------------------------------------------------------------------------------
[2022-02-09 08:29:47,217] {taskinstance.py:1259} INFO - Executing <Task(BigQueryCreateExternalTableOperator): bigquery_external_table_task> on 2022-01-01 23:00:00+00:00
[2022-02-09 08:29:47,223] {standard_task_runner.py:52} INFO - Started process 230 to run task
[2022-02-09 08:29:47,230] {standard_task_runner.py:76} INFO - Running: ['***', 'tasks', 'run', 'yellowTX_HW_data_ingestion_gcs_dag', 'bigquery_external_table_task', 'scheduled__2022-01-01T23:00:00+00:00', '--job-id', '391', '--raw', '--subdir', 'DAGS_FOLDER/yelloTX_data_ingest_gcs_dag.py', '--cfg-path', '/tmp/tmp_zrx1jf8', '--error-file', '/tmp/tmpn84t99wd']
[2022-02-09 08:29:47,231] {standard_task_runner.py:77} INFO - Job 391: Subtask bigquery_external_table_task
[2022-02-09 08:29:47,298] {logging_mixin.py:109} INFO - Running <TaskInstance: yellowTX_HW_data_ingestion_gcs_dag.bigquery_external_table_task scheduled__2022-01-01T23:00:00+00:00 [running]> on host 4aede4e3fea1
[2022-02-09 08:29:47,342] {warnings.py:110} WARNING - /home/***/.local/lib/python3.7/site-packages/***/utils/context.py:152: AirflowContextDeprecationWarning: Accessing 'execution_date' from the template is deprecated and will be removed in a future version. Please use 'data_interval_start' or 'logical_date' instead.
  warnings.warn(_create_deprecation_warning(key, self._deprecation_replacements[key]))

[2022-02-09 08:29:47,362] {taskinstance.py:1426} INFO - Exporting the following env vars:
AIRFLOW_CTX_DAG_OWNER=***
AIRFLOW_CTX_DAG_ID=yellowTX_HW_data_ingestion_gcs_dag
AIRFLOW_CTX_TASK_ID=bigquery_external_table_task
AIRFLOW_CTX_EXECUTION_DATE=2022-01-01T23:00:00+00:00
AIRFLOW_CTX_DAG_RUN_ID=scheduled__2022-01-01T23:00:00+00:00
[2022-02-09 08:29:47,364] {crypto.py:82} WARNING - empty cryptography key - values will not be stored encrypted.
[2022-02-09 08:29:48,338] {taskinstance.py:1277} INFO - Marking task as SUCCESS. dag_id=yellowTX_HW_data_ingestion_gcs_dag, task_id=bigquery_external_table_task, execution_date=20220101T230000, start_date=20220209T082947, end_date=20220209T082948
[2022-02-09 08:29:48,370] {local_task_job.py:154} INFO - Task exited with return code 0
[2022-02-09 08:29:48,404] {local_task_job.py:264} INFO - 0 downstream tasks scheduled from follow-on schedule check
