[2022-02-09 09:42:32,364] {taskinstance.py:1032} INFO - Dependencies all met for <TaskInstance: FHV_data_HW_ingestion_gcs_dag.download_dataset_task scheduled__2019-01-01T23:00:00+00:00 [queued]>
[2022-02-09 09:42:32,382] {taskinstance.py:1032} INFO - Dependencies all met for <TaskInstance: FHV_data_HW_ingestion_gcs_dag.download_dataset_task scheduled__2019-01-01T23:00:00+00:00 [queued]>
[2022-02-09 09:42:32,383] {taskinstance.py:1238} INFO - 
--------------------------------------------------------------------------------
[2022-02-09 09:42:32,383] {taskinstance.py:1239} INFO - Starting attempt 1 of 2
[2022-02-09 09:42:32,383] {taskinstance.py:1240} INFO - 
--------------------------------------------------------------------------------
[2022-02-09 09:42:32,405] {taskinstance.py:1259} INFO - Executing <Task(BashOperator): download_dataset_task> on 2019-01-01 23:00:00+00:00
[2022-02-09 09:42:32,424] {standard_task_runner.py:52} INFO - Started process 738 to run task
[2022-02-09 09:42:32,452] {standard_task_runner.py:76} INFO - Running: ['***', 'tasks', 'run', 'FHV_data_HW_ingestion_gcs_dag', 'download_dataset_task', 'scheduled__2019-01-01T23:00:00+00:00', '--job-id', '810', '--raw', '--subdir', 'DAGS_FOLDER/FHV_data_ingest_gcs_dag.py', '--cfg-path', '/tmp/tmp8b5tpb1v', '--error-file', '/tmp/tmpsegd79il']
[2022-02-09 09:42:32,454] {standard_task_runner.py:77} INFO - Job 810: Subtask download_dataset_task
[2022-02-09 09:42:32,624] {logging_mixin.py:109} INFO - Running <TaskInstance: FHV_data_HW_ingestion_gcs_dag.download_dataset_task scheduled__2019-01-01T23:00:00+00:00 [running]> on host fb702faa28b9
[2022-02-09 09:42:32,717] {warnings.py:110} WARNING - /home/***/.local/lib/python3.7/site-packages/***/utils/context.py:152: AirflowContextDeprecationWarning: Accessing 'execution_date' from the template is deprecated and will be removed in a future version. Please use 'data_interval_start' or 'logical_date' instead.
  warnings.warn(_create_deprecation_warning(key, self._deprecation_replacements[key]))

[2022-02-09 09:42:32,778] {taskinstance.py:1426} INFO - Exporting the following env vars:
AIRFLOW_CTX_DAG_OWNER=***
AIRFLOW_CTX_DAG_ID=FHV_data_HW_ingestion_gcs_dag
AIRFLOW_CTX_TASK_ID=download_dataset_task
AIRFLOW_CTX_EXECUTION_DATE=2019-01-01T23:00:00+00:00
AIRFLOW_CTX_DAG_RUN_ID=scheduled__2019-01-01T23:00:00+00:00
[2022-02-09 09:42:32,779] {subprocess.py:62} INFO - Tmp dir root location: 
 /tmp
[2022-02-09 09:42:32,780] {subprocess.py:74} INFO - Running command: ['bash', '-c', 'curl -sSL https://nyc-tlc.s3.amazonaws.com/trip+data/fhv_tripdata_2019-01.csv > /opt/***/fhv_tripdata_2019-01.csv']
[2022-02-09 09:42:32,836] {subprocess.py:85} INFO - Output:
[2022-02-09 09:42:58,992] {subprocess.py:93} INFO - Command exited with return code 0
[2022-02-09 09:42:59,023] {taskinstance.py:1277} INFO - Marking task as SUCCESS. dag_id=FHV_data_HW_ingestion_gcs_dag, task_id=download_dataset_task, execution_date=20190101T230000, start_date=20220209T094232, end_date=20220209T094259
[2022-02-09 09:42:59,049] {local_task_job.py:154} INFO - Task exited with return code 0
[2022-02-09 09:42:59,090] {local_task_job.py:264} INFO - 1 downstream tasks scheduled from follow-on schedule check
