[2022-02-09 09:28:09,054] {taskinstance.py:1032} INFO - Dependencies all met for <TaskInstance: yelloTaXii_HW_data_ingestion_gcs_dag.local_to_gcs_task scheduled__2019-12-01T23:00:00+00:00 [queued]>
[2022-02-09 09:28:09,102] {taskinstance.py:1032} INFO - Dependencies all met for <TaskInstance: yelloTaXii_HW_data_ingestion_gcs_dag.local_to_gcs_task scheduled__2019-12-01T23:00:00+00:00 [queued]>
[2022-02-09 09:28:09,102] {taskinstance.py:1238} INFO - 
--------------------------------------------------------------------------------
[2022-02-09 09:28:09,103] {taskinstance.py:1239} INFO - Starting attempt 1 of 2
[2022-02-09 09:28:09,103] {taskinstance.py:1240} INFO - 
--------------------------------------------------------------------------------
[2022-02-09 09:28:09,138] {taskinstance.py:1259} INFO - Executing <Task(PythonOperator): local_to_gcs_task> on 2019-12-01 23:00:00+00:00
[2022-02-09 09:28:09,148] {standard_task_runner.py:52} INFO - Started process 670 to run task
[2022-02-09 09:28:09,168] {standard_task_runner.py:76} INFO - Running: ['***', 'tasks', 'run', 'yelloTaXii_HW_data_ingestion_gcs_dag', 'local_to_gcs_task', 'scheduled__2019-12-01T23:00:00+00:00', '--job-id', '690', '--raw', '--subdir', 'DAGS_FOLDER/yelloTaXii_data_ingestion_gcs_dag.py', '--cfg-path', '/tmp/tmpn30hkgbc', '--error-file', '/tmp/tmpnqhx3o5o']
[2022-02-09 09:28:09,184] {standard_task_runner.py:77} INFO - Job 690: Subtask local_to_gcs_task
[2022-02-09 09:28:09,397] {logging_mixin.py:109} INFO - Running <TaskInstance: yelloTaXii_HW_data_ingestion_gcs_dag.local_to_gcs_task scheduled__2019-12-01T23:00:00+00:00 [running]> on host 0092064357b4
[2022-02-09 09:28:09,596] {warnings.py:110} WARNING - /home/***/.local/lib/python3.7/site-packages/***/utils/context.py:152: AirflowContextDeprecationWarning: Accessing 'execution_date' from the template is deprecated and will be removed in a future version. Please use 'data_interval_start' or 'logical_date' instead.
  warnings.warn(_create_deprecation_warning(key, self._deprecation_replacements[key]))

[2022-02-09 09:28:09,638] {taskinstance.py:1426} INFO - Exporting the following env vars:
AIRFLOW_CTX_DAG_OWNER=***
AIRFLOW_CTX_DAG_ID=yelloTaXii_HW_data_ingestion_gcs_dag
AIRFLOW_CTX_TASK_ID=local_to_gcs_task
AIRFLOW_CTX_EXECUTION_DATE=2019-12-01T23:00:00+00:00
AIRFLOW_CTX_DAG_RUN_ID=scheduled__2019-12-01T23:00:00+00:00
[2022-02-09 09:28:35,775] {python.py:175} INFO - Done. Returned value was: None
[2022-02-09 09:28:35,798] {taskinstance.py:1277} INFO - Marking task as SUCCESS. dag_id=yelloTaXii_HW_data_ingestion_gcs_dag, task_id=local_to_gcs_task, execution_date=20191201T230000, start_date=20220209T092809, end_date=20220209T092835
[2022-02-09 09:28:35,862] {local_task_job.py:154} INFO - Task exited with return code 0
[2022-02-09 09:28:35,941] {local_task_job.py:264} INFO - 1 downstream tasks scheduled from follow-on schedule check
