[2022-02-09 09:01:34,038] {taskinstance.py:1032} INFO - Dependencies all met for <TaskInstance: yelloTaXi_HW_data_ingestee_gcs_dag.bigquery_external_table_task scheduled__2022-01-01T23:00:00+00:00 [queued]>
[2022-02-09 09:01:34,056] {taskinstance.py:1032} INFO - Dependencies all met for <TaskInstance: yelloTaXi_HW_data_ingestee_gcs_dag.bigquery_external_table_task scheduled__2022-01-01T23:00:00+00:00 [queued]>
[2022-02-09 09:01:34,056] {taskinstance.py:1238} INFO - 
--------------------------------------------------------------------------------
[2022-02-09 09:01:34,056] {taskinstance.py:1239} INFO - Starting attempt 1 of 2
[2022-02-09 09:01:34,056] {taskinstance.py:1240} INFO - 
--------------------------------------------------------------------------------
[2022-02-09 09:01:34,077] {taskinstance.py:1259} INFO - Executing <Task(BigQueryCreateExternalTableOperator): bigquery_external_table_task> on 2022-01-01 23:00:00+00:00
[2022-02-09 09:01:34,087] {standard_task_runner.py:52} INFO - Started process 614 to run task
[2022-02-09 09:01:34,099] {standard_task_runner.py:76} INFO - Running: ['***', 'tasks', 'run', 'yelloTaXi_HW_data_ingestee_gcs_dag', 'bigquery_external_table_task', 'scheduled__2022-01-01T23:00:00+00:00', '--job-id', '528', '--raw', '--subdir', 'DAGS_FOLDER/yelloTaXi_data_ingestee_gcs_dag.py', '--cfg-path', '/tmp/tmpqijlhr97', '--error-file', '/tmp/tmpspt4fta0']
[2022-02-09 09:01:34,101] {standard_task_runner.py:77} INFO - Job 528: Subtask bigquery_external_table_task
[2022-02-09 09:01:34,225] {logging_mixin.py:109} INFO - Running <TaskInstance: yelloTaXi_HW_data_ingestee_gcs_dag.bigquery_external_table_task scheduled__2022-01-01T23:00:00+00:00 [running]> on host cc021fb126ed
[2022-02-09 09:01:34,360] {warnings.py:110} WARNING - /home/***/.local/lib/python3.7/site-packages/***/utils/context.py:152: AirflowContextDeprecationWarning: Accessing 'execution_date' from the template is deprecated and will be removed in a future version. Please use 'data_interval_start' or 'logical_date' instead.
  warnings.warn(_create_deprecation_warning(key, self._deprecation_replacements[key]))

[2022-02-09 09:01:34,401] {taskinstance.py:1426} INFO - Exporting the following env vars:
AIRFLOW_CTX_DAG_OWNER=***
AIRFLOW_CTX_DAG_ID=yelloTaXi_HW_data_ingestee_gcs_dag
AIRFLOW_CTX_TASK_ID=bigquery_external_table_task
AIRFLOW_CTX_EXECUTION_DATE=2022-01-01T23:00:00+00:00
AIRFLOW_CTX_DAG_RUN_ID=scheduled__2022-01-01T23:00:00+00:00
[2022-02-09 09:01:34,403] {crypto.py:82} WARNING - empty cryptography key - values will not be stored encrypted.
[2022-02-09 09:01:35,143] {taskinstance.py:1277} INFO - Marking task as SUCCESS. dag_id=yelloTaXi_HW_data_ingestee_gcs_dag, task_id=bigquery_external_table_task, execution_date=20220101T230000, start_date=20220209T090134, end_date=20220209T090135
[2022-02-09 09:01:35,204] {local_task_job.py:154} INFO - Task exited with return code 0
[2022-02-09 09:01:35,240] {local_task_job.py:264} INFO - 0 downstream tasks scheduled from follow-on schedule check
[2022-02-09 09:17:24,357] {taskinstance.py:1032} INFO - Dependencies all met for <TaskInstance: yelloTaXi_HW_data_ingestee_gcs_dag.bigquery_external_table_task scheduled__2022-01-01T23:00:00+00:00 [queued]>
[2022-02-09 09:17:24,379] {taskinstance.py:1032} INFO - Dependencies all met for <TaskInstance: yelloTaXi_HW_data_ingestee_gcs_dag.bigquery_external_table_task scheduled__2022-01-01T23:00:00+00:00 [queued]>
[2022-02-09 09:17:24,379] {taskinstance.py:1238} INFO - 
--------------------------------------------------------------------------------
[2022-02-09 09:17:24,379] {taskinstance.py:1239} INFO - Starting attempt 1 of 2
[2022-02-09 09:17:24,380] {taskinstance.py:1240} INFO - 
--------------------------------------------------------------------------------
[2022-02-09 09:17:24,474] {taskinstance.py:1259} INFO - Executing <Task(BigQueryCreateExternalTableOperator): bigquery_external_table_task> on 2022-01-01 23:00:00+00:00
[2022-02-09 09:17:24,482] {standard_task_runner.py:52} INFO - Started process 775 to run task
[2022-02-09 09:17:24,490] {standard_task_runner.py:76} INFO - Running: ['***', 'tasks', 'run', 'yelloTaXi_HW_data_ingestee_gcs_dag', 'bigquery_external_table_task', 'scheduled__2022-01-01T23:00:00+00:00', '--job-id', '631', '--raw', '--subdir', 'DAGS_FOLDER/yelloTaXi_data_ingesteee_gcs_dag.py', '--cfg-path', '/tmp/tmpk1ov89ja', '--error-file', '/tmp/tmp6fneeh55']
[2022-02-09 09:17:24,492] {standard_task_runner.py:77} INFO - Job 631: Subtask bigquery_external_table_task
[2022-02-09 09:17:24,705] {logging_mixin.py:109} INFO - Running <TaskInstance: yelloTaXi_HW_data_ingestee_gcs_dag.bigquery_external_table_task scheduled__2022-01-01T23:00:00+00:00 [running]> on host 75953ff4f3d5
[2022-02-09 09:17:25,085] {warnings.py:110} WARNING - /home/***/.local/lib/python3.7/site-packages/***/utils/context.py:152: AirflowContextDeprecationWarning: Accessing 'execution_date' from the template is deprecated and will be removed in a future version. Please use 'data_interval_start' or 'logical_date' instead.
  warnings.warn(_create_deprecation_warning(key, self._deprecation_replacements[key]))

[2022-02-09 09:17:25,111] {taskinstance.py:1426} INFO - Exporting the following env vars:
AIRFLOW_CTX_DAG_OWNER=***
AIRFLOW_CTX_DAG_ID=yelloTaXi_HW_data_ingestee_gcs_dag
AIRFLOW_CTX_TASK_ID=bigquery_external_table_task
AIRFLOW_CTX_EXECUTION_DATE=2022-01-01T23:00:00+00:00
AIRFLOW_CTX_DAG_RUN_ID=scheduled__2022-01-01T23:00:00+00:00
[2022-02-09 09:17:25,113] {crypto.py:82} WARNING - empty cryptography key - values will not be stored encrypted.
[2022-02-09 09:17:26,365] {taskinstance.py:1277} INFO - Marking task as SUCCESS. dag_id=yelloTaXi_HW_data_ingestee_gcs_dag, task_id=bigquery_external_table_task, execution_date=20220101T230000, start_date=20220209T091724, end_date=20220209T091726
[2022-02-09 09:17:26,719] {local_task_job.py:154} INFO - Task exited with return code 0
[2022-02-09 09:17:26,768] {local_task_job.py:264} INFO - 0 downstream tasks scheduled from follow-on schedule check
