[2022-02-09 08:58:51,523] {taskinstance.py:1032} INFO - Dependencies all met for <TaskInstance: yelloTaXi_HW_data_ingestee_gcs_dag.local_to_gcs_task scheduled__2020-06-01T23:00:00+00:00 [queued]>
[2022-02-09 08:58:51,539] {taskinstance.py:1032} INFO - Dependencies all met for <TaskInstance: yelloTaXi_HW_data_ingestee_gcs_dag.local_to_gcs_task scheduled__2020-06-01T23:00:00+00:00 [queued]>
[2022-02-09 08:58:51,539] {taskinstance.py:1238} INFO - 
--------------------------------------------------------------------------------
[2022-02-09 08:58:51,539] {taskinstance.py:1239} INFO - Starting attempt 1 of 2
[2022-02-09 08:58:51,539] {taskinstance.py:1240} INFO - 
--------------------------------------------------------------------------------
[2022-02-09 08:58:51,556] {taskinstance.py:1259} INFO - Executing <Task(PythonOperator): local_to_gcs_task> on 2020-06-01 23:00:00+00:00
[2022-02-09 08:58:51,565] {standard_task_runner.py:52} INFO - Started process 135 to run task
[2022-02-09 08:58:51,576] {standard_task_runner.py:76} INFO - Running: ['***', 'tasks', 'run', 'yelloTaXi_HW_data_ingestee_gcs_dag', 'local_to_gcs_task', 'scheduled__2020-06-01T23:00:00+00:00', '--job-id', '452', '--raw', '--subdir', 'DAGS_FOLDER/yelloTaXi_data_ingestee_gcs_dag.py', '--cfg-path', '/tmp/tmp4kcn15_2', '--error-file', '/tmp/tmpsv648zd7']
[2022-02-09 08:58:51,578] {standard_task_runner.py:77} INFO - Job 452: Subtask local_to_gcs_task
[2022-02-09 08:58:51,657] {logging_mixin.py:109} INFO - Running <TaskInstance: yelloTaXi_HW_data_ingestee_gcs_dag.local_to_gcs_task scheduled__2020-06-01T23:00:00+00:00 [running]> on host cc021fb126ed
[2022-02-09 08:58:51,723] {warnings.py:110} WARNING - /home/***/.local/lib/python3.7/site-packages/***/utils/context.py:152: AirflowContextDeprecationWarning: Accessing 'execution_date' from the template is deprecated and will be removed in a future version. Please use 'data_interval_start' or 'logical_date' instead.
  warnings.warn(_create_deprecation_warning(key, self._deprecation_replacements[key]))

[2022-02-09 08:58:51,771] {taskinstance.py:1426} INFO - Exporting the following env vars:
AIRFLOW_CTX_DAG_OWNER=***
AIRFLOW_CTX_DAG_ID=yelloTaXi_HW_data_ingestee_gcs_dag
AIRFLOW_CTX_TASK_ID=local_to_gcs_task
AIRFLOW_CTX_EXECUTION_DATE=2020-06-01T23:00:00+00:00
AIRFLOW_CTX_DAG_RUN_ID=scheduled__2020-06-01T23:00:00+00:00
[2022-02-09 08:58:56,844] {python.py:175} INFO - Done. Returned value was: None
[2022-02-09 08:58:56,892] {taskinstance.py:1277} INFO - Marking task as SUCCESS. dag_id=yelloTaXi_HW_data_ingestee_gcs_dag, task_id=local_to_gcs_task, execution_date=20200601T230000, start_date=20220209T085851, end_date=20220209T085856
[2022-02-09 08:58:56,954] {local_task_job.py:154} INFO - Task exited with return code 0
[2022-02-09 08:58:56,996] {local_task_job.py:264} INFO - 1 downstream tasks scheduled from follow-on schedule check
[2022-02-09 09:13:59,825] {taskinstance.py:1032} INFO - Dependencies all met for <TaskInstance: yelloTaXi_HW_data_ingestee_gcs_dag.local_to_gcs_task scheduled__2020-06-01T23:00:00+00:00 [queued]>
[2022-02-09 09:13:59,846] {taskinstance.py:1032} INFO - Dependencies all met for <TaskInstance: yelloTaXi_HW_data_ingestee_gcs_dag.local_to_gcs_task scheduled__2020-06-01T23:00:00+00:00 [queued]>
[2022-02-09 09:13:59,847] {taskinstance.py:1238} INFO - 
--------------------------------------------------------------------------------
[2022-02-09 09:13:59,847] {taskinstance.py:1239} INFO - Starting attempt 1 of 2
[2022-02-09 09:13:59,848] {taskinstance.py:1240} INFO - 
--------------------------------------------------------------------------------
[2022-02-09 09:13:59,872] {taskinstance.py:1259} INFO - Executing <Task(PythonOperator): local_to_gcs_task> on 2020-06-01 23:00:00+00:00
[2022-02-09 09:13:59,888] {standard_task_runner.py:52} INFO - Started process 191 to run task
[2022-02-09 09:13:59,906] {standard_task_runner.py:76} INFO - Running: ['***', 'tasks', 'run', 'yelloTaXi_HW_data_ingestee_gcs_dag', 'local_to_gcs_task', 'scheduled__2020-06-01T23:00:00+00:00', '--job-id', '540', '--raw', '--subdir', 'DAGS_FOLDER/yelloTaXi_data_ingesteee_gcs_dag.py', '--cfg-path', '/tmp/tmp4a778na6', '--error-file', '/tmp/tmpjcctyt0q']
[2022-02-09 09:13:59,908] {standard_task_runner.py:77} INFO - Job 540: Subtask local_to_gcs_task
[2022-02-09 09:14:00,043] {logging_mixin.py:109} INFO - Running <TaskInstance: yelloTaXi_HW_data_ingestee_gcs_dag.local_to_gcs_task scheduled__2020-06-01T23:00:00+00:00 [running]> on host 75953ff4f3d5
[2022-02-09 09:14:00,139] {warnings.py:110} WARNING - /home/***/.local/lib/python3.7/site-packages/***/utils/context.py:152: AirflowContextDeprecationWarning: Accessing 'execution_date' from the template is deprecated and will be removed in a future version. Please use 'data_interval_start' or 'logical_date' instead.
  warnings.warn(_create_deprecation_warning(key, self._deprecation_replacements[key]))

[2022-02-09 09:14:00,179] {taskinstance.py:1426} INFO - Exporting the following env vars:
AIRFLOW_CTX_DAG_OWNER=***
AIRFLOW_CTX_DAG_ID=yelloTaXi_HW_data_ingestee_gcs_dag
AIRFLOW_CTX_TASK_ID=local_to_gcs_task
AIRFLOW_CTX_EXECUTION_DATE=2020-06-01T23:00:00+00:00
AIRFLOW_CTX_DAG_RUN_ID=scheduled__2020-06-01T23:00:00+00:00
[2022-02-09 09:14:04,558] {python.py:175} INFO - Done. Returned value was: None
[2022-02-09 09:14:04,576] {taskinstance.py:1277} INFO - Marking task as SUCCESS. dag_id=yelloTaXi_HW_data_ingestee_gcs_dag, task_id=local_to_gcs_task, execution_date=20200601T230000, start_date=20220209T091359, end_date=20220209T091404
[2022-02-09 09:14:04,656] {local_task_job.py:154} INFO - Task exited with return code 0
[2022-02-09 09:14:04,712] {local_task_job.py:264} INFO - 1 downstream tasks scheduled from follow-on schedule check
