[2022-02-09 12:48:19,834] {taskinstance.py:1032} INFO - Dependencies all met for <TaskInstance: yelloTaXii_HW_data_ingestion_gcs_dag.local_to_gcs_task scheduled__2019-01-01T23:00:00+00:00 [queued]>
[2022-02-09 12:48:19,854] {taskinstance.py:1032} INFO - Dependencies all met for <TaskInstance: yelloTaXii_HW_data_ingestion_gcs_dag.local_to_gcs_task scheduled__2019-01-01T23:00:00+00:00 [queued]>
[2022-02-09 12:48:19,854] {taskinstance.py:1238} INFO - 
--------------------------------------------------------------------------------
[2022-02-09 12:48:19,854] {taskinstance.py:1239} INFO - Starting attempt 2 of 3
[2022-02-09 12:48:19,854] {taskinstance.py:1240} INFO - 
--------------------------------------------------------------------------------
[2022-02-09 12:48:19,873] {taskinstance.py:1259} INFO - Executing <Task(PythonOperator): local_to_gcs_task> on 2019-01-01 23:00:00+00:00
[2022-02-09 12:48:19,882] {standard_task_runner.py:52} INFO - Started process 2085 to run task
[2022-02-09 12:48:19,888] {standard_task_runner.py:76} INFO - Running: ['***', 'tasks', 'run', 'yelloTaXii_HW_data_ingestion_gcs_dag', 'local_to_gcs_task', 'scheduled__2019-01-01T23:00:00+00:00', '--job-id', '1030', '--raw', '--subdir', 'DAGS_FOLDER/yelloTaXii_data_ingestion_gcs_dag.py', '--cfg-path', '/tmp/tmp_na627ey', '--error-file', '/tmp/tmpj8o_8vgo']
[2022-02-09 12:48:19,890] {standard_task_runner.py:77} INFO - Job 1030: Subtask local_to_gcs_task
[2022-02-09 12:48:19,964] {logging_mixin.py:109} INFO - Running <TaskInstance: yelloTaXii_HW_data_ingestion_gcs_dag.local_to_gcs_task scheduled__2019-01-01T23:00:00+00:00 [running]> on host 2b984638caa6
[2022-02-09 12:48:20,005] {warnings.py:110} WARNING - /home/***/.local/lib/python3.7/site-packages/***/utils/context.py:152: AirflowContextDeprecationWarning: Accessing 'execution_date' from the template is deprecated and will be removed in a future version. Please use 'data_interval_start' or 'logical_date' instead.
  warnings.warn(_create_deprecation_warning(key, self._deprecation_replacements[key]))

[2022-02-09 12:48:20,030] {taskinstance.py:1426} INFO - Exporting the following env vars:
AIRFLOW_CTX_DAG_OWNER=***
AIRFLOW_CTX_DAG_ID=yelloTaXii_HW_data_ingestion_gcs_dag
AIRFLOW_CTX_TASK_ID=local_to_gcs_task
AIRFLOW_CTX_EXECUTION_DATE=2019-01-01T23:00:00+00:00
AIRFLOW_CTX_DAG_RUN_ID=scheduled__2019-01-01T23:00:00+00:00
[2022-02-09 12:48:50,047] {python.py:175} INFO - Done. Returned value was: None
[2022-02-09 12:48:50,066] {taskinstance.py:1277} INFO - Marking task as SUCCESS. dag_id=yelloTaXii_HW_data_ingestion_gcs_dag, task_id=local_to_gcs_task, execution_date=20190101T230000, start_date=20220209T124819, end_date=20220209T124850
[2022-02-09 12:48:50,120] {local_task_job.py:154} INFO - Task exited with return code 0
[2022-02-09 12:48:50,181] {local_task_job.py:264} INFO - 1 downstream tasks scheduled from follow-on schedule check
