[2022-02-09 12:48:08,086] {taskinstance.py:1032} INFO - Dependencies all met for <TaskInstance: yelloTaXii_HW_data_ingestion_gcs_dag.format_to_parquet_task scheduled__2019-01-01T23:00:00+00:00 [queued]>
[2022-02-09 12:48:08,100] {taskinstance.py:1032} INFO - Dependencies all met for <TaskInstance: yelloTaXii_HW_data_ingestion_gcs_dag.format_to_parquet_task scheduled__2019-01-01T23:00:00+00:00 [queued]>
[2022-02-09 12:48:08,100] {taskinstance.py:1238} INFO - 
--------------------------------------------------------------------------------
[2022-02-09 12:48:08,100] {taskinstance.py:1239} INFO - Starting attempt 2 of 3
[2022-02-09 12:48:08,100] {taskinstance.py:1240} INFO - 
--------------------------------------------------------------------------------
[2022-02-09 12:48:08,113] {taskinstance.py:1259} INFO - Executing <Task(PythonOperator): format_to_parquet_task> on 2019-01-01 23:00:00+00:00
[2022-02-09 12:48:08,121] {standard_task_runner.py:52} INFO - Started process 2076 to run task
[2022-02-09 12:48:08,128] {standard_task_runner.py:76} INFO - Running: ['***', 'tasks', 'run', 'yelloTaXii_HW_data_ingestion_gcs_dag', 'format_to_parquet_task', 'scheduled__2019-01-01T23:00:00+00:00', '--job-id', '1029', '--raw', '--subdir', 'DAGS_FOLDER/yelloTaXii_data_ingestion_gcs_dag.py', '--cfg-path', '/tmp/tmp_hmnb6ea', '--error-file', '/tmp/tmpk66awzc0']
[2022-02-09 12:48:08,130] {standard_task_runner.py:77} INFO - Job 1029: Subtask format_to_parquet_task
[2022-02-09 12:48:08,200] {logging_mixin.py:109} INFO - Running <TaskInstance: yelloTaXii_HW_data_ingestion_gcs_dag.format_to_parquet_task scheduled__2019-01-01T23:00:00+00:00 [running]> on host 2b984638caa6
[2022-02-09 12:48:08,257] {warnings.py:110} WARNING - /home/***/.local/lib/python3.7/site-packages/***/utils/context.py:152: AirflowContextDeprecationWarning: Accessing 'execution_date' from the template is deprecated and will be removed in a future version. Please use 'data_interval_start' or 'logical_date' instead.
  warnings.warn(_create_deprecation_warning(key, self._deprecation_replacements[key]))

[2022-02-09 12:48:08,286] {taskinstance.py:1426} INFO - Exporting the following env vars:
AIRFLOW_CTX_DAG_OWNER=***
AIRFLOW_CTX_DAG_ID=yelloTaXii_HW_data_ingestion_gcs_dag
AIRFLOW_CTX_TASK_ID=format_to_parquet_task
AIRFLOW_CTX_EXECUTION_DATE=2019-01-01T23:00:00+00:00
AIRFLOW_CTX_DAG_RUN_ID=scheduled__2019-01-01T23:00:00+00:00
[2022-02-09 12:48:18,252] {python.py:175} INFO - Done. Returned value was: None
[2022-02-09 12:48:18,272] {taskinstance.py:1277} INFO - Marking task as SUCCESS. dag_id=yelloTaXii_HW_data_ingestion_gcs_dag, task_id=format_to_parquet_task, execution_date=20190101T230000, start_date=20220209T124808, end_date=20220209T124818
[2022-02-09 12:48:18,475] {local_task_job.py:154} INFO - Task exited with return code 0
[2022-02-09 12:48:18,538] {local_task_job.py:264} INFO - 1 downstream tasks scheduled from follow-on schedule check
