[2022-02-09 09:39:50,064] {taskinstance.py:1032} INFO - Dependencies all met for <TaskInstance: yelloTaXii_HW_data_ingestion_gcs_dag.local_to_gcs_task scheduled__2021-03-01T23:00:00+00:00 [queued]>
[2022-02-09 09:39:50,077] {taskinstance.py:1032} INFO - Dependencies all met for <TaskInstance: yelloTaXii_HW_data_ingestion_gcs_dag.local_to_gcs_task scheduled__2021-03-01T23:00:00+00:00 [queued]>
[2022-02-09 09:39:50,077] {taskinstance.py:1238} INFO - 
--------------------------------------------------------------------------------
[2022-02-09 09:39:50,077] {taskinstance.py:1239} INFO - Starting attempt 3 of 4
[2022-02-09 09:39:50,077] {taskinstance.py:1240} INFO - 
--------------------------------------------------------------------------------
[2022-02-09 09:39:50,090] {taskinstance.py:1259} INFO - Executing <Task(PythonOperator): local_to_gcs_task> on 2021-03-01 23:00:00+00:00
[2022-02-09 09:39:50,096] {standard_task_runner.py:52} INFO - Started process 559 to run task
[2022-02-09 09:39:50,103] {standard_task_runner.py:76} INFO - Running: ['***', 'tasks', 'run', 'yelloTaXii_HW_data_ingestion_gcs_dag', 'local_to_gcs_task', 'scheduled__2021-03-01T23:00:00+00:00', '--job-id', '798', '--raw', '--subdir', 'DAGS_FOLDER/yelloTaXii_data_ingestion_gcs_dag.py', '--cfg-path', '/tmp/tmpved3nrdz', '--error-file', '/tmp/tmp7h7fc39d']
[2022-02-09 09:39:50,105] {standard_task_runner.py:77} INFO - Job 798: Subtask local_to_gcs_task
[2022-02-09 09:39:50,179] {logging_mixin.py:109} INFO - Running <TaskInstance: yelloTaXii_HW_data_ingestion_gcs_dag.local_to_gcs_task scheduled__2021-03-01T23:00:00+00:00 [running]> on host fb702faa28b9
[2022-02-09 09:39:50,225] {warnings.py:110} WARNING - /home/***/.local/lib/python3.7/site-packages/***/utils/context.py:152: AirflowContextDeprecationWarning: Accessing 'execution_date' from the template is deprecated and will be removed in a future version. Please use 'data_interval_start' or 'logical_date' instead.
  warnings.warn(_create_deprecation_warning(key, self._deprecation_replacements[key]))

[2022-02-09 09:39:50,248] {taskinstance.py:1426} INFO - Exporting the following env vars:
AIRFLOW_CTX_DAG_OWNER=***
AIRFLOW_CTX_DAG_ID=yelloTaXii_HW_data_ingestion_gcs_dag
AIRFLOW_CTX_TASK_ID=local_to_gcs_task
AIRFLOW_CTX_EXECUTION_DATE=2021-03-01T23:00:00+00:00
AIRFLOW_CTX_DAG_RUN_ID=scheduled__2021-03-01T23:00:00+00:00
[2022-02-09 09:39:58,977] {python.py:175} INFO - Done. Returned value was: None
[2022-02-09 09:39:58,991] {taskinstance.py:1277} INFO - Marking task as SUCCESS. dag_id=yelloTaXii_HW_data_ingestion_gcs_dag, task_id=local_to_gcs_task, execution_date=20210301T230000, start_date=20220209T093950, end_date=20220209T093958
[2022-02-09 09:39:59,014] {local_task_job.py:154} INFO - Task exited with return code 0
[2022-02-09 09:39:59,051] {local_task_job.py:264} INFO - 1 downstream tasks scheduled from follow-on schedule check
