[2022-02-07 12:11:11,621] {taskinstance.py:1032} INFO - Dependencies all met for <TaskInstance: yellowTX_HW_data_ingestion_gcs_dag.download_dataset_task scheduled__2021-04-01T23:00:00+00:00 [queued]>
[2022-02-07 12:11:11,728] {taskinstance.py:1032} INFO - Dependencies all met for <TaskInstance: yellowTX_HW_data_ingestion_gcs_dag.download_dataset_task scheduled__2021-04-01T23:00:00+00:00 [queued]>
[2022-02-07 12:11:11,728] {taskinstance.py:1238} INFO - 
--------------------------------------------------------------------------------
[2022-02-07 12:11:11,728] {taskinstance.py:1239} INFO - Starting attempt 1 of 1
[2022-02-07 12:11:11,728] {taskinstance.py:1240} INFO - 
--------------------------------------------------------------------------------
[2022-02-07 12:11:11,823] {taskinstance.py:1259} INFO - Executing <Task(BashOperator): download_dataset_task> on 2021-04-01 23:00:00+00:00
[2022-02-07 12:11:11,914] {standard_task_runner.py:52} INFO - Started process 2218 to run task
[2022-02-07 12:11:11,986] {standard_task_runner.py:76} INFO - Running: ['***', 'tasks', 'run', 'yellowTX_HW_data_ingestion_gcs_dag', 'download_dataset_task', 'scheduled__2021-04-01T23:00:00+00:00', '--job-id', '49', '--raw', '--subdir', 'DAGS_FOLDER/yellowTX_data_ingest_gcs_dag.py', '--cfg-path', '/tmp/tmpchxb0trd', '--error-file', '/tmp/tmpnjsulmjj']
[2022-02-07 12:11:11,990] {standard_task_runner.py:77} INFO - Job 49: Subtask download_dataset_task
[2022-02-07 12:11:12,566] {logging_mixin.py:109} INFO - Running <TaskInstance: yellowTX_HW_data_ingestion_gcs_dag.download_dataset_task scheduled__2021-04-01T23:00:00+00:00 [running]> on host 52b8b55537b2
[2022-02-07 12:11:12,835] {warnings.py:110} WARNING - /home/***/.local/lib/python3.7/site-packages/***/utils/context.py:152: AirflowContextDeprecationWarning: Accessing 'execution_date' from the template is deprecated and will be removed in a future version. Please use 'data_interval_start' or 'logical_date' instead.
  warnings.warn(_create_deprecation_warning(key, self._deprecation_replacements[key]))

[2022-02-07 12:11:13,065] {taskinstance.py:1426} INFO - Exporting the following env vars:
AIRFLOW_CTX_DAG_OWNER=***
AIRFLOW_CTX_DAG_ID=yellowTX_HW_data_ingestion_gcs_dag
AIRFLOW_CTX_TASK_ID=download_dataset_task
AIRFLOW_CTX_EXECUTION_DATE=2021-04-01T23:00:00+00:00
AIRFLOW_CTX_DAG_RUN_ID=scheduled__2021-04-01T23:00:00+00:00
[2022-02-07 12:11:13,067] {subprocess.py:62} INFO - Tmp dir root location: 
 /tmp
[2022-02-07 12:11:13,076] {subprocess.py:74} INFO - Running command: ['bash', '-c', 'curl -sSL https://s3.amazonaws.com/nyc-tlc/trip+data/yellow_tripdata_2021-04.csv > /opt/***/yellow_tripdata_2021-04.csv']
[2022-02-07 12:11:13,119] {subprocess.py:85} INFO - Output:
[2022-02-07 12:11:24,694] {subprocess.py:93} INFO - Command exited with return code 0
[2022-02-07 12:11:24,850] {taskinstance.py:1277} INFO - Marking task as SUCCESS. dag_id=yellowTX_HW_data_ingestion_gcs_dag, task_id=download_dataset_task, execution_date=20210401T230000, start_date=20220207T121111, end_date=20220207T121124
[2022-02-07 12:11:25,083] {local_task_job.py:154} INFO - Task exited with return code 0
[2022-02-07 12:11:25,443] {local_task_job.py:264} INFO - 1 downstream tasks scheduled from follow-on schedule check
[2022-02-07 13:15:39,728] {taskinstance.py:1032} INFO - Dependencies all met for <TaskInstance: yellowTX_HW_data_ingestion_gcs_dag.download_dataset_task scheduled__2021-04-01T23:00:00+00:00 [queued]>
[2022-02-07 13:15:39,768] {taskinstance.py:1032} INFO - Dependencies all met for <TaskInstance: yellowTX_HW_data_ingestion_gcs_dag.download_dataset_task scheduled__2021-04-01T23:00:00+00:00 [queued]>
[2022-02-07 13:15:39,769] {taskinstance.py:1238} INFO - 
--------------------------------------------------------------------------------
[2022-02-07 13:15:39,769] {taskinstance.py:1239} INFO - Starting attempt 1 of 1
[2022-02-07 13:15:39,769] {taskinstance.py:1240} INFO - 
--------------------------------------------------------------------------------
[2022-02-07 13:15:39,810] {taskinstance.py:1259} INFO - Executing <Task(BashOperator): download_dataset_task> on 2021-04-01 23:00:00+00:00
[2022-02-07 13:15:39,819] {standard_task_runner.py:52} INFO - Started process 861 to run task
[2022-02-07 13:15:39,857] {standard_task_runner.py:76} INFO - Running: ['***', 'tasks', 'run', 'yellowTX_HW_data_ingestion_gcs_dag', 'download_dataset_task', 'scheduled__2021-04-01T23:00:00+00:00', '--job-id', '138', '--raw', '--subdir', 'DAGS_FOLDER/yellowTX_data_ingest_gcs_dag.py', '--cfg-path', '/tmp/tmpqpk4zxvj', '--error-file', '/tmp/tmpl91b2003']
[2022-02-07 13:15:39,858] {standard_task_runner.py:77} INFO - Job 138: Subtask download_dataset_task
[2022-02-07 13:15:40,042] {logging_mixin.py:109} INFO - Running <TaskInstance: yellowTX_HW_data_ingestion_gcs_dag.download_dataset_task scheduled__2021-04-01T23:00:00+00:00 [running]> on host 4f748fac91e5
[2022-02-07 13:15:40,132] {warnings.py:110} WARNING - /home/***/.local/lib/python3.7/site-packages/***/utils/context.py:152: AirflowContextDeprecationWarning: Accessing 'execution_date' from the template is deprecated and will be removed in a future version. Please use 'data_interval_start' or 'logical_date' instead.
  warnings.warn(_create_deprecation_warning(key, self._deprecation_replacements[key]))

[2022-02-07 13:15:40,188] {taskinstance.py:1426} INFO - Exporting the following env vars:
AIRFLOW_CTX_DAG_OWNER=***
AIRFLOW_CTX_DAG_ID=yellowTX_HW_data_ingestion_gcs_dag
AIRFLOW_CTX_TASK_ID=download_dataset_task
AIRFLOW_CTX_EXECUTION_DATE=2021-04-01T23:00:00+00:00
AIRFLOW_CTX_DAG_RUN_ID=scheduled__2021-04-01T23:00:00+00:00
[2022-02-07 13:15:40,190] {subprocess.py:62} INFO - Tmp dir root location: 
 /tmp
[2022-02-07 13:15:40,190] {subprocess.py:74} INFO - Running command: ['bash', '-c', 'curl -sSL https://s3.amazonaws.com/nyc-tlc/trip+data/yellow_tripdata_2021-04.csv > /opt/***/yellow_tripdata_2021-04.csv']
[2022-02-07 13:15:40,235] {subprocess.py:85} INFO - Output:
[2022-02-07 13:15:40,310] {subprocess.py:89} INFO - curl: (6) Could not resolve host: s3.amazonaws.com
[2022-02-07 13:15:40,310] {subprocess.py:93} INFO - Command exited with return code 6
[2022-02-07 13:15:40,342] {taskinstance.py:1700} ERROR - Task failed with exception
Traceback (most recent call last):
  File "/home/airflow/.local/lib/python3.7/site-packages/airflow/models/taskinstance.py", line 1329, in _run_raw_task
    self._execute_task_with_callbacks(context)
  File "/home/airflow/.local/lib/python3.7/site-packages/airflow/models/taskinstance.py", line 1455, in _execute_task_with_callbacks
    result = self._execute_task(context, self.task)
  File "/home/airflow/.local/lib/python3.7/site-packages/airflow/models/taskinstance.py", line 1511, in _execute_task
    result = execute_callable(context=context)
  File "/home/airflow/.local/lib/python3.7/site-packages/airflow/operators/bash.py", line 188, in execute
    f'Bash command failed. The command returned a non-zero exit code {result.exit_code}.'
airflow.exceptions.AirflowException: Bash command failed. The command returned a non-zero exit code 6.
[2022-02-07 13:15:40,369] {taskinstance.py:1277} INFO - Marking task as FAILED. dag_id=yellowTX_HW_data_ingestion_gcs_dag, task_id=download_dataset_task, execution_date=20210401T230000, start_date=20220207T131539, end_date=20220207T131540
[2022-02-07 13:15:40,419] {standard_task_runner.py:92} ERROR - Failed to execute job 138 for task download_dataset_task
Traceback (most recent call last):
  File "/home/airflow/.local/lib/python3.7/site-packages/airflow/task/task_runner/standard_task_runner.py", line 85, in _start_by_fork
    args.func(args, dag=self.dag)
  File "/home/airflow/.local/lib/python3.7/site-packages/airflow/cli/cli_parser.py", line 48, in command
    return func(*args, **kwargs)
  File "/home/airflow/.local/lib/python3.7/site-packages/airflow/utils/cli.py", line 92, in wrapper
    return f(*args, **kwargs)
  File "/home/airflow/.local/lib/python3.7/site-packages/airflow/cli/commands/task_command.py", line 298, in task_run
    _run_task_by_selected_method(args, dag, ti)
  File "/home/airflow/.local/lib/python3.7/site-packages/airflow/cli/commands/task_command.py", line 107, in _run_task_by_selected_method
    _run_raw_task(args, ti)
  File "/home/airflow/.local/lib/python3.7/site-packages/airflow/cli/commands/task_command.py", line 184, in _run_raw_task
    error_file=args.error_file,
  File "/home/airflow/.local/lib/python3.7/site-packages/airflow/utils/session.py", line 70, in wrapper
    return func(*args, session=session, **kwargs)
  File "/home/airflow/.local/lib/python3.7/site-packages/airflow/models/taskinstance.py", line 1329, in _run_raw_task
    self._execute_task_with_callbacks(context)
  File "/home/airflow/.local/lib/python3.7/site-packages/airflow/models/taskinstance.py", line 1455, in _execute_task_with_callbacks
    result = self._execute_task(context, self.task)
  File "/home/airflow/.local/lib/python3.7/site-packages/airflow/models/taskinstance.py", line 1511, in _execute_task
    result = execute_callable(context=context)
  File "/home/airflow/.local/lib/python3.7/site-packages/airflow/operators/bash.py", line 188, in execute
    f'Bash command failed. The command returned a non-zero exit code {result.exit_code}.'
airflow.exceptions.AirflowException: Bash command failed. The command returned a non-zero exit code 6.
[2022-02-07 13:15:40,467] {local_task_job.py:154} INFO - Task exited with return code 1
[2022-02-07 13:15:40,574] {local_task_job.py:264} INFO - 0 downstream tasks scheduled from follow-on schedule check
