[2022-02-09 09:00:06,979] {taskinstance.py:1032} INFO - Dependencies all met for <TaskInstance: yelloTaXi_HW_data_ingestee_gcs_dag.format_to_parquet_task scheduled__2021-04-01T23:00:00+00:00 [queued]>
[2022-02-09 09:00:06,996] {taskinstance.py:1032} INFO - Dependencies all met for <TaskInstance: yelloTaXi_HW_data_ingestee_gcs_dag.format_to_parquet_task scheduled__2021-04-01T23:00:00+00:00 [queued]>
[2022-02-09 09:00:06,997] {taskinstance.py:1238} INFO - 
--------------------------------------------------------------------------------
[2022-02-09 09:00:06,997] {taskinstance.py:1239} INFO - Starting attempt 1 of 2
[2022-02-09 09:00:06,997] {taskinstance.py:1240} INFO - 
--------------------------------------------------------------------------------
[2022-02-09 09:00:07,017] {taskinstance.py:1259} INFO - Executing <Task(PythonOperator): format_to_parquet_task> on 2021-04-01 23:00:00+00:00
[2022-02-09 09:00:07,026] {standard_task_runner.py:52} INFO - Started process 352 to run task
[2022-02-09 09:00:07,040] {standard_task_runner.py:76} INFO - Running: ['***', 'tasks', 'run', 'yelloTaXi_HW_data_ingestee_gcs_dag', 'format_to_parquet_task', 'scheduled__2021-04-01T23:00:00+00:00', '--job-id', '486', '--raw', '--subdir', 'DAGS_FOLDER/yelloTaXi_data_ingestee_gcs_dag.py', '--cfg-path', '/tmp/tmpk4kxl8ei', '--error-file', '/tmp/tmp76q5gl7n']
[2022-02-09 09:00:07,042] {standard_task_runner.py:77} INFO - Job 486: Subtask format_to_parquet_task
[2022-02-09 09:00:07,151] {logging_mixin.py:109} INFO - Running <TaskInstance: yelloTaXi_HW_data_ingestee_gcs_dag.format_to_parquet_task scheduled__2021-04-01T23:00:00+00:00 [running]> on host cc021fb126ed
[2022-02-09 09:00:07,222] {warnings.py:110} WARNING - /home/***/.local/lib/python3.7/site-packages/***/utils/context.py:152: AirflowContextDeprecationWarning: Accessing 'execution_date' from the template is deprecated and will be removed in a future version. Please use 'data_interval_start' or 'logical_date' instead.
  warnings.warn(_create_deprecation_warning(key, self._deprecation_replacements[key]))

[2022-02-09 09:00:07,259] {taskinstance.py:1426} INFO - Exporting the following env vars:
AIRFLOW_CTX_DAG_OWNER=***
AIRFLOW_CTX_DAG_ID=yelloTaXi_HW_data_ingestee_gcs_dag
AIRFLOW_CTX_TASK_ID=format_to_parquet_task
AIRFLOW_CTX_EXECUTION_DATE=2021-04-01T23:00:00+00:00
AIRFLOW_CTX_DAG_RUN_ID=scheduled__2021-04-01T23:00:00+00:00
[2022-02-09 09:00:12,260] {python.py:175} INFO - Done. Returned value was: None
[2022-02-09 09:00:12,280] {taskinstance.py:1277} INFO - Marking task as SUCCESS. dag_id=yelloTaXi_HW_data_ingestee_gcs_dag, task_id=format_to_parquet_task, execution_date=20210401T230000, start_date=20220209T090006, end_date=20220209T090012
[2022-02-09 09:00:12,388] {local_task_job.py:154} INFO - Task exited with return code 0
[2022-02-09 09:00:12,467] {local_task_job.py:264} INFO - 1 downstream tasks scheduled from follow-on schedule check
[2022-02-09 09:15:44,962] {taskinstance.py:1032} INFO - Dependencies all met for <TaskInstance: yelloTaXi_HW_data_ingestee_gcs_dag.format_to_parquet_task scheduled__2021-04-01T23:00:00+00:00 [queued]>
[2022-02-09 09:15:44,982] {taskinstance.py:1032} INFO - Dependencies all met for <TaskInstance: yelloTaXi_HW_data_ingestee_gcs_dag.format_to_parquet_task scheduled__2021-04-01T23:00:00+00:00 [queued]>
[2022-02-09 09:15:44,982] {taskinstance.py:1238} INFO - 
--------------------------------------------------------------------------------
[2022-02-09 09:15:44,982] {taskinstance.py:1239} INFO - Starting attempt 1 of 2
[2022-02-09 09:15:44,983] {taskinstance.py:1240} INFO - 
--------------------------------------------------------------------------------
[2022-02-09 09:15:45,244] {taskinstance.py:1259} INFO - Executing <Task(PythonOperator): format_to_parquet_task> on 2021-04-01 23:00:00+00:00
[2022-02-09 09:15:45,252] {standard_task_runner.py:52} INFO - Started process 491 to run task
[2022-02-09 09:15:45,260] {standard_task_runner.py:76} INFO - Running: ['***', 'tasks', 'run', 'yelloTaXi_HW_data_ingestee_gcs_dag', 'format_to_parquet_task', 'scheduled__2021-04-01T23:00:00+00:00', '--job-id', '587', '--raw', '--subdir', 'DAGS_FOLDER/yelloTaXi_data_ingesteee_gcs_dag.py', '--cfg-path', '/tmp/tmp3ie3td1_', '--error-file', '/tmp/tmph29nwijl']
[2022-02-09 09:15:45,262] {standard_task_runner.py:77} INFO - Job 587: Subtask format_to_parquet_task
[2022-02-09 09:15:45,639] {logging_mixin.py:109} INFO - Running <TaskInstance: yelloTaXi_HW_data_ingestee_gcs_dag.format_to_parquet_task scheduled__2021-04-01T23:00:00+00:00 [running]> on host 75953ff4f3d5
[2022-02-09 09:15:45,721] {warnings.py:110} WARNING - /home/***/.local/lib/python3.7/site-packages/***/utils/context.py:152: AirflowContextDeprecationWarning: Accessing 'execution_date' from the template is deprecated and will be removed in a future version. Please use 'data_interval_start' or 'logical_date' instead.
  warnings.warn(_create_deprecation_warning(key, self._deprecation_replacements[key]))

[2022-02-09 09:15:45,758] {taskinstance.py:1426} INFO - Exporting the following env vars:
AIRFLOW_CTX_DAG_OWNER=***
AIRFLOW_CTX_DAG_ID=yelloTaXi_HW_data_ingestee_gcs_dag
AIRFLOW_CTX_TASK_ID=format_to_parquet_task
AIRFLOW_CTX_EXECUTION_DATE=2021-04-01T23:00:00+00:00
AIRFLOW_CTX_DAG_RUN_ID=scheduled__2021-04-01T23:00:00+00:00
[2022-02-09 09:15:48,937] {python.py:175} INFO - Done. Returned value was: None
[2022-02-09 09:15:48,953] {taskinstance.py:1277} INFO - Marking task as SUCCESS. dag_id=yelloTaXi_HW_data_ingestee_gcs_dag, task_id=format_to_parquet_task, execution_date=20210401T230000, start_date=20220209T091544, end_date=20220209T091548
[2022-02-09 09:15:49,033] {local_task_job.py:154} INFO - Task exited with return code 0
[2022-02-09 09:15:49,081] {local_task_job.py:264} INFO - 1 downstream tasks scheduled from follow-on schedule check
