[2022-02-07 12:11:25,094] {taskinstance.py:1032} INFO - Dependencies all met for <TaskInstance: yellowTX_HW_data_ingestion_gcs_dag.format_to_parquet_task scheduled__2021-03-01T23:00:00+00:00 [queued]>
[2022-02-07 12:11:25,199] {taskinstance.py:1032} INFO - Dependencies all met for <TaskInstance: yellowTX_HW_data_ingestion_gcs_dag.format_to_parquet_task scheduled__2021-03-01T23:00:00+00:00 [queued]>
[2022-02-07 12:11:25,199] {taskinstance.py:1238} INFO - 
--------------------------------------------------------------------------------
[2022-02-07 12:11:25,200] {taskinstance.py:1239} INFO - Starting attempt 1 of 1
[2022-02-07 12:11:25,200] {taskinstance.py:1240} INFO - 
--------------------------------------------------------------------------------
[2022-02-07 12:11:25,683] {taskinstance.py:1259} INFO - Executing <Task(PythonOperator): format_to_parquet_task> on 2021-03-01 23:00:00+00:00
[2022-02-07 12:11:25,694] {standard_task_runner.py:52} INFO - Started process 2328 to run task
[2022-02-07 12:11:25,757] {standard_task_runner.py:76} INFO - Running: ['***', 'tasks', 'run', 'yellowTX_HW_data_ingestion_gcs_dag', 'format_to_parquet_task', 'scheduled__2021-03-01T23:00:00+00:00', '--job-id', '61', '--raw', '--subdir', 'DAGS_FOLDER/yellowTX_data_ingest_gcs_dag.py', '--cfg-path', '/tmp/tmp8z0ag2lu', '--error-file', '/tmp/tmp0p3y2vfr']
[2022-02-07 12:11:25,759] {standard_task_runner.py:77} INFO - Job 61: Subtask format_to_parquet_task
[2022-02-07 12:11:26,516] {logging_mixin.py:109} INFO - Running <TaskInstance: yellowTX_HW_data_ingestion_gcs_dag.format_to_parquet_task scheduled__2021-03-01T23:00:00+00:00 [running]> on host 52b8b55537b2
[2022-02-07 12:11:27,125] {warnings.py:110} WARNING - /home/***/.local/lib/python3.7/site-packages/***/utils/context.py:152: AirflowContextDeprecationWarning: Accessing 'execution_date' from the template is deprecated and will be removed in a future version. Please use 'data_interval_start' or 'logical_date' instead.
  warnings.warn(_create_deprecation_warning(key, self._deprecation_replacements[key]))

[2022-02-07 12:11:27,354] {taskinstance.py:1426} INFO - Exporting the following env vars:
AIRFLOW_CTX_DAG_OWNER=***
AIRFLOW_CTX_DAG_ID=yellowTX_HW_data_ingestion_gcs_dag
AIRFLOW_CTX_TASK_ID=format_to_parquet_task
AIRFLOW_CTX_EXECUTION_DATE=2021-03-01T23:00:00+00:00
AIRFLOW_CTX_DAG_RUN_ID=scheduled__2021-03-01T23:00:00+00:00
[2022-02-07 12:12:57,509] {python.py:175} INFO - Done. Returned value was: None
[2022-02-07 12:12:58,459] {taskinstance.py:1277} INFO - Marking task as SUCCESS. dag_id=yellowTX_HW_data_ingestion_gcs_dag, task_id=format_to_parquet_task, execution_date=20210301T230000, start_date=20220207T121125, end_date=20220207T121258
[2022-02-07 12:13:00,581] {local_task_job.py:154} INFO - Task exited with return code 0
[2022-02-07 12:13:00,995] {local_task_job.py:264} INFO - 1 downstream tasks scheduled from follow-on schedule check
