[2022-02-09 09:44:41,710] {taskinstance.py:1032} INFO - Dependencies all met for <TaskInstance: FHV_data_HW_ingestion_gcs_dag.local_to_gcs_task scheduled__2020-05-01T23:00:00+00:00 [queued]>
[2022-02-09 09:44:41,729] {taskinstance.py:1032} INFO - Dependencies all met for <TaskInstance: FHV_data_HW_ingestion_gcs_dag.local_to_gcs_task scheduled__2020-05-01T23:00:00+00:00 [queued]>
[2022-02-09 09:44:41,729] {taskinstance.py:1238} INFO - 
--------------------------------------------------------------------------------
[2022-02-09 09:44:41,729] {taskinstance.py:1239} INFO - Starting attempt 1 of 2
[2022-02-09 09:44:41,729] {taskinstance.py:1240} INFO - 
--------------------------------------------------------------------------------
[2022-02-09 09:44:41,768] {taskinstance.py:1259} INFO - Executing <Task(PythonOperator): local_to_gcs_task> on 2020-05-01 23:00:00+00:00
[2022-02-09 09:44:41,778] {standard_task_runner.py:52} INFO - Started process 1164 to run task
[2022-02-09 09:44:41,826] {standard_task_runner.py:76} INFO - Running: ['***', 'tasks', 'run', 'FHV_data_HW_ingestion_gcs_dag', 'local_to_gcs_task', 'scheduled__2020-05-01T23:00:00+00:00', '--job-id', '875', '--raw', '--subdir', 'DAGS_FOLDER/FHV_data_ingest_gcs_dag.py', '--cfg-path', '/tmp/tmpr0cse0p8', '--error-file', '/tmp/tmpvm2hfhis']
[2022-02-09 09:44:41,828] {standard_task_runner.py:77} INFO - Job 875: Subtask local_to_gcs_task
[2022-02-09 09:44:41,997] {logging_mixin.py:109} INFO - Running <TaskInstance: FHV_data_HW_ingestion_gcs_dag.local_to_gcs_task scheduled__2020-05-01T23:00:00+00:00 [running]> on host fb702faa28b9
[2022-02-09 09:44:42,133] {warnings.py:110} WARNING - /home/***/.local/lib/python3.7/site-packages/***/utils/context.py:152: AirflowContextDeprecationWarning: Accessing 'execution_date' from the template is deprecated and will be removed in a future version. Please use 'data_interval_start' or 'logical_date' instead.
  warnings.warn(_create_deprecation_warning(key, self._deprecation_replacements[key]))

[2022-02-09 09:44:42,201] {taskinstance.py:1426} INFO - Exporting the following env vars:
AIRFLOW_CTX_DAG_OWNER=***
AIRFLOW_CTX_DAG_ID=FHV_data_HW_ingestion_gcs_dag
AIRFLOW_CTX_TASK_ID=local_to_gcs_task
AIRFLOW_CTX_EXECUTION_DATE=2020-05-01T23:00:00+00:00
AIRFLOW_CTX_DAG_RUN_ID=scheduled__2020-05-01T23:00:00+00:00
[2022-02-09 09:44:45,392] {python.py:175} INFO - Done. Returned value was: None
[2022-02-09 09:44:45,411] {taskinstance.py:1277} INFO - Marking task as SUCCESS. dag_id=FHV_data_HW_ingestion_gcs_dag, task_id=local_to_gcs_task, execution_date=20200501T230000, start_date=20220209T094441, end_date=20220209T094445
[2022-02-09 09:44:45,449] {local_task_job.py:154} INFO - Task exited with return code 0
[2022-02-09 09:44:45,503] {local_task_job.py:264} INFO - 1 downstream tasks scheduled from follow-on schedule check
