[2022-02-09 09:00:30,440] {taskinstance.py:1032} INFO - Dependencies all met for <TaskInstance: yelloTaXi_HW_data_ingestee_gcs_dag.download_dataset_task scheduled__2021-05-01T23:00:00+00:00 [queued]>
[2022-02-09 09:00:30,451] {taskinstance.py:1032} INFO - Dependencies all met for <TaskInstance: yelloTaXi_HW_data_ingestee_gcs_dag.download_dataset_task scheduled__2021-05-01T23:00:00+00:00 [queued]>
[2022-02-09 09:00:30,451] {taskinstance.py:1238} INFO - 
--------------------------------------------------------------------------------
[2022-02-09 09:00:30,451] {taskinstance.py:1239} INFO - Starting attempt 1 of 2
[2022-02-09 09:00:30,451] {taskinstance.py:1240} INFO - 
--------------------------------------------------------------------------------
[2022-02-09 09:00:30,464] {taskinstance.py:1259} INFO - Executing <Task(BashOperator): download_dataset_task> on 2021-05-01 23:00:00+00:00
[2022-02-09 09:00:30,470] {standard_task_runner.py:52} INFO - Started process 403 to run task
[2022-02-09 09:00:30,475] {standard_task_runner.py:76} INFO - Running: ['***', 'tasks', 'run', 'yelloTaXi_HW_data_ingestee_gcs_dag', 'download_dataset_task', 'scheduled__2021-05-01T23:00:00+00:00', '--job-id', '493', '--raw', '--subdir', 'DAGS_FOLDER/yelloTaXi_data_ingestee_gcs_dag.py', '--cfg-path', '/tmp/tmprj9dref_', '--error-file', '/tmp/tmpah4v28rx']
[2022-02-09 09:00:30,476] {standard_task_runner.py:77} INFO - Job 493: Subtask download_dataset_task
[2022-02-09 09:00:30,565] {logging_mixin.py:109} INFO - Running <TaskInstance: yelloTaXi_HW_data_ingestee_gcs_dag.download_dataset_task scheduled__2021-05-01T23:00:00+00:00 [running]> on host cc021fb126ed
[2022-02-09 09:00:30,615] {warnings.py:110} WARNING - /home/***/.local/lib/python3.7/site-packages/***/utils/context.py:152: AirflowContextDeprecationWarning: Accessing 'execution_date' from the template is deprecated and will be removed in a future version. Please use 'data_interval_start' or 'logical_date' instead.
  warnings.warn(_create_deprecation_warning(key, self._deprecation_replacements[key]))

[2022-02-09 09:00:30,638] {taskinstance.py:1426} INFO - Exporting the following env vars:
AIRFLOW_CTX_DAG_OWNER=***
AIRFLOW_CTX_DAG_ID=yelloTaXi_HW_data_ingestee_gcs_dag
AIRFLOW_CTX_TASK_ID=download_dataset_task
AIRFLOW_CTX_EXECUTION_DATE=2021-05-01T23:00:00+00:00
AIRFLOW_CTX_DAG_RUN_ID=scheduled__2021-05-01T23:00:00+00:00
[2022-02-09 09:00:30,640] {subprocess.py:62} INFO - Tmp dir root location: 
 /tmp
[2022-02-09 09:00:30,641] {subprocess.py:74} INFO - Running command: ['bash', '-c', 'curl -sSL https://s3.amazonaws.com/nyc-tlc/trip+data/yellow_tripdata_2021-05.csv > /opt/***/yellow_tripdata_2021-05.csv']
[2022-02-09 09:00:30,654] {subprocess.py:85} INFO - Output:
[2022-02-09 09:00:36,320] {subprocess.py:93} INFO - Command exited with return code 0
[2022-02-09 09:00:36,359] {taskinstance.py:1277} INFO - Marking task as SUCCESS. dag_id=yelloTaXi_HW_data_ingestee_gcs_dag, task_id=download_dataset_task, execution_date=20210501T230000, start_date=20220209T090030, end_date=20220209T090036
[2022-02-09 09:00:36,394] {local_task_job.py:154} INFO - Task exited with return code 0
[2022-02-09 09:00:36,442] {local_task_job.py:264} INFO - 1 downstream tasks scheduled from follow-on schedule check
[2022-02-09 09:16:19,577] {taskinstance.py:1032} INFO - Dependencies all met for <TaskInstance: yelloTaXi_HW_data_ingestee_gcs_dag.download_dataset_task scheduled__2021-05-01T23:00:00+00:00 [queued]>
[2022-02-09 09:16:19,596] {taskinstance.py:1032} INFO - Dependencies all met for <TaskInstance: yelloTaXi_HW_data_ingestee_gcs_dag.download_dataset_task scheduled__2021-05-01T23:00:00+00:00 [queued]>
[2022-02-09 09:16:19,596] {taskinstance.py:1238} INFO - 
--------------------------------------------------------------------------------
[2022-02-09 09:16:19,596] {taskinstance.py:1239} INFO - Starting attempt 1 of 2
[2022-02-09 09:16:19,596] {taskinstance.py:1240} INFO - 
--------------------------------------------------------------------------------
[2022-02-09 09:16:19,910] {taskinstance.py:1259} INFO - Executing <Task(BashOperator): download_dataset_task> on 2021-05-01 23:00:00+00:00
[2022-02-09 09:16:19,917] {standard_task_runner.py:52} INFO - Started process 567 to run task
[2022-02-09 09:16:19,925] {standard_task_runner.py:76} INFO - Running: ['***', 'tasks', 'run', 'yelloTaXi_HW_data_ingestee_gcs_dag', 'download_dataset_task', 'scheduled__2021-05-01T23:00:00+00:00', '--job-id', '597', '--raw', '--subdir', 'DAGS_FOLDER/yelloTaXi_data_ingesteee_gcs_dag.py', '--cfg-path', '/tmp/tmpz4btqeu0', '--error-file', '/tmp/tmpg6h3g2rr']
[2022-02-09 09:16:19,926] {standard_task_runner.py:77} INFO - Job 597: Subtask download_dataset_task
[2022-02-09 09:16:20,049] {logging_mixin.py:109} INFO - Running <TaskInstance: yelloTaXi_HW_data_ingestee_gcs_dag.download_dataset_task scheduled__2021-05-01T23:00:00+00:00 [running]> on host 75953ff4f3d5
[2022-02-09 09:16:20,115] {warnings.py:110} WARNING - /home/***/.local/lib/python3.7/site-packages/***/utils/context.py:152: AirflowContextDeprecationWarning: Accessing 'execution_date' from the template is deprecated and will be removed in a future version. Please use 'data_interval_start' or 'logical_date' instead.
  warnings.warn(_create_deprecation_warning(key, self._deprecation_replacements[key]))

[2022-02-09 09:16:20,143] {taskinstance.py:1426} INFO - Exporting the following env vars:
AIRFLOW_CTX_DAG_OWNER=***
AIRFLOW_CTX_DAG_ID=yelloTaXi_HW_data_ingestee_gcs_dag
AIRFLOW_CTX_TASK_ID=download_dataset_task
AIRFLOW_CTX_EXECUTION_DATE=2021-05-01T23:00:00+00:00
AIRFLOW_CTX_DAG_RUN_ID=scheduled__2021-05-01T23:00:00+00:00
[2022-02-09 09:16:20,145] {subprocess.py:62} INFO - Tmp dir root location: 
 /tmp
[2022-02-09 09:16:20,146] {subprocess.py:74} INFO - Running command: ['bash', '-c', 'curl -sSL https://s3.amazonaws.com/nyc-tlc/trip+data/yellow_tripdata_2021-05.csv > /opt/***/yellow_tripdata_2021-05.csv']
[2022-02-09 09:16:20,170] {subprocess.py:85} INFO - Output:
[2022-02-09 09:16:27,220] {subprocess.py:93} INFO - Command exited with return code 0
[2022-02-09 09:16:27,279] {taskinstance.py:1277} INFO - Marking task as SUCCESS. dag_id=yelloTaXi_HW_data_ingestee_gcs_dag, task_id=download_dataset_task, execution_date=20210501T230000, start_date=20220209T091619, end_date=20220209T091627
[2022-02-09 09:16:27,343] {local_task_job.py:154} INFO - Task exited with return code 0
[2022-02-09 09:16:27,408] {local_task_job.py:264} INFO - 1 downstream tasks scheduled from follow-on schedule check
