[2022-02-09 08:58:52,435] {taskinstance.py:1032} INFO - Dependencies all met for <TaskInstance: yelloTaXi_HW_data_ingestee_gcs_dag.local_to_gcs_task scheduled__2020-07-01T23:00:00+00:00 [queued]>
[2022-02-09 08:58:52,447] {taskinstance.py:1032} INFO - Dependencies all met for <TaskInstance: yelloTaXi_HW_data_ingestee_gcs_dag.local_to_gcs_task scheduled__2020-07-01T23:00:00+00:00 [queued]>
[2022-02-09 08:58:52,447] {taskinstance.py:1238} INFO - 
--------------------------------------------------------------------------------
[2022-02-09 08:58:52,448] {taskinstance.py:1239} INFO - Starting attempt 1 of 2
[2022-02-09 08:58:52,448] {taskinstance.py:1240} INFO - 
--------------------------------------------------------------------------------
[2022-02-09 08:58:52,460] {taskinstance.py:1259} INFO - Executing <Task(PythonOperator): local_to_gcs_task> on 2020-07-01 23:00:00+00:00
[2022-02-09 08:58:52,466] {standard_task_runner.py:52} INFO - Started process 137 to run task
[2022-02-09 08:58:52,471] {standard_task_runner.py:76} INFO - Running: ['***', 'tasks', 'run', 'yelloTaXi_HW_data_ingestee_gcs_dag', 'local_to_gcs_task', 'scheduled__2020-07-01T23:00:00+00:00', '--job-id', '453', '--raw', '--subdir', 'DAGS_FOLDER/yelloTaXi_data_ingestee_gcs_dag.py', '--cfg-path', '/tmp/tmpoe7qme0v', '--error-file', '/tmp/tmp85x8it_h']
[2022-02-09 08:58:52,472] {standard_task_runner.py:77} INFO - Job 453: Subtask local_to_gcs_task
[2022-02-09 08:58:52,543] {logging_mixin.py:109} INFO - Running <TaskInstance: yelloTaXi_HW_data_ingestee_gcs_dag.local_to_gcs_task scheduled__2020-07-01T23:00:00+00:00 [running]> on host cc021fb126ed
[2022-02-09 08:58:52,585] {warnings.py:110} WARNING - /home/***/.local/lib/python3.7/site-packages/***/utils/context.py:152: AirflowContextDeprecationWarning: Accessing 'execution_date' from the template is deprecated and will be removed in a future version. Please use 'data_interval_start' or 'logical_date' instead.
  warnings.warn(_create_deprecation_warning(key, self._deprecation_replacements[key]))

[2022-02-09 08:58:52,610] {taskinstance.py:1426} INFO - Exporting the following env vars:
AIRFLOW_CTX_DAG_OWNER=***
AIRFLOW_CTX_DAG_ID=yelloTaXi_HW_data_ingestee_gcs_dag
AIRFLOW_CTX_TASK_ID=local_to_gcs_task
AIRFLOW_CTX_EXECUTION_DATE=2020-07-01T23:00:00+00:00
AIRFLOW_CTX_DAG_RUN_ID=scheduled__2020-07-01T23:00:00+00:00
[2022-02-09 08:58:56,920] {python.py:175} INFO - Done. Returned value was: None
[2022-02-09 08:58:56,939] {taskinstance.py:1277} INFO - Marking task as SUCCESS. dag_id=yelloTaXi_HW_data_ingestee_gcs_dag, task_id=local_to_gcs_task, execution_date=20200701T230000, start_date=20220209T085852, end_date=20220209T085856
[2022-02-09 08:58:56,986] {local_task_job.py:154} INFO - Task exited with return code 0
[2022-02-09 08:58:57,039] {local_task_job.py:264} INFO - 1 downstream tasks scheduled from follow-on schedule check
[2022-02-09 09:14:22,847] {taskinstance.py:1032} INFO - Dependencies all met for <TaskInstance: yelloTaXi_HW_data_ingestee_gcs_dag.local_to_gcs_task scheduled__2020-07-01T23:00:00+00:00 [queued]>
[2022-02-09 09:14:22,887] {taskinstance.py:1032} INFO - Dependencies all met for <TaskInstance: yelloTaXi_HW_data_ingestee_gcs_dag.local_to_gcs_task scheduled__2020-07-01T23:00:00+00:00 [queued]>
[2022-02-09 09:14:22,888] {taskinstance.py:1238} INFO - 
--------------------------------------------------------------------------------
[2022-02-09 09:14:22,888] {taskinstance.py:1239} INFO - Starting attempt 1 of 2
[2022-02-09 09:14:22,888] {taskinstance.py:1240} INFO - 
--------------------------------------------------------------------------------
[2022-02-09 09:14:22,911] {taskinstance.py:1259} INFO - Executing <Task(PythonOperator): local_to_gcs_task> on 2020-07-01 23:00:00+00:00
[2022-02-09 09:14:22,938] {standard_task_runner.py:52} INFO - Started process 271 to run task
[2022-02-09 09:14:22,951] {standard_task_runner.py:76} INFO - Running: ['***', 'tasks', 'run', 'yelloTaXi_HW_data_ingestee_gcs_dag', 'local_to_gcs_task', 'scheduled__2020-07-01T23:00:00+00:00', '--job-id', '552', '--raw', '--subdir', 'DAGS_FOLDER/yelloTaXi_data_ingesteee_gcs_dag.py', '--cfg-path', '/tmp/tmpb5l08qgz', '--error-file', '/tmp/tmpywdoloew']
[2022-02-09 09:14:22,964] {standard_task_runner.py:77} INFO - Job 552: Subtask local_to_gcs_task
[2022-02-09 09:14:23,095] {logging_mixin.py:109} INFO - Running <TaskInstance: yelloTaXi_HW_data_ingestee_gcs_dag.local_to_gcs_task scheduled__2020-07-01T23:00:00+00:00 [running]> on host 75953ff4f3d5
[2022-02-09 09:14:23,169] {warnings.py:110} WARNING - /home/***/.local/lib/python3.7/site-packages/***/utils/context.py:152: AirflowContextDeprecationWarning: Accessing 'execution_date' from the template is deprecated and will be removed in a future version. Please use 'data_interval_start' or 'logical_date' instead.
  warnings.warn(_create_deprecation_warning(key, self._deprecation_replacements[key]))

[2022-02-09 09:14:23,204] {taskinstance.py:1426} INFO - Exporting the following env vars:
AIRFLOW_CTX_DAG_OWNER=***
AIRFLOW_CTX_DAG_ID=yelloTaXi_HW_data_ingestee_gcs_dag
AIRFLOW_CTX_TASK_ID=local_to_gcs_task
AIRFLOW_CTX_EXECUTION_DATE=2020-07-01T23:00:00+00:00
AIRFLOW_CTX_DAG_RUN_ID=scheduled__2020-07-01T23:00:00+00:00
[2022-02-09 09:14:27,493] {python.py:175} INFO - Done. Returned value was: None
[2022-02-09 09:14:27,508] {taskinstance.py:1277} INFO - Marking task as SUCCESS. dag_id=yelloTaXi_HW_data_ingestee_gcs_dag, task_id=local_to_gcs_task, execution_date=20200701T230000, start_date=20220209T091422, end_date=20220209T091427
[2022-02-09 09:14:27,539] {local_task_job.py:154} INFO - Task exited with return code 0
[2022-02-09 09:14:27,575] {local_task_job.py:264} INFO - 1 downstream tasks scheduled from follow-on schedule check
