[2022-02-09 08:42:43,881] {taskinstance.py:1032} INFO - Dependencies all met for <TaskInstance: yelloTaXi_HW_data_ingestee_gcs_dag.download_dataset_task scheduled__2019-12-01T23:00:00+00:00 [queued]>
[2022-02-09 08:42:43,964] {taskinstance.py:1032} INFO - Dependencies all met for <TaskInstance: yelloTaXi_HW_data_ingestee_gcs_dag.download_dataset_task scheduled__2019-12-01T23:00:00+00:00 [queued]>
[2022-02-09 08:42:43,965] {taskinstance.py:1238} INFO - 
--------------------------------------------------------------------------------
[2022-02-09 08:42:43,965] {taskinstance.py:1239} INFO - Starting attempt 1 of 2
[2022-02-09 08:42:43,965] {taskinstance.py:1240} INFO - 
--------------------------------------------------------------------------------
[2022-02-09 08:42:44,053] {taskinstance.py:1259} INFO - Executing <Task(BashOperator): download_dataset_task> on 2019-12-01 23:00:00+00:00
[2022-02-09 08:42:44,090] {standard_task_runner.py:52} INFO - Started process 425 to run task
[2022-02-09 08:42:44,125] {standard_task_runner.py:76} INFO - Running: ['***', 'tasks', 'run', 'yelloTaXi_HW_data_ingestee_gcs_dag', 'download_dataset_task', 'scheduled__2019-12-01T23:00:00+00:00', '--job-id', '419', '--raw', '--subdir', 'DAGS_FOLDER/yelloTaXi_data_ingestee_gcs_dag.py', '--cfg-path', '/tmp/tmpfpk38g5c', '--error-file', '/tmp/tmprcvwmf1t']
[2022-02-09 08:42:44,136] {standard_task_runner.py:77} INFO - Job 419: Subtask download_dataset_task
[2022-02-09 08:42:44,602] {logging_mixin.py:109} INFO - Running <TaskInstance: yelloTaXi_HW_data_ingestee_gcs_dag.download_dataset_task scheduled__2019-12-01T23:00:00+00:00 [running]> on host f8848f2383ce
[2022-02-09 08:42:44,883] {warnings.py:110} WARNING - /home/***/.local/lib/python3.7/site-packages/***/utils/context.py:152: AirflowContextDeprecationWarning: Accessing 'execution_date' from the template is deprecated and will be removed in a future version. Please use 'data_interval_start' or 'logical_date' instead.
  warnings.warn(_create_deprecation_warning(key, self._deprecation_replacements[key]))

[2022-02-09 08:42:45,009] {taskinstance.py:1426} INFO - Exporting the following env vars:
AIRFLOW_CTX_DAG_OWNER=***
AIRFLOW_CTX_DAG_ID=yelloTaXi_HW_data_ingestee_gcs_dag
AIRFLOW_CTX_TASK_ID=download_dataset_task
AIRFLOW_CTX_EXECUTION_DATE=2019-12-01T23:00:00+00:00
AIRFLOW_CTX_DAG_RUN_ID=scheduled__2019-12-01T23:00:00+00:00
[2022-02-09 08:42:45,012] {subprocess.py:62} INFO - Tmp dir root location: 
 /tmp
[2022-02-09 08:42:45,013] {subprocess.py:74} INFO - Running command: ['bash', '-c', 'curl -sSL https://s3.amazonaws.com/nyc-tlc/trip+data/yellow_tripdata_2019-12.csv > /opt/***/yellow_tripdata_2019-12.csv']
[2022-02-09 08:42:45,119] {subprocess.py:85} INFO - Output:
[2022-02-09 08:43:38,040] {subprocess.py:93} INFO - Command exited with return code 0
[2022-02-09 08:43:38,310] {taskinstance.py:1277} INFO - Marking task as SUCCESS. dag_id=yelloTaXi_HW_data_ingestee_gcs_dag, task_id=download_dataset_task, execution_date=20191201T230000, start_date=20220209T084243, end_date=20220209T084338
[2022-02-09 08:43:38,751] {local_task_job.py:154} INFO - Task exited with return code 0
[2022-02-09 08:43:40,077] {local_task_job.py:264} INFO - 0 downstream tasks scheduled from follow-on schedule check
