[2022-02-09 09:33:54,457] {taskinstance.py:1032} INFO - Dependencies all met for <TaskInstance: yelloTaXii_HW_data_ingestion_gcs_dag.format_to_parquet_task scheduled__2021-07-01T23:00:00+00:00 [queued]>
[2022-02-09 09:33:54,498] {taskinstance.py:1032} INFO - Dependencies all met for <TaskInstance: yelloTaXii_HW_data_ingestion_gcs_dag.format_to_parquet_task scheduled__2021-07-01T23:00:00+00:00 [queued]>
[2022-02-09 09:33:54,498] {taskinstance.py:1238} INFO - 
--------------------------------------------------------------------------------
[2022-02-09 09:33:54,501] {taskinstance.py:1239} INFO - Starting attempt 1 of 2
[2022-02-09 09:33:54,502] {taskinstance.py:1240} INFO - 
--------------------------------------------------------------------------------
[2022-02-09 09:33:54,534] {taskinstance.py:1259} INFO - Executing <Task(PythonOperator): format_to_parquet_task> on 2021-07-01 23:00:00+00:00
[2022-02-09 09:33:54,543] {standard_task_runner.py:52} INFO - Started process 182 to run task
[2022-02-09 09:33:54,552] {standard_task_runner.py:76} INFO - Running: ['***', 'tasks', 'run', 'yelloTaXii_HW_data_ingestion_gcs_dag', 'format_to_parquet_task', 'scheduled__2021-07-01T23:00:00+00:00', '--job-id', '770', '--raw', '--subdir', 'DAGS_FOLDER/yelloTaXii_data_ingestion_gcs_dag.py', '--cfg-path', '/tmp/tmphf4zu40m', '--error-file', '/tmp/tmpctzv4ssz']
[2022-02-09 09:33:54,564] {standard_task_runner.py:77} INFO - Job 770: Subtask format_to_parquet_task
[2022-02-09 09:33:54,695] {logging_mixin.py:109} INFO - Running <TaskInstance: yelloTaXii_HW_data_ingestion_gcs_dag.format_to_parquet_task scheduled__2021-07-01T23:00:00+00:00 [running]> on host fb702faa28b9
[2022-02-09 09:33:54,792] {warnings.py:110} WARNING - /home/***/.local/lib/python3.7/site-packages/***/utils/context.py:152: AirflowContextDeprecationWarning: Accessing 'execution_date' from the template is deprecated and will be removed in a future version. Please use 'data_interval_start' or 'logical_date' instead.
  warnings.warn(_create_deprecation_warning(key, self._deprecation_replacements[key]))

[2022-02-09 09:33:54,862] {taskinstance.py:1426} INFO - Exporting the following env vars:
AIRFLOW_CTX_DAG_OWNER=***
AIRFLOW_CTX_DAG_ID=yelloTaXii_HW_data_ingestion_gcs_dag
AIRFLOW_CTX_TASK_ID=format_to_parquet_task
AIRFLOW_CTX_EXECUTION_DATE=2021-07-01T23:00:00+00:00
AIRFLOW_CTX_DAG_RUN_ID=scheduled__2021-07-01T23:00:00+00:00
[2022-02-09 09:33:58,615] {python.py:175} INFO - Done. Returned value was: None
[2022-02-09 09:33:58,628] {taskinstance.py:1277} INFO - Marking task as SUCCESS. dag_id=yelloTaXii_HW_data_ingestion_gcs_dag, task_id=format_to_parquet_task, execution_date=20210701T230000, start_date=20220209T093354, end_date=20220209T093358
[2022-02-09 09:33:58,712] {local_task_job.py:154} INFO - Task exited with return code 0
[2022-02-09 09:33:58,759] {local_task_job.py:264} INFO - 1 downstream tasks scheduled from follow-on schedule check
