[2022-02-09 09:01:27,701] {taskinstance.py:1032} INFO - Dependencies all met for <TaskInstance: yelloTaXi_HW_data_ingestee_gcs_dag.format_to_parquet_task scheduled__2021-12-01T23:00:00+00:00 [queued]>
[2022-02-09 09:01:27,719] {taskinstance.py:1032} INFO - Dependencies all met for <TaskInstance: yelloTaXi_HW_data_ingestee_gcs_dag.format_to_parquet_task scheduled__2021-12-01T23:00:00+00:00 [queued]>
[2022-02-09 09:01:27,719] {taskinstance.py:1238} INFO - 
--------------------------------------------------------------------------------
[2022-02-09 09:01:27,719] {taskinstance.py:1239} INFO - Starting attempt 1 of 2
[2022-02-09 09:01:27,719] {taskinstance.py:1240} INFO - 
--------------------------------------------------------------------------------
[2022-02-09 09:01:27,740] {taskinstance.py:1259} INFO - Executing <Task(PythonOperator): format_to_parquet_task> on 2021-12-01 23:00:00+00:00
[2022-02-09 09:01:27,749] {standard_task_runner.py:52} INFO - Started process 577 to run task
[2022-02-09 09:01:27,762] {standard_task_runner.py:76} INFO - Running: ['***', 'tasks', 'run', 'yelloTaXi_HW_data_ingestee_gcs_dag', 'format_to_parquet_task', 'scheduled__2021-12-01T23:00:00+00:00', '--job-id', '520', '--raw', '--subdir', 'DAGS_FOLDER/yelloTaXi_data_ingestee_gcs_dag.py', '--cfg-path', '/tmp/tmp5rjap1_k', '--error-file', '/tmp/tmpg_h7ubu9']
[2022-02-09 09:01:27,764] {standard_task_runner.py:77} INFO - Job 520: Subtask format_to_parquet_task
[2022-02-09 09:01:27,874] {logging_mixin.py:109} INFO - Running <TaskInstance: yelloTaXi_HW_data_ingestee_gcs_dag.format_to_parquet_task scheduled__2021-12-01T23:00:00+00:00 [running]> on host cc021fb126ed
[2022-02-09 09:01:27,943] {warnings.py:110} WARNING - /home/***/.local/lib/python3.7/site-packages/***/utils/context.py:152: AirflowContextDeprecationWarning: Accessing 'execution_date' from the template is deprecated and will be removed in a future version. Please use 'data_interval_start' or 'logical_date' instead.
  warnings.warn(_create_deprecation_warning(key, self._deprecation_replacements[key]))

[2022-02-09 09:01:27,994] {taskinstance.py:1426} INFO - Exporting the following env vars:
AIRFLOW_CTX_DAG_OWNER=***
AIRFLOW_CTX_DAG_ID=yelloTaXi_HW_data_ingestee_gcs_dag
AIRFLOW_CTX_TASK_ID=format_to_parquet_task
AIRFLOW_CTX_EXECUTION_DATE=2021-12-01T23:00:00+00:00
AIRFLOW_CTX_DAG_RUN_ID=scheduled__2021-12-01T23:00:00+00:00
[2022-02-09 09:01:28,245] {python.py:175} INFO - Done. Returned value was: None
[2022-02-09 09:01:28,266] {taskinstance.py:1277} INFO - Marking task as SUCCESS. dag_id=yelloTaXi_HW_data_ingestee_gcs_dag, task_id=format_to_parquet_task, execution_date=20211201T230000, start_date=20220209T090127, end_date=20220209T090128
[2022-02-09 09:01:28,338] {local_task_job.py:154} INFO - Task exited with return code 0
[2022-02-09 09:01:28,406] {local_task_job.py:264} INFO - 1 downstream tasks scheduled from follow-on schedule check
[2022-02-09 09:17:18,163] {taskinstance.py:1032} INFO - Dependencies all met for <TaskInstance: yelloTaXi_HW_data_ingestee_gcs_dag.format_to_parquet_task scheduled__2021-12-01T23:00:00+00:00 [queued]>
[2022-02-09 09:17:18,200] {taskinstance.py:1032} INFO - Dependencies all met for <TaskInstance: yelloTaXi_HW_data_ingestee_gcs_dag.format_to_parquet_task scheduled__2021-12-01T23:00:00+00:00 [queued]>
[2022-02-09 09:17:18,200] {taskinstance.py:1238} INFO - 
--------------------------------------------------------------------------------
[2022-02-09 09:17:18,201] {taskinstance.py:1239} INFO - Starting attempt 1 of 2
[2022-02-09 09:17:18,201] {taskinstance.py:1240} INFO - 
--------------------------------------------------------------------------------
[2022-02-09 09:17:18,264] {taskinstance.py:1259} INFO - Executing <Task(PythonOperator): format_to_parquet_task> on 2021-12-01 23:00:00+00:00
[2022-02-09 09:17:18,285] {standard_task_runner.py:52} INFO - Started process 747 to run task
[2022-02-09 09:17:18,327] {standard_task_runner.py:76} INFO - Running: ['***', 'tasks', 'run', 'yelloTaXi_HW_data_ingestee_gcs_dag', 'format_to_parquet_task', 'scheduled__2021-12-01T23:00:00+00:00', '--job-id', '624', '--raw', '--subdir', 'DAGS_FOLDER/yelloTaXi_data_ingesteee_gcs_dag.py', '--cfg-path', '/tmp/tmpw7mw4rzc', '--error-file', '/tmp/tmp6sq75ea6']
[2022-02-09 09:17:18,335] {standard_task_runner.py:77} INFO - Job 624: Subtask format_to_parquet_task
[2022-02-09 09:17:18,546] {logging_mixin.py:109} INFO - Running <TaskInstance: yelloTaXi_HW_data_ingestee_gcs_dag.format_to_parquet_task scheduled__2021-12-01T23:00:00+00:00 [running]> on host 75953ff4f3d5
[2022-02-09 09:17:18,629] {warnings.py:110} WARNING - /home/***/.local/lib/python3.7/site-packages/***/utils/context.py:152: AirflowContextDeprecationWarning: Accessing 'execution_date' from the template is deprecated and will be removed in a future version. Please use 'data_interval_start' or 'logical_date' instead.
  warnings.warn(_create_deprecation_warning(key, self._deprecation_replacements[key]))

[2022-02-09 09:17:18,686] {taskinstance.py:1426} INFO - Exporting the following env vars:
AIRFLOW_CTX_DAG_OWNER=***
AIRFLOW_CTX_DAG_ID=yelloTaXi_HW_data_ingestee_gcs_dag
AIRFLOW_CTX_TASK_ID=format_to_parquet_task
AIRFLOW_CTX_EXECUTION_DATE=2021-12-01T23:00:00+00:00
AIRFLOW_CTX_DAG_RUN_ID=scheduled__2021-12-01T23:00:00+00:00
[2022-02-09 09:17:18,883] {python.py:175} INFO - Done. Returned value was: None
[2022-02-09 09:17:18,915] {taskinstance.py:1277} INFO - Marking task as SUCCESS. dag_id=yelloTaXi_HW_data_ingestee_gcs_dag, task_id=format_to_parquet_task, execution_date=20211201T230000, start_date=20220209T091718, end_date=20220209T091718
[2022-02-09 09:17:18,967] {local_task_job.py:154} INFO - Task exited with return code 0
[2022-02-09 09:17:19,051] {local_task_job.py:264} INFO - 1 downstream tasks scheduled from follow-on schedule check
