[2022-02-09 09:44:02,562] {taskinstance.py:1032} INFO - Dependencies all met for <TaskInstance: FHV_data_HW_ingestion_gcs_dag.local_to_gcs_task scheduled__2019-11-01T23:00:00+00:00 [queued]>
[2022-02-09 09:44:02,578] {taskinstance.py:1032} INFO - Dependencies all met for <TaskInstance: FHV_data_HW_ingestion_gcs_dag.local_to_gcs_task scheduled__2019-11-01T23:00:00+00:00 [queued]>
[2022-02-09 09:44:02,578] {taskinstance.py:1238} INFO - 
--------------------------------------------------------------------------------
[2022-02-09 09:44:02,579] {taskinstance.py:1239} INFO - Starting attempt 1 of 2
[2022-02-09 09:44:02,579] {taskinstance.py:1240} INFO - 
--------------------------------------------------------------------------------
[2022-02-09 09:44:02,596] {taskinstance.py:1259} INFO - Executing <Task(PythonOperator): local_to_gcs_task> on 2019-11-01 23:00:00+00:00
[2022-02-09 09:44:02,603] {standard_task_runner.py:52} INFO - Started process 1069 to run task
[2022-02-09 09:44:02,613] {standard_task_runner.py:76} INFO - Running: ['***', 'tasks', 'run', 'FHV_data_HW_ingestion_gcs_dag', 'local_to_gcs_task', 'scheduled__2019-11-01T23:00:00+00:00', '--job-id', '860', '--raw', '--subdir', 'DAGS_FOLDER/FHV_data_ingest_gcs_dag.py', '--cfg-path', '/tmp/tmplk4n4i9t', '--error-file', '/tmp/tmp0pxxzfs1']
[2022-02-09 09:44:02,614] {standard_task_runner.py:77} INFO - Job 860: Subtask local_to_gcs_task
[2022-02-09 09:44:02,711] {logging_mixin.py:109} INFO - Running <TaskInstance: FHV_data_HW_ingestion_gcs_dag.local_to_gcs_task scheduled__2019-11-01T23:00:00+00:00 [running]> on host fb702faa28b9
[2022-02-09 09:44:02,780] {warnings.py:110} WARNING - /home/***/.local/lib/python3.7/site-packages/***/utils/context.py:152: AirflowContextDeprecationWarning: Accessing 'execution_date' from the template is deprecated and will be removed in a future version. Please use 'data_interval_start' or 'logical_date' instead.
  warnings.warn(_create_deprecation_warning(key, self._deprecation_replacements[key]))

[2022-02-09 09:44:02,825] {taskinstance.py:1426} INFO - Exporting the following env vars:
AIRFLOW_CTX_DAG_OWNER=***
AIRFLOW_CTX_DAG_ID=FHV_data_HW_ingestion_gcs_dag
AIRFLOW_CTX_TASK_ID=local_to_gcs_task
AIRFLOW_CTX_EXECUTION_DATE=2019-11-01T23:00:00+00:00
AIRFLOW_CTX_DAG_RUN_ID=scheduled__2019-11-01T23:00:00+00:00
[2022-02-09 09:44:07,460] {python.py:175} INFO - Done. Returned value was: None
[2022-02-09 09:44:07,479] {taskinstance.py:1277} INFO - Marking task as SUCCESS. dag_id=FHV_data_HW_ingestion_gcs_dag, task_id=local_to_gcs_task, execution_date=20191101T230000, start_date=20220209T094402, end_date=20220209T094407
[2022-02-09 09:44:07,527] {local_task_job.py:154} INFO - Task exited with return code 0
[2022-02-09 09:44:07,574] {local_task_job.py:264} INFO - 1 downstream tasks scheduled from follow-on schedule check
