[2022-02-09 11:58:31,875] {taskinstance.py:1032} INFO - Dependencies all met for <TaskInstance: FHV_data_HW_ingestion_gcs_dag.download_dataset_task scheduled__2020-01-01T23:00:00+00:00 [queued]>
[2022-02-09 11:58:31,886] {taskinstance.py:1032} INFO - Dependencies all met for <TaskInstance: FHV_data_HW_ingestion_gcs_dag.download_dataset_task scheduled__2020-01-01T23:00:00+00:00 [queued]>
[2022-02-09 11:58:31,887] {taskinstance.py:1238} INFO - 
--------------------------------------------------------------------------------
[2022-02-09 11:58:31,887] {taskinstance.py:1239} INFO - Starting attempt 2 of 3
[2022-02-09 11:58:31,887] {taskinstance.py:1240} INFO - 
--------------------------------------------------------------------------------
[2022-02-09 11:58:31,900] {taskinstance.py:1259} INFO - Executing <Task(BashOperator): download_dataset_task> on 2020-01-01 23:00:00+00:00
[2022-02-09 11:58:31,906] {standard_task_runner.py:52} INFO - Started process 5159 to run task
[2022-02-09 11:58:31,913] {standard_task_runner.py:76} INFO - Running: ['***', 'tasks', 'run', 'FHV_data_HW_ingestion_gcs_dag', 'download_dataset_task', 'scheduled__2020-01-01T23:00:00+00:00', '--job-id', '1004', '--raw', '--subdir', 'DAGS_FOLDER/FHV_data_ingest_gcs_dag.py', '--cfg-path', '/tmp/tmpsysrvxmo', '--error-file', '/tmp/tmpl66vm89i']
[2022-02-09 11:58:31,914] {standard_task_runner.py:77} INFO - Job 1004: Subtask download_dataset_task
[2022-02-09 11:58:32,016] {logging_mixin.py:109} INFO - Running <TaskInstance: FHV_data_HW_ingestion_gcs_dag.download_dataset_task scheduled__2020-01-01T23:00:00+00:00 [running]> on host 6d9722f64c69
[2022-02-09 11:58:32,090] {warnings.py:110} WARNING - /home/***/.local/lib/python3.7/site-packages/***/utils/context.py:152: AirflowContextDeprecationWarning: Accessing 'execution_date' from the template is deprecated and will be removed in a future version. Please use 'data_interval_start' or 'logical_date' instead.
  warnings.warn(_create_deprecation_warning(key, self._deprecation_replacements[key]))

[2022-02-09 11:58:32,112] {taskinstance.py:1426} INFO - Exporting the following env vars:
AIRFLOW_CTX_DAG_OWNER=***
AIRFLOW_CTX_DAG_ID=FHV_data_HW_ingestion_gcs_dag
AIRFLOW_CTX_TASK_ID=download_dataset_task
AIRFLOW_CTX_EXECUTION_DATE=2020-01-01T23:00:00+00:00
AIRFLOW_CTX_DAG_RUN_ID=scheduled__2020-01-01T23:00:00+00:00
[2022-02-09 11:58:32,113] {subprocess.py:62} INFO - Tmp dir root location: 
 /tmp
[2022-02-09 11:58:32,114] {subprocess.py:74} INFO - Running command: ['bash', '-c', 'curl -sSL https://nyc-tlc.s3.amazonaws.com/trip+data/fhv_tripdata_2020-01.csv > /opt/***/fhv_tripdata_2020-01.csv']
[2022-02-09 11:58:32,128] {subprocess.py:85} INFO - Output:
[2022-02-09 11:58:35,363] {subprocess.py:93} INFO - Command exited with return code 0
[2022-02-09 11:58:35,396] {taskinstance.py:1277} INFO - Marking task as SUCCESS. dag_id=FHV_data_HW_ingestion_gcs_dag, task_id=download_dataset_task, execution_date=20200101T230000, start_date=20220209T115831, end_date=20220209T115835
[2022-02-09 11:58:35,461] {local_task_job.py:154} INFO - Task exited with return code 0
[2022-02-09 11:58:35,506] {local_task_job.py:264} INFO - 1 downstream tasks scheduled from follow-on schedule check
[2022-02-09 12:46:27,440] {taskinstance.py:1032} INFO - Dependencies all met for <TaskInstance: FHV_data_HW_ingestion_gcs_dag.download_dataset_task scheduled__2020-01-01T23:00:00+00:00 [queued]>
[2022-02-09 12:46:27,454] {taskinstance.py:1032} INFO - Dependencies all met for <TaskInstance: FHV_data_HW_ingestion_gcs_dag.download_dataset_task scheduled__2020-01-01T23:00:00+00:00 [queued]>
[2022-02-09 12:46:27,454] {taskinstance.py:1238} INFO - 
--------------------------------------------------------------------------------
[2022-02-09 12:46:27,454] {taskinstance.py:1239} INFO - Starting attempt 2 of 3
[2022-02-09 12:46:27,455] {taskinstance.py:1240} INFO - 
--------------------------------------------------------------------------------
[2022-02-09 12:46:27,467] {taskinstance.py:1259} INFO - Executing <Task(BashOperator): download_dataset_task> on 2020-01-01 23:00:00+00:00
[2022-02-09 12:46:27,474] {standard_task_runner.py:52} INFO - Started process 1980 to run task
[2022-02-09 12:46:27,479] {standard_task_runner.py:76} INFO - Running: ['***', 'tasks', 'run', 'FHV_data_HW_ingestion_gcs_dag', 'download_dataset_task', 'scheduled__2020-01-01T23:00:00+00:00', '--job-id', '1026', '--raw', '--subdir', 'DAGS_FOLDER/FHV_data_ingest_gcs_dag.py', '--cfg-path', '/tmp/tmpahzljhcl', '--error-file', '/tmp/tmp_gtm06kk']
[2022-02-09 12:46:27,481] {standard_task_runner.py:77} INFO - Job 1026: Subtask download_dataset_task
[2022-02-09 12:46:27,555] {logging_mixin.py:109} INFO - Running <TaskInstance: FHV_data_HW_ingestion_gcs_dag.download_dataset_task scheduled__2020-01-01T23:00:00+00:00 [running]> on host 2b984638caa6
[2022-02-09 12:46:27,607] {warnings.py:110} WARNING - /home/***/.local/lib/python3.7/site-packages/***/utils/context.py:152: AirflowContextDeprecationWarning: Accessing 'execution_date' from the template is deprecated and will be removed in a future version. Please use 'data_interval_start' or 'logical_date' instead.
  warnings.warn(_create_deprecation_warning(key, self._deprecation_replacements[key]))

[2022-02-09 12:46:27,627] {taskinstance.py:1426} INFO - Exporting the following env vars:
AIRFLOW_CTX_DAG_OWNER=***
AIRFLOW_CTX_DAG_ID=FHV_data_HW_ingestion_gcs_dag
AIRFLOW_CTX_TASK_ID=download_dataset_task
AIRFLOW_CTX_EXECUTION_DATE=2020-01-01T23:00:00+00:00
AIRFLOW_CTX_DAG_RUN_ID=scheduled__2020-01-01T23:00:00+00:00
[2022-02-09 12:46:27,629] {subprocess.py:62} INFO - Tmp dir root location: 
 /tmp
[2022-02-09 12:46:27,629] {subprocess.py:74} INFO - Running command: ['bash', '-c', 'curl -sSL https://nyc-tlc.s3.amazonaws.com/trip+data/fhv_tripdata_2020-01.csv > /opt/***/fhv_tripdata_2020-01.csv']
[2022-02-09 12:46:27,645] {subprocess.py:85} INFO - Output:
[2022-02-09 12:46:31,731] {subprocess.py:93} INFO - Command exited with return code 0
[2022-02-09 12:46:31,811] {taskinstance.py:1277} INFO - Marking task as SUCCESS. dag_id=FHV_data_HW_ingestion_gcs_dag, task_id=download_dataset_task, execution_date=20200101T230000, start_date=20220209T124627, end_date=20220209T124631
[2022-02-09 12:46:31,869] {local_task_job.py:154} INFO - Task exited with return code 0
[2022-02-09 12:46:31,935] {local_task_job.py:264} INFO - 1 downstream tasks scheduled from follow-on schedule check
