[2022-02-07 11:54:21,330] {taskinstance.py:1032} INFO - Dependencies all met for <TaskInstance: yellowTX_HW_data_ingestion_gcs_dag.format_to_parquet_task scheduled__2020-03-01T23:00:00+00:00 [queued]>
[2022-02-07 11:54:21,344] {taskinstance.py:1032} INFO - Dependencies all met for <TaskInstance: yellowTX_HW_data_ingestion_gcs_dag.format_to_parquet_task scheduled__2020-03-01T23:00:00+00:00 [queued]>
[2022-02-07 11:54:21,345] {taskinstance.py:1238} INFO - 
--------------------------------------------------------------------------------
[2022-02-07 11:54:21,345] {taskinstance.py:1239} INFO - Starting attempt 1 of 1
[2022-02-07 11:54:21,345] {taskinstance.py:1240} INFO - 
--------------------------------------------------------------------------------
[2022-02-07 11:54:27,926] {taskinstance.py:1259} INFO - Executing <Task(PythonOperator): format_to_parquet_task> on 2020-03-01 23:00:00+00:00
[2022-02-07 11:54:27,949] {standard_task_runner.py:52} INFO - Started process 2037 to run task
[2022-02-07 11:54:27,978] {standard_task_runner.py:76} INFO - Running: ['***', 'tasks', 'run', 'yellowTX_HW_data_ingestion_gcs_dag', 'format_to_parquet_task', 'scheduled__2020-03-01T23:00:00+00:00', '--job-id', '28', '--raw', '--subdir', 'DAGS_FOLDER/yellowTX_data_ingest_gcs_dag.py', '--cfg-path', '/tmp/tmpfqtgwey6', '--error-file', '/tmp/tmprlvvzg7g']
[2022-02-07 11:54:27,980] {standard_task_runner.py:77} INFO - Job 28: Subtask format_to_parquet_task
[2022-02-07 11:54:33,911] {logging_mixin.py:109} INFO - Running <TaskInstance: yellowTX_HW_data_ingestion_gcs_dag.format_to_parquet_task scheduled__2020-03-01T23:00:00+00:00 [running]> on host 52b8b55537b2
[2022-02-07 11:54:35,524] {warnings.py:110} WARNING - /home/***/.local/lib/python3.7/site-packages/***/utils/context.py:152: AirflowContextDeprecationWarning: Accessing 'execution_date' from the template is deprecated and will be removed in a future version. Please use 'data_interval_start' or 'logical_date' instead.
  warnings.warn(_create_deprecation_warning(key, self._deprecation_replacements[key]))

[2022-02-07 11:54:39,471] {taskinstance.py:1426} INFO - Exporting the following env vars:
AIRFLOW_CTX_DAG_OWNER=***
AIRFLOW_CTX_DAG_ID=yellowTX_HW_data_ingestion_gcs_dag
AIRFLOW_CTX_TASK_ID=format_to_parquet_task
AIRFLOW_CTX_EXECUTION_DATE=2020-03-01T23:00:00+00:00
AIRFLOW_CTX_DAG_RUN_ID=scheduled__2020-03-01T23:00:00+00:00
[2022-02-07 11:55:57,927] {python.py:175} INFO - Done. Returned value was: None
[2022-02-07 11:55:57,940] {taskinstance.py:1277} INFO - Marking task as SUCCESS. dag_id=yellowTX_HW_data_ingestion_gcs_dag, task_id=format_to_parquet_task, execution_date=20200301T230000, start_date=20220207T115421, end_date=20220207T115557
[2022-02-07 11:55:58,713] {local_task_job.py:154} INFO - Task exited with return code 0
[2022-02-07 11:56:02,544] {local_task_job.py:264} INFO - 0 downstream tasks scheduled from follow-on schedule check
[2022-02-07 12:41:38,326] {taskinstance.py:1032} INFO - Dependencies all met for <TaskInstance: yellowTX_HW_data_ingestion_gcs_dag.format_to_parquet_task scheduled__2020-03-01T23:00:00+00:00 [queued]>
[2022-02-07 12:41:38,481] {taskinstance.py:1032} INFO - Dependencies all met for <TaskInstance: yellowTX_HW_data_ingestion_gcs_dag.format_to_parquet_task scheduled__2020-03-01T23:00:00+00:00 [queued]>
[2022-02-07 12:41:38,483] {taskinstance.py:1238} INFO - 
--------------------------------------------------------------------------------
[2022-02-07 12:41:38,483] {taskinstance.py:1239} INFO - Starting attempt 1 of 1
[2022-02-07 12:41:38,483] {taskinstance.py:1240} INFO - 
--------------------------------------------------------------------------------
[2022-02-07 12:41:38,589] {taskinstance.py:1259} INFO - Executing <Task(PythonOperator): format_to_parquet_task> on 2020-03-01 23:00:00+00:00
[2022-02-07 12:41:38,597] {standard_task_runner.py:52} INFO - Started process 561 to run task
[2022-02-07 12:41:38,605] {standard_task_runner.py:76} INFO - Running: ['***', 'tasks', 'run', 'yellowTX_HW_data_ingestion_gcs_dag', 'format_to_parquet_task', 'scheduled__2020-03-01T23:00:00+00:00', '--job-id', '115', '--raw', '--subdir', 'DAGS_FOLDER/yellowTX_data_ingest_gcs_dag.py', '--cfg-path', '/tmp/tmpn7u5nhjt', '--error-file', '/tmp/tmpj51uhn7_']
[2022-02-07 12:41:38,606] {standard_task_runner.py:77} INFO - Job 115: Subtask format_to_parquet_task
[2022-02-07 12:41:41,647] {logging_mixin.py:109} INFO - Running <TaskInstance: yellowTX_HW_data_ingestion_gcs_dag.format_to_parquet_task scheduled__2020-03-01T23:00:00+00:00 [running]> on host 4f748fac91e5
[2022-02-07 12:41:41,786] {warnings.py:110} WARNING - /home/***/.local/lib/python3.7/site-packages/***/utils/context.py:152: AirflowContextDeprecationWarning: Accessing 'execution_date' from the template is deprecated and will be removed in a future version. Please use 'data_interval_start' or 'logical_date' instead.
  warnings.warn(_create_deprecation_warning(key, self._deprecation_replacements[key]))

[2022-02-07 12:41:41,820] {taskinstance.py:1426} INFO - Exporting the following env vars:
AIRFLOW_CTX_DAG_OWNER=***
AIRFLOW_CTX_DAG_ID=yellowTX_HW_data_ingestion_gcs_dag
AIRFLOW_CTX_TASK_ID=format_to_parquet_task
AIRFLOW_CTX_EXECUTION_DATE=2020-03-01T23:00:00+00:00
AIRFLOW_CTX_DAG_RUN_ID=scheduled__2020-03-01T23:00:00+00:00
[2022-02-07 12:42:41,812] {python.py:175} INFO - Done. Returned value was: None
[2022-02-07 12:42:41,832] {taskinstance.py:1277} INFO - Marking task as SUCCESS. dag_id=yellowTX_HW_data_ingestion_gcs_dag, task_id=format_to_parquet_task, execution_date=20200301T230000, start_date=20220207T124138, end_date=20220207T124241
[2022-02-07 12:42:47,785] {local_task_job.py:212} WARNING - State of this instance has been externally set to success. Terminating instance.
[2022-02-07 12:42:47,809] {process_utils.py:124} INFO - Sending Signals.SIGTERM to group 561. PIDs of all processes in the group: [561]
[2022-02-07 12:42:47,810] {process_utils.py:75} INFO - Sending the signal Signals.SIGTERM to group 561
[2022-02-07 12:42:47,810] {process_utils.py:70} INFO - Process psutil.Process(pid=561, status='terminated', exitcode=0, started='12:41:38') (561) terminated with exit code 0
