[2022-02-09 08:59:59,044] {taskinstance.py:1032} INFO - Dependencies all met for <TaskInstance: yelloTaXi_HW_data_ingestee_gcs_dag.download_dataset_task scheduled__2021-04-01T23:00:00+00:00 [queued]>
[2022-02-09 08:59:59,060] {taskinstance.py:1032} INFO - Dependencies all met for <TaskInstance: yelloTaXi_HW_data_ingestee_gcs_dag.download_dataset_task scheduled__2021-04-01T23:00:00+00:00 [queued]>
[2022-02-09 08:59:59,060] {taskinstance.py:1238} INFO - 
--------------------------------------------------------------------------------
[2022-02-09 08:59:59,060] {taskinstance.py:1239} INFO - Starting attempt 1 of 2
[2022-02-09 08:59:59,061] {taskinstance.py:1240} INFO - 
--------------------------------------------------------------------------------
[2022-02-09 08:59:59,079] {taskinstance.py:1259} INFO - Executing <Task(BashOperator): download_dataset_task> on 2021-04-01 23:00:00+00:00
[2022-02-09 08:59:59,086] {standard_task_runner.py:52} INFO - Started process 332 to run task
[2022-02-09 08:59:59,098] {standard_task_runner.py:76} INFO - Running: ['***', 'tasks', 'run', 'yelloTaXi_HW_data_ingestee_gcs_dag', 'download_dataset_task', 'scheduled__2021-04-01T23:00:00+00:00', '--job-id', '483', '--raw', '--subdir', 'DAGS_FOLDER/yelloTaXi_data_ingestee_gcs_dag.py', '--cfg-path', '/tmp/tmpah6_03f2', '--error-file', '/tmp/tmpt8nbug75']
[2022-02-09 08:59:59,100] {standard_task_runner.py:77} INFO - Job 483: Subtask download_dataset_task
[2022-02-09 08:59:59,206] {logging_mixin.py:109} INFO - Running <TaskInstance: yelloTaXi_HW_data_ingestee_gcs_dag.download_dataset_task scheduled__2021-04-01T23:00:00+00:00 [running]> on host cc021fb126ed
[2022-02-09 08:59:59,283] {warnings.py:110} WARNING - /home/***/.local/lib/python3.7/site-packages/***/utils/context.py:152: AirflowContextDeprecationWarning: Accessing 'execution_date' from the template is deprecated and will be removed in a future version. Please use 'data_interval_start' or 'logical_date' instead.
  warnings.warn(_create_deprecation_warning(key, self._deprecation_replacements[key]))

[2022-02-09 08:59:59,320] {taskinstance.py:1426} INFO - Exporting the following env vars:
AIRFLOW_CTX_DAG_OWNER=***
AIRFLOW_CTX_DAG_ID=yelloTaXi_HW_data_ingestee_gcs_dag
AIRFLOW_CTX_TASK_ID=download_dataset_task
AIRFLOW_CTX_EXECUTION_DATE=2021-04-01T23:00:00+00:00
AIRFLOW_CTX_DAG_RUN_ID=scheduled__2021-04-01T23:00:00+00:00
[2022-02-09 08:59:59,321] {subprocess.py:62} INFO - Tmp dir root location: 
 /tmp
[2022-02-09 08:59:59,322] {subprocess.py:74} INFO - Running command: ['bash', '-c', 'curl -sSL https://s3.amazonaws.com/nyc-tlc/trip+data/yellow_tripdata_2021-04.csv > /opt/***/yellow_tripdata_2021-04.csv']
[2022-02-09 08:59:59,343] {subprocess.py:85} INFO - Output:
[2022-02-09 09:00:04,078] {subprocess.py:93} INFO - Command exited with return code 0
[2022-02-09 09:00:04,273] {taskinstance.py:1277} INFO - Marking task as SUCCESS. dag_id=yelloTaXi_HW_data_ingestee_gcs_dag, task_id=download_dataset_task, execution_date=20210401T230000, start_date=20220209T085959, end_date=20220209T090004
[2022-02-09 09:00:04,352] {local_task_job.py:154} INFO - Task exited with return code 0
[2022-02-09 09:00:04,501] {local_task_job.py:264} INFO - 1 downstream tasks scheduled from follow-on schedule check
[2022-02-09 09:15:37,830] {taskinstance.py:1032} INFO - Dependencies all met for <TaskInstance: yelloTaXi_HW_data_ingestee_gcs_dag.download_dataset_task scheduled__2021-04-01T23:00:00+00:00 [queued]>
[2022-02-09 09:15:37,846] {taskinstance.py:1032} INFO - Dependencies all met for <TaskInstance: yelloTaXi_HW_data_ingestee_gcs_dag.download_dataset_task scheduled__2021-04-01T23:00:00+00:00 [queued]>
[2022-02-09 09:15:37,846] {taskinstance.py:1238} INFO - 
--------------------------------------------------------------------------------
[2022-02-09 09:15:37,846] {taskinstance.py:1239} INFO - Starting attempt 1 of 2
[2022-02-09 09:15:37,846] {taskinstance.py:1240} INFO - 
--------------------------------------------------------------------------------
[2022-02-09 09:15:37,860] {taskinstance.py:1259} INFO - Executing <Task(BashOperator): download_dataset_task> on 2021-04-01 23:00:00+00:00
[2022-02-09 09:15:37,869] {standard_task_runner.py:52} INFO - Started process 466 to run task
[2022-02-09 09:15:37,878] {standard_task_runner.py:76} INFO - Running: ['***', 'tasks', 'run', 'yelloTaXi_HW_data_ingestee_gcs_dag', 'download_dataset_task', 'scheduled__2021-04-01T23:00:00+00:00', '--job-id', '583', '--raw', '--subdir', 'DAGS_FOLDER/yelloTaXi_data_ingesteee_gcs_dag.py', '--cfg-path', '/tmp/tmp6gdcdbv1', '--error-file', '/tmp/tmpzgv7rp24']
[2022-02-09 09:15:37,879] {standard_task_runner.py:77} INFO - Job 583: Subtask download_dataset_task
[2022-02-09 09:15:37,962] {logging_mixin.py:109} INFO - Running <TaskInstance: yelloTaXi_HW_data_ingestee_gcs_dag.download_dataset_task scheduled__2021-04-01T23:00:00+00:00 [running]> on host 75953ff4f3d5
[2022-02-09 09:15:38,022] {warnings.py:110} WARNING - /home/***/.local/lib/python3.7/site-packages/***/utils/context.py:152: AirflowContextDeprecationWarning: Accessing 'execution_date' from the template is deprecated and will be removed in a future version. Please use 'data_interval_start' or 'logical_date' instead.
  warnings.warn(_create_deprecation_warning(key, self._deprecation_replacements[key]))

[2022-02-09 09:15:38,050] {taskinstance.py:1426} INFO - Exporting the following env vars:
AIRFLOW_CTX_DAG_OWNER=***
AIRFLOW_CTX_DAG_ID=yelloTaXi_HW_data_ingestee_gcs_dag
AIRFLOW_CTX_TASK_ID=download_dataset_task
AIRFLOW_CTX_EXECUTION_DATE=2021-04-01T23:00:00+00:00
AIRFLOW_CTX_DAG_RUN_ID=scheduled__2021-04-01T23:00:00+00:00
[2022-02-09 09:15:38,052] {subprocess.py:62} INFO - Tmp dir root location: 
 /tmp
[2022-02-09 09:15:38,053] {subprocess.py:74} INFO - Running command: ['bash', '-c', 'curl -sSL https://s3.amazonaws.com/nyc-tlc/trip+data/yellow_tripdata_2021-04.csv > /opt/***/yellow_tripdata_2021-04.csv']
[2022-02-09 09:15:38,073] {subprocess.py:85} INFO - Output:
[2022-02-09 09:15:42,109] {subprocess.py:93} INFO - Command exited with return code 0
[2022-02-09 09:15:42,160] {taskinstance.py:1277} INFO - Marking task as SUCCESS. dag_id=yelloTaXi_HW_data_ingestee_gcs_dag, task_id=download_dataset_task, execution_date=20210401T230000, start_date=20220209T091537, end_date=20220209T091542
[2022-02-09 09:15:42,231] {local_task_job.py:154} INFO - Task exited with return code 0
[2022-02-09 09:15:42,288] {local_task_job.py:264} INFO - 1 downstream tasks scheduled from follow-on schedule check
