[2022-02-09 09:01:25,635] {taskinstance.py:1032} INFO - Dependencies all met for <TaskInstance: yelloTaXi_HW_data_ingestee_gcs_dag.download_dataset_task scheduled__2022-01-01T23:00:00+00:00 [queued]>
[2022-02-09 09:01:25,652] {taskinstance.py:1032} INFO - Dependencies all met for <TaskInstance: yelloTaXi_HW_data_ingestee_gcs_dag.download_dataset_task scheduled__2022-01-01T23:00:00+00:00 [queued]>
[2022-02-09 09:01:25,652] {taskinstance.py:1238} INFO - 
--------------------------------------------------------------------------------
[2022-02-09 09:01:25,652] {taskinstance.py:1239} INFO - Starting attempt 1 of 2
[2022-02-09 09:01:25,653] {taskinstance.py:1240} INFO - 
--------------------------------------------------------------------------------
[2022-02-09 09:01:25,674] {taskinstance.py:1259} INFO - Executing <Task(BashOperator): download_dataset_task> on 2022-01-01 23:00:00+00:00
[2022-02-09 09:01:25,702] {standard_task_runner.py:52} INFO - Started process 567 to run task
[2022-02-09 09:01:25,711] {standard_task_runner.py:76} INFO - Running: ['***', 'tasks', 'run', 'yelloTaXi_HW_data_ingestee_gcs_dag', 'download_dataset_task', 'scheduled__2022-01-01T23:00:00+00:00', '--job-id', '519', '--raw', '--subdir', 'DAGS_FOLDER/yelloTaXi_data_ingestee_gcs_dag.py', '--cfg-path', '/tmp/tmpmo68aap7', '--error-file', '/tmp/tmpt2jw_dcz']
[2022-02-09 09:01:25,712] {standard_task_runner.py:77} INFO - Job 519: Subtask download_dataset_task
[2022-02-09 09:01:25,806] {logging_mixin.py:109} INFO - Running <TaskInstance: yelloTaXi_HW_data_ingestee_gcs_dag.download_dataset_task scheduled__2022-01-01T23:00:00+00:00 [running]> on host cc021fb126ed
[2022-02-09 09:01:25,864] {warnings.py:110} WARNING - /home/***/.local/lib/python3.7/site-packages/***/utils/context.py:152: AirflowContextDeprecationWarning: Accessing 'execution_date' from the template is deprecated and will be removed in a future version. Please use 'data_interval_start' or 'logical_date' instead.
  warnings.warn(_create_deprecation_warning(key, self._deprecation_replacements[key]))

[2022-02-09 09:01:25,893] {taskinstance.py:1426} INFO - Exporting the following env vars:
AIRFLOW_CTX_DAG_OWNER=***
AIRFLOW_CTX_DAG_ID=yelloTaXi_HW_data_ingestee_gcs_dag
AIRFLOW_CTX_TASK_ID=download_dataset_task
AIRFLOW_CTX_EXECUTION_DATE=2022-01-01T23:00:00+00:00
AIRFLOW_CTX_DAG_RUN_ID=scheduled__2022-01-01T23:00:00+00:00
[2022-02-09 09:01:25,895] {subprocess.py:62} INFO - Tmp dir root location: 
 /tmp
[2022-02-09 09:01:25,896] {subprocess.py:74} INFO - Running command: ['bash', '-c', 'curl -sSL https://s3.amazonaws.com/nyc-tlc/trip+data/yellow_tripdata_2022-01.csv > /opt/***/yellow_tripdata_2022-01.csv']
[2022-02-09 09:01:25,912] {subprocess.py:85} INFO - Output:
[2022-02-09 09:01:26,063] {subprocess.py:93} INFO - Command exited with return code 0
[2022-02-09 09:01:26,095] {taskinstance.py:1277} INFO - Marking task as SUCCESS. dag_id=yelloTaXi_HW_data_ingestee_gcs_dag, task_id=download_dataset_task, execution_date=20220101T230000, start_date=20220209T090125, end_date=20220209T090126
[2022-02-09 09:01:26,127] {local_task_job.py:154} INFO - Task exited with return code 0
[2022-02-09 09:01:26,256] {local_task_job.py:264} INFO - 0 downstream tasks scheduled from follow-on schedule check
[2022-02-09 09:17:15,618] {taskinstance.py:1032} INFO - Dependencies all met for <TaskInstance: yelloTaXi_HW_data_ingestee_gcs_dag.download_dataset_task scheduled__2022-01-01T23:00:00+00:00 [queued]>
[2022-02-09 09:17:15,636] {taskinstance.py:1032} INFO - Dependencies all met for <TaskInstance: yelloTaXi_HW_data_ingestee_gcs_dag.download_dataset_task scheduled__2022-01-01T23:00:00+00:00 [queued]>
[2022-02-09 09:17:15,636] {taskinstance.py:1238} INFO - 
--------------------------------------------------------------------------------
[2022-02-09 09:17:15,637] {taskinstance.py:1239} INFO - Starting attempt 1 of 2
[2022-02-09 09:17:15,637] {taskinstance.py:1240} INFO - 
--------------------------------------------------------------------------------
[2022-02-09 09:17:15,651] {taskinstance.py:1259} INFO - Executing <Task(BashOperator): download_dataset_task> on 2022-01-01 23:00:00+00:00
[2022-02-09 09:17:15,662] {standard_task_runner.py:52} INFO - Started process 737 to run task
[2022-02-09 09:17:15,669] {standard_task_runner.py:76} INFO - Running: ['***', 'tasks', 'run', 'yelloTaXi_HW_data_ingestee_gcs_dag', 'download_dataset_task', 'scheduled__2022-01-01T23:00:00+00:00', '--job-id', '623', '--raw', '--subdir', 'DAGS_FOLDER/yelloTaXi_data_ingesteee_gcs_dag.py', '--cfg-path', '/tmp/tmp40y6ckd4', '--error-file', '/tmp/tmp7sjbmsy0']
[2022-02-09 09:17:15,670] {standard_task_runner.py:77} INFO - Job 623: Subtask download_dataset_task
[2022-02-09 09:17:15,772] {logging_mixin.py:109} INFO - Running <TaskInstance: yelloTaXi_HW_data_ingestee_gcs_dag.download_dataset_task scheduled__2022-01-01T23:00:00+00:00 [running]> on host 75953ff4f3d5
[2022-02-09 09:17:15,846] {warnings.py:110} WARNING - /home/***/.local/lib/python3.7/site-packages/***/utils/context.py:152: AirflowContextDeprecationWarning: Accessing 'execution_date' from the template is deprecated and will be removed in a future version. Please use 'data_interval_start' or 'logical_date' instead.
  warnings.warn(_create_deprecation_warning(key, self._deprecation_replacements[key]))

[2022-02-09 09:17:15,875] {taskinstance.py:1426} INFO - Exporting the following env vars:
AIRFLOW_CTX_DAG_OWNER=***
AIRFLOW_CTX_DAG_ID=yelloTaXi_HW_data_ingestee_gcs_dag
AIRFLOW_CTX_TASK_ID=download_dataset_task
AIRFLOW_CTX_EXECUTION_DATE=2022-01-01T23:00:00+00:00
AIRFLOW_CTX_DAG_RUN_ID=scheduled__2022-01-01T23:00:00+00:00
[2022-02-09 09:17:15,877] {subprocess.py:62} INFO - Tmp dir root location: 
 /tmp
[2022-02-09 09:17:15,878] {subprocess.py:74} INFO - Running command: ['bash', '-c', 'curl -sSL https://s3.amazonaws.com/nyc-tlc/trip+data/yellow_tripdata_2022-01.csv > /opt/***/yellow_tripdata_2022-01.csv']
[2022-02-09 09:17:15,896] {subprocess.py:85} INFO - Output:
[2022-02-09 09:17:16,052] {subprocess.py:93} INFO - Command exited with return code 0
[2022-02-09 09:17:16,092] {taskinstance.py:1277} INFO - Marking task as SUCCESS. dag_id=yelloTaXi_HW_data_ingestee_gcs_dag, task_id=download_dataset_task, execution_date=20220101T230000, start_date=20220209T091715, end_date=20220209T091716
[2022-02-09 09:17:16,122] {local_task_job.py:154} INFO - Task exited with return code 0
[2022-02-09 09:17:16,168] {local_task_job.py:264} INFO - 1 downstream tasks scheduled from follow-on schedule check
