[2022-02-09 09:45:37,878] {taskinstance.py:1032} INFO - Dependencies all met for <TaskInstance: FHV_data_HW_ingestion_gcs_dag.download_dataset_task scheduled__2021-05-01T23:00:00+00:00 [queued]>
[2022-02-09 09:45:37,897] {taskinstance.py:1032} INFO - Dependencies all met for <TaskInstance: FHV_data_HW_ingestion_gcs_dag.download_dataset_task scheduled__2021-05-01T23:00:00+00:00 [queued]>
[2022-02-09 09:45:37,898] {taskinstance.py:1238} INFO - 
--------------------------------------------------------------------------------
[2022-02-09 09:45:37,898] {taskinstance.py:1239} INFO - Starting attempt 1 of 2
[2022-02-09 09:45:37,898] {taskinstance.py:1240} INFO - 
--------------------------------------------------------------------------------
[2022-02-09 09:45:37,917] {taskinstance.py:1259} INFO - Executing <Task(BashOperator): download_dataset_task> on 2021-05-01 23:00:00+00:00
[2022-02-09 09:45:37,927] {standard_task_runner.py:52} INFO - Started process 1386 to run task
[2022-02-09 09:45:37,935] {standard_task_runner.py:76} INFO - Running: ['***', 'tasks', 'run', 'FHV_data_HW_ingestion_gcs_dag', 'download_dataset_task', 'scheduled__2021-05-01T23:00:00+00:00', '--job-id', '915', '--raw', '--subdir', 'DAGS_FOLDER/FHV_data_ingest_gcs_dag.py', '--cfg-path', '/tmp/tmprbpasj4_', '--error-file', '/tmp/tmp45nfifr9']
[2022-02-09 09:45:37,936] {standard_task_runner.py:77} INFO - Job 915: Subtask download_dataset_task
[2022-02-09 09:45:38,037] {logging_mixin.py:109} INFO - Running <TaskInstance: FHV_data_HW_ingestion_gcs_dag.download_dataset_task scheduled__2021-05-01T23:00:00+00:00 [running]> on host fb702faa28b9
[2022-02-09 09:45:38,102] {warnings.py:110} WARNING - /home/***/.local/lib/python3.7/site-packages/***/utils/context.py:152: AirflowContextDeprecationWarning: Accessing 'execution_date' from the template is deprecated and will be removed in a future version. Please use 'data_interval_start' or 'logical_date' instead.
  warnings.warn(_create_deprecation_warning(key, self._deprecation_replacements[key]))

[2022-02-09 09:45:38,132] {taskinstance.py:1426} INFO - Exporting the following env vars:
AIRFLOW_CTX_DAG_OWNER=***
AIRFLOW_CTX_DAG_ID=FHV_data_HW_ingestion_gcs_dag
AIRFLOW_CTX_TASK_ID=download_dataset_task
AIRFLOW_CTX_EXECUTION_DATE=2021-05-01T23:00:00+00:00
AIRFLOW_CTX_DAG_RUN_ID=scheduled__2021-05-01T23:00:00+00:00
[2022-02-09 09:45:38,133] {subprocess.py:62} INFO - Tmp dir root location: 
 /tmp
[2022-02-09 09:45:38,134] {subprocess.py:74} INFO - Running command: ['bash', '-c', 'curl -sSL https://nyc-tlc.s3.amazonaws.com/trip+data/fhv_tripdata_2021-05.csv > /opt/***/fhv_tripdata_2021-05.csv']
[2022-02-09 09:45:38,148] {subprocess.py:85} INFO - Output:
[2022-02-09 09:45:40,199] {subprocess.py:93} INFO - Command exited with return code 0
[2022-02-09 09:45:40,412] {taskinstance.py:1277} INFO - Marking task as SUCCESS. dag_id=FHV_data_HW_ingestion_gcs_dag, task_id=download_dataset_task, execution_date=20210501T230000, start_date=20220209T094537, end_date=20220209T094540
[2022-02-09 09:45:40,484] {local_task_job.py:154} INFO - Task exited with return code 0
[2022-02-09 09:45:40,553] {local_task_job.py:264} INFO - 1 downstream tasks scheduled from follow-on schedule check
