[2022-02-09 09:00:32,945] {taskinstance.py:1032} INFO - Dependencies all met for <TaskInstance: yelloTaXi_HW_data_ingestee_gcs_dag.download_dataset_task scheduled__2021-07-01T23:00:00+00:00 [queued]>
[2022-02-09 09:00:32,956] {taskinstance.py:1032} INFO - Dependencies all met for <TaskInstance: yelloTaXi_HW_data_ingestee_gcs_dag.download_dataset_task scheduled__2021-07-01T23:00:00+00:00 [queued]>
[2022-02-09 09:00:32,956] {taskinstance.py:1238} INFO - 
--------------------------------------------------------------------------------
[2022-02-09 09:00:32,956] {taskinstance.py:1239} INFO - Starting attempt 1 of 2
[2022-02-09 09:00:32,957] {taskinstance.py:1240} INFO - 
--------------------------------------------------------------------------------
[2022-02-09 09:00:33,354] {taskinstance.py:1259} INFO - Executing <Task(BashOperator): download_dataset_task> on 2021-07-01 23:00:00+00:00
[2022-02-09 09:00:33,363] {standard_task_runner.py:52} INFO - Started process 412 to run task
[2022-02-09 09:00:33,372] {standard_task_runner.py:76} INFO - Running: ['***', 'tasks', 'run', 'yelloTaXi_HW_data_ingestee_gcs_dag', 'download_dataset_task', 'scheduled__2021-07-01T23:00:00+00:00', '--job-id', '495', '--raw', '--subdir', 'DAGS_FOLDER/yelloTaXi_data_ingestee_gcs_dag.py', '--cfg-path', '/tmp/tmp_pbbapnf', '--error-file', '/tmp/tmpx006pht0']
[2022-02-09 09:00:33,374] {standard_task_runner.py:77} INFO - Job 495: Subtask download_dataset_task
[2022-02-09 09:00:34,230] {logging_mixin.py:109} INFO - Running <TaskInstance: yelloTaXi_HW_data_ingestee_gcs_dag.download_dataset_task scheduled__2021-07-01T23:00:00+00:00 [running]> on host cc021fb126ed
[2022-02-09 09:00:34,339] {warnings.py:110} WARNING - /home/***/.local/lib/python3.7/site-packages/***/utils/context.py:152: AirflowContextDeprecationWarning: Accessing 'execution_date' from the template is deprecated and will be removed in a future version. Please use 'data_interval_start' or 'logical_date' instead.
  warnings.warn(_create_deprecation_warning(key, self._deprecation_replacements[key]))

[2022-02-09 09:00:34,369] {taskinstance.py:1426} INFO - Exporting the following env vars:
AIRFLOW_CTX_DAG_OWNER=***
AIRFLOW_CTX_DAG_ID=yelloTaXi_HW_data_ingestee_gcs_dag
AIRFLOW_CTX_TASK_ID=download_dataset_task
AIRFLOW_CTX_EXECUTION_DATE=2021-07-01T23:00:00+00:00
AIRFLOW_CTX_DAG_RUN_ID=scheduled__2021-07-01T23:00:00+00:00
[2022-02-09 09:00:34,370] {subprocess.py:62} INFO - Tmp dir root location: 
 /tmp
[2022-02-09 09:00:34,370] {subprocess.py:74} INFO - Running command: ['bash', '-c', 'curl -sSL https://s3.amazonaws.com/nyc-tlc/trip+data/yellow_tripdata_2021-07.csv > /opt/***/yellow_tripdata_2021-07.csv']
[2022-02-09 09:00:34,384] {subprocess.py:85} INFO - Output:
[2022-02-09 09:00:39,594] {subprocess.py:93} INFO - Command exited with return code 0
[2022-02-09 09:00:39,647] {taskinstance.py:1277} INFO - Marking task as SUCCESS. dag_id=yelloTaXi_HW_data_ingestee_gcs_dag, task_id=download_dataset_task, execution_date=20210701T230000, start_date=20220209T090032, end_date=20220209T090039
[2022-02-09 09:00:39,716] {local_task_job.py:154} INFO - Task exited with return code 0
[2022-02-09 09:00:40,221] {local_task_job.py:264} INFO - 0 downstream tasks scheduled from follow-on schedule check
[2022-02-09 09:16:20,045] {taskinstance.py:1032} INFO - Dependencies all met for <TaskInstance: yelloTaXi_HW_data_ingestee_gcs_dag.download_dataset_task scheduled__2021-07-01T23:00:00+00:00 [queued]>
[2022-02-09 09:16:20,062] {taskinstance.py:1032} INFO - Dependencies all met for <TaskInstance: yelloTaXi_HW_data_ingestee_gcs_dag.download_dataset_task scheduled__2021-07-01T23:00:00+00:00 [queued]>
[2022-02-09 09:16:20,062] {taskinstance.py:1238} INFO - 
--------------------------------------------------------------------------------
[2022-02-09 09:16:20,062] {taskinstance.py:1239} INFO - Starting attempt 1 of 2
[2022-02-09 09:16:20,063] {taskinstance.py:1240} INFO - 
--------------------------------------------------------------------------------
[2022-02-09 09:16:20,079] {taskinstance.py:1259} INFO - Executing <Task(BashOperator): download_dataset_task> on 2021-07-01 23:00:00+00:00
[2022-02-09 09:16:20,088] {standard_task_runner.py:52} INFO - Started process 569 to run task
[2022-02-09 09:16:20,094] {standard_task_runner.py:76} INFO - Running: ['***', 'tasks', 'run', 'yelloTaXi_HW_data_ingestee_gcs_dag', 'download_dataset_task', 'scheduled__2021-07-01T23:00:00+00:00', '--job-id', '599', '--raw', '--subdir', 'DAGS_FOLDER/yelloTaXi_data_ingesteee_gcs_dag.py', '--cfg-path', '/tmp/tmpfi9l6cce', '--error-file', '/tmp/tmpum51l2d6']
[2022-02-09 09:16:20,096] {standard_task_runner.py:77} INFO - Job 599: Subtask download_dataset_task
[2022-02-09 09:16:20,187] {logging_mixin.py:109} INFO - Running <TaskInstance: yelloTaXi_HW_data_ingestee_gcs_dag.download_dataset_task scheduled__2021-07-01T23:00:00+00:00 [running]> on host 75953ff4f3d5
[2022-02-09 09:16:20,237] {warnings.py:110} WARNING - /home/***/.local/lib/python3.7/site-packages/***/utils/context.py:152: AirflowContextDeprecationWarning: Accessing 'execution_date' from the template is deprecated and will be removed in a future version. Please use 'data_interval_start' or 'logical_date' instead.
  warnings.warn(_create_deprecation_warning(key, self._deprecation_replacements[key]))

[2022-02-09 09:16:20,257] {taskinstance.py:1426} INFO - Exporting the following env vars:
AIRFLOW_CTX_DAG_OWNER=***
AIRFLOW_CTX_DAG_ID=yelloTaXi_HW_data_ingestee_gcs_dag
AIRFLOW_CTX_TASK_ID=download_dataset_task
AIRFLOW_CTX_EXECUTION_DATE=2021-07-01T23:00:00+00:00
AIRFLOW_CTX_DAG_RUN_ID=scheduled__2021-07-01T23:00:00+00:00
[2022-02-09 09:16:20,258] {subprocess.py:62} INFO - Tmp dir root location: 
 /tmp
[2022-02-09 09:16:20,259] {subprocess.py:74} INFO - Running command: ['bash', '-c', 'curl -sSL https://s3.amazonaws.com/nyc-tlc/trip+data/yellow_tripdata_2021-07.csv > /opt/***/yellow_tripdata_2021-07.csv']
[2022-02-09 09:16:20,272] {subprocess.py:85} INFO - Output:
[2022-02-09 09:16:25,241] {subprocess.py:93} INFO - Command exited with return code 0
[2022-02-09 09:16:25,310] {taskinstance.py:1277} INFO - Marking task as SUCCESS. dag_id=yelloTaXi_HW_data_ingestee_gcs_dag, task_id=download_dataset_task, execution_date=20210701T230000, start_date=20220209T091620, end_date=20220209T091625
[2022-02-09 09:16:25,360] {local_task_job.py:154} INFO - Task exited with return code 0
[2022-02-09 09:16:25,429] {local_task_job.py:264} INFO - 1 downstream tasks scheduled from follow-on schedule check
