[2022-02-09 08:42:51,043] {taskinstance.py:1032} INFO - Dependencies all met for <TaskInstance: yelloTaXi_HW_data_ingestee_gcs_dag.format_to_parquet_task manual__2022-02-09T08:42:27.410159+00:00 [queued]>
[2022-02-09 08:42:51,068] {taskinstance.py:1032} INFO - Dependencies all met for <TaskInstance: yelloTaXi_HW_data_ingestee_gcs_dag.format_to_parquet_task manual__2022-02-09T08:42:27.410159+00:00 [queued]>
[2022-02-09 08:42:51,074] {taskinstance.py:1238} INFO - 
--------------------------------------------------------------------------------
[2022-02-09 08:42:51,074] {taskinstance.py:1239} INFO - Starting attempt 1 of 2
[2022-02-09 08:42:51,074] {taskinstance.py:1240} INFO - 
--------------------------------------------------------------------------------
[2022-02-09 08:42:51,558] {taskinstance.py:1259} INFO - Executing <Task(PythonOperator): format_to_parquet_task> on 2022-02-09 08:42:27.410159+00:00
[2022-02-09 08:42:51,578] {standard_task_runner.py:52} INFO - Started process 450 to run task
[2022-02-09 08:42:51,591] {standard_task_runner.py:76} INFO - Running: ['***', 'tasks', 'run', 'yelloTaXi_HW_data_ingestee_gcs_dag', 'format_to_parquet_task', 'manual__2022-02-09T08:42:27.410159+00:00', '--job-id', '422', '--raw', '--subdir', 'DAGS_FOLDER/yelloTaXi_data_ingestee_gcs_dag.py', '--cfg-path', '/tmp/tmplm591vhj', '--error-file', '/tmp/tmpdpai6red']
[2022-02-09 08:42:51,594] {standard_task_runner.py:77} INFO - Job 422: Subtask format_to_parquet_task
[2022-02-09 08:42:52,671] {logging_mixin.py:109} INFO - Running <TaskInstance: yelloTaXi_HW_data_ingestee_gcs_dag.format_to_parquet_task manual__2022-02-09T08:42:27.410159+00:00 [running]> on host f8848f2383ce
[2022-02-09 08:42:53,296] {warnings.py:110} WARNING - /home/***/.local/lib/python3.7/site-packages/***/utils/context.py:152: AirflowContextDeprecationWarning: Accessing 'execution_date' from the template is deprecated and will be removed in a future version. Please use 'data_interval_start' or 'logical_date' instead.
  warnings.warn(_create_deprecation_warning(key, self._deprecation_replacements[key]))

[2022-02-09 08:42:54,140] {taskinstance.py:1426} INFO - Exporting the following env vars:
AIRFLOW_CTX_DAG_OWNER=***
AIRFLOW_CTX_DAG_ID=yelloTaXi_HW_data_ingestee_gcs_dag
AIRFLOW_CTX_TASK_ID=format_to_parquet_task
AIRFLOW_CTX_EXECUTION_DATE=2022-02-09T08:42:27.410159+00:00
AIRFLOW_CTX_DAG_RUN_ID=manual__2022-02-09T08:42:27.410159+00:00
[2022-02-09 08:42:54,448] {python.py:175} INFO - Done. Returned value was: None
[2022-02-09 08:42:54,479] {taskinstance.py:1277} INFO - Marking task as SUCCESS. dag_id=yelloTaXi_HW_data_ingestee_gcs_dag, task_id=format_to_parquet_task, execution_date=20220209T084227, start_date=20220209T084251, end_date=20220209T084254
[2022-02-09 08:42:55,068] {local_task_job.py:154} INFO - Task exited with return code 0
[2022-02-09 08:42:55,768] {local_task_job.py:264} INFO - 1 downstream tasks scheduled from follow-on schedule check
