[2022-02-09 09:29:12,730] {taskinstance.py:1032} INFO - Dependencies all met for <TaskInstance: yelloTaXii_HW_data_ingestion_gcs_dag.download_dataset_task scheduled__2020-05-01T23:00:00+00:00 [queued]>
[2022-02-09 09:29:12,757] {taskinstance.py:1032} INFO - Dependencies all met for <TaskInstance: yelloTaXii_HW_data_ingestion_gcs_dag.download_dataset_task scheduled__2020-05-01T23:00:00+00:00 [queued]>
[2022-02-09 09:29:12,757] {taskinstance.py:1238} INFO - 
--------------------------------------------------------------------------------
[2022-02-09 09:29:12,757] {taskinstance.py:1239} INFO - Starting attempt 1 of 2
[2022-02-09 09:29:12,757] {taskinstance.py:1240} INFO - 
--------------------------------------------------------------------------------
[2022-02-09 09:29:12,868] {taskinstance.py:1259} INFO - Executing <Task(BashOperator): download_dataset_task> on 2020-05-01 23:00:00+00:00
[2022-02-09 09:29:12,877] {standard_task_runner.py:52} INFO - Started process 782 to run task
[2022-02-09 09:29:12,884] {standard_task_runner.py:76} INFO - Running: ['***', 'tasks', 'run', 'yelloTaXii_HW_data_ingestion_gcs_dag', 'download_dataset_task', 'scheduled__2020-05-01T23:00:00+00:00', '--job-id', '708', '--raw', '--subdir', 'DAGS_FOLDER/yelloTaXii_data_ingestion_gcs_dag.py', '--cfg-path', '/tmp/tmps6i20905', '--error-file', '/tmp/tmp72xr2wq6']
[2022-02-09 09:29:12,886] {standard_task_runner.py:77} INFO - Job 708: Subtask download_dataset_task
[2022-02-09 09:29:13,573] {logging_mixin.py:109} INFO - Running <TaskInstance: yelloTaXii_HW_data_ingestion_gcs_dag.download_dataset_task scheduled__2020-05-01T23:00:00+00:00 [running]> on host 0092064357b4
[2022-02-09 09:29:13,704] {warnings.py:110} WARNING - /home/***/.local/lib/python3.7/site-packages/***/utils/context.py:152: AirflowContextDeprecationWarning: Accessing 'execution_date' from the template is deprecated and will be removed in a future version. Please use 'data_interval_start' or 'logical_date' instead.
  warnings.warn(_create_deprecation_warning(key, self._deprecation_replacements[key]))

[2022-02-09 09:29:13,766] {taskinstance.py:1426} INFO - Exporting the following env vars:
AIRFLOW_CTX_DAG_OWNER=***
AIRFLOW_CTX_DAG_ID=yelloTaXii_HW_data_ingestion_gcs_dag
AIRFLOW_CTX_TASK_ID=download_dataset_task
AIRFLOW_CTX_EXECUTION_DATE=2020-05-01T23:00:00+00:00
AIRFLOW_CTX_DAG_RUN_ID=scheduled__2020-05-01T23:00:00+00:00
[2022-02-09 09:29:13,768] {subprocess.py:62} INFO - Tmp dir root location: 
 /tmp
[2022-02-09 09:29:13,769] {subprocess.py:74} INFO - Running command: ['bash', '-c', 'curl -sSL https://s3.amazonaws.com/nyc-tlc/trip+data/yellow_tripdata_2020-05.csv > /opt/***/yellow_tripdata_2020-05.csv']
[2022-02-09 09:29:13,895] {subprocess.py:85} INFO - Output:
[2022-02-09 09:29:14,803] {subprocess.py:93} INFO - Command exited with return code 0
[2022-02-09 09:29:14,850] {taskinstance.py:1277} INFO - Marking task as SUCCESS. dag_id=yelloTaXii_HW_data_ingestion_gcs_dag, task_id=download_dataset_task, execution_date=20200501T230000, start_date=20220209T092912, end_date=20220209T092914
[2022-02-09 09:29:14,927] {local_task_job.py:154} INFO - Task exited with return code 0
[2022-02-09 09:29:15,005] {local_task_job.py:264} INFO - 1 downstream tasks scheduled from follow-on schedule check
