[2022-02-09 08:59:58,526] {taskinstance.py:1032} INFO - Dependencies all met for <TaskInstance: yelloTaXi_HW_data_ingestee_gcs_dag.download_dataset_task scheduled__2021-02-01T23:00:00+00:00 [queued]>
[2022-02-09 08:59:58,544] {taskinstance.py:1032} INFO - Dependencies all met for <TaskInstance: yelloTaXi_HW_data_ingestee_gcs_dag.download_dataset_task scheduled__2021-02-01T23:00:00+00:00 [queued]>
[2022-02-09 08:59:58,545] {taskinstance.py:1238} INFO - 
--------------------------------------------------------------------------------
[2022-02-09 08:59:58,545] {taskinstance.py:1239} INFO - Starting attempt 1 of 2
[2022-02-09 08:59:58,545] {taskinstance.py:1240} INFO - 
--------------------------------------------------------------------------------
[2022-02-09 08:59:58,566] {taskinstance.py:1259} INFO - Executing <Task(BashOperator): download_dataset_task> on 2021-02-01 23:00:00+00:00
[2022-02-09 08:59:58,575] {standard_task_runner.py:52} INFO - Started process 325 to run task
[2022-02-09 08:59:58,588] {standard_task_runner.py:76} INFO - Running: ['***', 'tasks', 'run', 'yelloTaXi_HW_data_ingestee_gcs_dag', 'download_dataset_task', 'scheduled__2021-02-01T23:00:00+00:00', '--job-id', '481', '--raw', '--subdir', 'DAGS_FOLDER/yelloTaXi_data_ingestee_gcs_dag.py', '--cfg-path', '/tmp/tmpch5pywzp', '--error-file', '/tmp/tmpmxnnlmmx']
[2022-02-09 08:59:58,589] {standard_task_runner.py:77} INFO - Job 481: Subtask download_dataset_task
[2022-02-09 08:59:58,686] {logging_mixin.py:109} INFO - Running <TaskInstance: yelloTaXi_HW_data_ingestee_gcs_dag.download_dataset_task scheduled__2021-02-01T23:00:00+00:00 [running]> on host cc021fb126ed
[2022-02-09 08:59:58,759] {warnings.py:110} WARNING - /home/***/.local/lib/python3.7/site-packages/***/utils/context.py:152: AirflowContextDeprecationWarning: Accessing 'execution_date' from the template is deprecated and will be removed in a future version. Please use 'data_interval_start' or 'logical_date' instead.
  warnings.warn(_create_deprecation_warning(key, self._deprecation_replacements[key]))

[2022-02-09 08:59:58,808] {taskinstance.py:1426} INFO - Exporting the following env vars:
AIRFLOW_CTX_DAG_OWNER=***
AIRFLOW_CTX_DAG_ID=yelloTaXi_HW_data_ingestee_gcs_dag
AIRFLOW_CTX_TASK_ID=download_dataset_task
AIRFLOW_CTX_EXECUTION_DATE=2021-02-01T23:00:00+00:00
AIRFLOW_CTX_DAG_RUN_ID=scheduled__2021-02-01T23:00:00+00:00
[2022-02-09 08:59:58,810] {subprocess.py:62} INFO - Tmp dir root location: 
 /tmp
[2022-02-09 08:59:58,810] {subprocess.py:74} INFO - Running command: ['bash', '-c', 'curl -sSL https://s3.amazonaws.com/nyc-tlc/trip+data/yellow_tripdata_2021-02.csv > /opt/***/yellow_tripdata_2021-02.csv']
[2022-02-09 08:59:58,834] {subprocess.py:85} INFO - Output:
[2022-02-09 09:00:01,792] {subprocess.py:93} INFO - Command exited with return code 0
[2022-02-09 09:00:01,823] {taskinstance.py:1277} INFO - Marking task as SUCCESS. dag_id=yelloTaXi_HW_data_ingestee_gcs_dag, task_id=download_dataset_task, execution_date=20210201T230000, start_date=20220209T085958, end_date=20220209T090001
[2022-02-09 09:00:01,864] {local_task_job.py:154} INFO - Task exited with return code 0
[2022-02-09 09:00:01,917] {local_task_job.py:264} INFO - 1 downstream tasks scheduled from follow-on schedule check
[2022-02-09 09:15:34,610] {taskinstance.py:1032} INFO - Dependencies all met for <TaskInstance: yelloTaXi_HW_data_ingestee_gcs_dag.download_dataset_task scheduled__2021-02-01T23:00:00+00:00 [queued]>
[2022-02-09 09:15:34,628] {taskinstance.py:1032} INFO - Dependencies all met for <TaskInstance: yelloTaXi_HW_data_ingestee_gcs_dag.download_dataset_task scheduled__2021-02-01T23:00:00+00:00 [queued]>
[2022-02-09 09:15:34,628] {taskinstance.py:1238} INFO - 
--------------------------------------------------------------------------------
[2022-02-09 09:15:34,628] {taskinstance.py:1239} INFO - Starting attempt 1 of 2
[2022-02-09 09:15:34,628] {taskinstance.py:1240} INFO - 
--------------------------------------------------------------------------------
[2022-02-09 09:15:34,646] {taskinstance.py:1259} INFO - Executing <Task(BashOperator): download_dataset_task> on 2021-02-01 23:00:00+00:00
[2022-02-09 09:15:34,656] {standard_task_runner.py:52} INFO - Started process 454 to run task
[2022-02-09 09:15:34,662] {standard_task_runner.py:76} INFO - Running: ['***', 'tasks', 'run', 'yelloTaXi_HW_data_ingestee_gcs_dag', 'download_dataset_task', 'scheduled__2021-02-01T23:00:00+00:00', '--job-id', '581', '--raw', '--subdir', 'DAGS_FOLDER/yelloTaXi_data_ingesteee_gcs_dag.py', '--cfg-path', '/tmp/tmpfrh1pc0f', '--error-file', '/tmp/tmpi4nm2e1d']
[2022-02-09 09:15:34,663] {standard_task_runner.py:77} INFO - Job 581: Subtask download_dataset_task
[2022-02-09 09:15:34,758] {logging_mixin.py:109} INFO - Running <TaskInstance: yelloTaXi_HW_data_ingestee_gcs_dag.download_dataset_task scheduled__2021-02-01T23:00:00+00:00 [running]> on host 75953ff4f3d5
[2022-02-09 09:15:34,818] {warnings.py:110} WARNING - /home/***/.local/lib/python3.7/site-packages/***/utils/context.py:152: AirflowContextDeprecationWarning: Accessing 'execution_date' from the template is deprecated and will be removed in a future version. Please use 'data_interval_start' or 'logical_date' instead.
  warnings.warn(_create_deprecation_warning(key, self._deprecation_replacements[key]))

[2022-02-09 09:15:34,840] {taskinstance.py:1426} INFO - Exporting the following env vars:
AIRFLOW_CTX_DAG_OWNER=***
AIRFLOW_CTX_DAG_ID=yelloTaXi_HW_data_ingestee_gcs_dag
AIRFLOW_CTX_TASK_ID=download_dataset_task
AIRFLOW_CTX_EXECUTION_DATE=2021-02-01T23:00:00+00:00
AIRFLOW_CTX_DAG_RUN_ID=scheduled__2021-02-01T23:00:00+00:00
[2022-02-09 09:15:34,842] {subprocess.py:62} INFO - Tmp dir root location: 
 /tmp
[2022-02-09 09:15:34,843] {subprocess.py:74} INFO - Running command: ['bash', '-c', 'curl -sSL https://s3.amazonaws.com/nyc-tlc/trip+data/yellow_tripdata_2021-02.csv > /opt/***/yellow_tripdata_2021-02.csv']
[2022-02-09 09:15:34,857] {subprocess.py:85} INFO - Output:
[2022-02-09 09:15:37,686] {subprocess.py:93} INFO - Command exited with return code 0
[2022-02-09 09:15:37,728] {taskinstance.py:1277} INFO - Marking task as SUCCESS. dag_id=yelloTaXi_HW_data_ingestee_gcs_dag, task_id=download_dataset_task, execution_date=20210201T230000, start_date=20220209T091534, end_date=20220209T091537
[2022-02-09 09:15:37,781] {local_task_job.py:154} INFO - Task exited with return code 0
[2022-02-09 09:15:37,851] {local_task_job.py:264} INFO - 1 downstream tasks scheduled from follow-on schedule check
